2020-05-01 18:39:41,215 INFO - distribution.client_api - Distributed training recognized, set log directory to ./output/lipizzaner_gan/distributed/mnist/2020-05-01_18-39-41/2409
2020-05-01 18:39:42,865 INFO - lipizzaner - Parameters: {'master': {'calculate_score': True, 'cuda': True, 'score_sample_size': 50000}, 'network': {'loss': 'bceloss', 'name': 'four_layer_perceptron'}, 'dataloader': {'dataset_name': 'mnist', 'batch_size': 100, 'n_batches': 0, 'shuffle': True, 'use_batch': True}, 'trainer': {'calculate_net_weights_dist': True, 'name': 'lipizzaner_gan', 'mixture_generator_samples_mode': 'exact_proportion', 'params': {'population_size': 1, 'enable_selection': False, 'n_replacements': 1, 'fitness': {'fitness_sample_size': 1000, 'fitness_mode': 'average'}, 'discriminator_skip_each_nth_step': 1, 'tournament_size': 2, 'default_adam_learning_rate': 0.0002, 'score': {'enabled': True, 'score_sample_size': 1000, 'cuda': True, 'type': 'fid'}, 'mutation_probability': 0.5, 'alpha': 0.0001, 'mixture_sigma': 0.01}, 'n_iterations': 5}, 'general': {'seed': 1, 'num_workers': 4, 'output_dir': './output', 'logging': {'enabled': True, 'print_discriminator': False, 'image_format': 'jpg', 'log_level': 'INFO', 'log_server': None}, 'losswise': {'enabled': False, 'api_key': '3T1CKALG6'}, 'distribution': {'start_time': '2020-05-01_18-39-41', 'client_nodes': [{'port': 5000, 'id': '127.0.0.1:5000', 'address': '127.0.0.1'}, {'port': 5001, 'id': '127.0.0.1:5001', 'address': '127.0.0.1'}, {'port': 5002, 'id': '127.0.0.1:5002', 'address': '127.0.0.1'}, {'port': 5003, 'id': '127.0.0.1:5003', 'address': '127.0.0.1'}], 'auto_discover': False, 'master_node': {'exit_clients_on_disconnect': True}}}}
2020-05-01 18:39:42,866 INFO - lipizzaner - CUDA is not supported on this device.
2020-05-01 18:39:42,950 INFO - lipizzaner - Seed used: 6013804
2020-05-01 18:39:42,950 INFO - lipizzaner - Starting training for 5 iterations/epochs.
2020-05-01 18:39:43,005 INFO - requests.packages.urllib3.connectionpool - Starting new HTTP connection (1): 127.0.0.1
2020-05-01 18:39:43,007 INFO - requests.packages.urllib3.connectionpool - Starting new HTTP connection (1): 127.0.0.1
2020-05-01 18:39:43,408 INFO - distribution.node_client - Loading parameters from endpoint http://127.0.0.1:5001/parameters/generators took 0.41200947761535645 seconds
2020-05-01 18:39:43,449 INFO - distribution.node_client - Loading parameters from endpoint http://127.0.0.1:5002/parameters/generators took 0.44341397285461426 seconds
2020-05-01 18:39:43,537 INFO - requests.packages.urllib3.connectionpool - Starting new HTTP connection (1): 127.0.0.1
2020-05-01 18:39:43,545 INFO - requests.packages.urllib3.connectionpool - Starting new HTTP connection (1): 127.0.0.1
2020-05-01 18:39:43,641 INFO - distribution.node_client - Loading parameters from endpoint http://127.0.0.1:5002/parameters/discriminators took 0.1005403995513916 seconds
2020-05-01 18:39:43,657 INFO - distribution.node_client - Loading parameters from endpoint http://127.0.0.1:5001/parameters/discriminators took 0.12576675415039062 seconds
2020-05-01 18:39:43,721 INFO - training.ea.ea_trainer - Generators in current neighborhood are ['Iteration0:127.0.0.1:5001:1/G0', 'Iteration0:127.0.0.1:5002:2/G0', 'Iteration0:127.0.0.1:5000:0/G0']
2020-05-01 18:39:43,721 INFO - training.ea.ea_trainer - Discriminators in current neighborhood are ['Iteration0:127.0.0.1:5002:2/D0', 'Iteration0:127.0.0.1:5001:1/D0', 'Iteration0:127.0.0.1:5000:0/D0']
2020-05-01 18:39:44,184 INFO - training.ea.ea_trainer - L2 distance between all generators weights: [('Iteration0:127.0.0.1:5001:1/G0', 'Iteration0:127.0.0.1:5002:2/G0', array(29.46448, dtype=float32)), ('Iteration0:127.0.0.1:5001:1/G0', 'Iteration0:127.0.0.1:5000:0/G0', array(29.529877, dtype=float32)), ('Iteration0:127.0.0.1:5002:2/G0', 'Iteration0:127.0.0.1:5000:0/G0', array(29.484938, dtype=float32))]
2020-05-01 18:39:44,416 INFO - training.ea.ea_trainer - L2 distance between all discriminators weights: [('Iteration0:127.0.0.1:5002:2/D0', 'Iteration0:127.0.0.1:5001:1/D0', array(18.537579, dtype=float32)), ('Iteration0:127.0.0.1:5002:2/D0', 'Iteration0:127.0.0.1:5000:0/D0', array(18.511267, dtype=float32)), ('Iteration0:127.0.0.1:5001:1/D0', 'Iteration0:127.0.0.1:5000:0/D0', array(18.499372, dtype=float32))]
2020-05-01 18:39:50,022 INFO - training.ea.ea_trainer - Iteration 1, Batch 0/600
2020-05-01 18:39:50,083 INFO - training.ea.ea_trainer - Iteration 1, Batch 1/600
2020-05-01 18:39:50,203 INFO - training.ea.ea_trainer - Iteration 1, Batch 2/600
2020-05-01 18:39:50,254 INFO - training.ea.ea_trainer - Iteration 1, Batch 3/600
2020-05-01 18:39:50,369 INFO - training.ea.ea_trainer - Iteration 1, Batch 4/600
2020-05-01 18:39:50,417 INFO - training.ea.ea_trainer - Iteration 1, Batch 5/600
2020-05-01 18:39:50,567 INFO - training.ea.ea_trainer - Iteration 1, Batch 6/600
2020-05-01 18:39:50,652 INFO - training.ea.ea_trainer - Iteration 1, Batch 7/600
2020-05-01 18:39:50,751 INFO - training.ea.ea_trainer - Iteration 1, Batch 8/600
2020-05-01 18:39:50,814 INFO - training.ea.ea_trainer - Iteration 1, Batch 9/600
2020-05-01 18:39:50,950 INFO - training.ea.ea_trainer - Iteration 1, Batch 10/600
2020-05-01 18:39:51,017 INFO - training.ea.ea_trainer - Iteration 1, Batch 11/600
2020-05-01 18:39:51,170 INFO - training.ea.ea_trainer - Iteration 1, Batch 12/600
2020-05-01 18:39:51,220 INFO - training.ea.ea_trainer - Iteration 1, Batch 13/600
2020-05-01 18:39:51,347 INFO - training.ea.ea_trainer - Iteration 1, Batch 14/600
2020-05-01 18:39:51,423 INFO - training.ea.ea_trainer - Iteration 1, Batch 15/600
2020-05-01 18:39:51,567 INFO - training.ea.ea_trainer - Iteration 1, Batch 16/600
2020-05-01 18:39:51,660 INFO - training.ea.ea_trainer - Iteration 1, Batch 17/600
2020-05-01 18:39:51,762 INFO - training.ea.ea_trainer - Iteration 1, Batch 18/600
2020-05-01 18:39:51,835 INFO - training.ea.ea_trainer - Iteration 1, Batch 19/600
2020-05-01 18:39:51,982 INFO - training.ea.ea_trainer - Iteration 1, Batch 20/600
2020-05-01 18:39:52,054 INFO - training.ea.ea_trainer - Iteration 1, Batch 21/600
2020-05-01 18:39:52,157 INFO - training.ea.ea_trainer - Iteration 1, Batch 22/600
2020-05-01 18:39:52,204 INFO - training.ea.ea_trainer - Iteration 1, Batch 23/600
2020-05-01 18:39:52,311 INFO - training.ea.ea_trainer - Iteration 1, Batch 24/600
2020-05-01 18:39:52,420 INFO - training.ea.ea_trainer - Iteration 1, Batch 25/600
2020-05-01 18:39:52,503 INFO - training.ea.ea_trainer - Iteration 1, Batch 26/600
2020-05-01 18:39:52,554 INFO - training.ea.ea_trainer - Iteration 1, Batch 27/600
2020-05-01 18:39:52,672 INFO - training.ea.ea_trainer - Iteration 1, Batch 28/600
2020-05-01 18:39:52,721 INFO - training.ea.ea_trainer - Iteration 1, Batch 29/600
2020-05-01 18:39:52,838 INFO - training.ea.ea_trainer - Iteration 1, Batch 30/600
2020-05-01 18:39:52,899 INFO - training.ea.ea_trainer - Iteration 1, Batch 31/600
2020-05-01 18:39:53,093 INFO - training.ea.ea_trainer - Iteration 1, Batch 32/600
2020-05-01 18:39:53,157 INFO - training.ea.ea_trainer - Iteration 1, Batch 33/600
2020-05-01 18:39:53,269 INFO - training.ea.ea_trainer - Iteration 1, Batch 34/600
2020-05-01 18:39:53,308 INFO - training.ea.ea_trainer - Iteration 1, Batch 35/600
2020-05-01 18:39:53,473 INFO - training.ea.ea_trainer - Iteration 1, Batch 36/600
2020-05-01 18:39:53,541 INFO - training.ea.ea_trainer - Iteration 1, Batch 37/600
2020-05-01 18:39:53,667 INFO - training.ea.ea_trainer - Iteration 1, Batch 38/600
2020-05-01 18:39:53,742 INFO - training.ea.ea_trainer - Iteration 1, Batch 39/600
2020-05-01 18:39:53,872 INFO - training.ea.ea_trainer - Iteration 1, Batch 40/600
2020-05-01 18:39:53,946 INFO - training.ea.ea_trainer - Iteration 1, Batch 41/600
2020-05-01 18:39:54,059 INFO - training.ea.ea_trainer - Iteration 1, Batch 42/600
2020-05-01 18:39:54,135 INFO - training.ea.ea_trainer - Iteration 1, Batch 43/600
2020-05-01 18:39:54,228 INFO - training.ea.ea_trainer - Iteration 1, Batch 44/600
2020-05-01 18:39:54,319 INFO - training.ea.ea_trainer - Iteration 1, Batch 45/600
2020-05-01 18:39:54,422 INFO - training.ea.ea_trainer - Iteration 1, Batch 46/600
2020-05-01 18:39:54,488 INFO - training.ea.ea_trainer - Iteration 1, Batch 47/600
2020-05-01 18:39:54,602 INFO - training.ea.ea_trainer - Iteration 1, Batch 48/600
2020-05-01 18:39:54,657 INFO - training.ea.ea_trainer - Iteration 1, Batch 49/600
2020-05-01 18:39:54,775 INFO - training.ea.ea_trainer - Iteration 1, Batch 50/600
2020-05-01 18:39:54,854 INFO - training.ea.ea_trainer - Iteration 1, Batch 51/600
2020-05-01 18:39:55,047 INFO - training.ea.ea_trainer - Iteration 1, Batch 52/600
2020-05-01 18:39:55,091 INFO - training.ea.ea_trainer - Iteration 1, Batch 53/600
2020-05-01 18:39:55,207 INFO - training.ea.ea_trainer - Iteration 1, Batch 54/600
2020-05-01 18:39:55,267 INFO - training.ea.ea_trainer - Iteration 1, Batch 55/600
2020-05-01 18:39:55,423 INFO - training.ea.ea_trainer - Iteration 1, Batch 56/600
2020-05-01 18:39:55,485 INFO - training.ea.ea_trainer - Iteration 1, Batch 57/600
2020-05-01 18:39:55,592 INFO - training.ea.ea_trainer - Iteration 1, Batch 58/600
2020-05-01 18:39:55,670 INFO - training.ea.ea_trainer - Iteration 1, Batch 59/600
2020-05-01 18:39:55,766 INFO - training.ea.ea_trainer - Iteration 1, Batch 60/600
2020-05-01 18:39:55,848 INFO - training.ea.ea_trainer - Iteration 1, Batch 61/600
2020-05-01 18:39:55,960 INFO - training.ea.ea_trainer - Iteration 1, Batch 62/600
2020-05-01 18:39:56,045 INFO - training.ea.ea_trainer - Iteration 1, Batch 63/600
2020-05-01 18:39:56,203 INFO - training.ea.ea_trainer - Iteration 1, Batch 64/600
2020-05-01 18:39:56,257 INFO - training.ea.ea_trainer - Iteration 1, Batch 65/600
2020-05-01 18:39:56,394 INFO - training.ea.ea_trainer - Iteration 1, Batch 66/600
2020-05-01 18:39:56,458 INFO - training.ea.ea_trainer - Iteration 1, Batch 67/600
2020-05-01 18:39:56,556 INFO - training.ea.ea_trainer - Iteration 1, Batch 68/600
2020-05-01 18:39:56,646 INFO - training.ea.ea_trainer - Iteration 1, Batch 69/600
2020-05-01 18:39:56,731 INFO - training.ea.ea_trainer - Iteration 1, Batch 70/600
2020-05-01 18:39:56,800 INFO - training.ea.ea_trainer - Iteration 1, Batch 71/600
2020-05-01 18:39:56,920 INFO - training.ea.ea_trainer - Iteration 1, Batch 72/600
2020-05-01 18:39:56,973 INFO - training.ea.ea_trainer - Iteration 1, Batch 73/600
2020-05-01 18:39:57,059 INFO - training.ea.ea_trainer - Iteration 1, Batch 74/600
2020-05-01 18:39:57,130 INFO - training.ea.ea_trainer - Iteration 1, Batch 75/600
2020-05-01 18:39:57,285 INFO - training.ea.ea_trainer - Iteration 1, Batch 76/600
2020-05-01 18:39:57,337 INFO - training.ea.ea_trainer - Iteration 1, Batch 77/600
2020-05-01 18:39:57,495 INFO - training.ea.ea_trainer - Iteration 1, Batch 78/600
2020-05-01 18:39:57,539 INFO - training.ea.ea_trainer - Iteration 1, Batch 79/600
2020-05-01 18:39:57,687 INFO - training.ea.ea_trainer - Iteration 1, Batch 80/600
2020-05-01 18:39:57,770 INFO - training.ea.ea_trainer - Iteration 1, Batch 81/600
2020-05-01 18:39:57,867 INFO - training.ea.ea_trainer - Iteration 1, Batch 82/600
2020-05-01 18:39:57,939 INFO - training.ea.ea_trainer - Iteration 1, Batch 83/600
2020-05-01 18:39:58,056 INFO - training.ea.ea_trainer - Iteration 1, Batch 84/600
2020-05-01 18:39:58,128 INFO - training.ea.ea_trainer - Iteration 1, Batch 85/600
2020-05-01 18:39:58,224 INFO - training.ea.ea_trainer - Iteration 1, Batch 86/600
2020-05-01 18:39:58,258 INFO - training.ea.ea_trainer - Iteration 1, Batch 87/600
2020-05-01 18:39:58,391 INFO - training.ea.ea_trainer - Iteration 1, Batch 88/600
2020-05-01 18:39:58,465 INFO - training.ea.ea_trainer - Iteration 1, Batch 89/600
2020-05-01 18:39:58,658 INFO - training.ea.ea_trainer - Iteration 1, Batch 90/600
2020-05-01 18:39:58,723 INFO - training.ea.ea_trainer - Iteration 1, Batch 91/600
2020-05-01 18:39:58,814 INFO - training.ea.ea_trainer - Iteration 1, Batch 92/600
2020-05-01 18:39:58,863 INFO - training.ea.ea_trainer - Iteration 1, Batch 93/600
2020-05-01 18:39:59,007 INFO - training.ea.ea_trainer - Iteration 1, Batch 94/600
2020-05-01 18:39:59,048 INFO - training.ea.ea_trainer - Iteration 1, Batch 95/600
2020-05-01 18:39:59,163 INFO - training.ea.ea_trainer - Iteration 1, Batch 96/600
2020-05-01 18:39:59,217 INFO - training.ea.ea_trainer - Iteration 1, Batch 97/600
2020-05-01 18:39:59,346 INFO - training.ea.ea_trainer - Iteration 1, Batch 98/600
2020-05-01 18:39:59,420 INFO - training.ea.ea_trainer - Iteration 1, Batch 99/600
2020-05-01 18:39:59,504 INFO - training.ea.ea_trainer - Iteration 1, Batch 100/600
2020-05-01 18:39:59,559 INFO - training.ea.ea_trainer - Iteration 1, Batch 101/600
2020-05-01 18:39:59,711 INFO - training.ea.ea_trainer - Iteration 1, Batch 102/600
2020-05-01 18:39:59,761 INFO - training.ea.ea_trainer - Iteration 1, Batch 103/600
2020-05-01 18:39:59,908 INFO - training.ea.ea_trainer - Iteration 1, Batch 104/600
2020-05-01 18:39:59,958 INFO - training.ea.ea_trainer - Iteration 1, Batch 105/600
2020-05-01 18:40:00,090 INFO - training.ea.ea_trainer - Iteration 1, Batch 106/600
2020-05-01 18:40:00,143 INFO - training.ea.ea_trainer - Iteration 1, Batch 107/600
2020-05-01 18:40:00,246 INFO - training.ea.ea_trainer - Iteration 1, Batch 108/600
2020-05-01 18:40:00,302 INFO - training.ea.ea_trainer - Iteration 1, Batch 109/600
2020-05-01 18:40:00,396 INFO - training.ea.ea_trainer - Iteration 1, Batch 110/600
2020-05-01 18:40:00,447 INFO - training.ea.ea_trainer - Iteration 1, Batch 111/600
2020-05-01 18:40:00,563 INFO - training.ea.ea_trainer - Iteration 1, Batch 112/600
2020-05-01 18:40:00,655 INFO - training.ea.ea_trainer - Iteration 1, Batch 113/600
2020-05-01 18:40:00,775 INFO - training.ea.ea_trainer - Iteration 1, Batch 114/600
2020-05-01 18:40:00,828 INFO - training.ea.ea_trainer - Iteration 1, Batch 115/600
2020-05-01 18:40:00,929 INFO - training.ea.ea_trainer - Iteration 1, Batch 116/600
2020-05-01 18:40:00,975 INFO - training.ea.ea_trainer - Iteration 1, Batch 117/600
2020-05-01 18:40:01,088 INFO - training.ea.ea_trainer - Iteration 1, Batch 118/600
2020-05-01 18:40:01,149 INFO - training.ea.ea_trainer - Iteration 1, Batch 119/600
2020-05-01 18:40:01,274 INFO - training.ea.ea_trainer - Iteration 1, Batch 120/600
2020-05-01 18:40:01,353 INFO - training.ea.ea_trainer - Iteration 1, Batch 121/600
2020-05-01 18:40:01,479 INFO - training.ea.ea_trainer - Iteration 1, Batch 122/600
2020-05-01 18:40:01,541 INFO - training.ea.ea_trainer - Iteration 1, Batch 123/600
2020-05-01 18:40:01,653 INFO - training.ea.ea_trainer - Iteration 1, Batch 124/600
2020-05-01 18:40:01,716 INFO - training.ea.ea_trainer - Iteration 1, Batch 125/600
2020-05-01 18:40:01,822 INFO - training.ea.ea_trainer - Iteration 1, Batch 126/600
2020-05-01 18:40:01,885 INFO - training.ea.ea_trainer - Iteration 1, Batch 127/600
2020-05-01 18:40:02,010 INFO - training.ea.ea_trainer - Iteration 1, Batch 128/600
2020-05-01 18:40:02,050 INFO - training.ea.ea_trainer - Iteration 1, Batch 129/600
2020-05-01 18:40:02,168 INFO - training.ea.ea_trainer - Iteration 1, Batch 130/600
2020-05-01 18:40:02,259 INFO - training.ea.ea_trainer - Iteration 1, Batch 131/600
2020-05-01 18:40:02,346 INFO - training.ea.ea_trainer - Iteration 1, Batch 132/600
2020-05-01 18:40:02,418 INFO - training.ea.ea_trainer - Iteration 1, Batch 133/600
2020-05-01 18:40:02,530 INFO - training.ea.ea_trainer - Iteration 1, Batch 134/600
2020-05-01 18:40:02,587 INFO - training.ea.ea_trainer - Iteration 1, Batch 135/600
2020-05-01 18:40:02,734 INFO - training.ea.ea_trainer - Iteration 1, Batch 136/600
2020-05-01 18:40:02,789 INFO - training.ea.ea_trainer - Iteration 1, Batch 137/600
2020-05-01 18:40:02,919 INFO - training.ea.ea_trainer - Iteration 1, Batch 138/600
2020-05-01 18:40:02,986 INFO - training.ea.ea_trainer - Iteration 1, Batch 139/600
2020-05-01 18:40:03,077 INFO - training.ea.ea_trainer - Iteration 1, Batch 140/600
2020-05-01 18:40:03,156 INFO - training.ea.ea_trainer - Iteration 1, Batch 141/600
2020-05-01 18:40:03,253 INFO - training.ea.ea_trainer - Iteration 1, Batch 142/600
2020-05-01 18:40:03,295 INFO - training.ea.ea_trainer - Iteration 1, Batch 143/600
2020-05-01 18:40:03,411 INFO - training.ea.ea_trainer - Iteration 1, Batch 144/600
2020-05-01 18:40:03,477 INFO - training.ea.ea_trainer - Iteration 1, Batch 145/600
2020-05-01 18:40:03,652 INFO - training.ea.ea_trainer - Iteration 1, Batch 146/600
2020-05-01 18:40:03,714 INFO - training.ea.ea_trainer - Iteration 1, Batch 147/600
2020-05-01 18:40:03,823 INFO - training.ea.ea_trainer - Iteration 1, Batch 148/600
2020-05-01 18:40:03,900 INFO - training.ea.ea_trainer - Iteration 1, Batch 149/600
2020-05-01 18:40:04,026 INFO - training.ea.ea_trainer - Iteration 1, Batch 150/600
2020-05-01 18:40:04,100 INFO - training.ea.ea_trainer - Iteration 1, Batch 151/600
2020-05-01 18:40:04,215 INFO - training.ea.ea_trainer - Iteration 1, Batch 152/600
2020-05-01 18:40:04,270 INFO - training.ea.ea_trainer - Iteration 1, Batch 153/600
2020-05-01 18:40:04,423 INFO - training.ea.ea_trainer - Iteration 1, Batch 154/600
2020-05-01 18:40:04,474 INFO - training.ea.ea_trainer - Iteration 1, Batch 155/600
2020-05-01 18:40:04,600 INFO - training.ea.ea_trainer - Iteration 1, Batch 156/600
2020-05-01 18:40:04,658 INFO - training.ea.ea_trainer - Iteration 1, Batch 157/600
2020-05-01 18:40:04,776 INFO - training.ea.ea_trainer - Iteration 1, Batch 158/600
2020-05-01 18:40:04,830 INFO - training.ea.ea_trainer - Iteration 1, Batch 159/600
2020-05-01 18:40:04,968 INFO - training.ea.ea_trainer - Iteration 1, Batch 160/600
2020-05-01 18:40:05,036 INFO - training.ea.ea_trainer - Iteration 1, Batch 161/600
2020-05-01 18:40:05,135 INFO - training.ea.ea_trainer - Iteration 1, Batch 162/600
2020-05-01 18:40:05,187 INFO - training.ea.ea_trainer - Iteration 1, Batch 163/600
2020-05-01 18:40:05,305 INFO - training.ea.ea_trainer - Iteration 1, Batch 164/600
2020-05-01 18:40:05,358 INFO - training.ea.ea_trainer - Iteration 1, Batch 165/600
2020-05-01 18:40:05,510 INFO - training.ea.ea_trainer - Iteration 1, Batch 166/600
2020-05-01 18:40:05,585 INFO - training.ea.ea_trainer - Iteration 1, Batch 167/600
2020-05-01 18:40:05,756 INFO - training.ea.ea_trainer - Iteration 1, Batch 168/600
2020-05-01 18:40:05,810 INFO - training.ea.ea_trainer - Iteration 1, Batch 169/600
2020-05-01 18:40:05,929 INFO - training.ea.ea_trainer - Iteration 1, Batch 170/600
2020-05-01 18:40:05,971 INFO - training.ea.ea_trainer - Iteration 1, Batch 171/600
2020-05-01 18:40:06,103 INFO - training.ea.ea_trainer - Iteration 1, Batch 172/600
2020-05-01 18:40:06,153 INFO - training.ea.ea_trainer - Iteration 1, Batch 173/600
2020-05-01 18:40:06,250 INFO - training.ea.ea_trainer - Iteration 1, Batch 174/600
2020-05-01 18:40:06,331 INFO - training.ea.ea_trainer - Iteration 1, Batch 175/600
2020-05-01 18:40:06,458 INFO - training.ea.ea_trainer - Iteration 1, Batch 176/600
2020-05-01 18:40:06,495 INFO - training.ea.ea_trainer - Iteration 1, Batch 177/600
2020-05-01 18:40:06,653 INFO - training.ea.ea_trainer - Iteration 1, Batch 178/600
2020-05-01 18:40:06,719 INFO - training.ea.ea_trainer - Iteration 1, Batch 179/600
2020-05-01 18:40:06,858 INFO - training.ea.ea_trainer - Iteration 1, Batch 180/600
2020-05-01 18:40:06,924 INFO - training.ea.ea_trainer - Iteration 1, Batch 181/600
2020-05-01 18:40:07,048 INFO - training.ea.ea_trainer - Iteration 1, Batch 182/600
2020-05-01 18:40:07,129 INFO - training.ea.ea_trainer - Iteration 1, Batch 183/600
2020-05-01 18:40:07,261 INFO - training.ea.ea_trainer - Iteration 1, Batch 184/600
2020-05-01 18:40:07,300 INFO - training.ea.ea_trainer - Iteration 1, Batch 185/600
2020-05-01 18:40:07,440 INFO - training.ea.ea_trainer - Iteration 1, Batch 186/600
2020-05-01 18:40:07,502 INFO - training.ea.ea_trainer - Iteration 1, Batch 187/600
2020-05-01 18:40:07,667 INFO - training.ea.ea_trainer - Iteration 1, Batch 188/600
2020-05-01 18:40:07,767 INFO - training.ea.ea_trainer - Iteration 1, Batch 189/600
2020-05-01 18:40:07,870 INFO - training.ea.ea_trainer - Iteration 1, Batch 190/600
2020-05-01 18:40:07,924 INFO - training.ea.ea_trainer - Iteration 1, Batch 191/600
2020-05-01 18:40:08,058 INFO - training.ea.ea_trainer - Iteration 1, Batch 192/600
2020-05-01 18:40:08,138 INFO - training.ea.ea_trainer - Iteration 1, Batch 193/600
2020-05-01 18:40:08,307 INFO - training.ea.ea_trainer - Iteration 1, Batch 194/600
2020-05-01 18:40:08,355 INFO - training.ea.ea_trainer - Iteration 1, Batch 195/600
2020-05-01 18:40:08,443 INFO - training.ea.ea_trainer - Iteration 1, Batch 196/600
2020-05-01 18:40:08,500 INFO - training.ea.ea_trainer - Iteration 1, Batch 197/600
2020-05-01 18:40:08,650 INFO - training.ea.ea_trainer - Iteration 1, Batch 198/600
2020-05-01 18:40:08,706 INFO - training.ea.ea_trainer - Iteration 1, Batch 199/600
2020-05-01 18:40:08,876 INFO - training.ea.ea_trainer - Iteration 1, Batch 200/600
2020-05-01 18:40:08,925 INFO - training.ea.ea_trainer - Iteration 1, Batch 201/600
2020-05-01 18:40:09,029 INFO - training.ea.ea_trainer - Iteration 1, Batch 202/600
2020-05-01 18:40:09,115 INFO - training.ea.ea_trainer - Iteration 1, Batch 203/600
2020-05-01 18:40:09,239 INFO - training.ea.ea_trainer - Iteration 1, Batch 204/600
2020-05-01 18:40:09,311 INFO - training.ea.ea_trainer - Iteration 1, Batch 205/600
2020-05-01 18:40:09,411 INFO - training.ea.ea_trainer - Iteration 1, Batch 206/600
2020-05-01 18:40:09,475 INFO - training.ea.ea_trainer - Iteration 1, Batch 207/600
2020-05-01 18:40:09,627 INFO - training.ea.ea_trainer - Iteration 1, Batch 208/600
2020-05-01 18:40:09,699 INFO - training.ea.ea_trainer - Iteration 1, Batch 209/600
2020-05-01 18:40:09,840 INFO - training.ea.ea_trainer - Iteration 1, Batch 210/600
2020-05-01 18:40:09,880 INFO - training.ea.ea_trainer - Iteration 1, Batch 211/600
2020-05-01 18:40:10,027 INFO - training.ea.ea_trainer - Iteration 1, Batch 212/600
2020-05-01 18:40:10,109 INFO - training.ea.ea_trainer - Iteration 1, Batch 213/600
2020-05-01 18:40:10,266 INFO - training.ea.ea_trainer - Iteration 1, Batch 214/600
2020-05-01 18:40:10,339 INFO - training.ea.ea_trainer - Iteration 1, Batch 215/600
2020-05-01 18:40:10,462 INFO - training.ea.ea_trainer - Iteration 1, Batch 216/600
2020-05-01 18:40:10,511 INFO - training.ea.ea_trainer - Iteration 1, Batch 217/600
2020-05-01 18:40:10,613 INFO - training.ea.ea_trainer - Iteration 1, Batch 218/600
2020-05-01 18:40:10,662 INFO - training.ea.ea_trainer - Iteration 1, Batch 219/600
2020-05-01 18:40:10,770 INFO - training.ea.ea_trainer - Iteration 1, Batch 220/600
2020-05-01 18:40:10,866 INFO - training.ea.ea_trainer - Iteration 1, Batch 221/600
2020-05-01 18:40:10,999 INFO - training.ea.ea_trainer - Iteration 1, Batch 222/600
2020-05-01 18:40:11,077 INFO - training.ea.ea_trainer - Iteration 1, Batch 223/600
2020-05-01 18:40:11,177 INFO - training.ea.ea_trainer - Iteration 1, Batch 224/600
2020-05-01 18:40:11,248 INFO - training.ea.ea_trainer - Iteration 1, Batch 225/600
2020-05-01 18:40:11,393 INFO - training.ea.ea_trainer - Iteration 1, Batch 226/600
2020-05-01 18:40:11,431 INFO - training.ea.ea_trainer - Iteration 1, Batch 227/600
2020-05-01 18:40:11,532 INFO - training.ea.ea_trainer - Iteration 1, Batch 228/600
2020-05-01 18:40:11,593 INFO - training.ea.ea_trainer - Iteration 1, Batch 229/600
2020-05-01 18:40:11,689 INFO - training.ea.ea_trainer - Iteration 1, Batch 230/600
2020-05-01 18:40:11,729 INFO - training.ea.ea_trainer - Iteration 1, Batch 231/600
2020-05-01 18:40:11,862 INFO - training.ea.ea_trainer - Iteration 1, Batch 232/600
2020-05-01 18:40:11,914 INFO - training.ea.ea_trainer - Iteration 1, Batch 233/600
2020-05-01 18:40:12,021 INFO - training.ea.ea_trainer - Iteration 1, Batch 234/600
2020-05-01 18:40:12,088 INFO - training.ea.ea_trainer - Iteration 1, Batch 235/600
2020-05-01 18:40:12,192 INFO - training.ea.ea_trainer - Iteration 1, Batch 236/600
2020-05-01 18:40:12,263 INFO - training.ea.ea_trainer - Iteration 1, Batch 237/600
2020-05-01 18:40:12,422 INFO - training.ea.ea_trainer - Iteration 1, Batch 238/600
2020-05-01 18:40:12,523 INFO - training.ea.ea_trainer - Iteration 1, Batch 239/600
2020-05-01 18:40:12,654 INFO - training.ea.ea_trainer - Iteration 1, Batch 240/600
2020-05-01 18:40:12,725 INFO - training.ea.ea_trainer - Iteration 1, Batch 241/600
2020-05-01 18:40:12,883 INFO - training.ea.ea_trainer - Iteration 1, Batch 242/600
2020-05-01 18:40:12,958 INFO - training.ea.ea_trainer - Iteration 1, Batch 243/600
2020-05-01 18:40:13,074 INFO - training.ea.ea_trainer - Iteration 1, Batch 244/600
2020-05-01 18:40:13,133 INFO - training.ea.ea_trainer - Iteration 1, Batch 245/600
2020-05-01 18:40:13,249 INFO - training.ea.ea_trainer - Iteration 1, Batch 246/600
2020-05-01 18:40:13,290 INFO - training.ea.ea_trainer - Iteration 1, Batch 247/600
2020-05-01 18:40:13,384 INFO - training.ea.ea_trainer - Iteration 1, Batch 248/600
2020-05-01 18:40:13,453 INFO - training.ea.ea_trainer - Iteration 1, Batch 249/600
2020-05-01 18:40:13,595 INFO - training.ea.ea_trainer - Iteration 1, Batch 250/600
2020-05-01 18:40:13,661 INFO - training.ea.ea_trainer - Iteration 1, Batch 251/600
2020-05-01 18:40:13,773 INFO - training.ea.ea_trainer - Iteration 1, Batch 252/600
2020-05-01 18:40:13,857 INFO - training.ea.ea_trainer - Iteration 1, Batch 253/600
2020-05-01 18:40:13,981 INFO - training.ea.ea_trainer - Iteration 1, Batch 254/600
2020-05-01 18:40:14,047 INFO - training.ea.ea_trainer - Iteration 1, Batch 255/600
2020-05-01 18:40:14,168 INFO - training.ea.ea_trainer - Iteration 1, Batch 256/600
2020-05-01 18:40:14,225 INFO - training.ea.ea_trainer - Iteration 1, Batch 257/600
2020-05-01 18:40:14,360 INFO - training.ea.ea_trainer - Iteration 1, Batch 258/600
2020-05-01 18:40:14,432 INFO - training.ea.ea_trainer - Iteration 1, Batch 259/600
2020-05-01 18:40:14,540 INFO - training.ea.ea_trainer - Iteration 1, Batch 260/600
2020-05-01 18:40:14,599 INFO - training.ea.ea_trainer - Iteration 1, Batch 261/600
2020-05-01 18:40:14,733 INFO - training.ea.ea_trainer - Iteration 1, Batch 262/600
2020-05-01 18:40:14,778 INFO - training.ea.ea_trainer - Iteration 1, Batch 263/600
2020-05-01 18:40:14,916 INFO - training.ea.ea_trainer - Iteration 1, Batch 264/600
2020-05-01 18:40:14,983 INFO - training.ea.ea_trainer - Iteration 1, Batch 265/600
2020-05-01 18:40:15,098 INFO - training.ea.ea_trainer - Iteration 1, Batch 266/600
2020-05-01 18:40:15,169 INFO - training.ea.ea_trainer - Iteration 1, Batch 267/600
2020-05-01 18:40:15,278 INFO - training.ea.ea_trainer - Iteration 1, Batch 268/600
2020-05-01 18:40:15,330 INFO - training.ea.ea_trainer - Iteration 1, Batch 269/600
2020-05-01 18:40:15,470 INFO - training.ea.ea_trainer - Iteration 1, Batch 270/600
2020-05-01 18:40:15,561 INFO - training.ea.ea_trainer - Iteration 1, Batch 271/600
2020-05-01 18:40:15,670 INFO - training.ea.ea_trainer - Iteration 1, Batch 272/600
2020-05-01 18:40:15,762 INFO - training.ea.ea_trainer - Iteration 1, Batch 273/600
2020-05-01 18:40:15,895 INFO - training.ea.ea_trainer - Iteration 1, Batch 274/600
2020-05-01 18:40:15,949 INFO - training.ea.ea_trainer - Iteration 1, Batch 275/600
2020-05-01 18:40:16,076 INFO - training.ea.ea_trainer - Iteration 1, Batch 276/600
2020-05-01 18:40:16,164 INFO - training.ea.ea_trainer - Iteration 1, Batch 277/600
2020-05-01 18:40:16,269 INFO - training.ea.ea_trainer - Iteration 1, Batch 278/600
2020-05-01 18:40:16,351 INFO - training.ea.ea_trainer - Iteration 1, Batch 279/600
2020-05-01 18:40:16,462 INFO - training.ea.ea_trainer - Iteration 1, Batch 280/600
2020-05-01 18:40:16,539 INFO - training.ea.ea_trainer - Iteration 1, Batch 281/600
2020-05-01 18:40:16,626 INFO - training.ea.ea_trainer - Iteration 1, Batch 282/600
2020-05-01 18:40:16,680 INFO - training.ea.ea_trainer - Iteration 1, Batch 283/600
2020-05-01 18:40:16,795 INFO - training.ea.ea_trainer - Iteration 1, Batch 284/600
2020-05-01 18:40:16,865 INFO - training.ea.ea_trainer - Iteration 1, Batch 285/600
2020-05-01 18:40:17,007 INFO - training.ea.ea_trainer - Iteration 1, Batch 286/600
2020-05-01 18:40:17,048 INFO - training.ea.ea_trainer - Iteration 1, Batch 287/600
2020-05-01 18:40:17,164 INFO - training.ea.ea_trainer - Iteration 1, Batch 288/600
2020-05-01 18:40:17,224 INFO - training.ea.ea_trainer - Iteration 1, Batch 289/600
2020-05-01 18:40:17,316 INFO - training.ea.ea_trainer - Iteration 1, Batch 290/600
2020-05-01 18:40:17,371 INFO - training.ea.ea_trainer - Iteration 1, Batch 291/600
2020-05-01 18:40:17,486 INFO - training.ea.ea_trainer - Iteration 1, Batch 292/600
2020-05-01 18:40:17,547 INFO - training.ea.ea_trainer - Iteration 1, Batch 293/600
2020-05-01 18:40:17,674 INFO - training.ea.ea_trainer - Iteration 1, Batch 294/600
2020-05-01 18:40:17,752 INFO - training.ea.ea_trainer - Iteration 1, Batch 295/600
2020-05-01 18:40:17,877 INFO - training.ea.ea_trainer - Iteration 1, Batch 296/600
2020-05-01 18:40:17,958 INFO - training.ea.ea_trainer - Iteration 1, Batch 297/600
2020-05-01 18:40:18,076 INFO - training.ea.ea_trainer - Iteration 1, Batch 298/600
2020-05-01 18:40:18,126 INFO - training.ea.ea_trainer - Iteration 1, Batch 299/600
2020-05-01 18:40:18,233 INFO - training.ea.ea_trainer - Iteration 1, Batch 300/600
2020-05-01 18:40:18,311 INFO - training.ea.ea_trainer - Iteration 1, Batch 301/600
2020-05-01 18:40:18,432 INFO - training.ea.ea_trainer - Iteration 1, Batch 302/600
2020-05-01 18:40:18,490 INFO - training.ea.ea_trainer - Iteration 1, Batch 303/600
2020-05-01 18:40:18,607 INFO - training.ea.ea_trainer - Iteration 1, Batch 304/600
2020-05-01 18:40:18,659 INFO - training.ea.ea_trainer - Iteration 1, Batch 305/600
2020-05-01 18:40:18,795 INFO - training.ea.ea_trainer - Iteration 1, Batch 306/600
2020-05-01 18:40:18,883 INFO - training.ea.ea_trainer - Iteration 1, Batch 307/600
2020-05-01 18:40:18,976 INFO - training.ea.ea_trainer - Iteration 1, Batch 308/600
2020-05-01 18:40:19,023 INFO - training.ea.ea_trainer - Iteration 1, Batch 309/600
2020-05-01 18:40:19,137 INFO - training.ea.ea_trainer - Iteration 1, Batch 310/600
2020-05-01 18:40:19,207 INFO - training.ea.ea_trainer - Iteration 1, Batch 311/600
2020-05-01 18:40:19,326 INFO - training.ea.ea_trainer - Iteration 1, Batch 312/600
2020-05-01 18:40:19,361 INFO - training.ea.ea_trainer - Iteration 1, Batch 313/600
2020-05-01 18:40:19,524 INFO - training.ea.ea_trainer - Iteration 1, Batch 314/600
2020-05-01 18:40:19,602 INFO - training.ea.ea_trainer - Iteration 1, Batch 315/600
2020-05-01 18:40:19,716 INFO - training.ea.ea_trainer - Iteration 1, Batch 316/600
2020-05-01 18:40:19,770 INFO - training.ea.ea_trainer - Iteration 1, Batch 317/600
2020-05-01 18:40:19,916 INFO - training.ea.ea_trainer - Iteration 1, Batch 318/600
2020-05-01 18:40:19,969 INFO - training.ea.ea_trainer - Iteration 1, Batch 319/600
2020-05-01 18:40:20,114 INFO - training.ea.ea_trainer - Iteration 1, Batch 320/600
2020-05-01 18:40:20,190 INFO - training.ea.ea_trainer - Iteration 1, Batch 321/600
2020-05-01 18:40:20,335 INFO - training.ea.ea_trainer - Iteration 1, Batch 322/600
2020-05-01 18:40:20,394 INFO - training.ea.ea_trainer - Iteration 1, Batch 323/600
2020-05-01 18:40:20,511 INFO - training.ea.ea_trainer - Iteration 1, Batch 324/600
2020-05-01 18:40:20,581 INFO - training.ea.ea_trainer - Iteration 1, Batch 325/600
2020-05-01 18:40:20,695 INFO - training.ea.ea_trainer - Iteration 1, Batch 326/600
2020-05-01 18:40:20,768 INFO - training.ea.ea_trainer - Iteration 1, Batch 327/600
2020-05-01 18:40:20,872 INFO - training.ea.ea_trainer - Iteration 1, Batch 328/600
2020-05-01 18:40:20,956 INFO - training.ea.ea_trainer - Iteration 1, Batch 329/600
2020-05-01 18:40:21,064 INFO - training.ea.ea_trainer - Iteration 1, Batch 330/600
2020-05-01 18:40:21,096 INFO - training.ea.ea_trainer - Iteration 1, Batch 331/600
2020-05-01 18:40:21,206 INFO - training.ea.ea_trainer - Iteration 1, Batch 332/600
2020-05-01 18:40:21,275 INFO - training.ea.ea_trainer - Iteration 1, Batch 333/600
2020-05-01 18:40:21,365 INFO - training.ea.ea_trainer - Iteration 1, Batch 334/600
2020-05-01 18:40:21,408 INFO - training.ea.ea_trainer - Iteration 1, Batch 335/600
2020-05-01 18:40:21,527 INFO - training.ea.ea_trainer - Iteration 1, Batch 336/600
2020-05-01 18:40:21,565 INFO - training.ea.ea_trainer - Iteration 1, Batch 337/600
2020-05-01 18:40:21,754 INFO - training.ea.ea_trainer - Iteration 1, Batch 338/600
2020-05-01 18:40:21,825 INFO - training.ea.ea_trainer - Iteration 1, Batch 339/600
2020-05-01 18:40:21,923 INFO - training.ea.ea_trainer - Iteration 1, Batch 340/600
2020-05-01 18:40:21,983 INFO - training.ea.ea_trainer - Iteration 1, Batch 341/600
2020-05-01 18:40:22,114 INFO - training.ea.ea_trainer - Iteration 1, Batch 342/600
2020-05-01 18:40:22,157 INFO - training.ea.ea_trainer - Iteration 1, Batch 343/600
2020-05-01 18:40:22,302 INFO - training.ea.ea_trainer - Iteration 1, Batch 344/600
2020-05-01 18:40:22,356 INFO - training.ea.ea_trainer - Iteration 1, Batch 345/600
2020-05-01 18:40:22,430 INFO - training.ea.ea_trainer - Iteration 1, Batch 346/600
2020-05-01 18:40:22,506 INFO - training.ea.ea_trainer - Iteration 1, Batch 347/600
2020-05-01 18:40:22,599 INFO - training.ea.ea_trainer - Iteration 1, Batch 348/600
2020-05-01 18:40:22,649 INFO - training.ea.ea_trainer - Iteration 1, Batch 349/600
2020-05-01 18:40:22,747 INFO - training.ea.ea_trainer - Iteration 1, Batch 350/600
2020-05-01 18:40:22,821 INFO - training.ea.ea_trainer - Iteration 1, Batch 351/600
2020-05-01 18:40:22,981 INFO - training.ea.ea_trainer - Iteration 1, Batch 352/600
2020-05-01 18:40:23,018 INFO - training.ea.ea_trainer - Iteration 1, Batch 353/600
2020-05-01 18:40:23,115 INFO - training.ea.ea_trainer - Iteration 1, Batch 354/600
2020-05-01 18:40:23,180 INFO - training.ea.ea_trainer - Iteration 1, Batch 355/600
2020-05-01 18:40:23,288 INFO - training.ea.ea_trainer - Iteration 1, Batch 356/600
2020-05-01 18:40:23,361 INFO - training.ea.ea_trainer - Iteration 1, Batch 357/600
2020-05-01 18:40:23,468 INFO - training.ea.ea_trainer - Iteration 1, Batch 358/600
2020-05-01 18:40:23,542 INFO - training.ea.ea_trainer - Iteration 1, Batch 359/600
2020-05-01 18:40:23,725 INFO - training.ea.ea_trainer - Iteration 1, Batch 360/600
2020-05-01 18:40:23,789 INFO - training.ea.ea_trainer - Iteration 1, Batch 361/600
2020-05-01 18:40:23,941 INFO - training.ea.ea_trainer - Iteration 1, Batch 362/600
2020-05-01 18:40:23,989 INFO - training.ea.ea_trainer - Iteration 1, Batch 363/600
2020-05-01 18:40:24,090 INFO - training.ea.ea_trainer - Iteration 1, Batch 364/600
2020-05-01 18:40:24,137 INFO - training.ea.ea_trainer - Iteration 1, Batch 365/600
2020-05-01 18:40:24,253 INFO - training.ea.ea_trainer - Iteration 1, Batch 366/600
2020-05-01 18:40:24,338 INFO - training.ea.ea_trainer - Iteration 1, Batch 367/600
2020-05-01 18:40:24,463 INFO - training.ea.ea_trainer - Iteration 1, Batch 368/600
2020-05-01 18:40:24,504 INFO - training.ea.ea_trainer - Iteration 1, Batch 369/600
2020-05-01 18:40:24,682 INFO - training.ea.ea_trainer - Iteration 1, Batch 370/600
2020-05-01 18:40:24,766 INFO - training.ea.ea_trainer - Iteration 1, Batch 371/600
2020-05-01 18:40:24,876 INFO - training.ea.ea_trainer - Iteration 1, Batch 372/600
2020-05-01 18:40:24,929 INFO - training.ea.ea_trainer - Iteration 1, Batch 373/600
2020-05-01 18:40:25,024 INFO - training.ea.ea_trainer - Iteration 1, Batch 374/600
2020-05-01 18:40:25,081 INFO - training.ea.ea_trainer - Iteration 1, Batch 375/600
2020-05-01 18:40:25,223 INFO - training.ea.ea_trainer - Iteration 1, Batch 376/600
2020-05-01 18:40:25,316 INFO - training.ea.ea_trainer - Iteration 1, Batch 377/600
2020-05-01 18:40:25,433 INFO - training.ea.ea_trainer - Iteration 1, Batch 378/600
2020-05-01 18:40:25,487 INFO - training.ea.ea_trainer - Iteration 1, Batch 379/600
2020-05-01 18:40:25,604 INFO - training.ea.ea_trainer - Iteration 1, Batch 380/600
2020-05-01 18:40:25,661 INFO - training.ea.ea_trainer - Iteration 1, Batch 381/600
2020-05-01 18:40:25,764 INFO - training.ea.ea_trainer - Iteration 1, Batch 382/600
2020-05-01 18:40:25,812 INFO - training.ea.ea_trainer - Iteration 1, Batch 383/600
2020-05-01 18:40:25,892 INFO - training.ea.ea_trainer - Iteration 1, Batch 384/600
2020-05-01 18:40:25,967 INFO - training.ea.ea_trainer - Iteration 1, Batch 385/600
2020-05-01 18:40:26,085 INFO - training.ea.ea_trainer - Iteration 1, Batch 386/600
2020-05-01 18:40:26,108 INFO - training.ea.ea_trainer - Iteration 1, Batch 387/600
2020-05-01 18:40:26,238 INFO - training.ea.ea_trainer - Iteration 1, Batch 388/600
2020-05-01 18:40:26,281 INFO - training.ea.ea_trainer - Iteration 1, Batch 389/600
2020-05-01 18:40:26,424 INFO - training.ea.ea_trainer - Iteration 1, Batch 390/600
2020-05-01 18:40:26,480 INFO - training.ea.ea_trainer - Iteration 1, Batch 391/600
2020-05-01 18:40:26,603 INFO - training.ea.ea_trainer - Iteration 1, Batch 392/600
2020-05-01 18:40:26,656 INFO - training.ea.ea_trainer - Iteration 1, Batch 393/600
2020-05-01 18:40:26,773 INFO - training.ea.ea_trainer - Iteration 1, Batch 394/600
2020-05-01 18:40:26,825 INFO - training.ea.ea_trainer - Iteration 1, Batch 395/600
2020-05-01 18:40:26,937 INFO - training.ea.ea_trainer - Iteration 1, Batch 396/600
2020-05-01 18:40:26,998 INFO - training.ea.ea_trainer - Iteration 1, Batch 397/600
2020-05-01 18:40:27,121 INFO - training.ea.ea_trainer - Iteration 1, Batch 398/600
2020-05-01 18:40:27,191 INFO - training.ea.ea_trainer - Iteration 1, Batch 399/600
2020-05-01 18:40:27,336 INFO - training.ea.ea_trainer - Iteration 1, Batch 400/600
2020-05-01 18:40:27,391 INFO - training.ea.ea_trainer - Iteration 1, Batch 401/600
2020-05-01 18:40:27,514 INFO - training.ea.ea_trainer - Iteration 1, Batch 402/600
2020-05-01 18:40:27,620 INFO - training.ea.ea_trainer - Iteration 1, Batch 403/600
2020-05-01 18:40:27,726 INFO - training.ea.ea_trainer - Iteration 1, Batch 404/600
2020-05-01 18:40:27,784 INFO - training.ea.ea_trainer - Iteration 1, Batch 405/600
2020-05-01 18:40:27,898 INFO - training.ea.ea_trainer - Iteration 1, Batch 406/600
2020-05-01 18:40:27,947 INFO - training.ea.ea_trainer - Iteration 1, Batch 407/600
2020-05-01 18:40:28,042 INFO - training.ea.ea_trainer - Iteration 1, Batch 408/600
2020-05-01 18:40:28,098 INFO - training.ea.ea_trainer - Iteration 1, Batch 409/600
2020-05-01 18:40:28,230 INFO - training.ea.ea_trainer - Iteration 1, Batch 410/600
2020-05-01 18:40:28,284 INFO - training.ea.ea_trainer - Iteration 1, Batch 411/600
2020-05-01 18:40:28,439 INFO - training.ea.ea_trainer - Iteration 1, Batch 412/600
2020-05-01 18:40:28,498 INFO - training.ea.ea_trainer - Iteration 1, Batch 413/600
2020-05-01 18:40:28,611 INFO - training.ea.ea_trainer - Iteration 1, Batch 414/600
2020-05-01 18:40:28,703 INFO - training.ea.ea_trainer - Iteration 1, Batch 415/600
2020-05-01 18:40:28,845 INFO - training.ea.ea_trainer - Iteration 1, Batch 416/600
2020-05-01 18:40:28,888 INFO - training.ea.ea_trainer - Iteration 1, Batch 417/600
2020-05-01 18:40:29,039 INFO - training.ea.ea_trainer - Iteration 1, Batch 418/600
2020-05-01 18:40:29,083 INFO - training.ea.ea_trainer - Iteration 1, Batch 419/600
2020-05-01 18:40:29,199 INFO - training.ea.ea_trainer - Iteration 1, Batch 420/600
2020-05-01 18:40:29,287 INFO - training.ea.ea_trainer - Iteration 1, Batch 421/600
2020-05-01 18:40:29,397 INFO - training.ea.ea_trainer - Iteration 1, Batch 422/600
2020-05-01 18:40:29,472 INFO - training.ea.ea_trainer - Iteration 1, Batch 423/600
2020-05-01 18:40:29,575 INFO - training.ea.ea_trainer - Iteration 1, Batch 424/600
2020-05-01 18:40:29,628 INFO - training.ea.ea_trainer - Iteration 1, Batch 425/600
2020-05-01 18:40:29,778 INFO - training.ea.ea_trainer - Iteration 1, Batch 426/600
2020-05-01 18:40:29,879 INFO - training.ea.ea_trainer - Iteration 1, Batch 427/600
2020-05-01 18:40:30,005 INFO - training.ea.ea_trainer - Iteration 1, Batch 428/600
2020-05-01 18:40:30,055 INFO - training.ea.ea_trainer - Iteration 1, Batch 429/600
2020-05-01 18:40:30,205 INFO - training.ea.ea_trainer - Iteration 1, Batch 430/600
2020-05-01 18:40:30,250 INFO - training.ea.ea_trainer - Iteration 1, Batch 431/600
2020-05-01 18:40:30,391 INFO - training.ea.ea_trainer - Iteration 1, Batch 432/600
2020-05-01 18:40:30,476 INFO - training.ea.ea_trainer - Iteration 1, Batch 433/600
2020-05-01 18:40:30,594 INFO - training.ea.ea_trainer - Iteration 1, Batch 434/600
2020-05-01 18:40:30,658 INFO - training.ea.ea_trainer - Iteration 1, Batch 435/600
2020-05-01 18:40:30,804 INFO - training.ea.ea_trainer - Iteration 1, Batch 436/600
2020-05-01 18:40:30,912 INFO - training.ea.ea_trainer - Iteration 1, Batch 437/600
2020-05-01 18:40:31,051 INFO - training.ea.ea_trainer - Iteration 1, Batch 438/600
2020-05-01 18:40:31,099 INFO - training.ea.ea_trainer - Iteration 1, Batch 439/600
2020-05-01 18:40:31,233 INFO - training.ea.ea_trainer - Iteration 1, Batch 440/600
2020-05-01 18:40:31,296 INFO - training.ea.ea_trainer - Iteration 1, Batch 441/600
2020-05-01 18:40:31,431 INFO - training.ea.ea_trainer - Iteration 1, Batch 442/600
2020-05-01 18:40:31,480 INFO - training.ea.ea_trainer - Iteration 1, Batch 443/600
2020-05-01 18:40:31,602 INFO - training.ea.ea_trainer - Iteration 1, Batch 444/600
2020-05-01 18:40:31,666 INFO - training.ea.ea_trainer - Iteration 1, Batch 445/600
2020-05-01 18:40:31,750 INFO - training.ea.ea_trainer - Iteration 1, Batch 446/600
2020-05-01 18:40:31,831 INFO - training.ea.ea_trainer - Iteration 1, Batch 447/600
2020-05-01 18:40:31,942 INFO - training.ea.ea_trainer - Iteration 1, Batch 448/600
2020-05-01 18:40:31,988 INFO - training.ea.ea_trainer - Iteration 1, Batch 449/600
2020-05-01 18:40:32,125 INFO - training.ea.ea_trainer - Iteration 1, Batch 450/600
2020-05-01 18:40:32,200 INFO - training.ea.ea_trainer - Iteration 1, Batch 451/600
2020-05-01 18:40:32,304 INFO - training.ea.ea_trainer - Iteration 1, Batch 452/600
2020-05-01 18:40:32,337 INFO - training.ea.ea_trainer - Iteration 1, Batch 453/600
2020-05-01 18:40:32,461 INFO - training.ea.ea_trainer - Iteration 1, Batch 454/600
2020-05-01 18:40:32,514 INFO - training.ea.ea_trainer - Iteration 1, Batch 455/600
2020-05-01 18:40:32,623 INFO - training.ea.ea_trainer - Iteration 1, Batch 456/600
2020-05-01 18:40:32,687 INFO - training.ea.ea_trainer - Iteration 1, Batch 457/600
2020-05-01 18:40:32,799 INFO - training.ea.ea_trainer - Iteration 1, Batch 458/600
2020-05-01 18:40:32,831 INFO - training.ea.ea_trainer - Iteration 1, Batch 459/600
2020-05-01 18:40:32,965 INFO - training.ea.ea_trainer - Iteration 1, Batch 460/600
2020-05-01 18:40:33,024 INFO - training.ea.ea_trainer - Iteration 1, Batch 461/600
2020-05-01 18:40:33,154 INFO - training.ea.ea_trainer - Iteration 1, Batch 462/600
2020-05-01 18:40:33,217 INFO - training.ea.ea_trainer - Iteration 1, Batch 463/600
2020-05-01 18:40:33,343 INFO - training.ea.ea_trainer - Iteration 1, Batch 464/600
2020-05-01 18:40:33,410 INFO - training.ea.ea_trainer - Iteration 1, Batch 465/600
2020-05-01 18:40:33,515 INFO - training.ea.ea_trainer - Iteration 1, Batch 466/600
2020-05-01 18:40:33,589 INFO - training.ea.ea_trainer - Iteration 1, Batch 467/600
2020-05-01 18:40:33,718 INFO - training.ea.ea_trainer - Iteration 1, Batch 468/600
2020-05-01 18:40:33,758 INFO - training.ea.ea_trainer - Iteration 1, Batch 469/600
2020-05-01 18:40:33,888 INFO - training.ea.ea_trainer - Iteration 1, Batch 470/600
2020-05-01 18:40:33,943 INFO - training.ea.ea_trainer - Iteration 1, Batch 471/600
2020-05-01 18:40:34,060 INFO - training.ea.ea_trainer - Iteration 1, Batch 472/600
2020-05-01 18:40:34,131 INFO - training.ea.ea_trainer - Iteration 1, Batch 473/600
2020-05-01 18:40:34,265 INFO - training.ea.ea_trainer - Iteration 1, Batch 474/600
2020-05-01 18:40:34,323 INFO - training.ea.ea_trainer - Iteration 1, Batch 475/600
2020-05-01 18:40:34,406 INFO - training.ea.ea_trainer - Iteration 1, Batch 476/600
2020-05-01 18:40:34,461 INFO - training.ea.ea_trainer - Iteration 1, Batch 477/600
2020-05-01 18:40:34,580 INFO - training.ea.ea_trainer - Iteration 1, Batch 478/600
2020-05-01 18:40:34,641 INFO - training.ea.ea_trainer - Iteration 1, Batch 479/600
2020-05-01 18:40:34,738 INFO - training.ea.ea_trainer - Iteration 1, Batch 480/600
2020-05-01 18:40:34,815 INFO - training.ea.ea_trainer - Iteration 1, Batch 481/600
2020-05-01 18:40:34,933 INFO - training.ea.ea_trainer - Iteration 1, Batch 482/600
2020-05-01 18:40:34,999 INFO - training.ea.ea_trainer - Iteration 1, Batch 483/600
2020-05-01 18:40:35,147 INFO - training.ea.ea_trainer - Iteration 1, Batch 484/600
2020-05-01 18:40:35,215 INFO - training.ea.ea_trainer - Iteration 1, Batch 485/600
2020-05-01 18:40:35,350 INFO - training.ea.ea_trainer - Iteration 1, Batch 486/600
2020-05-01 18:40:35,414 INFO - training.ea.ea_trainer - Iteration 1, Batch 487/600
2020-05-01 18:40:35,516 INFO - training.ea.ea_trainer - Iteration 1, Batch 488/600
2020-05-01 18:40:35,600 INFO - training.ea.ea_trainer - Iteration 1, Batch 489/600
2020-05-01 18:40:35,710 INFO - training.ea.ea_trainer - Iteration 1, Batch 490/600
2020-05-01 18:40:35,760 INFO - training.ea.ea_trainer - Iteration 1, Batch 491/600
2020-05-01 18:40:35,860 INFO - training.ea.ea_trainer - Iteration 1, Batch 492/600
2020-05-01 18:40:35,927 INFO - training.ea.ea_trainer - Iteration 1, Batch 493/600
2020-05-01 18:40:36,034 INFO - training.ea.ea_trainer - Iteration 1, Batch 494/600
2020-05-01 18:40:36,123 INFO - training.ea.ea_trainer - Iteration 1, Batch 495/600
2020-05-01 18:40:36,233 INFO - training.ea.ea_trainer - Iteration 1, Batch 496/600
2020-05-01 18:40:36,284 INFO - training.ea.ea_trainer - Iteration 1, Batch 497/600
2020-05-01 18:40:36,380 INFO - training.ea.ea_trainer - Iteration 1, Batch 498/600
2020-05-01 18:40:36,451 INFO - training.ea.ea_trainer - Iteration 1, Batch 499/600
2020-05-01 18:40:36,581 INFO - training.ea.ea_trainer - Iteration 1, Batch 500/600
2020-05-01 18:40:36,627 INFO - training.ea.ea_trainer - Iteration 1, Batch 501/600
2020-05-01 18:40:36,750 INFO - training.ea.ea_trainer - Iteration 1, Batch 502/600
2020-05-01 18:40:36,794 INFO - training.ea.ea_trainer - Iteration 1, Batch 503/600
2020-05-01 18:40:36,911 INFO - training.ea.ea_trainer - Iteration 1, Batch 504/600
2020-05-01 18:40:36,973 INFO - training.ea.ea_trainer - Iteration 1, Batch 505/600
2020-05-01 18:40:37,064 INFO - training.ea.ea_trainer - Iteration 1, Batch 506/600
2020-05-01 18:40:37,118 INFO - training.ea.ea_trainer - Iteration 1, Batch 507/600
2020-05-01 18:40:37,226 INFO - training.ea.ea_trainer - Iteration 1, Batch 508/600
2020-05-01 18:40:37,312 INFO - training.ea.ea_trainer - Iteration 1, Batch 509/600
2020-05-01 18:40:37,411 INFO - training.ea.ea_trainer - Iteration 1, Batch 510/600
2020-05-01 18:40:37,488 INFO - training.ea.ea_trainer - Iteration 1, Batch 511/600
2020-05-01 18:40:37,573 INFO - training.ea.ea_trainer - Iteration 1, Batch 512/600
2020-05-01 18:40:37,613 INFO - training.ea.ea_trainer - Iteration 1, Batch 513/600
2020-05-01 18:40:37,731 INFO - training.ea.ea_trainer - Iteration 1, Batch 514/600
2020-05-01 18:40:37,766 INFO - training.ea.ea_trainer - Iteration 1, Batch 515/600
2020-05-01 18:40:37,863 INFO - training.ea.ea_trainer - Iteration 1, Batch 516/600
2020-05-01 18:40:37,918 INFO - training.ea.ea_trainer - Iteration 1, Batch 517/600
2020-05-01 18:40:38,066 INFO - training.ea.ea_trainer - Iteration 1, Batch 518/600
2020-05-01 18:40:38,163 INFO - training.ea.ea_trainer - Iteration 1, Batch 519/600
2020-05-01 18:40:38,316 INFO - training.ea.ea_trainer - Iteration 1, Batch 520/600
2020-05-01 18:40:38,392 INFO - training.ea.ea_trainer - Iteration 1, Batch 521/600
2020-05-01 18:40:38,551 INFO - training.ea.ea_trainer - Iteration 1, Batch 522/600
2020-05-01 18:40:38,589 INFO - training.ea.ea_trainer - Iteration 1, Batch 523/600
2020-05-01 18:40:38,691 INFO - training.ea.ea_trainer - Iteration 1, Batch 524/600
2020-05-01 18:40:38,748 INFO - training.ea.ea_trainer - Iteration 1, Batch 525/600
2020-05-01 18:40:38,857 INFO - training.ea.ea_trainer - Iteration 1, Batch 526/600
2020-05-01 18:40:38,948 INFO - training.ea.ea_trainer - Iteration 1, Batch 527/600
2020-05-01 18:40:39,098 INFO - training.ea.ea_trainer - Iteration 1, Batch 528/600
2020-05-01 18:40:39,170 INFO - training.ea.ea_trainer - Iteration 1, Batch 529/600
2020-05-01 18:40:39,271 INFO - training.ea.ea_trainer - Iteration 1, Batch 530/600
2020-05-01 18:40:39,329 INFO - training.ea.ea_trainer - Iteration 1, Batch 531/600
2020-05-01 18:40:39,463 INFO - training.ea.ea_trainer - Iteration 1, Batch 532/600
2020-05-01 18:40:39,506 INFO - training.ea.ea_trainer - Iteration 1, Batch 533/600
2020-05-01 18:40:39,632 INFO - training.ea.ea_trainer - Iteration 1, Batch 534/600
2020-05-01 18:40:39,697 INFO - training.ea.ea_trainer - Iteration 1, Batch 535/600
2020-05-01 18:40:39,814 INFO - training.ea.ea_trainer - Iteration 1, Batch 536/600
2020-05-01 18:40:39,882 INFO - training.ea.ea_trainer - Iteration 1, Batch 537/600
2020-05-01 18:40:40,008 INFO - training.ea.ea_trainer - Iteration 1, Batch 538/600
2020-05-01 18:40:40,074 INFO - training.ea.ea_trainer - Iteration 1, Batch 539/600
2020-05-01 18:40:40,164 INFO - training.ea.ea_trainer - Iteration 1, Batch 540/600
2020-05-01 18:40:40,229 INFO - training.ea.ea_trainer - Iteration 1, Batch 541/600
2020-05-01 18:40:40,322 INFO - training.ea.ea_trainer - Iteration 1, Batch 542/600
2020-05-01 18:40:40,388 INFO - training.ea.ea_trainer - Iteration 1, Batch 543/600
2020-05-01 18:40:40,518 INFO - training.ea.ea_trainer - Iteration 1, Batch 544/600
2020-05-01 18:40:40,587 INFO - training.ea.ea_trainer - Iteration 1, Batch 545/600
2020-05-01 18:40:40,656 INFO - training.ea.ea_trainer - Iteration 1, Batch 546/600
2020-05-01 18:40:40,709 INFO - training.ea.ea_trainer - Iteration 1, Batch 547/600
2020-05-01 18:40:40,874 INFO - training.ea.ea_trainer - Iteration 1, Batch 548/600
2020-05-01 18:40:40,915 INFO - training.ea.ea_trainer - Iteration 1, Batch 549/600
2020-05-01 18:40:41,050 INFO - training.ea.ea_trainer - Iteration 1, Batch 550/600
2020-05-01 18:40:41,105 INFO - training.ea.ea_trainer - Iteration 1, Batch 551/600
2020-05-01 18:40:41,222 INFO - training.ea.ea_trainer - Iteration 1, Batch 552/600
2020-05-01 18:40:41,301 INFO - training.ea.ea_trainer - Iteration 1, Batch 553/600
2020-05-01 18:40:41,401 INFO - training.ea.ea_trainer - Iteration 1, Batch 554/600
2020-05-01 18:40:41,488 INFO - training.ea.ea_trainer - Iteration 1, Batch 555/600
2020-05-01 18:40:41,631 INFO - training.ea.ea_trainer - Iteration 1, Batch 556/600
2020-05-01 18:40:41,727 INFO - training.ea.ea_trainer - Iteration 1, Batch 557/600
2020-05-01 18:40:41,880 INFO - training.ea.ea_trainer - Iteration 1, Batch 558/600
2020-05-01 18:40:41,970 INFO - training.ea.ea_trainer - Iteration 1, Batch 559/600
2020-05-01 18:40:42,054 INFO - training.ea.ea_trainer - Iteration 1, Batch 560/600
2020-05-01 18:40:42,152 INFO - training.ea.ea_trainer - Iteration 1, Batch 561/600
2020-05-01 18:40:42,249 INFO - training.ea.ea_trainer - Iteration 1, Batch 562/600
2020-05-01 18:40:42,339 INFO - training.ea.ea_trainer - Iteration 1, Batch 563/600
2020-05-01 18:40:42,467 INFO - training.ea.ea_trainer - Iteration 1, Batch 564/600
2020-05-01 18:40:42,514 INFO - training.ea.ea_trainer - Iteration 1, Batch 565/600
2020-05-01 18:40:42,624 INFO - training.ea.ea_trainer - Iteration 1, Batch 566/600
2020-05-01 18:40:42,690 INFO - training.ea.ea_trainer - Iteration 1, Batch 567/600
2020-05-01 18:40:42,840 INFO - training.ea.ea_trainer - Iteration 1, Batch 568/600
2020-05-01 18:40:42,905 INFO - training.ea.ea_trainer - Iteration 1, Batch 569/600
2020-05-01 18:40:43,012 INFO - training.ea.ea_trainer - Iteration 1, Batch 570/600
2020-05-01 18:40:43,069 INFO - training.ea.ea_trainer - Iteration 1, Batch 571/600
2020-05-01 18:40:43,165 INFO - training.ea.ea_trainer - Iteration 1, Batch 572/600
2020-05-01 18:40:43,215 INFO - training.ea.ea_trainer - Iteration 1, Batch 573/600
2020-05-01 18:40:43,314 INFO - training.ea.ea_trainer - Iteration 1, Batch 574/600
2020-05-01 18:40:43,356 INFO - training.ea.ea_trainer - Iteration 1, Batch 575/600
2020-05-01 18:40:43,481 INFO - training.ea.ea_trainer - Iteration 1, Batch 576/600
2020-05-01 18:40:43,542 INFO - training.ea.ea_trainer - Iteration 1, Batch 577/600
2020-05-01 18:40:43,663 INFO - training.ea.ea_trainer - Iteration 1, Batch 578/600
2020-05-01 18:40:43,728 INFO - training.ea.ea_trainer - Iteration 1, Batch 579/600
2020-05-01 18:40:43,876 INFO - training.ea.ea_trainer - Iteration 1, Batch 580/600
2020-05-01 18:40:43,967 INFO - training.ea.ea_trainer - Iteration 1, Batch 581/600
2020-05-01 18:40:44,080 INFO - training.ea.ea_trainer - Iteration 1, Batch 582/600
2020-05-01 18:40:44,162 INFO - training.ea.ea_trainer - Iteration 1, Batch 583/600
2020-05-01 18:40:44,261 INFO - training.ea.ea_trainer - Iteration 1, Batch 584/600
2020-05-01 18:40:44,338 INFO - training.ea.ea_trainer - Iteration 1, Batch 585/600
2020-05-01 18:40:44,410 INFO - training.ea.ea_trainer - Iteration 1, Batch 586/600
2020-05-01 18:40:44,454 INFO - training.ea.ea_trainer - Iteration 1, Batch 587/600
2020-05-01 18:40:44,566 INFO - training.ea.ea_trainer - Iteration 1, Batch 588/600
2020-05-01 18:40:44,623 INFO - training.ea.ea_trainer - Iteration 1, Batch 589/600
2020-05-01 18:40:44,746 INFO - training.ea.ea_trainer - Iteration 1, Batch 590/600
2020-05-01 18:40:44,817 INFO - training.ea.ea_trainer - Iteration 1, Batch 591/600
2020-05-01 18:40:44,890 INFO - training.ea.ea_trainer - Iteration 1, Batch 592/600
2020-05-01 18:40:44,925 INFO - training.ea.ea_trainer - Iteration 1, Batch 593/600
2020-05-01 18:40:45,021 INFO - training.ea.ea_trainer - Iteration 1, Batch 594/600
2020-05-01 18:40:45,070 INFO - training.ea.ea_trainer - Iteration 1, Batch 595/600
2020-05-01 18:40:45,156 INFO - training.ea.ea_trainer - Iteration 1, Batch 596/600
2020-05-01 18:40:45,182 INFO - training.ea.ea_trainer - Iteration 1, Batch 597/600
2020-05-01 18:40:45,288 INFO - training.ea.ea_trainer - Iteration 1, Batch 598/600
2020-05-01 18:40:45,455 INFO - training.ea.ea_trainer - Iteration 1, Batch 599/600
2020-05-01 18:40:45,920 INFO - requests.packages.urllib3.connectionpool - Starting new HTTP connection (1): 127.0.0.1
2020-05-01 18:40:45,923 INFO - requests.packages.urllib3.connectionpool - Starting new HTTP connection (1): 127.0.0.1
2020-05-01 18:40:46,153 INFO - distribution.node_client - Loading parameters from endpoint http://127.0.0.1:5001/parameters/generators/best took 0.23546600341796875 seconds
2020-05-01 18:40:46,197 INFO - distribution.node_client - Loading parameters from endpoint http://127.0.0.1:5002/parameters/generators/best took 0.2755715847015381 seconds
2020-05-01 18:40:46,278 INFO - training.ea.ea_trainer - Calculating FID/inception score.
2020-05-01 18:40:46,280 CRITICAL - distribution.client_api - An unhandled error occured while running Lipizzaner: [Errno 2] No such file or directory: './networks/mnist_cnn/mnist_cnn.pkl'
2020-05-01 18:40:46,281 INFO - distribution.client_api - Finished experiment, waiting for new requests.
2020-05-01 18:40:48,509 WARNING - distribution.client_api - Received stop signal from master, but no experiment is running.
