2020-05-01 20:08:51,105 INFO - distribution.client_api - Distributed training recognized, set log directory to ./output/lipizzaner_gan/distributed/mnist/2020-05-01_20-08-51/2419
2020-05-01 20:08:51,335 INFO - lipizzaner - Parameters: {'trainer': {'name': 'lipizzaner_gan', 'n_iterations': 5, 'calculate_net_weights_dist': True, 'params': {'default_adam_learning_rate': 0.0002, 'alpha': 0.0001, 'discriminator_skip_each_nth_step': 1, 'fitness': {'fitness_mode': 'average', 'fitness_sample_size': 1000}, 'population_size': 1, 'tournament_size': 2, 'score': {'type': 'fid', 'score_sample_size': 1000, 'cuda': True, 'enabled': True}, 'n_replacements': 1, 'mixture_sigma': 0.01, 'enable_selection': False, 'mutation_probability': 0.5}, 'mixture_generator_samples_mode': 'exact_proportion'}, 'general': {'distribution': {'auto_discover': False, 'start_time': '2020-05-01_20-08-51', 'client_nodes': [{'address': '127.0.0.1', 'port': 5000}, {'address': '127.0.0.1', 'port': 5001}, {'address': '127.0.0.1', 'port': 5002}, {'address': '127.0.0.1', 'port': 5003}], 'master_node': {'exit_clients_on_disconnect': True}}, 'logging': {'log_server': None, 'log_level': 'INFO', 'image_format': 'jpg', 'print_discriminator': False, 'enabled': True}, 'seed': 1, 'losswise': {'api_key': '3T1CKALG6', 'enabled': False}, 'output_dir': './output', 'num_workers': 4}, 'network': {'loss': 'bceloss', 'name': 'four_layer_perceptron'}, 'dataloader': {'batch_size': 100, 'n_batches': 0, 'dataset_name': 'mnist', 'shuffle': True, 'use_batch': True}, 'master': {'calculate_score': True, 'score_sample_size': 50000, 'cuda': True}}
2020-05-01 20:08:51,335 INFO - lipizzaner - CUDA is not supported on this device.
2020-05-01 20:08:51,337 INFO - lipizzaner - Seed used: 6014804
2020-05-01 20:08:51,338 INFO - lipizzaner - Starting training for 5 iterations/epochs.
2020-05-01 20:08:51,498 INFO - requests.packages.urllib3.connectionpool - Starting new HTTP connection (1): 127.0.0.1
2020-05-01 20:08:51,517 INFO - requests.packages.urllib3.connectionpool - Starting new HTTP connection (1): 127.0.0.1
2020-05-01 20:08:51,722 INFO - distribution.node_client - Loading parameters from endpoint http://127.0.0.1:5000/parameters/generators took 0.23287177085876465 seconds
2020-05-01 20:08:51,766 INFO - distribution.node_client - Loading parameters from endpoint http://127.0.0.1:5003/parameters/generators took 0.2528698444366455 seconds
2020-05-01 20:08:51,846 INFO - requests.packages.urllib3.connectionpool - Starting new HTTP connection (1): 127.0.0.1
2020-05-01 20:08:51,857 INFO - requests.packages.urllib3.connectionpool - Starting new HTTP connection (1): 127.0.0.1
2020-05-01 20:08:51,923 INFO - distribution.node_client - Loading parameters from endpoint http://127.0.0.1:5000/parameters/discriminators took 0.07857418060302734 seconds
2020-05-01 20:08:51,946 INFO - distribution.node_client - Loading parameters from endpoint http://127.0.0.1:5003/parameters/discriminators took 0.09191060066223145 seconds
2020-05-01 20:08:51,979 INFO - training.ea.ea_trainer - Generators in current neighborhood are ['Iteration0:127.0.0.1:5000:0/G0', 'Iteration0:127.0.0.1:5003:3/G0', 'Iteration0:127.0.0.1:5001:1/G0']
2020-05-01 20:08:51,979 INFO - training.ea.ea_trainer - Discriminators in current neighborhood are ['Iteration0:127.0.0.1:5000:0/D0', 'Iteration0:127.0.0.1:5003:3/D0', 'Iteration0:127.0.0.1:5001:1/D0']
2020-05-01 20:08:51,989 INFO - training.ea.ea_trainer - L2 distance between all generators weights: [('Iteration0:127.0.0.1:5000:0/G0', 'Iteration0:127.0.0.1:5003:3/G0', array(29.475496, dtype=float32)), ('Iteration0:127.0.0.1:5000:0/G0', 'Iteration0:127.0.0.1:5001:1/G0', array(29.461334, dtype=float32)), ('Iteration0:127.0.0.1:5003:3/G0', 'Iteration0:127.0.0.1:5001:1/G0', array(29.483654, dtype=float32))]
2020-05-01 20:08:51,996 INFO - training.ea.ea_trainer - L2 distance between all discriminators weights: [('Iteration0:127.0.0.1:5000:0/D0', 'Iteration0:127.0.0.1:5003:3/D0', array(18.500603, dtype=float32)), ('Iteration0:127.0.0.1:5000:0/D0', 'Iteration0:127.0.0.1:5001:1/D0', array(18.54244, dtype=float32)), ('Iteration0:127.0.0.1:5003:3/D0', 'Iteration0:127.0.0.1:5001:1/D0', array(18.536324, dtype=float32))]
2020-05-01 20:08:54,171 INFO - training.ea.ea_trainer - Iteration 1, Batch 0/600
2020-05-01 20:08:54,242 INFO - training.ea.ea_trainer - Iteration 1, Batch 1/600
2020-05-01 20:08:54,351 INFO - training.ea.ea_trainer - Iteration 1, Batch 2/600
2020-05-01 20:08:54,427 INFO - training.ea.ea_trainer - Iteration 1, Batch 3/600
2020-05-01 20:08:54,550 INFO - training.ea.ea_trainer - Iteration 1, Batch 4/600
2020-05-01 20:08:54,621 INFO - training.ea.ea_trainer - Iteration 1, Batch 5/600
2020-05-01 20:08:54,740 INFO - training.ea.ea_trainer - Iteration 1, Batch 6/600
2020-05-01 20:08:54,802 INFO - training.ea.ea_trainer - Iteration 1, Batch 7/600
2020-05-01 20:08:54,895 INFO - training.ea.ea_trainer - Iteration 1, Batch 8/600
2020-05-01 20:08:54,960 INFO - training.ea.ea_trainer - Iteration 1, Batch 9/600
2020-05-01 20:08:55,111 INFO - training.ea.ea_trainer - Iteration 1, Batch 10/600
2020-05-01 20:08:55,182 INFO - training.ea.ea_trainer - Iteration 1, Batch 11/600
2020-05-01 20:08:55,309 INFO - training.ea.ea_trainer - Iteration 1, Batch 12/600
2020-05-01 20:08:55,363 INFO - training.ea.ea_trainer - Iteration 1, Batch 13/600
2020-05-01 20:08:55,445 INFO - training.ea.ea_trainer - Iteration 1, Batch 14/600
2020-05-01 20:08:55,513 INFO - training.ea.ea_trainer - Iteration 1, Batch 15/600
2020-05-01 20:08:55,628 INFO - training.ea.ea_trainer - Iteration 1, Batch 16/600
2020-05-01 20:08:55,716 INFO - training.ea.ea_trainer - Iteration 1, Batch 17/600
2020-05-01 20:08:55,860 INFO - training.ea.ea_trainer - Iteration 1, Batch 18/600
2020-05-01 20:08:55,921 INFO - training.ea.ea_trainer - Iteration 1, Batch 19/600
2020-05-01 20:08:55,987 INFO - training.ea.ea_trainer - Iteration 1, Batch 20/600
2020-05-01 20:08:56,034 INFO - training.ea.ea_trainer - Iteration 1, Batch 21/600
2020-05-01 20:08:56,174 INFO - training.ea.ea_trainer - Iteration 1, Batch 22/600
2020-05-01 20:08:56,279 INFO - training.ea.ea_trainer - Iteration 1, Batch 23/600
2020-05-01 20:08:56,391 INFO - training.ea.ea_trainer - Iteration 1, Batch 24/600
2020-05-01 20:08:56,426 INFO - training.ea.ea_trainer - Iteration 1, Batch 25/600
2020-05-01 20:08:56,501 INFO - training.ea.ea_trainer - Iteration 1, Batch 26/600
2020-05-01 20:08:56,532 INFO - training.ea.ea_trainer - Iteration 1, Batch 27/600
2020-05-01 20:08:56,677 INFO - training.ea.ea_trainer - Iteration 1, Batch 28/600
2020-05-01 20:08:56,720 INFO - training.ea.ea_trainer - Iteration 1, Batch 29/600
2020-05-01 20:08:56,831 INFO - training.ea.ea_trainer - Iteration 1, Batch 30/600
2020-05-01 20:08:56,890 INFO - training.ea.ea_trainer - Iteration 1, Batch 31/600
2020-05-01 20:08:57,028 INFO - training.ea.ea_trainer - Iteration 1, Batch 32/600
2020-05-01 20:08:57,102 INFO - training.ea.ea_trainer - Iteration 1, Batch 33/600
2020-05-01 20:08:57,225 INFO - training.ea.ea_trainer - Iteration 1, Batch 34/600
2020-05-01 20:08:57,292 INFO - training.ea.ea_trainer - Iteration 1, Batch 35/600
2020-05-01 20:08:57,412 INFO - training.ea.ea_trainer - Iteration 1, Batch 36/600
2020-05-01 20:08:57,484 INFO - training.ea.ea_trainer - Iteration 1, Batch 37/600
2020-05-01 20:08:57,604 INFO - training.ea.ea_trainer - Iteration 1, Batch 38/600
2020-05-01 20:08:57,672 INFO - training.ea.ea_trainer - Iteration 1, Batch 39/600
2020-05-01 20:08:57,770 INFO - training.ea.ea_trainer - Iteration 1, Batch 40/600
2020-05-01 20:08:57,871 INFO - training.ea.ea_trainer - Iteration 1, Batch 41/600
2020-05-01 20:08:58,014 INFO - training.ea.ea_trainer - Iteration 1, Batch 42/600
2020-05-01 20:08:58,072 INFO - training.ea.ea_trainer - Iteration 1, Batch 43/600
2020-05-01 20:08:58,197 INFO - training.ea.ea_trainer - Iteration 1, Batch 44/600
2020-05-01 20:08:58,274 INFO - training.ea.ea_trainer - Iteration 1, Batch 45/600
2020-05-01 20:08:58,421 INFO - training.ea.ea_trainer - Iteration 1, Batch 46/600
2020-05-01 20:08:58,506 INFO - training.ea.ea_trainer - Iteration 1, Batch 47/600
2020-05-01 20:08:58,659 INFO - training.ea.ea_trainer - Iteration 1, Batch 48/600
2020-05-01 20:08:58,724 INFO - training.ea.ea_trainer - Iteration 1, Batch 49/600
2020-05-01 20:08:58,836 INFO - training.ea.ea_trainer - Iteration 1, Batch 50/600
2020-05-01 20:08:58,897 INFO - training.ea.ea_trainer - Iteration 1, Batch 51/600
2020-05-01 20:08:59,045 INFO - training.ea.ea_trainer - Iteration 1, Batch 52/600
2020-05-01 20:08:59,136 INFO - training.ea.ea_trainer - Iteration 1, Batch 53/600
2020-05-01 20:08:59,245 INFO - training.ea.ea_trainer - Iteration 1, Batch 54/600
2020-05-01 20:08:59,354 INFO - training.ea.ea_trainer - Iteration 1, Batch 55/600
2020-05-01 20:08:59,494 INFO - training.ea.ea_trainer - Iteration 1, Batch 56/600
2020-05-01 20:08:59,544 INFO - training.ea.ea_trainer - Iteration 1, Batch 57/600
2020-05-01 20:08:59,706 INFO - training.ea.ea_trainer - Iteration 1, Batch 58/600
2020-05-01 20:08:59,767 INFO - training.ea.ea_trainer - Iteration 1, Batch 59/600
2020-05-01 20:08:59,900 INFO - training.ea.ea_trainer - Iteration 1, Batch 60/600
2020-05-01 20:08:59,976 INFO - training.ea.ea_trainer - Iteration 1, Batch 61/600
2020-05-01 20:09:00,080 INFO - training.ea.ea_trainer - Iteration 1, Batch 62/600
2020-05-01 20:09:00,165 INFO - training.ea.ea_trainer - Iteration 1, Batch 63/600
2020-05-01 20:09:00,281 INFO - training.ea.ea_trainer - Iteration 1, Batch 64/600
2020-05-01 20:09:00,351 INFO - training.ea.ea_trainer - Iteration 1, Batch 65/600
2020-05-01 20:09:00,456 INFO - training.ea.ea_trainer - Iteration 1, Batch 66/600
2020-05-01 20:09:00,539 INFO - training.ea.ea_trainer - Iteration 1, Batch 67/600
2020-05-01 20:09:00,643 INFO - training.ea.ea_trainer - Iteration 1, Batch 68/600
2020-05-01 20:09:00,725 INFO - training.ea.ea_trainer - Iteration 1, Batch 69/600
2020-05-01 20:09:00,838 INFO - training.ea.ea_trainer - Iteration 1, Batch 70/600
2020-05-01 20:09:00,925 INFO - training.ea.ea_trainer - Iteration 1, Batch 71/600
2020-05-01 20:09:01,034 INFO - training.ea.ea_trainer - Iteration 1, Batch 72/600
2020-05-01 20:09:01,095 INFO - training.ea.ea_trainer - Iteration 1, Batch 73/600
2020-05-01 20:09:01,229 INFO - training.ea.ea_trainer - Iteration 1, Batch 74/600
2020-05-01 20:09:01,296 INFO - training.ea.ea_trainer - Iteration 1, Batch 75/600
2020-05-01 20:09:01,434 INFO - training.ea.ea_trainer - Iteration 1, Batch 76/600
2020-05-01 20:09:01,480 INFO - training.ea.ea_trainer - Iteration 1, Batch 77/600
2020-05-01 20:09:01,580 INFO - training.ea.ea_trainer - Iteration 1, Batch 78/600
2020-05-01 20:09:01,638 INFO - training.ea.ea_trainer - Iteration 1, Batch 79/600
2020-05-01 20:09:01,759 INFO - training.ea.ea_trainer - Iteration 1, Batch 80/600
2020-05-01 20:09:01,815 INFO - training.ea.ea_trainer - Iteration 1, Batch 81/600
2020-05-01 20:09:01,977 INFO - training.ea.ea_trainer - Iteration 1, Batch 82/600
2020-05-01 20:09:02,044 INFO - training.ea.ea_trainer - Iteration 1, Batch 83/600
2020-05-01 20:09:02,151 INFO - training.ea.ea_trainer - Iteration 1, Batch 84/600
2020-05-01 20:09:02,203 INFO - training.ea.ea_trainer - Iteration 1, Batch 85/600
2020-05-01 20:09:02,308 INFO - training.ea.ea_trainer - Iteration 1, Batch 86/600
2020-05-01 20:09:02,373 INFO - training.ea.ea_trainer - Iteration 1, Batch 87/600
2020-05-01 20:09:02,510 INFO - training.ea.ea_trainer - Iteration 1, Batch 88/600
2020-05-01 20:09:02,552 INFO - training.ea.ea_trainer - Iteration 1, Batch 89/600
2020-05-01 20:09:02,694 INFO - training.ea.ea_trainer - Iteration 1, Batch 90/600
2020-05-01 20:09:02,766 INFO - training.ea.ea_trainer - Iteration 1, Batch 91/600
2020-05-01 20:09:02,863 INFO - training.ea.ea_trainer - Iteration 1, Batch 92/600
2020-05-01 20:09:02,933 INFO - training.ea.ea_trainer - Iteration 1, Batch 93/600
2020-05-01 20:09:03,060 INFO - training.ea.ea_trainer - Iteration 1, Batch 94/600
2020-05-01 20:09:03,122 INFO - training.ea.ea_trainer - Iteration 1, Batch 95/600
2020-05-01 20:09:03,232 INFO - training.ea.ea_trainer - Iteration 1, Batch 96/600
2020-05-01 20:09:03,293 INFO - training.ea.ea_trainer - Iteration 1, Batch 97/600
2020-05-01 20:09:03,397 INFO - training.ea.ea_trainer - Iteration 1, Batch 98/600
2020-05-01 20:09:03,492 INFO - training.ea.ea_trainer - Iteration 1, Batch 99/600
2020-05-01 20:09:03,580 INFO - training.ea.ea_trainer - Iteration 1, Batch 100/600
2020-05-01 20:09:03,637 INFO - training.ea.ea_trainer - Iteration 1, Batch 101/600
2020-05-01 20:09:03,739 INFO - training.ea.ea_trainer - Iteration 1, Batch 102/600
2020-05-01 20:09:03,785 INFO - training.ea.ea_trainer - Iteration 1, Batch 103/600
2020-05-01 20:09:03,882 INFO - training.ea.ea_trainer - Iteration 1, Batch 104/600
2020-05-01 20:09:03,950 INFO - training.ea.ea_trainer - Iteration 1, Batch 105/600
2020-05-01 20:09:04,093 INFO - training.ea.ea_trainer - Iteration 1, Batch 106/600
2020-05-01 20:09:04,178 INFO - training.ea.ea_trainer - Iteration 1, Batch 107/600
2020-05-01 20:09:04,264 INFO - training.ea.ea_trainer - Iteration 1, Batch 108/600
2020-05-01 20:09:04,312 INFO - training.ea.ea_trainer - Iteration 1, Batch 109/600
2020-05-01 20:09:04,407 INFO - training.ea.ea_trainer - Iteration 1, Batch 110/600
2020-05-01 20:09:04,464 INFO - training.ea.ea_trainer - Iteration 1, Batch 111/600
2020-05-01 20:09:04,594 INFO - training.ea.ea_trainer - Iteration 1, Batch 112/600
2020-05-01 20:09:04,656 INFO - training.ea.ea_trainer - Iteration 1, Batch 113/600
2020-05-01 20:09:04,817 INFO - training.ea.ea_trainer - Iteration 1, Batch 114/600
2020-05-01 20:09:04,863 INFO - training.ea.ea_trainer - Iteration 1, Batch 115/600
2020-05-01 20:09:04,947 INFO - training.ea.ea_trainer - Iteration 1, Batch 116/600
2020-05-01 20:09:05,014 INFO - training.ea.ea_trainer - Iteration 1, Batch 117/600
2020-05-01 20:09:05,145 INFO - training.ea.ea_trainer - Iteration 1, Batch 118/600
2020-05-01 20:09:05,209 INFO - training.ea.ea_trainer - Iteration 1, Batch 119/600
2020-05-01 20:09:05,320 INFO - training.ea.ea_trainer - Iteration 1, Batch 120/600
2020-05-01 20:09:05,419 INFO - training.ea.ea_trainer - Iteration 1, Batch 121/600
2020-05-01 20:09:05,546 INFO - training.ea.ea_trainer - Iteration 1, Batch 122/600
2020-05-01 20:09:05,594 INFO - training.ea.ea_trainer - Iteration 1, Batch 123/600
2020-05-01 20:09:05,747 INFO - training.ea.ea_trainer - Iteration 1, Batch 124/600
2020-05-01 20:09:05,790 INFO - training.ea.ea_trainer - Iteration 1, Batch 125/600
2020-05-01 20:09:05,927 INFO - training.ea.ea_trainer - Iteration 1, Batch 126/600
2020-05-01 20:09:05,999 INFO - training.ea.ea_trainer - Iteration 1, Batch 127/600
2020-05-01 20:09:06,112 INFO - training.ea.ea_trainer - Iteration 1, Batch 128/600
2020-05-01 20:09:06,182 INFO - training.ea.ea_trainer - Iteration 1, Batch 129/600
2020-05-01 20:09:06,314 INFO - training.ea.ea_trainer - Iteration 1, Batch 130/600
2020-05-01 20:09:06,371 INFO - training.ea.ea_trainer - Iteration 1, Batch 131/600
2020-05-01 20:09:06,515 INFO - training.ea.ea_trainer - Iteration 1, Batch 132/600
2020-05-01 20:09:06,585 INFO - training.ea.ea_trainer - Iteration 1, Batch 133/600
2020-05-01 20:09:06,693 INFO - training.ea.ea_trainer - Iteration 1, Batch 134/600
2020-05-01 20:09:06,755 INFO - training.ea.ea_trainer - Iteration 1, Batch 135/600
2020-05-01 20:09:06,862 INFO - training.ea.ea_trainer - Iteration 1, Batch 136/600
2020-05-01 20:09:06,906 INFO - training.ea.ea_trainer - Iteration 1, Batch 137/600
2020-05-01 20:09:07,024 INFO - training.ea.ea_trainer - Iteration 1, Batch 138/600
2020-05-01 20:09:07,075 INFO - training.ea.ea_trainer - Iteration 1, Batch 139/600
2020-05-01 20:09:07,189 INFO - training.ea.ea_trainer - Iteration 1, Batch 140/600
2020-05-01 20:09:07,257 INFO - training.ea.ea_trainer - Iteration 1, Batch 141/600
2020-05-01 20:09:07,375 INFO - training.ea.ea_trainer - Iteration 1, Batch 142/600
2020-05-01 20:09:07,459 INFO - training.ea.ea_trainer - Iteration 1, Batch 143/600
2020-05-01 20:09:07,576 INFO - training.ea.ea_trainer - Iteration 1, Batch 144/600
2020-05-01 20:09:07,628 INFO - training.ea.ea_trainer - Iteration 1, Batch 145/600
2020-05-01 20:09:07,723 INFO - training.ea.ea_trainer - Iteration 1, Batch 146/600
2020-05-01 20:09:07,772 INFO - training.ea.ea_trainer - Iteration 1, Batch 147/600
2020-05-01 20:09:07,897 INFO - training.ea.ea_trainer - Iteration 1, Batch 148/600
2020-05-01 20:09:07,947 INFO - training.ea.ea_trainer - Iteration 1, Batch 149/600
2020-05-01 20:09:08,053 INFO - training.ea.ea_trainer - Iteration 1, Batch 150/600
2020-05-01 20:09:08,164 INFO - training.ea.ea_trainer - Iteration 1, Batch 151/600
2020-05-01 20:09:08,291 INFO - training.ea.ea_trainer - Iteration 1, Batch 152/600
2020-05-01 20:09:08,360 INFO - training.ea.ea_trainer - Iteration 1, Batch 153/600
2020-05-01 20:09:08,453 INFO - training.ea.ea_trainer - Iteration 1, Batch 154/600
2020-05-01 20:09:08,491 INFO - training.ea.ea_trainer - Iteration 1, Batch 155/600
2020-05-01 20:09:08,585 INFO - training.ea.ea_trainer - Iteration 1, Batch 156/600
2020-05-01 20:09:08,674 INFO - training.ea.ea_trainer - Iteration 1, Batch 157/600
2020-05-01 20:09:08,754 INFO - training.ea.ea_trainer - Iteration 1, Batch 158/600
2020-05-01 20:09:08,812 INFO - training.ea.ea_trainer - Iteration 1, Batch 159/600
2020-05-01 20:09:08,912 INFO - training.ea.ea_trainer - Iteration 1, Batch 160/600
2020-05-01 20:09:08,977 INFO - training.ea.ea_trainer - Iteration 1, Batch 161/600
2020-05-01 20:09:09,095 INFO - training.ea.ea_trainer - Iteration 1, Batch 162/600
2020-05-01 20:09:09,182 INFO - training.ea.ea_trainer - Iteration 1, Batch 163/600
2020-05-01 20:09:09,343 INFO - training.ea.ea_trainer - Iteration 1, Batch 164/600
2020-05-01 20:09:09,416 INFO - training.ea.ea_trainer - Iteration 1, Batch 165/600
2020-05-01 20:09:09,592 INFO - training.ea.ea_trainer - Iteration 1, Batch 166/600
2020-05-01 20:09:09,679 INFO - training.ea.ea_trainer - Iteration 1, Batch 167/600
2020-05-01 20:09:09,763 INFO - training.ea.ea_trainer - Iteration 1, Batch 168/600
2020-05-01 20:09:09,834 INFO - training.ea.ea_trainer - Iteration 1, Batch 169/600
2020-05-01 20:09:09,988 INFO - training.ea.ea_trainer - Iteration 1, Batch 170/600
2020-05-01 20:09:10,061 INFO - training.ea.ea_trainer - Iteration 1, Batch 171/600
2020-05-01 20:09:10,196 INFO - training.ea.ea_trainer - Iteration 1, Batch 172/600
2020-05-01 20:09:10,256 INFO - training.ea.ea_trainer - Iteration 1, Batch 173/600
2020-05-01 20:09:10,391 INFO - training.ea.ea_trainer - Iteration 1, Batch 174/600
2020-05-01 20:09:10,452 INFO - training.ea.ea_trainer - Iteration 1, Batch 175/600
2020-05-01 20:09:10,628 INFO - training.ea.ea_trainer - Iteration 1, Batch 176/600
2020-05-01 20:09:10,686 INFO - training.ea.ea_trainer - Iteration 1, Batch 177/600
2020-05-01 20:09:10,811 INFO - training.ea.ea_trainer - Iteration 1, Batch 178/600
2020-05-01 20:09:10,842 INFO - training.ea.ea_trainer - Iteration 1, Batch 179/600
2020-05-01 20:09:10,940 INFO - training.ea.ea_trainer - Iteration 1, Batch 180/600
2020-05-01 20:09:10,985 INFO - training.ea.ea_trainer - Iteration 1, Batch 181/600
2020-05-01 20:09:11,078 INFO - training.ea.ea_trainer - Iteration 1, Batch 182/600
2020-05-01 20:09:11,135 INFO - training.ea.ea_trainer - Iteration 1, Batch 183/600
2020-05-01 20:09:11,230 INFO - training.ea.ea_trainer - Iteration 1, Batch 184/600
2020-05-01 20:09:11,278 INFO - training.ea.ea_trainer - Iteration 1, Batch 185/600
2020-05-01 20:09:11,399 INFO - training.ea.ea_trainer - Iteration 1, Batch 186/600
2020-05-01 20:09:11,451 INFO - training.ea.ea_trainer - Iteration 1, Batch 187/600
2020-05-01 20:09:11,576 INFO - training.ea.ea_trainer - Iteration 1, Batch 188/600
2020-05-01 20:09:11,623 INFO - training.ea.ea_trainer - Iteration 1, Batch 189/600
2020-05-01 20:09:11,763 INFO - training.ea.ea_trainer - Iteration 1, Batch 190/600
2020-05-01 20:09:11,849 INFO - training.ea.ea_trainer - Iteration 1, Batch 191/600
2020-05-01 20:09:11,949 INFO - training.ea.ea_trainer - Iteration 1, Batch 192/600
2020-05-01 20:09:12,002 INFO - training.ea.ea_trainer - Iteration 1, Batch 193/600
2020-05-01 20:09:12,115 INFO - training.ea.ea_trainer - Iteration 1, Batch 194/600
2020-05-01 20:09:12,182 INFO - training.ea.ea_trainer - Iteration 1, Batch 195/600
2020-05-01 20:09:12,307 INFO - training.ea.ea_trainer - Iteration 1, Batch 196/600
2020-05-01 20:09:12,340 INFO - training.ea.ea_trainer - Iteration 1, Batch 197/600
2020-05-01 20:09:12,498 INFO - training.ea.ea_trainer - Iteration 1, Batch 198/600
2020-05-01 20:09:12,551 INFO - training.ea.ea_trainer - Iteration 1, Batch 199/600
2020-05-01 20:09:12,693 INFO - training.ea.ea_trainer - Iteration 1, Batch 200/600
2020-05-01 20:09:12,764 INFO - training.ea.ea_trainer - Iteration 1, Batch 201/600
2020-05-01 20:09:12,879 INFO - training.ea.ea_trainer - Iteration 1, Batch 202/600
2020-05-01 20:09:12,947 INFO - training.ea.ea_trainer - Iteration 1, Batch 203/600
2020-05-01 20:09:13,025 INFO - training.ea.ea_trainer - Iteration 1, Batch 204/600
2020-05-01 20:09:13,086 INFO - training.ea.ea_trainer - Iteration 1, Batch 205/600
2020-05-01 20:09:13,212 INFO - training.ea.ea_trainer - Iteration 1, Batch 206/600
2020-05-01 20:09:13,267 INFO - training.ea.ea_trainer - Iteration 1, Batch 207/600
2020-05-01 20:09:13,411 INFO - training.ea.ea_trainer - Iteration 1, Batch 208/600
2020-05-01 20:09:13,458 INFO - training.ea.ea_trainer - Iteration 1, Batch 209/600
2020-05-01 20:09:13,579 INFO - training.ea.ea_trainer - Iteration 1, Batch 210/600
2020-05-01 20:09:13,642 INFO - training.ea.ea_trainer - Iteration 1, Batch 211/600
2020-05-01 20:09:13,769 INFO - training.ea.ea_trainer - Iteration 1, Batch 212/600
2020-05-01 20:09:13,856 INFO - training.ea.ea_trainer - Iteration 1, Batch 213/600
2020-05-01 20:09:14,016 INFO - training.ea.ea_trainer - Iteration 1, Batch 214/600
2020-05-01 20:09:14,109 INFO - training.ea.ea_trainer - Iteration 1, Batch 215/600
2020-05-01 20:09:14,258 INFO - training.ea.ea_trainer - Iteration 1, Batch 216/600
2020-05-01 20:09:14,285 INFO - training.ea.ea_trainer - Iteration 1, Batch 217/600
2020-05-01 20:09:14,395 INFO - training.ea.ea_trainer - Iteration 1, Batch 218/600
2020-05-01 20:09:14,470 INFO - training.ea.ea_trainer - Iteration 1, Batch 219/600
2020-05-01 20:09:14,573 INFO - training.ea.ea_trainer - Iteration 1, Batch 220/600
2020-05-01 20:09:14,648 INFO - training.ea.ea_trainer - Iteration 1, Batch 221/600
2020-05-01 20:09:14,793 INFO - training.ea.ea_trainer - Iteration 1, Batch 222/600
2020-05-01 20:09:14,854 INFO - training.ea.ea_trainer - Iteration 1, Batch 223/600
2020-05-01 20:09:14,953 INFO - training.ea.ea_trainer - Iteration 1, Batch 224/600
2020-05-01 20:09:15,006 INFO - training.ea.ea_trainer - Iteration 1, Batch 225/600
2020-05-01 20:09:15,123 INFO - training.ea.ea_trainer - Iteration 1, Batch 226/600
2020-05-01 20:09:15,217 INFO - training.ea.ea_trainer - Iteration 1, Batch 227/600
2020-05-01 20:09:15,311 INFO - training.ea.ea_trainer - Iteration 1, Batch 228/600
2020-05-01 20:09:15,365 INFO - training.ea.ea_trainer - Iteration 1, Batch 229/600
2020-05-01 20:09:15,507 INFO - training.ea.ea_trainer - Iteration 1, Batch 230/600
2020-05-01 20:09:15,563 INFO - training.ea.ea_trainer - Iteration 1, Batch 231/600
2020-05-01 20:09:15,678 INFO - training.ea.ea_trainer - Iteration 1, Batch 232/600
2020-05-01 20:09:15,735 INFO - training.ea.ea_trainer - Iteration 1, Batch 233/600
2020-05-01 20:09:15,850 INFO - training.ea.ea_trainer - Iteration 1, Batch 234/600
2020-05-01 20:09:15,905 INFO - training.ea.ea_trainer - Iteration 1, Batch 235/600
2020-05-01 20:09:16,004 INFO - training.ea.ea_trainer - Iteration 1, Batch 236/600
2020-05-01 20:09:16,094 INFO - training.ea.ea_trainer - Iteration 1, Batch 237/600
2020-05-01 20:09:16,251 INFO - training.ea.ea_trainer - Iteration 1, Batch 238/600
2020-05-01 20:09:16,313 INFO - training.ea.ea_trainer - Iteration 1, Batch 239/600
2020-05-01 20:09:16,444 INFO - training.ea.ea_trainer - Iteration 1, Batch 240/600
2020-05-01 20:09:16,500 INFO - training.ea.ea_trainer - Iteration 1, Batch 241/600
2020-05-01 20:09:16,654 INFO - training.ea.ea_trainer - Iteration 1, Batch 242/600
2020-05-01 20:09:16,706 INFO - training.ea.ea_trainer - Iteration 1, Batch 243/600
2020-05-01 20:09:16,888 INFO - training.ea.ea_trainer - Iteration 1, Batch 244/600
2020-05-01 20:09:16,968 INFO - training.ea.ea_trainer - Iteration 1, Batch 245/600
2020-05-01 20:09:17,067 INFO - training.ea.ea_trainer - Iteration 1, Batch 246/600
2020-05-01 20:09:17,099 INFO - training.ea.ea_trainer - Iteration 1, Batch 247/600
2020-05-01 20:09:17,223 INFO - training.ea.ea_trainer - Iteration 1, Batch 248/600
2020-05-01 20:09:17,286 INFO - training.ea.ea_trainer - Iteration 1, Batch 249/600
2020-05-01 20:09:17,426 INFO - training.ea.ea_trainer - Iteration 1, Batch 250/600
2020-05-01 20:09:17,511 INFO - training.ea.ea_trainer - Iteration 1, Batch 251/600
2020-05-01 20:09:17,643 INFO - training.ea.ea_trainer - Iteration 1, Batch 252/600
2020-05-01 20:09:17,698 INFO - training.ea.ea_trainer - Iteration 1, Batch 253/600
2020-05-01 20:09:17,783 INFO - training.ea.ea_trainer - Iteration 1, Batch 254/600
2020-05-01 20:09:17,843 INFO - training.ea.ea_trainer - Iteration 1, Batch 255/600
2020-05-01 20:09:17,944 INFO - training.ea.ea_trainer - Iteration 1, Batch 256/600
2020-05-01 20:09:18,023 INFO - training.ea.ea_trainer - Iteration 1, Batch 257/600
2020-05-01 20:09:18,126 INFO - training.ea.ea_trainer - Iteration 1, Batch 258/600
2020-05-01 20:09:18,176 INFO - training.ea.ea_trainer - Iteration 1, Batch 259/600
2020-05-01 20:09:18,287 INFO - training.ea.ea_trainer - Iteration 1, Batch 260/600
2020-05-01 20:09:18,343 INFO - training.ea.ea_trainer - Iteration 1, Batch 261/600
2020-05-01 20:09:18,455 INFO - training.ea.ea_trainer - Iteration 1, Batch 262/600
2020-05-01 20:09:18,513 INFO - training.ea.ea_trainer - Iteration 1, Batch 263/600
2020-05-01 20:09:18,593 INFO - training.ea.ea_trainer - Iteration 1, Batch 264/600
2020-05-01 20:09:18,634 INFO - training.ea.ea_trainer - Iteration 1, Batch 265/600
2020-05-01 20:09:18,775 INFO - training.ea.ea_trainer - Iteration 1, Batch 266/600
2020-05-01 20:09:18,857 INFO - training.ea.ea_trainer - Iteration 1, Batch 267/600
2020-05-01 20:09:18,984 INFO - training.ea.ea_trainer - Iteration 1, Batch 268/600
2020-05-01 20:09:19,041 INFO - training.ea.ea_trainer - Iteration 1, Batch 269/600
2020-05-01 20:09:19,150 INFO - training.ea.ea_trainer - Iteration 1, Batch 270/600
2020-05-01 20:09:19,224 INFO - training.ea.ea_trainer - Iteration 1, Batch 271/600
2020-05-01 20:09:19,333 INFO - training.ea.ea_trainer - Iteration 1, Batch 272/600
2020-05-01 20:09:19,414 INFO - training.ea.ea_trainer - Iteration 1, Batch 273/600
2020-05-01 20:09:19,519 INFO - training.ea.ea_trainer - Iteration 1, Batch 274/600
2020-05-01 20:09:19,596 INFO - training.ea.ea_trainer - Iteration 1, Batch 275/600
2020-05-01 20:09:19,678 INFO - training.ea.ea_trainer - Iteration 1, Batch 276/600
2020-05-01 20:09:19,714 INFO - training.ea.ea_trainer - Iteration 1, Batch 277/600
2020-05-01 20:09:19,855 INFO - training.ea.ea_trainer - Iteration 1, Batch 278/600
2020-05-01 20:09:19,920 INFO - training.ea.ea_trainer - Iteration 1, Batch 279/600
2020-05-01 20:09:20,022 INFO - training.ea.ea_trainer - Iteration 1, Batch 280/600
2020-05-01 20:09:20,076 INFO - training.ea.ea_trainer - Iteration 1, Batch 281/600
2020-05-01 20:09:20,197 INFO - training.ea.ea_trainer - Iteration 1, Batch 282/600
2020-05-01 20:09:20,295 INFO - training.ea.ea_trainer - Iteration 1, Batch 283/600
2020-05-01 20:09:20,420 INFO - training.ea.ea_trainer - Iteration 1, Batch 284/600
2020-05-01 20:09:20,488 INFO - training.ea.ea_trainer - Iteration 1, Batch 285/600
2020-05-01 20:09:20,569 INFO - training.ea.ea_trainer - Iteration 1, Batch 286/600
2020-05-01 20:09:20,639 INFO - training.ea.ea_trainer - Iteration 1, Batch 287/600
2020-05-01 20:09:20,755 INFO - training.ea.ea_trainer - Iteration 1, Batch 288/600
2020-05-01 20:09:20,835 INFO - training.ea.ea_trainer - Iteration 1, Batch 289/600
2020-05-01 20:09:20,957 INFO - training.ea.ea_trainer - Iteration 1, Batch 290/600
2020-05-01 20:09:21,023 INFO - training.ea.ea_trainer - Iteration 1, Batch 291/600
2020-05-01 20:09:21,192 INFO - training.ea.ea_trainer - Iteration 1, Batch 292/600
2020-05-01 20:09:21,259 INFO - training.ea.ea_trainer - Iteration 1, Batch 293/600
2020-05-01 20:09:21,377 INFO - training.ea.ea_trainer - Iteration 1, Batch 294/600
2020-05-01 20:09:21,458 INFO - training.ea.ea_trainer - Iteration 1, Batch 295/600
2020-05-01 20:09:21,594 INFO - training.ea.ea_trainer - Iteration 1, Batch 296/600
2020-05-01 20:09:21,644 INFO - training.ea.ea_trainer - Iteration 1, Batch 297/600
2020-05-01 20:09:21,770 INFO - training.ea.ea_trainer - Iteration 1, Batch 298/600
2020-05-01 20:09:21,835 INFO - training.ea.ea_trainer - Iteration 1, Batch 299/600
2020-05-01 20:09:21,963 INFO - training.ea.ea_trainer - Iteration 1, Batch 300/600
2020-05-01 20:09:22,045 INFO - training.ea.ea_trainer - Iteration 1, Batch 301/600
2020-05-01 20:09:22,130 INFO - training.ea.ea_trainer - Iteration 1, Batch 302/600
2020-05-01 20:09:22,209 INFO - training.ea.ea_trainer - Iteration 1, Batch 303/600
2020-05-01 20:09:22,362 INFO - training.ea.ea_trainer - Iteration 1, Batch 304/600
2020-05-01 20:09:22,436 INFO - training.ea.ea_trainer - Iteration 1, Batch 305/600
2020-05-01 20:09:22,540 INFO - training.ea.ea_trainer - Iteration 1, Batch 306/600
2020-05-01 20:09:22,599 INFO - training.ea.ea_trainer - Iteration 1, Batch 307/600
2020-05-01 20:09:22,691 INFO - training.ea.ea_trainer - Iteration 1, Batch 308/600
2020-05-01 20:09:22,755 INFO - training.ea.ea_trainer - Iteration 1, Batch 309/600
2020-05-01 20:09:22,872 INFO - training.ea.ea_trainer - Iteration 1, Batch 310/600
2020-05-01 20:09:22,949 INFO - training.ea.ea_trainer - Iteration 1, Batch 311/600
2020-05-01 20:09:23,069 INFO - training.ea.ea_trainer - Iteration 1, Batch 312/600
2020-05-01 20:09:23,127 INFO - training.ea.ea_trainer - Iteration 1, Batch 313/600
2020-05-01 20:09:23,238 INFO - training.ea.ea_trainer - Iteration 1, Batch 314/600
2020-05-01 20:09:23,317 INFO - training.ea.ea_trainer - Iteration 1, Batch 315/600
2020-05-01 20:09:23,392 INFO - training.ea.ea_trainer - Iteration 1, Batch 316/600
2020-05-01 20:09:23,452 INFO - training.ea.ea_trainer - Iteration 1, Batch 317/600
2020-05-01 20:09:23,567 INFO - training.ea.ea_trainer - Iteration 1, Batch 318/600
2020-05-01 20:09:23,627 INFO - training.ea.ea_trainer - Iteration 1, Batch 319/600
2020-05-01 20:09:23,747 INFO - training.ea.ea_trainer - Iteration 1, Batch 320/600
2020-05-01 20:09:23,811 INFO - training.ea.ea_trainer - Iteration 1, Batch 321/600
2020-05-01 20:09:23,914 INFO - training.ea.ea_trainer - Iteration 1, Batch 322/600
2020-05-01 20:09:23,971 INFO - training.ea.ea_trainer - Iteration 1, Batch 323/600
2020-05-01 20:09:24,083 INFO - training.ea.ea_trainer - Iteration 1, Batch 324/600
2020-05-01 20:09:24,127 INFO - training.ea.ea_trainer - Iteration 1, Batch 325/600
2020-05-01 20:09:24,250 INFO - training.ea.ea_trainer - Iteration 1, Batch 326/600
2020-05-01 20:09:24,319 INFO - training.ea.ea_trainer - Iteration 1, Batch 327/600
2020-05-01 20:09:24,412 INFO - training.ea.ea_trainer - Iteration 1, Batch 328/600
2020-05-01 20:09:24,480 INFO - training.ea.ea_trainer - Iteration 1, Batch 329/600
2020-05-01 20:09:24,577 INFO - training.ea.ea_trainer - Iteration 1, Batch 330/600
2020-05-01 20:09:24,621 INFO - training.ea.ea_trainer - Iteration 1, Batch 331/600
2020-05-01 20:09:24,734 INFO - training.ea.ea_trainer - Iteration 1, Batch 332/600
2020-05-01 20:09:24,795 INFO - training.ea.ea_trainer - Iteration 1, Batch 333/600
2020-05-01 20:09:24,850 INFO - training.ea.ea_trainer - Iteration 1, Batch 334/600
2020-05-01 20:09:24,903 INFO - training.ea.ea_trainer - Iteration 1, Batch 335/600
2020-05-01 20:09:25,016 INFO - training.ea.ea_trainer - Iteration 1, Batch 336/600
2020-05-01 20:09:25,069 INFO - training.ea.ea_trainer - Iteration 1, Batch 337/600
2020-05-01 20:09:25,221 INFO - training.ea.ea_trainer - Iteration 1, Batch 338/600
2020-05-01 20:09:25,271 INFO - training.ea.ea_trainer - Iteration 1, Batch 339/600
2020-05-01 20:09:25,387 INFO - training.ea.ea_trainer - Iteration 1, Batch 340/600
2020-05-01 20:09:25,435 INFO - training.ea.ea_trainer - Iteration 1, Batch 341/600
2020-05-01 20:09:25,580 INFO - training.ea.ea_trainer - Iteration 1, Batch 342/600
2020-05-01 20:09:25,644 INFO - training.ea.ea_trainer - Iteration 1, Batch 343/600
2020-05-01 20:09:25,756 INFO - training.ea.ea_trainer - Iteration 1, Batch 344/600
2020-05-01 20:09:25,807 INFO - training.ea.ea_trainer - Iteration 1, Batch 345/600
2020-05-01 20:09:25,921 INFO - training.ea.ea_trainer - Iteration 1, Batch 346/600
2020-05-01 20:09:25,981 INFO - training.ea.ea_trainer - Iteration 1, Batch 347/600
2020-05-01 20:09:26,106 INFO - training.ea.ea_trainer - Iteration 1, Batch 348/600
2020-05-01 20:09:26,162 INFO - training.ea.ea_trainer - Iteration 1, Batch 349/600
2020-05-01 20:09:26,328 INFO - training.ea.ea_trainer - Iteration 1, Batch 350/600
2020-05-01 20:09:26,386 INFO - training.ea.ea_trainer - Iteration 1, Batch 351/600
2020-05-01 20:09:26,489 INFO - training.ea.ea_trainer - Iteration 1, Batch 352/600
2020-05-01 20:09:26,557 INFO - training.ea.ea_trainer - Iteration 1, Batch 353/600
2020-05-01 20:09:26,690 INFO - training.ea.ea_trainer - Iteration 1, Batch 354/600
2020-05-01 20:09:26,755 INFO - training.ea.ea_trainer - Iteration 1, Batch 355/600
2020-05-01 20:09:26,854 INFO - training.ea.ea_trainer - Iteration 1, Batch 356/600
2020-05-01 20:09:26,883 INFO - training.ea.ea_trainer - Iteration 1, Batch 357/600
2020-05-01 20:09:27,027 INFO - training.ea.ea_trainer - Iteration 1, Batch 358/600
2020-05-01 20:09:27,088 INFO - training.ea.ea_trainer - Iteration 1, Batch 359/600
2020-05-01 20:09:27,214 INFO - training.ea.ea_trainer - Iteration 1, Batch 360/600
2020-05-01 20:09:27,266 INFO - training.ea.ea_trainer - Iteration 1, Batch 361/600
2020-05-01 20:09:27,380 INFO - training.ea.ea_trainer - Iteration 1, Batch 362/600
2020-05-01 20:09:27,441 INFO - training.ea.ea_trainer - Iteration 1, Batch 363/600
2020-05-01 20:09:27,536 INFO - training.ea.ea_trainer - Iteration 1, Batch 364/600
2020-05-01 20:09:27,603 INFO - training.ea.ea_trainer - Iteration 1, Batch 365/600
2020-05-01 20:09:27,777 INFO - training.ea.ea_trainer - Iteration 1, Batch 366/600
2020-05-01 20:09:27,868 INFO - training.ea.ea_trainer - Iteration 1, Batch 367/600
2020-05-01 20:09:27,982 INFO - training.ea.ea_trainer - Iteration 1, Batch 368/600
2020-05-01 20:09:28,031 INFO - training.ea.ea_trainer - Iteration 1, Batch 369/600
2020-05-01 20:09:28,141 INFO - training.ea.ea_trainer - Iteration 1, Batch 370/600
2020-05-01 20:09:28,226 INFO - training.ea.ea_trainer - Iteration 1, Batch 371/600
2020-05-01 20:09:28,311 INFO - training.ea.ea_trainer - Iteration 1, Batch 372/600
2020-05-01 20:09:28,370 INFO - training.ea.ea_trainer - Iteration 1, Batch 373/600
2020-05-01 20:09:28,515 INFO - training.ea.ea_trainer - Iteration 1, Batch 374/600
2020-05-01 20:09:28,554 INFO - training.ea.ea_trainer - Iteration 1, Batch 375/600
2020-05-01 20:09:28,642 INFO - training.ea.ea_trainer - Iteration 1, Batch 376/600
2020-05-01 20:09:28,691 INFO - training.ea.ea_trainer - Iteration 1, Batch 377/600
2020-05-01 20:09:28,801 INFO - training.ea.ea_trainer - Iteration 1, Batch 378/600
2020-05-01 20:09:28,847 INFO - training.ea.ea_trainer - Iteration 1, Batch 379/600
2020-05-01 20:09:28,991 INFO - training.ea.ea_trainer - Iteration 1, Batch 380/600
2020-05-01 20:09:29,058 INFO - training.ea.ea_trainer - Iteration 1, Batch 381/600
2020-05-01 20:09:29,201 INFO - training.ea.ea_trainer - Iteration 1, Batch 382/600
2020-05-01 20:09:29,300 INFO - training.ea.ea_trainer - Iteration 1, Batch 383/600
2020-05-01 20:09:29,436 INFO - training.ea.ea_trainer - Iteration 1, Batch 384/600
2020-05-01 20:09:29,507 INFO - training.ea.ea_trainer - Iteration 1, Batch 385/600
2020-05-01 20:09:29,633 INFO - training.ea.ea_trainer - Iteration 1, Batch 386/600
2020-05-01 20:09:29,696 INFO - training.ea.ea_trainer - Iteration 1, Batch 387/600
2020-05-01 20:09:29,822 INFO - training.ea.ea_trainer - Iteration 1, Batch 388/600
2020-05-01 20:09:29,880 INFO - training.ea.ea_trainer - Iteration 1, Batch 389/600
2020-05-01 20:09:29,957 INFO - training.ea.ea_trainer - Iteration 1, Batch 390/600
2020-05-01 20:09:30,036 INFO - training.ea.ea_trainer - Iteration 1, Batch 391/600
2020-05-01 20:09:30,136 INFO - training.ea.ea_trainer - Iteration 1, Batch 392/600
2020-05-01 20:09:30,185 INFO - training.ea.ea_trainer - Iteration 1, Batch 393/600
2020-05-01 20:09:30,311 INFO - training.ea.ea_trainer - Iteration 1, Batch 394/600
2020-05-01 20:09:30,359 INFO - training.ea.ea_trainer - Iteration 1, Batch 395/600
2020-05-01 20:09:30,541 INFO - training.ea.ea_trainer - Iteration 1, Batch 396/600
2020-05-01 20:09:30,602 INFO - training.ea.ea_trainer - Iteration 1, Batch 397/600
2020-05-01 20:09:30,743 INFO - training.ea.ea_trainer - Iteration 1, Batch 398/600
2020-05-01 20:09:30,789 INFO - training.ea.ea_trainer - Iteration 1, Batch 399/600
2020-05-01 20:09:30,896 INFO - training.ea.ea_trainer - Iteration 1, Batch 400/600
2020-05-01 20:09:30,955 INFO - training.ea.ea_trainer - Iteration 1, Batch 401/600
2020-05-01 20:09:31,109 INFO - training.ea.ea_trainer - Iteration 1, Batch 402/600
2020-05-01 20:09:31,155 INFO - training.ea.ea_trainer - Iteration 1, Batch 403/600
2020-05-01 20:09:31,268 INFO - training.ea.ea_trainer - Iteration 1, Batch 404/600
2020-05-01 20:09:31,333 INFO - training.ea.ea_trainer - Iteration 1, Batch 405/600
2020-05-01 20:09:31,462 INFO - training.ea.ea_trainer - Iteration 1, Batch 406/600
2020-05-01 20:09:31,501 INFO - training.ea.ea_trainer - Iteration 1, Batch 407/600
2020-05-01 20:09:31,623 INFO - training.ea.ea_trainer - Iteration 1, Batch 408/600
2020-05-01 20:09:31,694 INFO - training.ea.ea_trainer - Iteration 1, Batch 409/600
2020-05-01 20:09:31,785 INFO - training.ea.ea_trainer - Iteration 1, Batch 410/600
2020-05-01 20:09:31,867 INFO - training.ea.ea_trainer - Iteration 1, Batch 411/600
2020-05-01 20:09:31,945 INFO - training.ea.ea_trainer - Iteration 1, Batch 412/600
2020-05-01 20:09:32,031 INFO - training.ea.ea_trainer - Iteration 1, Batch 413/600
2020-05-01 20:09:32,172 INFO - training.ea.ea_trainer - Iteration 1, Batch 414/600
2020-05-01 20:09:32,227 INFO - training.ea.ea_trainer - Iteration 1, Batch 415/600
2020-05-01 20:09:32,384 INFO - training.ea.ea_trainer - Iteration 1, Batch 416/600
2020-05-01 20:09:32,436 INFO - training.ea.ea_trainer - Iteration 1, Batch 417/600
2020-05-01 20:09:32,553 INFO - training.ea.ea_trainer - Iteration 1, Batch 418/600
2020-05-01 20:09:32,600 INFO - training.ea.ea_trainer - Iteration 1, Batch 419/600
2020-05-01 20:09:32,743 INFO - training.ea.ea_trainer - Iteration 1, Batch 420/600
2020-05-01 20:09:32,793 INFO - training.ea.ea_trainer - Iteration 1, Batch 421/600
2020-05-01 20:09:32,904 INFO - training.ea.ea_trainer - Iteration 1, Batch 422/600
2020-05-01 20:09:32,954 INFO - training.ea.ea_trainer - Iteration 1, Batch 423/600
2020-05-01 20:09:33,048 INFO - training.ea.ea_trainer - Iteration 1, Batch 424/600
2020-05-01 20:09:33,104 INFO - training.ea.ea_trainer - Iteration 1, Batch 425/600
2020-05-01 20:09:33,239 INFO - training.ea.ea_trainer - Iteration 1, Batch 426/600
2020-05-01 20:09:33,285 INFO - training.ea.ea_trainer - Iteration 1, Batch 427/600
2020-05-01 20:09:33,445 INFO - training.ea.ea_trainer - Iteration 1, Batch 428/600
2020-05-01 20:09:33,504 INFO - training.ea.ea_trainer - Iteration 1, Batch 429/600
2020-05-01 20:09:33,605 INFO - training.ea.ea_trainer - Iteration 1, Batch 430/600
2020-05-01 20:09:33,688 INFO - training.ea.ea_trainer - Iteration 1, Batch 431/600
2020-05-01 20:09:33,807 INFO - training.ea.ea_trainer - Iteration 1, Batch 432/600
2020-05-01 20:09:33,877 INFO - training.ea.ea_trainer - Iteration 1, Batch 433/600
2020-05-01 20:09:33,986 INFO - training.ea.ea_trainer - Iteration 1, Batch 434/600
2020-05-01 20:09:34,052 INFO - training.ea.ea_trainer - Iteration 1, Batch 435/600
2020-05-01 20:09:34,145 INFO - training.ea.ea_trainer - Iteration 1, Batch 436/600
2020-05-01 20:09:34,221 INFO - training.ea.ea_trainer - Iteration 1, Batch 437/600
2020-05-01 20:09:34,351 INFO - training.ea.ea_trainer - Iteration 1, Batch 438/600
2020-05-01 20:09:34,412 INFO - training.ea.ea_trainer - Iteration 1, Batch 439/600
2020-05-01 20:09:34,543 INFO - training.ea.ea_trainer - Iteration 1, Batch 440/600
2020-05-01 20:09:34,582 INFO - training.ea.ea_trainer - Iteration 1, Batch 441/600
2020-05-01 20:09:34,682 INFO - training.ea.ea_trainer - Iteration 1, Batch 442/600
2020-05-01 20:09:34,748 INFO - training.ea.ea_trainer - Iteration 1, Batch 443/600
2020-05-01 20:09:34,882 INFO - training.ea.ea_trainer - Iteration 1, Batch 444/600
2020-05-01 20:09:34,942 INFO - training.ea.ea_trainer - Iteration 1, Batch 445/600
2020-05-01 20:09:35,028 INFO - training.ea.ea_trainer - Iteration 1, Batch 446/600
2020-05-01 20:09:35,078 INFO - training.ea.ea_trainer - Iteration 1, Batch 447/600
2020-05-01 20:09:35,189 INFO - training.ea.ea_trainer - Iteration 1, Batch 448/600
2020-05-01 20:09:35,275 INFO - training.ea.ea_trainer - Iteration 1, Batch 449/600
2020-05-01 20:09:35,429 INFO - training.ea.ea_trainer - Iteration 1, Batch 450/600
2020-05-01 20:09:35,506 INFO - training.ea.ea_trainer - Iteration 1, Batch 451/600
2020-05-01 20:09:35,592 INFO - training.ea.ea_trainer - Iteration 1, Batch 452/600
2020-05-01 20:09:35,687 INFO - training.ea.ea_trainer - Iteration 1, Batch 453/600
2020-05-01 20:09:35,811 INFO - training.ea.ea_trainer - Iteration 1, Batch 454/600
2020-05-01 20:09:35,892 INFO - training.ea.ea_trainer - Iteration 1, Batch 455/600
2020-05-01 20:09:36,075 INFO - training.ea.ea_trainer - Iteration 1, Batch 456/600
2020-05-01 20:09:36,126 INFO - training.ea.ea_trainer - Iteration 1, Batch 457/600
2020-05-01 20:09:36,239 INFO - training.ea.ea_trainer - Iteration 1, Batch 458/600
2020-05-01 20:09:36,286 INFO - training.ea.ea_trainer - Iteration 1, Batch 459/600
2020-05-01 20:09:36,402 INFO - training.ea.ea_trainer - Iteration 1, Batch 460/600
2020-05-01 20:09:36,448 INFO - training.ea.ea_trainer - Iteration 1, Batch 461/600
2020-05-01 20:09:36,541 INFO - training.ea.ea_trainer - Iteration 1, Batch 462/600
2020-05-01 20:09:36,588 INFO - training.ea.ea_trainer - Iteration 1, Batch 463/600
2020-05-01 20:09:36,742 INFO - training.ea.ea_trainer - Iteration 1, Batch 464/600
2020-05-01 20:09:36,794 INFO - training.ea.ea_trainer - Iteration 1, Batch 465/600
2020-05-01 20:09:36,867 INFO - training.ea.ea_trainer - Iteration 1, Batch 466/600
2020-05-01 20:09:36,918 INFO - training.ea.ea_trainer - Iteration 1, Batch 467/600
2020-05-01 20:09:37,076 INFO - training.ea.ea_trainer - Iteration 1, Batch 468/600
2020-05-01 20:09:37,153 INFO - training.ea.ea_trainer - Iteration 1, Batch 469/600
2020-05-01 20:09:37,287 INFO - training.ea.ea_trainer - Iteration 1, Batch 470/600
2020-05-01 20:09:37,330 INFO - training.ea.ea_trainer - Iteration 1, Batch 471/600
2020-05-01 20:09:37,431 INFO - training.ea.ea_trainer - Iteration 1, Batch 472/600
2020-05-01 20:09:37,508 INFO - training.ea.ea_trainer - Iteration 1, Batch 473/600
2020-05-01 20:09:37,660 INFO - training.ea.ea_trainer - Iteration 1, Batch 474/600
2020-05-01 20:09:37,698 INFO - training.ea.ea_trainer - Iteration 1, Batch 475/600
2020-05-01 20:09:37,801 INFO - training.ea.ea_trainer - Iteration 1, Batch 476/600
2020-05-01 20:09:37,858 INFO - training.ea.ea_trainer - Iteration 1, Batch 477/600
2020-05-01 20:09:37,986 INFO - training.ea.ea_trainer - Iteration 1, Batch 478/600
2020-05-01 20:09:38,054 INFO - training.ea.ea_trainer - Iteration 1, Batch 479/600
2020-05-01 20:09:38,159 INFO - training.ea.ea_trainer - Iteration 1, Batch 480/600
2020-05-01 20:09:38,205 INFO - training.ea.ea_trainer - Iteration 1, Batch 481/600
2020-05-01 20:09:38,326 INFO - training.ea.ea_trainer - Iteration 1, Batch 482/600
2020-05-01 20:09:38,400 INFO - training.ea.ea_trainer - Iteration 1, Batch 483/600
2020-05-01 20:09:38,535 INFO - training.ea.ea_trainer - Iteration 1, Batch 484/600
2020-05-01 20:09:38,580 INFO - training.ea.ea_trainer - Iteration 1, Batch 485/600
2020-05-01 20:09:38,682 INFO - training.ea.ea_trainer - Iteration 1, Batch 486/600
2020-05-01 20:09:38,761 INFO - training.ea.ea_trainer - Iteration 1, Batch 487/600
2020-05-01 20:09:38,880 INFO - training.ea.ea_trainer - Iteration 1, Batch 488/600
2020-05-01 20:09:38,950 INFO - training.ea.ea_trainer - Iteration 1, Batch 489/600
2020-05-01 20:09:39,031 INFO - training.ea.ea_trainer - Iteration 1, Batch 490/600
2020-05-01 20:09:39,091 INFO - training.ea.ea_trainer - Iteration 1, Batch 491/600
2020-05-01 20:09:39,209 INFO - training.ea.ea_trainer - Iteration 1, Batch 492/600
2020-05-01 20:09:39,270 INFO - training.ea.ea_trainer - Iteration 1, Batch 493/600
2020-05-01 20:09:39,415 INFO - training.ea.ea_trainer - Iteration 1, Batch 494/600
2020-05-01 20:09:39,489 INFO - training.ea.ea_trainer - Iteration 1, Batch 495/600
2020-05-01 20:09:39,619 INFO - training.ea.ea_trainer - Iteration 1, Batch 496/600
2020-05-01 20:09:39,731 INFO - training.ea.ea_trainer - Iteration 1, Batch 497/600
2020-05-01 20:09:39,855 INFO - training.ea.ea_trainer - Iteration 1, Batch 498/600
2020-05-01 20:09:39,917 INFO - training.ea.ea_trainer - Iteration 1, Batch 499/600
2020-05-01 20:09:40,095 INFO - training.ea.ea_trainer - Iteration 1, Batch 500/600
2020-05-01 20:09:40,152 INFO - training.ea.ea_trainer - Iteration 1, Batch 501/600
2020-05-01 20:09:40,299 INFO - training.ea.ea_trainer - Iteration 1, Batch 502/600
2020-05-01 20:09:40,375 INFO - training.ea.ea_trainer - Iteration 1, Batch 503/600
2020-05-01 20:09:40,516 INFO - training.ea.ea_trainer - Iteration 1, Batch 504/600
2020-05-01 20:09:40,573 INFO - training.ea.ea_trainer - Iteration 1, Batch 505/600
2020-05-01 20:09:40,695 INFO - training.ea.ea_trainer - Iteration 1, Batch 506/600
2020-05-01 20:09:40,774 INFO - training.ea.ea_trainer - Iteration 1, Batch 507/600
2020-05-01 20:09:40,876 INFO - training.ea.ea_trainer - Iteration 1, Batch 508/600
2020-05-01 20:09:40,938 INFO - training.ea.ea_trainer - Iteration 1, Batch 509/600
2020-05-01 20:09:41,065 INFO - training.ea.ea_trainer - Iteration 1, Batch 510/600
2020-05-01 20:09:41,138 INFO - training.ea.ea_trainer - Iteration 1, Batch 511/600
2020-05-01 20:09:41,236 INFO - training.ea.ea_trainer - Iteration 1, Batch 512/600
2020-05-01 20:09:41,281 INFO - training.ea.ea_trainer - Iteration 1, Batch 513/600
2020-05-01 20:09:41,411 INFO - training.ea.ea_trainer - Iteration 1, Batch 514/600
2020-05-01 20:09:41,509 INFO - training.ea.ea_trainer - Iteration 1, Batch 515/600
2020-05-01 20:09:41,676 INFO - training.ea.ea_trainer - Iteration 1, Batch 516/600
2020-05-01 20:09:41,750 INFO - training.ea.ea_trainer - Iteration 1, Batch 517/600
2020-05-01 20:09:41,852 INFO - training.ea.ea_trainer - Iteration 1, Batch 518/600
2020-05-01 20:09:41,941 INFO - training.ea.ea_trainer - Iteration 1, Batch 519/600
2020-05-01 20:09:42,062 INFO - training.ea.ea_trainer - Iteration 1, Batch 520/600
2020-05-01 20:09:42,152 INFO - training.ea.ea_trainer - Iteration 1, Batch 521/600
2020-05-01 20:09:42,285 INFO - training.ea.ea_trainer - Iteration 1, Batch 522/600
2020-05-01 20:09:42,348 INFO - training.ea.ea_trainer - Iteration 1, Batch 523/600
2020-05-01 20:09:42,458 INFO - training.ea.ea_trainer - Iteration 1, Batch 524/600
2020-05-01 20:09:42,506 INFO - training.ea.ea_trainer - Iteration 1, Batch 525/600
2020-05-01 20:09:42,626 INFO - training.ea.ea_trainer - Iteration 1, Batch 526/600
2020-05-01 20:09:42,678 INFO - training.ea.ea_trainer - Iteration 1, Batch 527/600
2020-05-01 20:09:42,800 INFO - training.ea.ea_trainer - Iteration 1, Batch 528/600
2020-05-01 20:09:42,891 INFO - training.ea.ea_trainer - Iteration 1, Batch 529/600
2020-05-01 20:09:43,017 INFO - training.ea.ea_trainer - Iteration 1, Batch 530/600
2020-05-01 20:09:43,078 INFO - training.ea.ea_trainer - Iteration 1, Batch 531/600
2020-05-01 20:09:43,173 INFO - training.ea.ea_trainer - Iteration 1, Batch 532/600
2020-05-01 20:09:43,281 INFO - training.ea.ea_trainer - Iteration 1, Batch 533/600
2020-05-01 20:09:43,398 INFO - training.ea.ea_trainer - Iteration 1, Batch 534/600
2020-05-01 20:09:43,448 INFO - training.ea.ea_trainer - Iteration 1, Batch 535/600
2020-05-01 20:09:43,603 INFO - training.ea.ea_trainer - Iteration 1, Batch 536/600
2020-05-01 20:09:43,678 INFO - training.ea.ea_trainer - Iteration 1, Batch 537/600
2020-05-01 20:09:43,816 INFO - training.ea.ea_trainer - Iteration 1, Batch 538/600
2020-05-01 20:09:43,888 INFO - training.ea.ea_trainer - Iteration 1, Batch 539/600
2020-05-01 20:09:43,987 INFO - training.ea.ea_trainer - Iteration 1, Batch 540/600
2020-05-01 20:09:44,061 INFO - training.ea.ea_trainer - Iteration 1, Batch 541/600
2020-05-01 20:09:44,168 INFO - training.ea.ea_trainer - Iteration 1, Batch 542/600
2020-05-01 20:09:44,231 INFO - training.ea.ea_trainer - Iteration 1, Batch 543/600
2020-05-01 20:09:44,395 INFO - training.ea.ea_trainer - Iteration 1, Batch 544/600
2020-05-01 20:09:44,464 INFO - training.ea.ea_trainer - Iteration 1, Batch 545/600
2020-05-01 20:09:44,573 INFO - training.ea.ea_trainer - Iteration 1, Batch 546/600
2020-05-01 20:09:44,622 INFO - training.ea.ea_trainer - Iteration 1, Batch 547/600
2020-05-01 20:09:44,733 INFO - training.ea.ea_trainer - Iteration 1, Batch 548/600
2020-05-01 20:09:44,787 INFO - training.ea.ea_trainer - Iteration 1, Batch 549/600
2020-05-01 20:09:44,924 INFO - training.ea.ea_trainer - Iteration 1, Batch 550/600
2020-05-01 20:09:44,991 INFO - training.ea.ea_trainer - Iteration 1, Batch 551/600
2020-05-01 20:09:45,092 INFO - training.ea.ea_trainer - Iteration 1, Batch 552/600
2020-05-01 20:09:45,124 INFO - training.ea.ea_trainer - Iteration 1, Batch 553/600
2020-05-01 20:09:45,272 INFO - training.ea.ea_trainer - Iteration 1, Batch 554/600
2020-05-01 20:09:45,296 INFO - training.ea.ea_trainer - Iteration 1, Batch 555/600
2020-05-01 20:09:45,421 INFO - training.ea.ea_trainer - Iteration 1, Batch 556/600
2020-05-01 20:09:45,523 INFO - training.ea.ea_trainer - Iteration 1, Batch 557/600
2020-05-01 20:09:45,669 INFO - training.ea.ea_trainer - Iteration 1, Batch 558/600
2020-05-01 20:09:45,705 INFO - training.ea.ea_trainer - Iteration 1, Batch 559/600
2020-05-01 20:09:45,863 INFO - training.ea.ea_trainer - Iteration 1, Batch 560/600
2020-05-01 20:09:45,922 INFO - training.ea.ea_trainer - Iteration 1, Batch 561/600
2020-05-01 20:09:46,070 INFO - training.ea.ea_trainer - Iteration 1, Batch 562/600
2020-05-01 20:09:46,171 INFO - training.ea.ea_trainer - Iteration 1, Batch 563/600
2020-05-01 20:09:46,284 INFO - training.ea.ea_trainer - Iteration 1, Batch 564/600
2020-05-01 20:09:46,342 INFO - training.ea.ea_trainer - Iteration 1, Batch 565/600
2020-05-01 20:09:46,480 INFO - training.ea.ea_trainer - Iteration 1, Batch 566/600
2020-05-01 20:09:46,540 INFO - training.ea.ea_trainer - Iteration 1, Batch 567/600
2020-05-01 20:09:46,647 INFO - training.ea.ea_trainer - Iteration 1, Batch 568/600
2020-05-01 20:09:46,689 INFO - training.ea.ea_trainer - Iteration 1, Batch 569/600
2020-05-01 20:09:46,800 INFO - training.ea.ea_trainer - Iteration 1, Batch 570/600
2020-05-01 20:09:46,880 INFO - training.ea.ea_trainer - Iteration 1, Batch 571/600
2020-05-01 20:09:46,997 INFO - training.ea.ea_trainer - Iteration 1, Batch 572/600
2020-05-01 20:09:47,091 INFO - training.ea.ea_trainer - Iteration 1, Batch 573/600
2020-05-01 20:09:47,213 INFO - training.ea.ea_trainer - Iteration 1, Batch 574/600
2020-05-01 20:09:47,295 INFO - training.ea.ea_trainer - Iteration 1, Batch 575/600
2020-05-01 20:09:47,447 INFO - training.ea.ea_trainer - Iteration 1, Batch 576/600
2020-05-01 20:09:47,497 INFO - training.ea.ea_trainer - Iteration 1, Batch 577/600
2020-05-01 20:09:47,608 INFO - training.ea.ea_trainer - Iteration 1, Batch 578/600
2020-05-01 20:09:47,699 INFO - training.ea.ea_trainer - Iteration 1, Batch 579/600
2020-05-01 20:09:47,836 INFO - training.ea.ea_trainer - Iteration 1, Batch 580/600
2020-05-01 20:09:47,908 INFO - training.ea.ea_trainer - Iteration 1, Batch 581/600
2020-05-01 20:09:47,981 INFO - training.ea.ea_trainer - Iteration 1, Batch 582/600
2020-05-01 20:09:48,041 INFO - training.ea.ea_trainer - Iteration 1, Batch 583/600
2020-05-01 20:09:48,145 INFO - training.ea.ea_trainer - Iteration 1, Batch 584/600
2020-05-01 20:09:48,200 INFO - training.ea.ea_trainer - Iteration 1, Batch 585/600
2020-05-01 20:09:48,317 INFO - training.ea.ea_trainer - Iteration 1, Batch 586/600
2020-05-01 20:09:48,357 INFO - training.ea.ea_trainer - Iteration 1, Batch 587/600
2020-05-01 20:09:48,453 INFO - training.ea.ea_trainer - Iteration 1, Batch 588/600
2020-05-01 20:09:48,512 INFO - training.ea.ea_trainer - Iteration 1, Batch 589/600
2020-05-01 20:09:48,613 INFO - training.ea.ea_trainer - Iteration 1, Batch 590/600
2020-05-01 20:09:48,664 INFO - training.ea.ea_trainer - Iteration 1, Batch 591/600
2020-05-01 20:09:48,749 INFO - training.ea.ea_trainer - Iteration 1, Batch 592/600
2020-05-01 20:09:48,796 INFO - training.ea.ea_trainer - Iteration 1, Batch 593/600
2020-05-01 20:09:48,904 INFO - training.ea.ea_trainer - Iteration 1, Batch 594/600
2020-05-01 20:09:48,938 INFO - training.ea.ea_trainer - Iteration 1, Batch 595/600
2020-05-01 20:09:49,129 INFO - training.ea.ea_trainer - Iteration 1, Batch 596/600
2020-05-01 20:09:49,268 INFO - training.ea.ea_trainer - Iteration 1, Batch 597/600
2020-05-01 20:09:49,354 INFO - training.ea.ea_trainer - Iteration 1, Batch 598/600
2020-05-01 20:09:49,381 INFO - training.ea.ea_trainer - Iteration 1, Batch 599/600
2020-05-01 20:09:49,686 INFO - requests.packages.urllib3.connectionpool - Starting new HTTP connection (1): 127.0.0.1
2020-05-01 20:09:49,687 INFO - requests.packages.urllib3.connectionpool - Starting new HTTP connection (1): 127.0.0.1
2020-05-01 20:09:49,898 INFO - distribution.node_client - Loading parameters from endpoint http://127.0.0.1:5003/parameters/generators/best took 0.21307802200317383 seconds
2020-05-01 20:09:49,933 INFO - distribution.node_client - Loading parameters from endpoint http://127.0.0.1:5000/parameters/generators/best took 0.24942708015441895 seconds
2020-05-01 20:09:50,024 INFO - training.ea.ea_trainer - Calculating FID/inception score.
2020-05-01 20:09:50,027 CRITICAL - distribution.client_api - An unhandled error occured while running Lipizzaner: 
Found no NVIDIA driver on your system. Please check that you
have an NVIDIA GPU and installed a driver from
http://www.nvidia.com/Download/index.aspx
2020-05-01 20:09:50,028 INFO - distribution.client_api - Finished experiment, waiting for new requests.
2020-05-01 20:09:52,240 WARNING - distribution.client_api - Received stop signal from master, but no experiment is running.
