2020-05-01 20:08:51,114 INFO - distribution.client_api - Distributed training recognized, set log directory to ./output/lipizzaner_gan/distributed/mnist/2020-05-01_20-08-51/2428
2020-05-01 20:08:51,415 INFO - lipizzaner - Parameters: {'trainer': {'calculate_net_weights_dist': True, 'params': {'tournament_size': 2, 'fitness': {'fitness_sample_size': 1000, 'fitness_mode': 'average'}, 'population_size': 1, 'mixture_sigma': 0.01, 'discriminator_skip_each_nth_step': 1, 'enable_selection': False, 'alpha': 0.0001, 'score': {'cuda': True, 'enabled': True, 'score_sample_size': 1000, 'type': 'fid'}, 'n_replacements': 1, 'default_adam_learning_rate': 0.0002, 'mutation_probability': 0.5}, 'n_iterations': 5, 'mixture_generator_samples_mode': 'exact_proportion', 'name': 'lipizzaner_gan'}, 'network': {'name': 'four_layer_perceptron', 'loss': 'bceloss'}, 'dataloader': {'n_batches': 0, 'dataset_name': 'mnist', 'batch_size': 100, 'shuffle': True, 'use_batch': True}, 'general': {'losswise': {'api_key': '3T1CKALG6', 'enabled': False}, 'num_workers': 4, 'distribution': {'client_nodes': [{'address': '127.0.0.1', 'port': 5000}, {'address': '127.0.0.1', 'port': 5001}, {'address': '127.0.0.1', 'port': 5002}, {'address': '127.0.0.1', 'port': 5003}], 'start_time': '2020-05-01_20-08-51', 'auto_discover': False, 'master_node': {'exit_clients_on_disconnect': True}}, 'seed': 1, 'logging': {'log_server': None, 'image_format': 'jpg', 'enabled': True, 'log_level': 'INFO', 'print_discriminator': False}, 'output_dir': './output'}, 'master': {'calculate_score': True, 'cuda': True, 'score_sample_size': 50000}}
2020-05-01 20:08:51,416 INFO - lipizzaner - CUDA is not supported on this device.
2020-05-01 20:08:51,418 INFO - lipizzaner - Seed used: 6015804
2020-05-01 20:08:51,418 INFO - lipizzaner - Starting training for 5 iterations/epochs.
2020-05-01 20:08:51,624 INFO - requests.packages.urllib3.connectionpool - Starting new HTTP connection (1): 127.0.0.1
2020-05-01 20:08:51,640 INFO - requests.packages.urllib3.connectionpool - Starting new HTTP connection (1): 127.0.0.1
2020-05-01 20:08:51,753 INFO - distribution.node_client - Loading parameters from endpoint http://127.0.0.1:5000/parameters/generators took 0.13763999938964844 seconds
2020-05-01 20:08:51,811 INFO - distribution.node_client - Loading parameters from endpoint http://127.0.0.1:5003/parameters/generators took 0.18122553825378418 seconds
2020-05-01 20:08:51,924 INFO - requests.packages.urllib3.connectionpool - Starting new HTTP connection (1): 127.0.0.1
2020-05-01 20:08:51,927 INFO - requests.packages.urllib3.connectionpool - Starting new HTTP connection (1): 127.0.0.1
2020-05-01 20:08:51,982 INFO - distribution.node_client - Loading parameters from endpoint http://127.0.0.1:5000/parameters/discriminators took 0.06084108352661133 seconds
2020-05-01 20:08:52,018 INFO - distribution.node_client - Loading parameters from endpoint http://127.0.0.1:5003/parameters/discriminators took 0.09258174896240234 seconds
2020-05-01 20:08:52,158 INFO - training.ea.ea_trainer - Generators in current neighborhood are ['Iteration0:127.0.0.1:5000:0/G0', 'Iteration0:127.0.0.1:5003:3/G0', 'Iteration0:127.0.0.1:5002:2/G0']
2020-05-01 20:08:52,158 INFO - training.ea.ea_trainer - Discriminators in current neighborhood are ['Iteration0:127.0.0.1:5000:0/D0', 'Iteration0:127.0.0.1:5003:3/D0', 'Iteration0:127.0.0.1:5002:2/D0']
2020-05-01 20:08:52,174 INFO - training.ea.ea_trainer - L2 distance between all generators weights: [('Iteration0:127.0.0.1:5000:0/G0', 'Iteration0:127.0.0.1:5003:3/G0', array(29.475496, dtype=float32)), ('Iteration0:127.0.0.1:5000:0/G0', 'Iteration0:127.0.0.1:5002:2/G0', array(29.512852, dtype=float32)), ('Iteration0:127.0.0.1:5003:3/G0', 'Iteration0:127.0.0.1:5002:2/G0', array(29.50634, dtype=float32))]
2020-05-01 20:08:52,193 INFO - training.ea.ea_trainer - L2 distance between all discriminators weights: [('Iteration0:127.0.0.1:5000:0/D0', 'Iteration0:127.0.0.1:5003:3/D0', array(18.500603, dtype=float32)), ('Iteration0:127.0.0.1:5000:0/D0', 'Iteration0:127.0.0.1:5002:2/D0', array(18.513565, dtype=float32)), ('Iteration0:127.0.0.1:5003:3/D0', 'Iteration0:127.0.0.1:5002:2/D0', array(18.521162, dtype=float32))]
2020-05-01 20:08:54,189 INFO - training.ea.ea_trainer - Iteration 1, Batch 0/600
2020-05-01 20:08:54,285 INFO - training.ea.ea_trainer - Iteration 1, Batch 1/600
2020-05-01 20:08:54,404 INFO - training.ea.ea_trainer - Iteration 1, Batch 2/600
2020-05-01 20:08:54,484 INFO - training.ea.ea_trainer - Iteration 1, Batch 3/600
2020-05-01 20:08:54,606 INFO - training.ea.ea_trainer - Iteration 1, Batch 4/600
2020-05-01 20:08:54,654 INFO - training.ea.ea_trainer - Iteration 1, Batch 5/600
2020-05-01 20:08:54,804 INFO - training.ea.ea_trainer - Iteration 1, Batch 6/600
2020-05-01 20:08:54,894 INFO - training.ea.ea_trainer - Iteration 1, Batch 7/600
2020-05-01 20:08:55,045 INFO - training.ea.ea_trainer - Iteration 1, Batch 8/600
2020-05-01 20:08:55,085 INFO - training.ea.ea_trainer - Iteration 1, Batch 9/600
2020-05-01 20:08:55,186 INFO - training.ea.ea_trainer - Iteration 1, Batch 10/600
2020-05-01 20:08:55,252 INFO - training.ea.ea_trainer - Iteration 1, Batch 11/600
2020-05-01 20:08:55,386 INFO - training.ea.ea_trainer - Iteration 1, Batch 12/600
2020-05-01 20:08:55,470 INFO - training.ea.ea_trainer - Iteration 1, Batch 13/600
2020-05-01 20:08:55,609 INFO - training.ea.ea_trainer - Iteration 1, Batch 14/600
2020-05-01 20:08:55,637 INFO - training.ea.ea_trainer - Iteration 1, Batch 15/600
2020-05-01 20:08:55,762 INFO - training.ea.ea_trainer - Iteration 1, Batch 16/600
2020-05-01 20:08:55,821 INFO - training.ea.ea_trainer - Iteration 1, Batch 17/600
2020-05-01 20:08:55,990 INFO - training.ea.ea_trainer - Iteration 1, Batch 18/600
2020-05-01 20:08:56,115 INFO - training.ea.ea_trainer - Iteration 1, Batch 19/600
2020-05-01 20:08:56,197 INFO - training.ea.ea_trainer - Iteration 1, Batch 20/600
2020-05-01 20:08:56,256 INFO - training.ea.ea_trainer - Iteration 1, Batch 21/600
2020-05-01 20:08:56,410 INFO - training.ea.ea_trainer - Iteration 1, Batch 22/600
2020-05-01 20:08:56,507 INFO - training.ea.ea_trainer - Iteration 1, Batch 23/600
2020-05-01 20:08:56,631 INFO - training.ea.ea_trainer - Iteration 1, Batch 24/600
2020-05-01 20:08:56,695 INFO - training.ea.ea_trainer - Iteration 1, Batch 25/600
2020-05-01 20:08:56,827 INFO - training.ea.ea_trainer - Iteration 1, Batch 26/600
2020-05-01 20:08:56,880 INFO - training.ea.ea_trainer - Iteration 1, Batch 27/600
2020-05-01 20:08:56,984 INFO - training.ea.ea_trainer - Iteration 1, Batch 28/600
2020-05-01 20:08:57,037 INFO - training.ea.ea_trainer - Iteration 1, Batch 29/600
2020-05-01 20:08:57,173 INFO - training.ea.ea_trainer - Iteration 1, Batch 30/600
2020-05-01 20:08:57,259 INFO - training.ea.ea_trainer - Iteration 1, Batch 31/600
2020-05-01 20:08:57,394 INFO - training.ea.ea_trainer - Iteration 1, Batch 32/600
2020-05-01 20:08:57,451 INFO - training.ea.ea_trainer - Iteration 1, Batch 33/600
2020-05-01 20:08:57,564 INFO - training.ea.ea_trainer - Iteration 1, Batch 34/600
2020-05-01 20:08:57,617 INFO - training.ea.ea_trainer - Iteration 1, Batch 35/600
2020-05-01 20:08:57,727 INFO - training.ea.ea_trainer - Iteration 1, Batch 36/600
2020-05-01 20:08:57,791 INFO - training.ea.ea_trainer - Iteration 1, Batch 37/600
2020-05-01 20:08:57,899 INFO - training.ea.ea_trainer - Iteration 1, Batch 38/600
2020-05-01 20:08:57,971 INFO - training.ea.ea_trainer - Iteration 1, Batch 39/600
2020-05-01 20:08:58,070 INFO - training.ea.ea_trainer - Iteration 1, Batch 40/600
2020-05-01 20:08:58,173 INFO - training.ea.ea_trainer - Iteration 1, Batch 41/600
2020-05-01 20:08:58,311 INFO - training.ea.ea_trainer - Iteration 1, Batch 42/600
2020-05-01 20:08:58,384 INFO - training.ea.ea_trainer - Iteration 1, Batch 43/600
2020-05-01 20:08:58,507 INFO - training.ea.ea_trainer - Iteration 1, Batch 44/600
2020-05-01 20:08:58,561 INFO - training.ea.ea_trainer - Iteration 1, Batch 45/600
2020-05-01 20:08:58,667 INFO - training.ea.ea_trainer - Iteration 1, Batch 46/600
2020-05-01 20:08:58,769 INFO - training.ea.ea_trainer - Iteration 1, Batch 47/600
2020-05-01 20:08:58,896 INFO - training.ea.ea_trainer - Iteration 1, Batch 48/600
2020-05-01 20:08:58,946 INFO - training.ea.ea_trainer - Iteration 1, Batch 49/600
2020-05-01 20:08:59,069 INFO - training.ea.ea_trainer - Iteration 1, Batch 50/600
2020-05-01 20:08:59,112 INFO - training.ea.ea_trainer - Iteration 1, Batch 51/600
2020-05-01 20:08:59,242 INFO - training.ea.ea_trainer - Iteration 1, Batch 52/600
2020-05-01 20:08:59,319 INFO - training.ea.ea_trainer - Iteration 1, Batch 53/600
2020-05-01 20:08:59,384 INFO - training.ea.ea_trainer - Iteration 1, Batch 54/600
2020-05-01 20:08:59,467 INFO - training.ea.ea_trainer - Iteration 1, Batch 55/600
2020-05-01 20:08:59,569 INFO - training.ea.ea_trainer - Iteration 1, Batch 56/600
2020-05-01 20:08:59,635 INFO - training.ea.ea_trainer - Iteration 1, Batch 57/600
2020-05-01 20:08:59,736 INFO - training.ea.ea_trainer - Iteration 1, Batch 58/600
2020-05-01 20:08:59,806 INFO - training.ea.ea_trainer - Iteration 1, Batch 59/600
2020-05-01 20:08:59,929 INFO - training.ea.ea_trainer - Iteration 1, Batch 60/600
2020-05-01 20:08:59,965 INFO - training.ea.ea_trainer - Iteration 1, Batch 61/600
2020-05-01 20:09:00,074 INFO - training.ea.ea_trainer - Iteration 1, Batch 62/600
2020-05-01 20:09:00,123 INFO - training.ea.ea_trainer - Iteration 1, Batch 63/600
2020-05-01 20:09:00,267 INFO - training.ea.ea_trainer - Iteration 1, Batch 64/600
2020-05-01 20:09:00,352 INFO - training.ea.ea_trainer - Iteration 1, Batch 65/600
2020-05-01 20:09:00,454 INFO - training.ea.ea_trainer - Iteration 1, Batch 66/600
2020-05-01 20:09:00,523 INFO - training.ea.ea_trainer - Iteration 1, Batch 67/600
2020-05-01 20:09:00,645 INFO - training.ea.ea_trainer - Iteration 1, Batch 68/600
2020-05-01 20:09:00,731 INFO - training.ea.ea_trainer - Iteration 1, Batch 69/600
2020-05-01 20:09:00,835 INFO - training.ea.ea_trainer - Iteration 1, Batch 70/600
2020-05-01 20:09:00,910 INFO - training.ea.ea_trainer - Iteration 1, Batch 71/600
2020-05-01 20:09:01,038 INFO - training.ea.ea_trainer - Iteration 1, Batch 72/600
2020-05-01 20:09:01,093 INFO - training.ea.ea_trainer - Iteration 1, Batch 73/600
2020-05-01 20:09:01,212 INFO - training.ea.ea_trainer - Iteration 1, Batch 74/600
2020-05-01 20:09:01,301 INFO - training.ea.ea_trainer - Iteration 1, Batch 75/600
2020-05-01 20:09:01,383 INFO - training.ea.ea_trainer - Iteration 1, Batch 76/600
2020-05-01 20:09:01,421 INFO - training.ea.ea_trainer - Iteration 1, Batch 77/600
2020-05-01 20:09:01,588 INFO - training.ea.ea_trainer - Iteration 1, Batch 78/600
2020-05-01 20:09:01,636 INFO - training.ea.ea_trainer - Iteration 1, Batch 79/600
2020-05-01 20:09:01,754 INFO - training.ea.ea_trainer - Iteration 1, Batch 80/600
2020-05-01 20:09:01,798 INFO - training.ea.ea_trainer - Iteration 1, Batch 81/600
2020-05-01 20:09:01,939 INFO - training.ea.ea_trainer - Iteration 1, Batch 82/600
2020-05-01 20:09:01,995 INFO - training.ea.ea_trainer - Iteration 1, Batch 83/600
2020-05-01 20:09:02,117 INFO - training.ea.ea_trainer - Iteration 1, Batch 84/600
2020-05-01 20:09:02,192 INFO - training.ea.ea_trainer - Iteration 1, Batch 85/600
2020-05-01 20:09:02,328 INFO - training.ea.ea_trainer - Iteration 1, Batch 86/600
2020-05-01 20:09:02,400 INFO - training.ea.ea_trainer - Iteration 1, Batch 87/600
2020-05-01 20:09:02,493 INFO - training.ea.ea_trainer - Iteration 1, Batch 88/600
2020-05-01 20:09:02,551 INFO - training.ea.ea_trainer - Iteration 1, Batch 89/600
2020-05-01 20:09:02,655 INFO - training.ea.ea_trainer - Iteration 1, Batch 90/600
2020-05-01 20:09:02,720 INFO - training.ea.ea_trainer - Iteration 1, Batch 91/600
2020-05-01 20:09:02,834 INFO - training.ea.ea_trainer - Iteration 1, Batch 92/600
2020-05-01 20:09:02,889 INFO - training.ea.ea_trainer - Iteration 1, Batch 93/600
2020-05-01 20:09:02,971 INFO - training.ea.ea_trainer - Iteration 1, Batch 94/600
2020-05-01 20:09:02,996 INFO - training.ea.ea_trainer - Iteration 1, Batch 95/600
2020-05-01 20:09:03,146 INFO - training.ea.ea_trainer - Iteration 1, Batch 96/600
2020-05-01 20:09:03,222 INFO - training.ea.ea_trainer - Iteration 1, Batch 97/600
2020-05-01 20:09:03,358 INFO - training.ea.ea_trainer - Iteration 1, Batch 98/600
2020-05-01 20:09:03,423 INFO - training.ea.ea_trainer - Iteration 1, Batch 99/600
2020-05-01 20:09:03,555 INFO - training.ea.ea_trainer - Iteration 1, Batch 100/600
2020-05-01 20:09:03,610 INFO - training.ea.ea_trainer - Iteration 1, Batch 101/600
2020-05-01 20:09:03,756 INFO - training.ea.ea_trainer - Iteration 1, Batch 102/600
2020-05-01 20:09:03,840 INFO - training.ea.ea_trainer - Iteration 1, Batch 103/600
2020-05-01 20:09:03,907 INFO - training.ea.ea_trainer - Iteration 1, Batch 104/600
2020-05-01 20:09:03,970 INFO - training.ea.ea_trainer - Iteration 1, Batch 105/600
2020-05-01 20:09:04,064 INFO - training.ea.ea_trainer - Iteration 1, Batch 106/600
2020-05-01 20:09:04,149 INFO - training.ea.ea_trainer - Iteration 1, Batch 107/600
2020-05-01 20:09:04,240 INFO - training.ea.ea_trainer - Iteration 1, Batch 108/600
2020-05-01 20:09:04,331 INFO - training.ea.ea_trainer - Iteration 1, Batch 109/600
2020-05-01 20:09:04,474 INFO - training.ea.ea_trainer - Iteration 1, Batch 110/600
2020-05-01 20:09:04,535 INFO - training.ea.ea_trainer - Iteration 1, Batch 111/600
2020-05-01 20:09:04,625 INFO - training.ea.ea_trainer - Iteration 1, Batch 112/600
2020-05-01 20:09:04,717 INFO - training.ea.ea_trainer - Iteration 1, Batch 113/600
2020-05-01 20:09:04,849 INFO - training.ea.ea_trainer - Iteration 1, Batch 114/600
2020-05-01 20:09:04,948 INFO - training.ea.ea_trainer - Iteration 1, Batch 115/600
2020-05-01 20:09:05,044 INFO - training.ea.ea_trainer - Iteration 1, Batch 116/600
2020-05-01 20:09:05,095 INFO - training.ea.ea_trainer - Iteration 1, Batch 117/600
2020-05-01 20:09:05,230 INFO - training.ea.ea_trainer - Iteration 1, Batch 118/600
2020-05-01 20:09:05,317 INFO - training.ea.ea_trainer - Iteration 1, Batch 119/600
2020-05-01 20:09:05,419 INFO - training.ea.ea_trainer - Iteration 1, Batch 120/600
2020-05-01 20:09:05,478 INFO - training.ea.ea_trainer - Iteration 1, Batch 121/600
2020-05-01 20:09:05,618 INFO - training.ea.ea_trainer - Iteration 1, Batch 122/600
2020-05-01 20:09:05,672 INFO - training.ea.ea_trainer - Iteration 1, Batch 123/600
2020-05-01 20:09:05,793 INFO - training.ea.ea_trainer - Iteration 1, Batch 124/600
2020-05-01 20:09:05,844 INFO - training.ea.ea_trainer - Iteration 1, Batch 125/600
2020-05-01 20:09:05,967 INFO - training.ea.ea_trainer - Iteration 1, Batch 126/600
2020-05-01 20:09:06,025 INFO - training.ea.ea_trainer - Iteration 1, Batch 127/600
2020-05-01 20:09:06,147 INFO - training.ea.ea_trainer - Iteration 1, Batch 128/600
2020-05-01 20:09:06,195 INFO - training.ea.ea_trainer - Iteration 1, Batch 129/600
2020-05-01 20:09:06,313 INFO - training.ea.ea_trainer - Iteration 1, Batch 130/600
2020-05-01 20:09:06,378 INFO - training.ea.ea_trainer - Iteration 1, Batch 131/600
2020-05-01 20:09:06,477 INFO - training.ea.ea_trainer - Iteration 1, Batch 132/600
2020-05-01 20:09:06,529 INFO - training.ea.ea_trainer - Iteration 1, Batch 133/600
2020-05-01 20:09:06,668 INFO - training.ea.ea_trainer - Iteration 1, Batch 134/600
2020-05-01 20:09:06,738 INFO - training.ea.ea_trainer - Iteration 1, Batch 135/600
2020-05-01 20:09:06,871 INFO - training.ea.ea_trainer - Iteration 1, Batch 136/600
2020-05-01 20:09:06,961 INFO - training.ea.ea_trainer - Iteration 1, Batch 137/600
2020-05-01 20:09:07,097 INFO - training.ea.ea_trainer - Iteration 1, Batch 138/600
2020-05-01 20:09:07,155 INFO - training.ea.ea_trainer - Iteration 1, Batch 139/600
2020-05-01 20:09:07,319 INFO - training.ea.ea_trainer - Iteration 1, Batch 140/600
2020-05-01 20:09:07,376 INFO - training.ea.ea_trainer - Iteration 1, Batch 141/600
2020-05-01 20:09:07,477 INFO - training.ea.ea_trainer - Iteration 1, Batch 142/600
2020-05-01 20:09:07,535 INFO - training.ea.ea_trainer - Iteration 1, Batch 143/600
2020-05-01 20:09:07,643 INFO - training.ea.ea_trainer - Iteration 1, Batch 144/600
2020-05-01 20:09:07,722 INFO - training.ea.ea_trainer - Iteration 1, Batch 145/600
2020-05-01 20:09:07,825 INFO - training.ea.ea_trainer - Iteration 1, Batch 146/600
2020-05-01 20:09:07,915 INFO - training.ea.ea_trainer - Iteration 1, Batch 147/600
2020-05-01 20:09:08,017 INFO - training.ea.ea_trainer - Iteration 1, Batch 148/600
2020-05-01 20:09:08,074 INFO - training.ea.ea_trainer - Iteration 1, Batch 149/600
2020-05-01 20:09:08,199 INFO - training.ea.ea_trainer - Iteration 1, Batch 150/600
2020-05-01 20:09:08,250 INFO - training.ea.ea_trainer - Iteration 1, Batch 151/600
2020-05-01 20:09:08,371 INFO - training.ea.ea_trainer - Iteration 1, Batch 152/600
2020-05-01 20:09:08,452 INFO - training.ea.ea_trainer - Iteration 1, Batch 153/600
2020-05-01 20:09:08,559 INFO - training.ea.ea_trainer - Iteration 1, Batch 154/600
2020-05-01 20:09:08,640 INFO - training.ea.ea_trainer - Iteration 1, Batch 155/600
2020-05-01 20:09:08,769 INFO - training.ea.ea_trainer - Iteration 1, Batch 156/600
2020-05-01 20:09:08,825 INFO - training.ea.ea_trainer - Iteration 1, Batch 157/600
2020-05-01 20:09:08,995 INFO - training.ea.ea_trainer - Iteration 1, Batch 158/600
2020-05-01 20:09:09,054 INFO - training.ea.ea_trainer - Iteration 1, Batch 159/600
2020-05-01 20:09:09,164 INFO - training.ea.ea_trainer - Iteration 1, Batch 160/600
2020-05-01 20:09:09,232 INFO - training.ea.ea_trainer - Iteration 1, Batch 161/600
2020-05-01 20:09:09,371 INFO - training.ea.ea_trainer - Iteration 1, Batch 162/600
2020-05-01 20:09:09,420 INFO - training.ea.ea_trainer - Iteration 1, Batch 163/600
2020-05-01 20:09:09,542 INFO - training.ea.ea_trainer - Iteration 1, Batch 164/600
2020-05-01 20:09:09,614 INFO - training.ea.ea_trainer - Iteration 1, Batch 165/600
2020-05-01 20:09:09,697 INFO - training.ea.ea_trainer - Iteration 1, Batch 166/600
2020-05-01 20:09:09,784 INFO - training.ea.ea_trainer - Iteration 1, Batch 167/600
2020-05-01 20:09:09,923 INFO - training.ea.ea_trainer - Iteration 1, Batch 168/600
2020-05-01 20:09:09,959 INFO - training.ea.ea_trainer - Iteration 1, Batch 169/600
2020-05-01 20:09:10,128 INFO - training.ea.ea_trainer - Iteration 1, Batch 170/600
2020-05-01 20:09:10,187 INFO - training.ea.ea_trainer - Iteration 1, Batch 171/600
2020-05-01 20:09:10,303 INFO - training.ea.ea_trainer - Iteration 1, Batch 172/600
2020-05-01 20:09:10,367 INFO - training.ea.ea_trainer - Iteration 1, Batch 173/600
2020-05-01 20:09:10,487 INFO - training.ea.ea_trainer - Iteration 1, Batch 174/600
2020-05-01 20:09:10,546 INFO - training.ea.ea_trainer - Iteration 1, Batch 175/600
2020-05-01 20:09:10,677 INFO - training.ea.ea_trainer - Iteration 1, Batch 176/600
2020-05-01 20:09:10,751 INFO - training.ea.ea_trainer - Iteration 1, Batch 177/600
2020-05-01 20:09:10,842 INFO - training.ea.ea_trainer - Iteration 1, Batch 178/600
2020-05-01 20:09:10,908 INFO - training.ea.ea_trainer - Iteration 1, Batch 179/600
2020-05-01 20:09:11,018 INFO - training.ea.ea_trainer - Iteration 1, Batch 180/600
2020-05-01 20:09:11,098 INFO - training.ea.ea_trainer - Iteration 1, Batch 181/600
2020-05-01 20:09:11,230 INFO - training.ea.ea_trainer - Iteration 1, Batch 182/600
2020-05-01 20:09:11,301 INFO - training.ea.ea_trainer - Iteration 1, Batch 183/600
2020-05-01 20:09:11,418 INFO - training.ea.ea_trainer - Iteration 1, Batch 184/600
2020-05-01 20:09:11,498 INFO - training.ea.ea_trainer - Iteration 1, Batch 185/600
2020-05-01 20:09:11,582 INFO - training.ea.ea_trainer - Iteration 1, Batch 186/600
2020-05-01 20:09:11,667 INFO - training.ea.ea_trainer - Iteration 1, Batch 187/600
2020-05-01 20:09:11,779 INFO - training.ea.ea_trainer - Iteration 1, Batch 188/600
2020-05-01 20:09:11,836 INFO - training.ea.ea_trainer - Iteration 1, Batch 189/600
2020-05-01 20:09:11,949 INFO - training.ea.ea_trainer - Iteration 1, Batch 190/600
2020-05-01 20:09:12,027 INFO - training.ea.ea_trainer - Iteration 1, Batch 191/600
2020-05-01 20:09:12,124 INFO - training.ea.ea_trainer - Iteration 1, Batch 192/600
2020-05-01 20:09:12,183 INFO - training.ea.ea_trainer - Iteration 1, Batch 193/600
2020-05-01 20:09:12,328 INFO - training.ea.ea_trainer - Iteration 1, Batch 194/600
2020-05-01 20:09:12,414 INFO - training.ea.ea_trainer - Iteration 1, Batch 195/600
2020-05-01 20:09:12,514 INFO - training.ea.ea_trainer - Iteration 1, Batch 196/600
2020-05-01 20:09:12,562 INFO - training.ea.ea_trainer - Iteration 1, Batch 197/600
2020-05-01 20:09:12,664 INFO - training.ea.ea_trainer - Iteration 1, Batch 198/600
2020-05-01 20:09:12,715 INFO - training.ea.ea_trainer - Iteration 1, Batch 199/600
2020-05-01 20:09:12,831 INFO - training.ea.ea_trainer - Iteration 1, Batch 200/600
2020-05-01 20:09:12,875 INFO - training.ea.ea_trainer - Iteration 1, Batch 201/600
2020-05-01 20:09:13,029 INFO - training.ea.ea_trainer - Iteration 1, Batch 202/600
2020-05-01 20:09:13,086 INFO - training.ea.ea_trainer - Iteration 1, Batch 203/600
2020-05-01 20:09:13,218 INFO - training.ea.ea_trainer - Iteration 1, Batch 204/600
2020-05-01 20:09:13,272 INFO - training.ea.ea_trainer - Iteration 1, Batch 205/600
2020-05-01 20:09:13,406 INFO - training.ea.ea_trainer - Iteration 1, Batch 206/600
2020-05-01 20:09:13,453 INFO - training.ea.ea_trainer - Iteration 1, Batch 207/600
2020-05-01 20:09:13,582 INFO - training.ea.ea_trainer - Iteration 1, Batch 208/600
2020-05-01 20:09:13,646 INFO - training.ea.ea_trainer - Iteration 1, Batch 209/600
2020-05-01 20:09:13,768 INFO - training.ea.ea_trainer - Iteration 1, Batch 210/600
2020-05-01 20:09:13,813 INFO - training.ea.ea_trainer - Iteration 1, Batch 211/600
2020-05-01 20:09:13,922 INFO - training.ea.ea_trainer - Iteration 1, Batch 212/600
2020-05-01 20:09:13,992 INFO - training.ea.ea_trainer - Iteration 1, Batch 213/600
2020-05-01 20:09:14,119 INFO - training.ea.ea_trainer - Iteration 1, Batch 214/600
2020-05-01 20:09:14,191 INFO - training.ea.ea_trainer - Iteration 1, Batch 215/600
2020-05-01 20:09:14,306 INFO - training.ea.ea_trainer - Iteration 1, Batch 216/600
2020-05-01 20:09:14,378 INFO - training.ea.ea_trainer - Iteration 1, Batch 217/600
2020-05-01 20:09:14,492 INFO - training.ea.ea_trainer - Iteration 1, Batch 218/600
2020-05-01 20:09:14,541 INFO - training.ea.ea_trainer - Iteration 1, Batch 219/600
2020-05-01 20:09:14,660 INFO - training.ea.ea_trainer - Iteration 1, Batch 220/600
2020-05-01 20:09:14,696 INFO - training.ea.ea_trainer - Iteration 1, Batch 221/600
2020-05-01 20:09:14,788 INFO - training.ea.ea_trainer - Iteration 1, Batch 222/600
2020-05-01 20:09:14,886 INFO - training.ea.ea_trainer - Iteration 1, Batch 223/600
2020-05-01 20:09:15,027 INFO - training.ea.ea_trainer - Iteration 1, Batch 224/600
2020-05-01 20:09:15,094 INFO - training.ea.ea_trainer - Iteration 1, Batch 225/600
2020-05-01 20:09:15,194 INFO - training.ea.ea_trainer - Iteration 1, Batch 226/600
2020-05-01 20:09:15,287 INFO - training.ea.ea_trainer - Iteration 1, Batch 227/600
2020-05-01 20:09:15,382 INFO - training.ea.ea_trainer - Iteration 1, Batch 228/600
2020-05-01 20:09:15,435 INFO - training.ea.ea_trainer - Iteration 1, Batch 229/600
2020-05-01 20:09:15,540 INFO - training.ea.ea_trainer - Iteration 1, Batch 230/600
2020-05-01 20:09:15,620 INFO - training.ea.ea_trainer - Iteration 1, Batch 231/600
2020-05-01 20:09:15,729 INFO - training.ea.ea_trainer - Iteration 1, Batch 232/600
2020-05-01 20:09:15,791 INFO - training.ea.ea_trainer - Iteration 1, Batch 233/600
2020-05-01 20:09:15,927 INFO - training.ea.ea_trainer - Iteration 1, Batch 234/600
2020-05-01 20:09:16,019 INFO - training.ea.ea_trainer - Iteration 1, Batch 235/600
2020-05-01 20:09:16,156 INFO - training.ea.ea_trainer - Iteration 1, Batch 236/600
2020-05-01 20:09:16,247 INFO - training.ea.ea_trainer - Iteration 1, Batch 237/600
2020-05-01 20:09:16,349 INFO - training.ea.ea_trainer - Iteration 1, Batch 238/600
2020-05-01 20:09:16,424 INFO - training.ea.ea_trainer - Iteration 1, Batch 239/600
2020-05-01 20:09:16,535 INFO - training.ea.ea_trainer - Iteration 1, Batch 240/600
2020-05-01 20:09:16,601 INFO - training.ea.ea_trainer - Iteration 1, Batch 241/600
2020-05-01 20:09:16,699 INFO - training.ea.ea_trainer - Iteration 1, Batch 242/600
2020-05-01 20:09:16,750 INFO - training.ea.ea_trainer - Iteration 1, Batch 243/600
2020-05-01 20:09:16,866 INFO - training.ea.ea_trainer - Iteration 1, Batch 244/600
2020-05-01 20:09:16,908 INFO - training.ea.ea_trainer - Iteration 1, Batch 245/600
2020-05-01 20:09:17,051 INFO - training.ea.ea_trainer - Iteration 1, Batch 246/600
2020-05-01 20:09:17,128 INFO - training.ea.ea_trainer - Iteration 1, Batch 247/600
2020-05-01 20:09:17,251 INFO - training.ea.ea_trainer - Iteration 1, Batch 248/600
2020-05-01 20:09:17,288 INFO - training.ea.ea_trainer - Iteration 1, Batch 249/600
2020-05-01 20:09:17,403 INFO - training.ea.ea_trainer - Iteration 1, Batch 250/600
2020-05-01 20:09:17,493 INFO - training.ea.ea_trainer - Iteration 1, Batch 251/600
2020-05-01 20:09:17,583 INFO - training.ea.ea_trainer - Iteration 1, Batch 252/600
2020-05-01 20:09:17,644 INFO - training.ea.ea_trainer - Iteration 1, Batch 253/600
2020-05-01 20:09:17,769 INFO - training.ea.ea_trainer - Iteration 1, Batch 254/600
2020-05-01 20:09:17,838 INFO - training.ea.ea_trainer - Iteration 1, Batch 255/600
2020-05-01 20:09:17,947 INFO - training.ea.ea_trainer - Iteration 1, Batch 256/600
2020-05-01 20:09:18,013 INFO - training.ea.ea_trainer - Iteration 1, Batch 257/600
2020-05-01 20:09:18,119 INFO - training.ea.ea_trainer - Iteration 1, Batch 258/600
2020-05-01 20:09:18,181 INFO - training.ea.ea_trainer - Iteration 1, Batch 259/600
2020-05-01 20:09:18,288 INFO - training.ea.ea_trainer - Iteration 1, Batch 260/600
2020-05-01 20:09:18,329 INFO - training.ea.ea_trainer - Iteration 1, Batch 261/600
2020-05-01 20:09:18,480 INFO - training.ea.ea_trainer - Iteration 1, Batch 262/600
2020-05-01 20:09:18,563 INFO - training.ea.ea_trainer - Iteration 1, Batch 263/600
2020-05-01 20:09:18,649 INFO - training.ea.ea_trainer - Iteration 1, Batch 264/600
2020-05-01 20:09:18,711 INFO - training.ea.ea_trainer - Iteration 1, Batch 265/600
2020-05-01 20:09:18,837 INFO - training.ea.ea_trainer - Iteration 1, Batch 266/600
2020-05-01 20:09:18,899 INFO - training.ea.ea_trainer - Iteration 1, Batch 267/600
2020-05-01 20:09:18,982 INFO - training.ea.ea_trainer - Iteration 1, Batch 268/600
2020-05-01 20:09:19,039 INFO - training.ea.ea_trainer - Iteration 1, Batch 269/600
2020-05-01 20:09:19,153 INFO - training.ea.ea_trainer - Iteration 1, Batch 270/600
2020-05-01 20:09:19,213 INFO - training.ea.ea_trainer - Iteration 1, Batch 271/600
2020-05-01 20:09:19,302 INFO - training.ea.ea_trainer - Iteration 1, Batch 272/600
2020-05-01 20:09:19,377 INFO - training.ea.ea_trainer - Iteration 1, Batch 273/600
2020-05-01 20:09:19,497 INFO - training.ea.ea_trainer - Iteration 1, Batch 274/600
2020-05-01 20:09:19,536 INFO - training.ea.ea_trainer - Iteration 1, Batch 275/600
2020-05-01 20:09:19,657 INFO - training.ea.ea_trainer - Iteration 1, Batch 276/600
2020-05-01 20:09:19,713 INFO - training.ea.ea_trainer - Iteration 1, Batch 277/600
2020-05-01 20:09:19,810 INFO - training.ea.ea_trainer - Iteration 1, Batch 278/600
2020-05-01 20:09:19,868 INFO - training.ea.ea_trainer - Iteration 1, Batch 279/600
2020-05-01 20:09:20,007 INFO - training.ea.ea_trainer - Iteration 1, Batch 280/600
2020-05-01 20:09:20,060 INFO - training.ea.ea_trainer - Iteration 1, Batch 281/600
2020-05-01 20:09:20,170 INFO - training.ea.ea_trainer - Iteration 1, Batch 282/600
2020-05-01 20:09:20,257 INFO - training.ea.ea_trainer - Iteration 1, Batch 283/600
2020-05-01 20:09:20,365 INFO - training.ea.ea_trainer - Iteration 1, Batch 284/600
2020-05-01 20:09:20,416 INFO - training.ea.ea_trainer - Iteration 1, Batch 285/600
2020-05-01 20:09:20,539 INFO - training.ea.ea_trainer - Iteration 1, Batch 286/600
2020-05-01 20:09:20,576 INFO - training.ea.ea_trainer - Iteration 1, Batch 287/600
2020-05-01 20:09:20,720 INFO - training.ea.ea_trainer - Iteration 1, Batch 288/600
2020-05-01 20:09:20,795 INFO - training.ea.ea_trainer - Iteration 1, Batch 289/600
2020-05-01 20:09:20,905 INFO - training.ea.ea_trainer - Iteration 1, Batch 290/600
2020-05-01 20:09:20,968 INFO - training.ea.ea_trainer - Iteration 1, Batch 291/600
2020-05-01 20:09:21,099 INFO - training.ea.ea_trainer - Iteration 1, Batch 292/600
2020-05-01 20:09:21,137 INFO - training.ea.ea_trainer - Iteration 1, Batch 293/600
2020-05-01 20:09:21,215 INFO - training.ea.ea_trainer - Iteration 1, Batch 294/600
2020-05-01 20:09:21,272 INFO - training.ea.ea_trainer - Iteration 1, Batch 295/600
2020-05-01 20:09:21,401 INFO - training.ea.ea_trainer - Iteration 1, Batch 296/600
2020-05-01 20:09:21,460 INFO - training.ea.ea_trainer - Iteration 1, Batch 297/600
2020-05-01 20:09:21,592 INFO - training.ea.ea_trainer - Iteration 1, Batch 298/600
2020-05-01 20:09:21,652 INFO - training.ea.ea_trainer - Iteration 1, Batch 299/600
2020-05-01 20:09:21,755 INFO - training.ea.ea_trainer - Iteration 1, Batch 300/600
2020-05-01 20:09:21,815 INFO - training.ea.ea_trainer - Iteration 1, Batch 301/600
2020-05-01 20:09:21,905 INFO - training.ea.ea_trainer - Iteration 1, Batch 302/600
2020-05-01 20:09:21,966 INFO - training.ea.ea_trainer - Iteration 1, Batch 303/600
2020-05-01 20:09:22,093 INFO - training.ea.ea_trainer - Iteration 1, Batch 304/600
2020-05-01 20:09:22,147 INFO - training.ea.ea_trainer - Iteration 1, Batch 305/600
2020-05-01 20:09:22,258 INFO - training.ea.ea_trainer - Iteration 1, Batch 306/600
2020-05-01 20:09:22,296 INFO - training.ea.ea_trainer - Iteration 1, Batch 307/600
2020-05-01 20:09:22,405 INFO - training.ea.ea_trainer - Iteration 1, Batch 308/600
2020-05-01 20:09:22,466 INFO - training.ea.ea_trainer - Iteration 1, Batch 309/600
2020-05-01 20:09:22,624 INFO - training.ea.ea_trainer - Iteration 1, Batch 310/600
2020-05-01 20:09:22,689 INFO - training.ea.ea_trainer - Iteration 1, Batch 311/600
2020-05-01 20:09:22,816 INFO - training.ea.ea_trainer - Iteration 1, Batch 312/600
2020-05-01 20:09:22,869 INFO - training.ea.ea_trainer - Iteration 1, Batch 313/600
2020-05-01 20:09:23,010 INFO - training.ea.ea_trainer - Iteration 1, Batch 314/600
2020-05-01 20:09:23,084 INFO - training.ea.ea_trainer - Iteration 1, Batch 315/600
2020-05-01 20:09:23,218 INFO - training.ea.ea_trainer - Iteration 1, Batch 316/600
2020-05-01 20:09:23,273 INFO - training.ea.ea_trainer - Iteration 1, Batch 317/600
2020-05-01 20:09:23,369 INFO - training.ea.ea_trainer - Iteration 1, Batch 318/600
2020-05-01 20:09:23,464 INFO - training.ea.ea_trainer - Iteration 1, Batch 319/600
2020-05-01 20:09:23,567 INFO - training.ea.ea_trainer - Iteration 1, Batch 320/600
2020-05-01 20:09:23,649 INFO - training.ea.ea_trainer - Iteration 1, Batch 321/600
2020-05-01 20:09:23,729 INFO - training.ea.ea_trainer - Iteration 1, Batch 322/600
2020-05-01 20:09:23,781 INFO - training.ea.ea_trainer - Iteration 1, Batch 323/600
2020-05-01 20:09:23,899 INFO - training.ea.ea_trainer - Iteration 1, Batch 324/600
2020-05-01 20:09:24,009 INFO - training.ea.ea_trainer - Iteration 1, Batch 325/600
2020-05-01 20:09:24,169 INFO - training.ea.ea_trainer - Iteration 1, Batch 326/600
2020-05-01 20:09:24,213 INFO - training.ea.ea_trainer - Iteration 1, Batch 327/600
2020-05-01 20:09:24,356 INFO - training.ea.ea_trainer - Iteration 1, Batch 328/600
2020-05-01 20:09:24,408 INFO - training.ea.ea_trainer - Iteration 1, Batch 329/600
2020-05-01 20:09:24,552 INFO - training.ea.ea_trainer - Iteration 1, Batch 330/600
2020-05-01 20:09:24,618 INFO - training.ea.ea_trainer - Iteration 1, Batch 331/600
2020-05-01 20:09:24,715 INFO - training.ea.ea_trainer - Iteration 1, Batch 332/600
2020-05-01 20:09:24,795 INFO - training.ea.ea_trainer - Iteration 1, Batch 333/600
2020-05-01 20:09:24,907 INFO - training.ea.ea_trainer - Iteration 1, Batch 334/600
2020-05-01 20:09:24,972 INFO - training.ea.ea_trainer - Iteration 1, Batch 335/600
2020-05-01 20:09:25,089 INFO - training.ea.ea_trainer - Iteration 1, Batch 336/600
2020-05-01 20:09:25,151 INFO - training.ea.ea_trainer - Iteration 1, Batch 337/600
2020-05-01 20:09:25,271 INFO - training.ea.ea_trainer - Iteration 1, Batch 338/600
2020-05-01 20:09:25,354 INFO - training.ea.ea_trainer - Iteration 1, Batch 339/600
2020-05-01 20:09:25,466 INFO - training.ea.ea_trainer - Iteration 1, Batch 340/600
2020-05-01 20:09:25,547 INFO - training.ea.ea_trainer - Iteration 1, Batch 341/600
2020-05-01 20:09:25,689 INFO - training.ea.ea_trainer - Iteration 1, Batch 342/600
2020-05-01 20:09:25,757 INFO - training.ea.ea_trainer - Iteration 1, Batch 343/600
2020-05-01 20:09:25,894 INFO - training.ea.ea_trainer - Iteration 1, Batch 344/600
2020-05-01 20:09:25,958 INFO - training.ea.ea_trainer - Iteration 1, Batch 345/600
2020-05-01 20:09:26,052 INFO - training.ea.ea_trainer - Iteration 1, Batch 346/600
2020-05-01 20:09:26,101 INFO - training.ea.ea_trainer - Iteration 1, Batch 347/600
2020-05-01 20:09:26,214 INFO - training.ea.ea_trainer - Iteration 1, Batch 348/600
2020-05-01 20:09:26,279 INFO - training.ea.ea_trainer - Iteration 1, Batch 349/600
2020-05-01 20:09:26,457 INFO - training.ea.ea_trainer - Iteration 1, Batch 350/600
2020-05-01 20:09:26,516 INFO - training.ea.ea_trainer - Iteration 1, Batch 351/600
2020-05-01 20:09:26,656 INFO - training.ea.ea_trainer - Iteration 1, Batch 352/600
2020-05-01 20:09:26,694 INFO - training.ea.ea_trainer - Iteration 1, Batch 353/600
2020-05-01 20:09:26,856 INFO - training.ea.ea_trainer - Iteration 1, Batch 354/600
2020-05-01 20:09:26,948 INFO - training.ea.ea_trainer - Iteration 1, Batch 355/600
2020-05-01 20:09:27,055 INFO - training.ea.ea_trainer - Iteration 1, Batch 356/600
2020-05-01 20:09:27,119 INFO - training.ea.ea_trainer - Iteration 1, Batch 357/600
2020-05-01 20:09:27,219 INFO - training.ea.ea_trainer - Iteration 1, Batch 358/600
2020-05-01 20:09:27,301 INFO - training.ea.ea_trainer - Iteration 1, Batch 359/600
2020-05-01 20:09:27,382 INFO - training.ea.ea_trainer - Iteration 1, Batch 360/600
2020-05-01 20:09:27,431 INFO - training.ea.ea_trainer - Iteration 1, Batch 361/600
2020-05-01 20:09:27,533 INFO - training.ea.ea_trainer - Iteration 1, Batch 362/600
2020-05-01 20:09:27,595 INFO - training.ea.ea_trainer - Iteration 1, Batch 363/600
2020-05-01 20:09:27,689 INFO - training.ea.ea_trainer - Iteration 1, Batch 364/600
2020-05-01 20:09:27,722 INFO - training.ea.ea_trainer - Iteration 1, Batch 365/600
2020-05-01 20:09:27,846 INFO - training.ea.ea_trainer - Iteration 1, Batch 366/600
2020-05-01 20:09:27,912 INFO - training.ea.ea_trainer - Iteration 1, Batch 367/600
2020-05-01 20:09:28,049 INFO - training.ea.ea_trainer - Iteration 1, Batch 368/600
2020-05-01 20:09:28,126 INFO - training.ea.ea_trainer - Iteration 1, Batch 369/600
2020-05-01 20:09:28,289 INFO - training.ea.ea_trainer - Iteration 1, Batch 370/600
2020-05-01 20:09:28,342 INFO - training.ea.ea_trainer - Iteration 1, Batch 371/600
2020-05-01 20:09:28,461 INFO - training.ea.ea_trainer - Iteration 1, Batch 372/600
2020-05-01 20:09:28,517 INFO - training.ea.ea_trainer - Iteration 1, Batch 373/600
2020-05-01 20:09:28,644 INFO - training.ea.ea_trainer - Iteration 1, Batch 374/600
2020-05-01 20:09:28,766 INFO - training.ea.ea_trainer - Iteration 1, Batch 375/600
2020-05-01 20:09:28,830 INFO - training.ea.ea_trainer - Iteration 1, Batch 376/600
2020-05-01 20:09:28,886 INFO - training.ea.ea_trainer - Iteration 1, Batch 377/600
2020-05-01 20:09:29,014 INFO - training.ea.ea_trainer - Iteration 1, Batch 378/600
2020-05-01 20:09:29,088 INFO - training.ea.ea_trainer - Iteration 1, Batch 379/600
2020-05-01 20:09:29,213 INFO - training.ea.ea_trainer - Iteration 1, Batch 380/600
2020-05-01 20:09:29,263 INFO - training.ea.ea_trainer - Iteration 1, Batch 381/600
2020-05-01 20:09:29,412 INFO - training.ea.ea_trainer - Iteration 1, Batch 382/600
2020-05-01 20:09:29,461 INFO - training.ea.ea_trainer - Iteration 1, Batch 383/600
2020-05-01 20:09:29,589 INFO - training.ea.ea_trainer - Iteration 1, Batch 384/600
2020-05-01 20:09:29,657 INFO - training.ea.ea_trainer - Iteration 1, Batch 385/600
2020-05-01 20:09:29,774 INFO - training.ea.ea_trainer - Iteration 1, Batch 386/600
2020-05-01 20:09:29,843 INFO - training.ea.ea_trainer - Iteration 1, Batch 387/600
2020-05-01 20:09:29,956 INFO - training.ea.ea_trainer - Iteration 1, Batch 388/600
2020-05-01 20:09:30,012 INFO - training.ea.ea_trainer - Iteration 1, Batch 389/600
2020-05-01 20:09:30,111 INFO - training.ea.ea_trainer - Iteration 1, Batch 390/600
2020-05-01 20:09:30,203 INFO - training.ea.ea_trainer - Iteration 1, Batch 391/600
2020-05-01 20:09:30,342 INFO - training.ea.ea_trainer - Iteration 1, Batch 392/600
2020-05-01 20:09:30,369 INFO - training.ea.ea_trainer - Iteration 1, Batch 393/600
2020-05-01 20:09:30,469 INFO - training.ea.ea_trainer - Iteration 1, Batch 394/600
2020-05-01 20:09:30,518 INFO - training.ea.ea_trainer - Iteration 1, Batch 395/600
2020-05-01 20:09:30,624 INFO - training.ea.ea_trainer - Iteration 1, Batch 396/600
2020-05-01 20:09:30,667 INFO - training.ea.ea_trainer - Iteration 1, Batch 397/600
2020-05-01 20:09:30,805 INFO - training.ea.ea_trainer - Iteration 1, Batch 398/600
2020-05-01 20:09:30,853 INFO - training.ea.ea_trainer - Iteration 1, Batch 399/600
2020-05-01 20:09:30,952 INFO - training.ea.ea_trainer - Iteration 1, Batch 400/600
2020-05-01 20:09:31,050 INFO - training.ea.ea_trainer - Iteration 1, Batch 401/600
2020-05-01 20:09:31,139 INFO - training.ea.ea_trainer - Iteration 1, Batch 402/600
2020-05-01 20:09:31,203 INFO - training.ea.ea_trainer - Iteration 1, Batch 403/600
2020-05-01 20:09:31,336 INFO - training.ea.ea_trainer - Iteration 1, Batch 404/600
2020-05-01 20:09:31,414 INFO - training.ea.ea_trainer - Iteration 1, Batch 405/600
2020-05-01 20:09:31,568 INFO - training.ea.ea_trainer - Iteration 1, Batch 406/600
2020-05-01 20:09:31,621 INFO - training.ea.ea_trainer - Iteration 1, Batch 407/600
2020-05-01 20:09:31,764 INFO - training.ea.ea_trainer - Iteration 1, Batch 408/600
2020-05-01 20:09:31,815 INFO - training.ea.ea_trainer - Iteration 1, Batch 409/600
2020-05-01 20:09:31,936 INFO - training.ea.ea_trainer - Iteration 1, Batch 410/600
2020-05-01 20:09:32,019 INFO - training.ea.ea_trainer - Iteration 1, Batch 411/600
2020-05-01 20:09:32,162 INFO - training.ea.ea_trainer - Iteration 1, Batch 412/600
2020-05-01 20:09:32,225 INFO - training.ea.ea_trainer - Iteration 1, Batch 413/600
2020-05-01 20:09:32,319 INFO - training.ea.ea_trainer - Iteration 1, Batch 414/600
2020-05-01 20:09:32,381 INFO - training.ea.ea_trainer - Iteration 1, Batch 415/600
2020-05-01 20:09:32,484 INFO - training.ea.ea_trainer - Iteration 1, Batch 416/600
2020-05-01 20:09:32,584 INFO - training.ea.ea_trainer - Iteration 1, Batch 417/600
2020-05-01 20:09:32,713 INFO - training.ea.ea_trainer - Iteration 1, Batch 418/600
2020-05-01 20:09:32,778 INFO - training.ea.ea_trainer - Iteration 1, Batch 419/600
2020-05-01 20:09:32,894 INFO - training.ea.ea_trainer - Iteration 1, Batch 420/600
2020-05-01 20:09:32,951 INFO - training.ea.ea_trainer - Iteration 1, Batch 421/600
2020-05-01 20:09:33,108 INFO - training.ea.ea_trainer - Iteration 1, Batch 422/600
2020-05-01 20:09:33,177 INFO - training.ea.ea_trainer - Iteration 1, Batch 423/600
2020-05-01 20:09:33,347 INFO - training.ea.ea_trainer - Iteration 1, Batch 424/600
2020-05-01 20:09:33,443 INFO - training.ea.ea_trainer - Iteration 1, Batch 425/600
2020-05-01 20:09:33,568 INFO - training.ea.ea_trainer - Iteration 1, Batch 426/600
2020-05-01 20:09:33,624 INFO - training.ea.ea_trainer - Iteration 1, Batch 427/600
2020-05-01 20:09:33,721 INFO - training.ea.ea_trainer - Iteration 1, Batch 428/600
2020-05-01 20:09:33,779 INFO - training.ea.ea_trainer - Iteration 1, Batch 429/600
2020-05-01 20:09:33,906 INFO - training.ea.ea_trainer - Iteration 1, Batch 430/600
2020-05-01 20:09:34,006 INFO - training.ea.ea_trainer - Iteration 1, Batch 431/600
2020-05-01 20:09:34,113 INFO - training.ea.ea_trainer - Iteration 1, Batch 432/600
2020-05-01 20:09:34,224 INFO - training.ea.ea_trainer - Iteration 1, Batch 433/600
2020-05-01 20:09:34,374 INFO - training.ea.ea_trainer - Iteration 1, Batch 434/600
2020-05-01 20:09:34,461 INFO - training.ea.ea_trainer - Iteration 1, Batch 435/600
2020-05-01 20:09:34,567 INFO - training.ea.ea_trainer - Iteration 1, Batch 436/600
2020-05-01 20:09:34,667 INFO - training.ea.ea_trainer - Iteration 1, Batch 437/600
2020-05-01 20:09:34,768 INFO - training.ea.ea_trainer - Iteration 1, Batch 438/600
2020-05-01 20:09:34,814 INFO - training.ea.ea_trainer - Iteration 1, Batch 439/600
2020-05-01 20:09:34,955 INFO - training.ea.ea_trainer - Iteration 1, Batch 440/600
2020-05-01 20:09:35,018 INFO - training.ea.ea_trainer - Iteration 1, Batch 441/600
2020-05-01 20:09:35,127 INFO - training.ea.ea_trainer - Iteration 1, Batch 442/600
2020-05-01 20:09:35,186 INFO - training.ea.ea_trainer - Iteration 1, Batch 443/600
2020-05-01 20:09:35,322 INFO - training.ea.ea_trainer - Iteration 1, Batch 444/600
2020-05-01 20:09:35,378 INFO - training.ea.ea_trainer - Iteration 1, Batch 445/600
2020-05-01 20:09:35,508 INFO - training.ea.ea_trainer - Iteration 1, Batch 446/600
2020-05-01 20:09:35,593 INFO - training.ea.ea_trainer - Iteration 1, Batch 447/600
2020-05-01 20:09:35,732 INFO - training.ea.ea_trainer - Iteration 1, Batch 448/600
2020-05-01 20:09:35,775 INFO - training.ea.ea_trainer - Iteration 1, Batch 449/600
2020-05-01 20:09:35,947 INFO - training.ea.ea_trainer - Iteration 1, Batch 450/600
2020-05-01 20:09:36,011 INFO - training.ea.ea_trainer - Iteration 1, Batch 451/600
2020-05-01 20:09:36,175 INFO - training.ea.ea_trainer - Iteration 1, Batch 452/600
2020-05-01 20:09:36,226 INFO - training.ea.ea_trainer - Iteration 1, Batch 453/600
2020-05-01 20:09:36,334 INFO - training.ea.ea_trainer - Iteration 1, Batch 454/600
2020-05-01 20:09:36,399 INFO - training.ea.ea_trainer - Iteration 1, Batch 455/600
2020-05-01 20:09:36,526 INFO - training.ea.ea_trainer - Iteration 1, Batch 456/600
2020-05-01 20:09:36,591 INFO - training.ea.ea_trainer - Iteration 1, Batch 457/600
2020-05-01 20:09:36,706 INFO - training.ea.ea_trainer - Iteration 1, Batch 458/600
2020-05-01 20:09:36,792 INFO - training.ea.ea_trainer - Iteration 1, Batch 459/600
2020-05-01 20:09:36,923 INFO - training.ea.ea_trainer - Iteration 1, Batch 460/600
2020-05-01 20:09:36,975 INFO - training.ea.ea_trainer - Iteration 1, Batch 461/600
2020-05-01 20:09:37,063 INFO - training.ea.ea_trainer - Iteration 1, Batch 462/600
2020-05-01 20:09:37,123 INFO - training.ea.ea_trainer - Iteration 1, Batch 463/600
2020-05-01 20:09:37,254 INFO - training.ea.ea_trainer - Iteration 1, Batch 464/600
2020-05-01 20:09:37,323 INFO - training.ea.ea_trainer - Iteration 1, Batch 465/600
2020-05-01 20:09:37,437 INFO - training.ea.ea_trainer - Iteration 1, Batch 466/600
2020-05-01 20:09:37,526 INFO - training.ea.ea_trainer - Iteration 1, Batch 467/600
2020-05-01 20:09:37,626 INFO - training.ea.ea_trainer - Iteration 1, Batch 468/600
2020-05-01 20:09:37,699 INFO - training.ea.ea_trainer - Iteration 1, Batch 469/600
2020-05-01 20:09:37,831 INFO - training.ea.ea_trainer - Iteration 1, Batch 470/600
2020-05-01 20:09:37,910 INFO - training.ea.ea_trainer - Iteration 1, Batch 471/600
2020-05-01 20:09:38,016 INFO - training.ea.ea_trainer - Iteration 1, Batch 472/600
2020-05-01 20:09:38,070 INFO - training.ea.ea_trainer - Iteration 1, Batch 473/600
2020-05-01 20:09:38,174 INFO - training.ea.ea_trainer - Iteration 1, Batch 474/600
2020-05-01 20:09:38,249 INFO - training.ea.ea_trainer - Iteration 1, Batch 475/600
2020-05-01 20:09:38,380 INFO - training.ea.ea_trainer - Iteration 1, Batch 476/600
2020-05-01 20:09:38,446 INFO - training.ea.ea_trainer - Iteration 1, Batch 477/600
2020-05-01 20:09:38,551 INFO - training.ea.ea_trainer - Iteration 1, Batch 478/600
2020-05-01 20:09:38,654 INFO - training.ea.ea_trainer - Iteration 1, Batch 479/600
2020-05-01 20:09:38,787 INFO - training.ea.ea_trainer - Iteration 1, Batch 480/600
2020-05-01 20:09:38,857 INFO - training.ea.ea_trainer - Iteration 1, Batch 481/600
2020-05-01 20:09:38,997 INFO - training.ea.ea_trainer - Iteration 1, Batch 482/600
2020-05-01 20:09:39,036 INFO - training.ea.ea_trainer - Iteration 1, Batch 483/600
2020-05-01 20:09:39,170 INFO - training.ea.ea_trainer - Iteration 1, Batch 484/600
2020-05-01 20:09:39,204 INFO - training.ea.ea_trainer - Iteration 1, Batch 485/600
2020-05-01 20:09:39,326 INFO - training.ea.ea_trainer - Iteration 1, Batch 486/600
2020-05-01 20:09:39,362 INFO - training.ea.ea_trainer - Iteration 1, Batch 487/600
2020-05-01 20:09:39,512 INFO - training.ea.ea_trainer - Iteration 1, Batch 488/600
2020-05-01 20:09:39,547 INFO - training.ea.ea_trainer - Iteration 1, Batch 489/600
2020-05-01 20:09:39,644 INFO - training.ea.ea_trainer - Iteration 1, Batch 490/600
2020-05-01 20:09:39,711 INFO - training.ea.ea_trainer - Iteration 1, Batch 491/600
2020-05-01 20:09:39,805 INFO - training.ea.ea_trainer - Iteration 1, Batch 492/600
2020-05-01 20:09:39,887 INFO - training.ea.ea_trainer - Iteration 1, Batch 493/600
2020-05-01 20:09:39,981 INFO - training.ea.ea_trainer - Iteration 1, Batch 494/600
2020-05-01 20:09:40,043 INFO - training.ea.ea_trainer - Iteration 1, Batch 495/600
2020-05-01 20:09:40,168 INFO - training.ea.ea_trainer - Iteration 1, Batch 496/600
2020-05-01 20:09:40,244 INFO - training.ea.ea_trainer - Iteration 1, Batch 497/600
2020-05-01 20:09:40,353 INFO - training.ea.ea_trainer - Iteration 1, Batch 498/600
2020-05-01 20:09:40,430 INFO - training.ea.ea_trainer - Iteration 1, Batch 499/600
2020-05-01 20:09:40,527 INFO - training.ea.ea_trainer - Iteration 1, Batch 500/600
2020-05-01 20:09:40,616 INFO - training.ea.ea_trainer - Iteration 1, Batch 501/600
2020-05-01 20:09:40,730 INFO - training.ea.ea_trainer - Iteration 1, Batch 502/600
2020-05-01 20:09:40,801 INFO - training.ea.ea_trainer - Iteration 1, Batch 503/600
2020-05-01 20:09:40,915 INFO - training.ea.ea_trainer - Iteration 1, Batch 504/600
2020-05-01 20:09:40,974 INFO - training.ea.ea_trainer - Iteration 1, Batch 505/600
2020-05-01 20:09:41,072 INFO - training.ea.ea_trainer - Iteration 1, Batch 506/600
2020-05-01 20:09:41,159 INFO - training.ea.ea_trainer - Iteration 1, Batch 507/600
2020-05-01 20:09:41,295 INFO - training.ea.ea_trainer - Iteration 1, Batch 508/600
2020-05-01 20:09:41,365 INFO - training.ea.ea_trainer - Iteration 1, Batch 509/600
2020-05-01 20:09:41,487 INFO - training.ea.ea_trainer - Iteration 1, Batch 510/600
2020-05-01 20:09:41,539 INFO - training.ea.ea_trainer - Iteration 1, Batch 511/600
2020-05-01 20:09:41,661 INFO - training.ea.ea_trainer - Iteration 1, Batch 512/600
2020-05-01 20:09:41,718 INFO - training.ea.ea_trainer - Iteration 1, Batch 513/600
2020-05-01 20:09:41,851 INFO - training.ea.ea_trainer - Iteration 1, Batch 514/600
2020-05-01 20:09:41,921 INFO - training.ea.ea_trainer - Iteration 1, Batch 515/600
2020-05-01 20:09:42,056 INFO - training.ea.ea_trainer - Iteration 1, Batch 516/600
2020-05-01 20:09:42,107 INFO - training.ea.ea_trainer - Iteration 1, Batch 517/600
2020-05-01 20:09:42,197 INFO - training.ea.ea_trainer - Iteration 1, Batch 518/600
2020-05-01 20:09:42,252 INFO - training.ea.ea_trainer - Iteration 1, Batch 519/600
2020-05-01 20:09:42,374 INFO - training.ea.ea_trainer - Iteration 1, Batch 520/600
2020-05-01 20:09:42,431 INFO - training.ea.ea_trainer - Iteration 1, Batch 521/600
2020-05-01 20:09:42,571 INFO - training.ea.ea_trainer - Iteration 1, Batch 522/600
2020-05-01 20:09:42,612 INFO - training.ea.ea_trainer - Iteration 1, Batch 523/600
2020-05-01 20:09:42,738 INFO - training.ea.ea_trainer - Iteration 1, Batch 524/600
2020-05-01 20:09:42,802 INFO - training.ea.ea_trainer - Iteration 1, Batch 525/600
2020-05-01 20:09:42,923 INFO - training.ea.ea_trainer - Iteration 1, Batch 526/600
2020-05-01 20:09:42,968 INFO - training.ea.ea_trainer - Iteration 1, Batch 527/600
2020-05-01 20:09:43,062 INFO - training.ea.ea_trainer - Iteration 1, Batch 528/600
2020-05-01 20:09:43,147 INFO - training.ea.ea_trainer - Iteration 1, Batch 529/600
2020-05-01 20:09:43,265 INFO - training.ea.ea_trainer - Iteration 1, Batch 530/600
2020-05-01 20:09:43,351 INFO - training.ea.ea_trainer - Iteration 1, Batch 531/600
2020-05-01 20:09:43,476 INFO - training.ea.ea_trainer - Iteration 1, Batch 532/600
2020-05-01 20:09:43,531 INFO - training.ea.ea_trainer - Iteration 1, Batch 533/600
2020-05-01 20:09:43,647 INFO - training.ea.ea_trainer - Iteration 1, Batch 534/600
2020-05-01 20:09:43,716 INFO - training.ea.ea_trainer - Iteration 1, Batch 535/600
2020-05-01 20:09:43,816 INFO - training.ea.ea_trainer - Iteration 1, Batch 536/600
2020-05-01 20:09:43,876 INFO - training.ea.ea_trainer - Iteration 1, Batch 537/600
2020-05-01 20:09:43,982 INFO - training.ea.ea_trainer - Iteration 1, Batch 538/600
2020-05-01 20:09:44,055 INFO - training.ea.ea_trainer - Iteration 1, Batch 539/600
2020-05-01 20:09:44,171 INFO - training.ea.ea_trainer - Iteration 1, Batch 540/600
2020-05-01 20:09:44,234 INFO - training.ea.ea_trainer - Iteration 1, Batch 541/600
2020-05-01 20:09:44,355 INFO - training.ea.ea_trainer - Iteration 1, Batch 542/600
2020-05-01 20:09:44,401 INFO - training.ea.ea_trainer - Iteration 1, Batch 543/600
2020-05-01 20:09:44,522 INFO - training.ea.ea_trainer - Iteration 1, Batch 544/600
2020-05-01 20:09:44,567 INFO - training.ea.ea_trainer - Iteration 1, Batch 545/600
2020-05-01 20:09:44,712 INFO - training.ea.ea_trainer - Iteration 1, Batch 546/600
2020-05-01 20:09:44,781 INFO - training.ea.ea_trainer - Iteration 1, Batch 547/600
2020-05-01 20:09:44,904 INFO - training.ea.ea_trainer - Iteration 1, Batch 548/600
2020-05-01 20:09:44,938 INFO - training.ea.ea_trainer - Iteration 1, Batch 549/600
2020-05-01 20:09:45,120 INFO - training.ea.ea_trainer - Iteration 1, Batch 550/600
2020-05-01 20:09:45,183 INFO - training.ea.ea_trainer - Iteration 1, Batch 551/600
2020-05-01 20:09:45,293 INFO - training.ea.ea_trainer - Iteration 1, Batch 552/600
2020-05-01 20:09:45,325 INFO - training.ea.ea_trainer - Iteration 1, Batch 553/600
2020-05-01 20:09:45,461 INFO - training.ea.ea_trainer - Iteration 1, Batch 554/600
2020-05-01 20:09:45,487 INFO - training.ea.ea_trainer - Iteration 1, Batch 555/600
2020-05-01 20:09:45,587 INFO - training.ea.ea_trainer - Iteration 1, Batch 556/600
2020-05-01 20:09:45,637 INFO - training.ea.ea_trainer - Iteration 1, Batch 557/600
2020-05-01 20:09:45,734 INFO - training.ea.ea_trainer - Iteration 1, Batch 558/600
2020-05-01 20:09:45,797 INFO - training.ea.ea_trainer - Iteration 1, Batch 559/600
2020-05-01 20:09:45,924 INFO - training.ea.ea_trainer - Iteration 1, Batch 560/600
2020-05-01 20:09:45,990 INFO - training.ea.ea_trainer - Iteration 1, Batch 561/600
2020-05-01 20:09:46,112 INFO - training.ea.ea_trainer - Iteration 1, Batch 562/600
2020-05-01 20:09:46,174 INFO - training.ea.ea_trainer - Iteration 1, Batch 563/600
2020-05-01 20:09:46,284 INFO - training.ea.ea_trainer - Iteration 1, Batch 564/600
2020-05-01 20:09:46,347 INFO - training.ea.ea_trainer - Iteration 1, Batch 565/600
2020-05-01 20:09:46,476 INFO - training.ea.ea_trainer - Iteration 1, Batch 566/600
2020-05-01 20:09:46,549 INFO - training.ea.ea_trainer - Iteration 1, Batch 567/600
2020-05-01 20:09:46,698 INFO - training.ea.ea_trainer - Iteration 1, Batch 568/600
2020-05-01 20:09:46,743 INFO - training.ea.ea_trainer - Iteration 1, Batch 569/600
2020-05-01 20:09:46,899 INFO - training.ea.ea_trainer - Iteration 1, Batch 570/600
2020-05-01 20:09:46,978 INFO - training.ea.ea_trainer - Iteration 1, Batch 571/600
2020-05-01 20:09:47,113 INFO - training.ea.ea_trainer - Iteration 1, Batch 572/600
2020-05-01 20:09:47,181 INFO - training.ea.ea_trainer - Iteration 1, Batch 573/600
2020-05-01 20:09:47,305 INFO - training.ea.ea_trainer - Iteration 1, Batch 574/600
2020-05-01 20:09:47,371 INFO - training.ea.ea_trainer - Iteration 1, Batch 575/600
2020-05-01 20:09:47,493 INFO - training.ea.ea_trainer - Iteration 1, Batch 576/600
2020-05-01 20:09:47,546 INFO - training.ea.ea_trainer - Iteration 1, Batch 577/600
2020-05-01 20:09:47,665 INFO - training.ea.ea_trainer - Iteration 1, Batch 578/600
2020-05-01 20:09:47,718 INFO - training.ea.ea_trainer - Iteration 1, Batch 579/600
2020-05-01 20:09:47,814 INFO - training.ea.ea_trainer - Iteration 1, Batch 580/600
2020-05-01 20:09:47,871 INFO - training.ea.ea_trainer - Iteration 1, Batch 581/600
2020-05-01 20:09:48,008 INFO - training.ea.ea_trainer - Iteration 1, Batch 582/600
2020-05-01 20:09:48,067 INFO - training.ea.ea_trainer - Iteration 1, Batch 583/600
2020-05-01 20:09:48,177 INFO - training.ea.ea_trainer - Iteration 1, Batch 584/600
2020-05-01 20:09:48,251 INFO - training.ea.ea_trainer - Iteration 1, Batch 585/600
2020-05-01 20:09:48,322 INFO - training.ea.ea_trainer - Iteration 1, Batch 586/600
2020-05-01 20:09:48,395 INFO - training.ea.ea_trainer - Iteration 1, Batch 587/600
2020-05-01 20:09:48,501 INFO - training.ea.ea_trainer - Iteration 1, Batch 588/600
2020-05-01 20:09:48,552 INFO - training.ea.ea_trainer - Iteration 1, Batch 589/600
2020-05-01 20:09:48,641 INFO - training.ea.ea_trainer - Iteration 1, Batch 590/600
2020-05-01 20:09:48,676 INFO - training.ea.ea_trainer - Iteration 1, Batch 591/600
2020-05-01 20:09:48,755 INFO - training.ea.ea_trainer - Iteration 1, Batch 592/600
2020-05-01 20:09:48,789 INFO - training.ea.ea_trainer - Iteration 1, Batch 593/600
2020-05-01 20:09:48,869 INFO - training.ea.ea_trainer - Iteration 1, Batch 594/600
2020-05-01 20:09:48,914 INFO - training.ea.ea_trainer - Iteration 1, Batch 595/600
2020-05-01 20:09:49,083 INFO - training.ea.ea_trainer - Iteration 1, Batch 596/600
2020-05-01 20:09:49,256 INFO - training.ea.ea_trainer - Iteration 1, Batch 597/600
2020-05-01 20:09:49,354 INFO - training.ea.ea_trainer - Iteration 1, Batch 598/600
2020-05-01 20:09:49,407 INFO - training.ea.ea_trainer - Iteration 1, Batch 599/600
2020-05-01 20:09:49,740 INFO - requests.packages.urllib3.connectionpool - Starting new HTTP connection (1): 127.0.0.1
2020-05-01 20:09:49,743 INFO - requests.packages.urllib3.connectionpool - Starting new HTTP connection (1): 127.0.0.1
2020-05-01 20:09:49,950 INFO - distribution.node_client - Loading parameters from endpoint http://127.0.0.1:5003/parameters/generators/best took 0.20841503143310547 seconds
2020-05-01 20:09:49,980 INFO - distribution.node_client - Loading parameters from endpoint http://127.0.0.1:5000/parameters/generators/best took 0.24263262748718262 seconds
2020-05-01 20:09:50,076 INFO - training.ea.ea_trainer - Calculating FID/inception score.
2020-05-01 20:09:50,078 CRITICAL - distribution.client_api - An unhandled error occured while running Lipizzaner: 
Found no NVIDIA driver on your system. Please check that you
have an NVIDIA GPU and installed a driver from
http://www.nvidia.com/Download/index.aspx
2020-05-01 20:09:50,079 INFO - distribution.client_api - Finished experiment, waiting for new requests.
2020-05-01 20:09:52,243 WARNING - distribution.client_api - Received stop signal from master, but no experiment is running.
