2020-05-01 18:39:41,323 INFO - distribution.client_api - Distributed training recognized, set log directory to ./output/lipizzaner_gan/distributed/mnist/2020-05-01_18-39-41/2428
2020-05-01 18:39:42,865 INFO - lipizzaner - Parameters: {'trainer': {'calculate_net_weights_dist': True, 'name': 'lipizzaner_gan', 'params': {'tournament_size': 2, 'fitness': {'fitness_sample_size': 1000, 'fitness_mode': 'average'}, 'population_size': 1, 'n_replacements': 1, 'discriminator_skip_each_nth_step': 1, 'enable_selection': False, 'alpha': 0.0001, 'score': {'cuda': True, 'enabled': True, 'score_sample_size': 1000, 'type': 'fid'}, 'mixture_sigma': 0.01, 'default_adam_learning_rate': 0.0002, 'mutation_probability': 0.5}, 'n_iterations': 5, 'mixture_generator_samples_mode': 'exact_proportion'}, 'network': {'name': 'four_layer_perceptron', 'loss': 'bceloss'}, 'dataloader': {'n_batches': 0, 'dataset_name': 'mnist', 'batch_size': 100, 'shuffle': True, 'use_batch': True}, 'general': {'losswise': {'api_key': '3T1CKALG6', 'enabled': False}, 'distribution': {'client_nodes': [{'address': '127.0.0.1', 'id': '127.0.0.1:5000', 'port': 5000}, {'address': '127.0.0.1', 'id': '127.0.0.1:5001', 'port': 5001}, {'address': '127.0.0.1', 'id': '127.0.0.1:5002', 'port': 5002}, {'address': '127.0.0.1', 'id': '127.0.0.1:5003', 'port': 5003}], 'start_time': '2020-05-01_18-39-41', 'auto_discover': False, 'master_node': {'exit_clients_on_disconnect': True}}, 'num_workers': 4, 'seed': 1, 'logging': {'enabled': True, 'log_server': None, 'image_format': 'jpg', 'log_level': 'INFO', 'print_discriminator': False}, 'output_dir': './output'}, 'master': {'calculate_score': True, 'cuda': True, 'score_sample_size': 50000}}
2020-05-01 18:39:42,866 INFO - lipizzaner - CUDA is not supported on this device.
2020-05-01 18:39:42,953 INFO - lipizzaner - Seed used: 6015804
2020-05-01 18:39:42,955 INFO - lipizzaner - Starting training for 5 iterations/epochs.
2020-05-01 18:39:43,004 INFO - requests.packages.urllib3.connectionpool - Starting new HTTP connection (1): 127.0.0.1
2020-05-01 18:39:43,008 INFO - requests.packages.urllib3.connectionpool - Starting new HTTP connection (1): 127.0.0.1
2020-05-01 18:39:43,399 INFO - distribution.node_client - Loading parameters from endpoint http://127.0.0.1:5000/parameters/generators took 0.40395593643188477 seconds
2020-05-01 18:39:43,439 INFO - distribution.node_client - Loading parameters from endpoint http://127.0.0.1:5003/parameters/generators took 0.4322781562805176 seconds
2020-05-01 18:39:43,530 INFO - requests.packages.urllib3.connectionpool - Starting new HTTP connection (1): 127.0.0.1
2020-05-01 18:39:43,540 INFO - requests.packages.urllib3.connectionpool - Starting new HTTP connection (1): 127.0.0.1
2020-05-01 18:39:43,606 INFO - distribution.node_client - Loading parameters from endpoint http://127.0.0.1:5000/parameters/discriminators took 0.0787200927734375 seconds
2020-05-01 18:39:43,632 INFO - distribution.node_client - Loading parameters from endpoint http://127.0.0.1:5003/parameters/discriminators took 0.09321165084838867 seconds
2020-05-01 18:39:43,697 INFO - training.ea.ea_trainer - Generators in current neighborhood are ['Iteration0:127.0.0.1:5000:0/G0', 'Iteration0:127.0.0.1:5003:3/G0', 'Iteration0:127.0.0.1:5002:2/G0']
2020-05-01 18:39:43,697 INFO - training.ea.ea_trainer - Discriminators in current neighborhood are ['Iteration0:127.0.0.1:5000:0/D0', 'Iteration0:127.0.0.1:5003:3/D0', 'Iteration0:127.0.0.1:5002:2/D0']
2020-05-01 18:39:44,185 INFO - training.ea.ea_trainer - L2 distance between all generators weights: [('Iteration0:127.0.0.1:5000:0/G0', 'Iteration0:127.0.0.1:5003:3/G0', array(29.469286, dtype=float32)), ('Iteration0:127.0.0.1:5000:0/G0', 'Iteration0:127.0.0.1:5002:2/G0', array(29.484938, dtype=float32)), ('Iteration0:127.0.0.1:5003:3/G0', 'Iteration0:127.0.0.1:5002:2/G0', array(29.472183, dtype=float32))]
2020-05-01 18:39:44,411 INFO - training.ea.ea_trainer - L2 distance between all discriminators weights: [('Iteration0:127.0.0.1:5000:0/D0', 'Iteration0:127.0.0.1:5003:3/D0', array(18.51306, dtype=float32)), ('Iteration0:127.0.0.1:5000:0/D0', 'Iteration0:127.0.0.1:5002:2/D0', array(18.511267, dtype=float32)), ('Iteration0:127.0.0.1:5003:3/D0', 'Iteration0:127.0.0.1:5002:2/D0', array(18.506863, dtype=float32))]
2020-05-01 18:39:49,880 INFO - training.ea.ea_trainer - Iteration 1, Batch 0/600
2020-05-01 18:39:49,946 INFO - training.ea.ea_trainer - Iteration 1, Batch 1/600
2020-05-01 18:39:50,071 INFO - training.ea.ea_trainer - Iteration 1, Batch 2/600
2020-05-01 18:39:50,114 INFO - training.ea.ea_trainer - Iteration 1, Batch 3/600
2020-05-01 18:39:50,250 INFO - training.ea.ea_trainer - Iteration 1, Batch 4/600
2020-05-01 18:39:50,316 INFO - training.ea.ea_trainer - Iteration 1, Batch 5/600
2020-05-01 18:39:50,413 INFO - training.ea.ea_trainer - Iteration 1, Batch 6/600
2020-05-01 18:39:50,491 INFO - training.ea.ea_trainer - Iteration 1, Batch 7/600
2020-05-01 18:39:50,585 INFO - training.ea.ea_trainer - Iteration 1, Batch 8/600
2020-05-01 18:39:50,659 INFO - training.ea.ea_trainer - Iteration 1, Batch 9/600
2020-05-01 18:39:50,791 INFO - training.ea.ea_trainer - Iteration 1, Batch 10/600
2020-05-01 18:39:50,854 INFO - training.ea.ea_trainer - Iteration 1, Batch 11/600
2020-05-01 18:39:50,997 INFO - training.ea.ea_trainer - Iteration 1, Batch 12/600
2020-05-01 18:39:51,060 INFO - training.ea.ea_trainer - Iteration 1, Batch 13/600
2020-05-01 18:39:51,182 INFO - training.ea.ea_trainer - Iteration 1, Batch 14/600
2020-05-01 18:39:51,228 INFO - training.ea.ea_trainer - Iteration 1, Batch 15/600
2020-05-01 18:39:51,354 INFO - training.ea.ea_trainer - Iteration 1, Batch 16/600
2020-05-01 18:39:51,417 INFO - training.ea.ea_trainer - Iteration 1, Batch 17/600
2020-05-01 18:39:51,531 INFO - training.ea.ea_trainer - Iteration 1, Batch 18/600
2020-05-01 18:39:51,587 INFO - training.ea.ea_trainer - Iteration 1, Batch 19/600
2020-05-01 18:39:51,692 INFO - training.ea.ea_trainer - Iteration 1, Batch 20/600
2020-05-01 18:39:51,760 INFO - training.ea.ea_trainer - Iteration 1, Batch 21/600
2020-05-01 18:39:51,888 INFO - training.ea.ea_trainer - Iteration 1, Batch 22/600
2020-05-01 18:39:51,919 INFO - training.ea.ea_trainer - Iteration 1, Batch 23/600
2020-05-01 18:39:52,031 INFO - training.ea.ea_trainer - Iteration 1, Batch 24/600
2020-05-01 18:39:52,110 INFO - training.ea.ea_trainer - Iteration 1, Batch 25/600
2020-05-01 18:39:52,241 INFO - training.ea.ea_trainer - Iteration 1, Batch 26/600
2020-05-01 18:39:52,281 INFO - training.ea.ea_trainer - Iteration 1, Batch 27/600
2020-05-01 18:39:52,377 INFO - training.ea.ea_trainer - Iteration 1, Batch 28/600
2020-05-01 18:39:52,441 INFO - training.ea.ea_trainer - Iteration 1, Batch 29/600
2020-05-01 18:39:52,592 INFO - training.ea.ea_trainer - Iteration 1, Batch 30/600
2020-05-01 18:39:52,652 INFO - training.ea.ea_trainer - Iteration 1, Batch 31/600
2020-05-01 18:39:52,769 INFO - training.ea.ea_trainer - Iteration 1, Batch 32/600
2020-05-01 18:39:52,827 INFO - training.ea.ea_trainer - Iteration 1, Batch 33/600
2020-05-01 18:39:52,969 INFO - training.ea.ea_trainer - Iteration 1, Batch 34/600
2020-05-01 18:39:53,017 INFO - training.ea.ea_trainer - Iteration 1, Batch 35/600
2020-05-01 18:39:53,111 INFO - training.ea.ea_trainer - Iteration 1, Batch 36/600
2020-05-01 18:39:53,148 INFO - training.ea.ea_trainer - Iteration 1, Batch 37/600
2020-05-01 18:39:53,257 INFO - training.ea.ea_trainer - Iteration 1, Batch 38/600
2020-05-01 18:39:53,335 INFO - training.ea.ea_trainer - Iteration 1, Batch 39/600
2020-05-01 18:39:53,431 INFO - training.ea.ea_trainer - Iteration 1, Batch 40/600
2020-05-01 18:39:53,471 INFO - training.ea.ea_trainer - Iteration 1, Batch 41/600
2020-05-01 18:39:53,642 INFO - training.ea.ea_trainer - Iteration 1, Batch 42/600
2020-05-01 18:39:53,695 INFO - training.ea.ea_trainer - Iteration 1, Batch 43/600
2020-05-01 18:39:53,814 INFO - training.ea.ea_trainer - Iteration 1, Batch 44/600
2020-05-01 18:39:53,868 INFO - training.ea.ea_trainer - Iteration 1, Batch 45/600
2020-05-01 18:39:53,986 INFO - training.ea.ea_trainer - Iteration 1, Batch 46/600
2020-05-01 18:39:54,062 INFO - training.ea.ea_trainer - Iteration 1, Batch 47/600
2020-05-01 18:39:54,211 INFO - training.ea.ea_trainer - Iteration 1, Batch 48/600
2020-05-01 18:39:54,267 INFO - training.ea.ea_trainer - Iteration 1, Batch 49/600
2020-05-01 18:39:54,385 INFO - training.ea.ea_trainer - Iteration 1, Batch 50/600
2020-05-01 18:39:54,424 INFO - training.ea.ea_trainer - Iteration 1, Batch 51/600
2020-05-01 18:39:54,539 INFO - training.ea.ea_trainer - Iteration 1, Batch 52/600
2020-05-01 18:39:54,580 INFO - training.ea.ea_trainer - Iteration 1, Batch 53/600
2020-05-01 18:39:54,716 INFO - training.ea.ea_trainer - Iteration 1, Batch 54/600
2020-05-01 18:39:54,766 INFO - training.ea.ea_trainer - Iteration 1, Batch 55/600
2020-05-01 18:39:54,891 INFO - training.ea.ea_trainer - Iteration 1, Batch 56/600
2020-05-01 18:39:54,940 INFO - training.ea.ea_trainer - Iteration 1, Batch 57/600
2020-05-01 18:39:55,070 INFO - training.ea.ea_trainer - Iteration 1, Batch 58/600
2020-05-01 18:39:55,155 INFO - training.ea.ea_trainer - Iteration 1, Batch 59/600
2020-05-01 18:39:55,280 INFO - training.ea.ea_trainer - Iteration 1, Batch 60/600
2020-05-01 18:39:55,339 INFO - training.ea.ea_trainer - Iteration 1, Batch 61/600
2020-05-01 18:39:55,453 INFO - training.ea.ea_trainer - Iteration 1, Batch 62/600
2020-05-01 18:39:55,521 INFO - training.ea.ea_trainer - Iteration 1, Batch 63/600
2020-05-01 18:39:55,604 INFO - training.ea.ea_trainer - Iteration 1, Batch 64/600
2020-05-01 18:39:55,669 INFO - training.ea.ea_trainer - Iteration 1, Batch 65/600
2020-05-01 18:39:55,798 INFO - training.ea.ea_trainer - Iteration 1, Batch 66/600
2020-05-01 18:39:55,865 INFO - training.ea.ea_trainer - Iteration 1, Batch 67/600
2020-05-01 18:39:55,967 INFO - training.ea.ea_trainer - Iteration 1, Batch 68/600
2020-05-01 18:39:56,032 INFO - training.ea.ea_trainer - Iteration 1, Batch 69/600
2020-05-01 18:39:56,156 INFO - training.ea.ea_trainer - Iteration 1, Batch 70/600
2020-05-01 18:39:56,207 INFO - training.ea.ea_trainer - Iteration 1, Batch 71/600
2020-05-01 18:39:56,334 INFO - training.ea.ea_trainer - Iteration 1, Batch 72/600
2020-05-01 18:39:56,394 INFO - training.ea.ea_trainer - Iteration 1, Batch 73/600
2020-05-01 18:39:56,523 INFO - training.ea.ea_trainer - Iteration 1, Batch 74/600
2020-05-01 18:39:56,560 INFO - training.ea.ea_trainer - Iteration 1, Batch 75/600
2020-05-01 18:39:56,723 INFO - training.ea.ea_trainer - Iteration 1, Batch 76/600
2020-05-01 18:39:56,806 INFO - training.ea.ea_trainer - Iteration 1, Batch 77/600
2020-05-01 18:39:56,917 INFO - training.ea.ea_trainer - Iteration 1, Batch 78/600
2020-05-01 18:39:57,001 INFO - training.ea.ea_trainer - Iteration 1, Batch 79/600
2020-05-01 18:39:57,145 INFO - training.ea.ea_trainer - Iteration 1, Batch 80/600
2020-05-01 18:39:57,199 INFO - training.ea.ea_trainer - Iteration 1, Batch 81/600
2020-05-01 18:39:57,333 INFO - training.ea.ea_trainer - Iteration 1, Batch 82/600
2020-05-01 18:39:57,394 INFO - training.ea.ea_trainer - Iteration 1, Batch 83/600
2020-05-01 18:39:57,532 INFO - training.ea.ea_trainer - Iteration 1, Batch 84/600
2020-05-01 18:39:57,614 INFO - training.ea.ea_trainer - Iteration 1, Batch 85/600
2020-05-01 18:39:57,692 INFO - training.ea.ea_trainer - Iteration 1, Batch 86/600
2020-05-01 18:39:57,744 INFO - training.ea.ea_trainer - Iteration 1, Batch 87/600
2020-05-01 18:39:57,869 INFO - training.ea.ea_trainer - Iteration 1, Batch 88/600
2020-05-01 18:39:57,941 INFO - training.ea.ea_trainer - Iteration 1, Batch 89/600
2020-05-01 18:39:58,041 INFO - training.ea.ea_trainer - Iteration 1, Batch 90/600
2020-05-01 18:39:58,104 INFO - training.ea.ea_trainer - Iteration 1, Batch 91/600
2020-05-01 18:39:58,245 INFO - training.ea.ea_trainer - Iteration 1, Batch 92/600
2020-05-01 18:39:58,317 INFO - training.ea.ea_trainer - Iteration 1, Batch 93/600
2020-05-01 18:39:58,422 INFO - training.ea.ea_trainer - Iteration 1, Batch 94/600
2020-05-01 18:39:58,451 INFO - training.ea.ea_trainer - Iteration 1, Batch 95/600
2020-05-01 18:39:58,581 INFO - training.ea.ea_trainer - Iteration 1, Batch 96/600
2020-05-01 18:39:58,621 INFO - training.ea.ea_trainer - Iteration 1, Batch 97/600
2020-05-01 18:39:58,715 INFO - training.ea.ea_trainer - Iteration 1, Batch 98/600
2020-05-01 18:39:58,777 INFO - training.ea.ea_trainer - Iteration 1, Batch 99/600
2020-05-01 18:39:58,868 INFO - training.ea.ea_trainer - Iteration 1, Batch 100/600
2020-05-01 18:39:58,917 INFO - training.ea.ea_trainer - Iteration 1, Batch 101/600
2020-05-01 18:39:59,021 INFO - training.ea.ea_trainer - Iteration 1, Batch 102/600
2020-05-01 18:39:59,086 INFO - training.ea.ea_trainer - Iteration 1, Batch 103/600
2020-05-01 18:39:59,234 INFO - training.ea.ea_trainer - Iteration 1, Batch 104/600
2020-05-01 18:39:59,285 INFO - training.ea.ea_trainer - Iteration 1, Batch 105/600
2020-05-01 18:39:59,420 INFO - training.ea.ea_trainer - Iteration 1, Batch 106/600
2020-05-01 18:39:59,463 INFO - training.ea.ea_trainer - Iteration 1, Batch 107/600
2020-05-01 18:39:59,604 INFO - training.ea.ea_trainer - Iteration 1, Batch 108/600
2020-05-01 18:39:59,687 INFO - training.ea.ea_trainer - Iteration 1, Batch 109/600
2020-05-01 18:39:59,780 INFO - training.ea.ea_trainer - Iteration 1, Batch 110/600
2020-05-01 18:39:59,830 INFO - training.ea.ea_trainer - Iteration 1, Batch 111/600
2020-05-01 18:39:59,923 INFO - training.ea.ea_trainer - Iteration 1, Batch 112/600
2020-05-01 18:39:59,984 INFO - training.ea.ea_trainer - Iteration 1, Batch 113/600
2020-05-01 18:40:00,121 INFO - training.ea.ea_trainer - Iteration 1, Batch 114/600
2020-05-01 18:40:00,201 INFO - training.ea.ea_trainer - Iteration 1, Batch 115/600
2020-05-01 18:40:00,328 INFO - training.ea.ea_trainer - Iteration 1, Batch 116/600
2020-05-01 18:40:00,370 INFO - training.ea.ea_trainer - Iteration 1, Batch 117/600
2020-05-01 18:40:00,518 INFO - training.ea.ea_trainer - Iteration 1, Batch 118/600
2020-05-01 18:40:00,563 INFO - training.ea.ea_trainer - Iteration 1, Batch 119/600
2020-05-01 18:40:00,655 INFO - training.ea.ea_trainer - Iteration 1, Batch 120/600
2020-05-01 18:40:00,720 INFO - training.ea.ea_trainer - Iteration 1, Batch 121/600
2020-05-01 18:40:00,860 INFO - training.ea.ea_trainer - Iteration 1, Batch 122/600
2020-05-01 18:40:00,912 INFO - training.ea.ea_trainer - Iteration 1, Batch 123/600
2020-05-01 18:40:01,057 INFO - training.ea.ea_trainer - Iteration 1, Batch 124/600
2020-05-01 18:40:01,126 INFO - training.ea.ea_trainer - Iteration 1, Batch 125/600
2020-05-01 18:40:01,252 INFO - training.ea.ea_trainer - Iteration 1, Batch 126/600
2020-05-01 18:40:01,315 INFO - training.ea.ea_trainer - Iteration 1, Batch 127/600
2020-05-01 18:40:01,412 INFO - training.ea.ea_trainer - Iteration 1, Batch 128/600
2020-05-01 18:40:01,458 INFO - training.ea.ea_trainer - Iteration 1, Batch 129/600
2020-05-01 18:40:01,623 INFO - training.ea.ea_trainer - Iteration 1, Batch 130/600
2020-05-01 18:40:01,686 INFO - training.ea.ea_trainer - Iteration 1, Batch 131/600
2020-05-01 18:40:01,822 INFO - training.ea.ea_trainer - Iteration 1, Batch 132/600
2020-05-01 18:40:01,882 INFO - training.ea.ea_trainer - Iteration 1, Batch 133/600
2020-05-01 18:40:02,009 INFO - training.ea.ea_trainer - Iteration 1, Batch 134/600
2020-05-01 18:40:02,092 INFO - training.ea.ea_trainer - Iteration 1, Batch 135/600
2020-05-01 18:40:02,227 INFO - training.ea.ea_trainer - Iteration 1, Batch 136/600
2020-05-01 18:40:02,280 INFO - training.ea.ea_trainer - Iteration 1, Batch 137/600
2020-05-01 18:40:02,419 INFO - training.ea.ea_trainer - Iteration 1, Batch 138/600
2020-05-01 18:40:02,466 INFO - training.ea.ea_trainer - Iteration 1, Batch 139/600
2020-05-01 18:40:02,591 INFO - training.ea.ea_trainer - Iteration 1, Batch 140/600
2020-05-01 18:40:02,635 INFO - training.ea.ea_trainer - Iteration 1, Batch 141/600
2020-05-01 18:40:02,738 INFO - training.ea.ea_trainer - Iteration 1, Batch 142/600
2020-05-01 18:40:02,798 INFO - training.ea.ea_trainer - Iteration 1, Batch 143/600
2020-05-01 18:40:02,935 INFO - training.ea.ea_trainer - Iteration 1, Batch 144/600
2020-05-01 18:40:02,998 INFO - training.ea.ea_trainer - Iteration 1, Batch 145/600
2020-05-01 18:40:03,102 INFO - training.ea.ea_trainer - Iteration 1, Batch 146/600
2020-05-01 18:40:03,139 INFO - training.ea.ea_trainer - Iteration 1, Batch 147/600
2020-05-01 18:40:03,278 INFO - training.ea.ea_trainer - Iteration 1, Batch 148/600
2020-05-01 18:40:03,342 INFO - training.ea.ea_trainer - Iteration 1, Batch 149/600
2020-05-01 18:40:03,438 INFO - training.ea.ea_trainer - Iteration 1, Batch 150/600
2020-05-01 18:40:03,477 INFO - training.ea.ea_trainer - Iteration 1, Batch 151/600
2020-05-01 18:40:03,592 INFO - training.ea.ea_trainer - Iteration 1, Batch 152/600
2020-05-01 18:40:03,629 INFO - training.ea.ea_trainer - Iteration 1, Batch 153/600
2020-05-01 18:40:03,791 INFO - training.ea.ea_trainer - Iteration 1, Batch 154/600
2020-05-01 18:40:03,842 INFO - training.ea.ea_trainer - Iteration 1, Batch 155/600
2020-05-01 18:40:03,961 INFO - training.ea.ea_trainer - Iteration 1, Batch 156/600
2020-05-01 18:40:04,000 INFO - training.ea.ea_trainer - Iteration 1, Batch 157/600
2020-05-01 18:40:04,129 INFO - training.ea.ea_trainer - Iteration 1, Batch 158/600
2020-05-01 18:40:04,168 INFO - training.ea.ea_trainer - Iteration 1, Batch 159/600
2020-05-01 18:40:04,309 INFO - training.ea.ea_trainer - Iteration 1, Batch 160/600
2020-05-01 18:40:04,337 INFO - training.ea.ea_trainer - Iteration 1, Batch 161/600
2020-05-01 18:40:04,446 INFO - training.ea.ea_trainer - Iteration 1, Batch 162/600
2020-05-01 18:40:04,545 INFO - training.ea.ea_trainer - Iteration 1, Batch 163/600
2020-05-01 18:40:04,699 INFO - training.ea.ea_trainer - Iteration 1, Batch 164/600
2020-05-01 18:40:04,759 INFO - training.ea.ea_trainer - Iteration 1, Batch 165/600
2020-05-01 18:40:04,881 INFO - training.ea.ea_trainer - Iteration 1, Batch 166/600
2020-05-01 18:40:04,933 INFO - training.ea.ea_trainer - Iteration 1, Batch 167/600
2020-05-01 18:40:05,066 INFO - training.ea.ea_trainer - Iteration 1, Batch 168/600
2020-05-01 18:40:05,111 INFO - training.ea.ea_trainer - Iteration 1, Batch 169/600
2020-05-01 18:40:05,224 INFO - training.ea.ea_trainer - Iteration 1, Batch 170/600
2020-05-01 18:40:05,288 INFO - training.ea.ea_trainer - Iteration 1, Batch 171/600
2020-05-01 18:40:05,429 INFO - training.ea.ea_trainer - Iteration 1, Batch 172/600
2020-05-01 18:40:05,506 INFO - training.ea.ea_trainer - Iteration 1, Batch 173/600
2020-05-01 18:40:05,644 INFO - training.ea.ea_trainer - Iteration 1, Batch 174/600
2020-05-01 18:40:05,714 INFO - training.ea.ea_trainer - Iteration 1, Batch 175/600
2020-05-01 18:40:05,812 INFO - training.ea.ea_trainer - Iteration 1, Batch 176/600
2020-05-01 18:40:05,883 INFO - training.ea.ea_trainer - Iteration 1, Batch 177/600
2020-05-01 18:40:06,010 INFO - training.ea.ea_trainer - Iteration 1, Batch 178/600
2020-05-01 18:40:06,083 INFO - training.ea.ea_trainer - Iteration 1, Batch 179/600
2020-05-01 18:40:06,246 INFO - training.ea.ea_trainer - Iteration 1, Batch 180/600
2020-05-01 18:40:06,289 INFO - training.ea.ea_trainer - Iteration 1, Batch 181/600
2020-05-01 18:40:06,461 INFO - training.ea.ea_trainer - Iteration 1, Batch 182/600
2020-05-01 18:40:06,518 INFO - training.ea.ea_trainer - Iteration 1, Batch 183/600
2020-05-01 18:40:06,624 INFO - training.ea.ea_trainer - Iteration 1, Batch 184/600
2020-05-01 18:40:06,664 INFO - training.ea.ea_trainer - Iteration 1, Batch 185/600
2020-05-01 18:40:06,768 INFO - training.ea.ea_trainer - Iteration 1, Batch 186/600
2020-05-01 18:40:06,836 INFO - training.ea.ea_trainer - Iteration 1, Batch 187/600
2020-05-01 18:40:06,951 INFO - training.ea.ea_trainer - Iteration 1, Batch 188/600
2020-05-01 18:40:07,008 INFO - training.ea.ea_trainer - Iteration 1, Batch 189/600
2020-05-01 18:40:07,150 INFO - training.ea.ea_trainer - Iteration 1, Batch 190/600
2020-05-01 18:40:07,211 INFO - training.ea.ea_trainer - Iteration 1, Batch 191/600
2020-05-01 18:40:07,350 INFO - training.ea.ea_trainer - Iteration 1, Batch 192/600
2020-05-01 18:40:07,398 INFO - training.ea.ea_trainer - Iteration 1, Batch 193/600
2020-05-01 18:40:07,551 INFO - training.ea.ea_trainer - Iteration 1, Batch 194/600
2020-05-01 18:40:07,610 INFO - training.ea.ea_trainer - Iteration 1, Batch 195/600
2020-05-01 18:40:07,725 INFO - training.ea.ea_trainer - Iteration 1, Batch 196/600
2020-05-01 18:40:07,791 INFO - training.ea.ea_trainer - Iteration 1, Batch 197/600
2020-05-01 18:40:07,903 INFO - training.ea.ea_trainer - Iteration 1, Batch 198/600
2020-05-01 18:40:07,970 INFO - training.ea.ea_trainer - Iteration 1, Batch 199/600
2020-05-01 18:40:08,089 INFO - training.ea.ea_trainer - Iteration 1, Batch 200/600
2020-05-01 18:40:08,175 INFO - training.ea.ea_trainer - Iteration 1, Batch 201/600
2020-05-01 18:40:08,291 INFO - training.ea.ea_trainer - Iteration 1, Batch 202/600
2020-05-01 18:40:08,351 INFO - training.ea.ea_trainer - Iteration 1, Batch 203/600
2020-05-01 18:40:08,500 INFO - training.ea.ea_trainer - Iteration 1, Batch 204/600
2020-05-01 18:40:08,545 INFO - training.ea.ea_trainer - Iteration 1, Batch 205/600
2020-05-01 18:40:08,676 INFO - training.ea.ea_trainer - Iteration 1, Batch 206/600
2020-05-01 18:40:08,742 INFO - training.ea.ea_trainer - Iteration 1, Batch 207/600
2020-05-01 18:40:08,834 INFO - training.ea.ea_trainer - Iteration 1, Batch 208/600
2020-05-01 18:40:08,905 INFO - training.ea.ea_trainer - Iteration 1, Batch 209/600
2020-05-01 18:40:09,048 INFO - training.ea.ea_trainer - Iteration 1, Batch 210/600
2020-05-01 18:40:09,097 INFO - training.ea.ea_trainer - Iteration 1, Batch 211/600
2020-05-01 18:40:09,239 INFO - training.ea.ea_trainer - Iteration 1, Batch 212/600
2020-05-01 18:40:09,293 INFO - training.ea.ea_trainer - Iteration 1, Batch 213/600
2020-05-01 18:40:09,411 INFO - training.ea.ea_trainer - Iteration 1, Batch 214/600
2020-05-01 18:40:09,471 INFO - training.ea.ea_trainer - Iteration 1, Batch 215/600
2020-05-01 18:40:09,592 INFO - training.ea.ea_trainer - Iteration 1, Batch 216/600
2020-05-01 18:40:09,632 INFO - training.ea.ea_trainer - Iteration 1, Batch 217/600
2020-05-01 18:40:09,772 INFO - training.ea.ea_trainer - Iteration 1, Batch 218/600
2020-05-01 18:40:09,816 INFO - training.ea.ea_trainer - Iteration 1, Batch 219/600
2020-05-01 18:40:09,962 INFO - training.ea.ea_trainer - Iteration 1, Batch 220/600
2020-05-01 18:40:10,005 INFO - training.ea.ea_trainer - Iteration 1, Batch 221/600
2020-05-01 18:40:10,119 INFO - training.ea.ea_trainer - Iteration 1, Batch 222/600
2020-05-01 18:40:10,159 INFO - training.ea.ea_trainer - Iteration 1, Batch 223/600
2020-05-01 18:40:10,265 INFO - training.ea.ea_trainer - Iteration 1, Batch 224/600
2020-05-01 18:40:10,316 INFO - training.ea.ea_trainer - Iteration 1, Batch 225/600
2020-05-01 18:40:10,449 INFO - training.ea.ea_trainer - Iteration 1, Batch 226/600
2020-05-01 18:40:10,536 INFO - training.ea.ea_trainer - Iteration 1, Batch 227/600
2020-05-01 18:40:10,679 INFO - training.ea.ea_trainer - Iteration 1, Batch 228/600
2020-05-01 18:40:10,739 INFO - training.ea.ea_trainer - Iteration 1, Batch 229/600
2020-05-01 18:40:10,835 INFO - training.ea.ea_trainer - Iteration 1, Batch 230/600
2020-05-01 18:40:10,900 INFO - training.ea.ea_trainer - Iteration 1, Batch 231/600
2020-05-01 18:40:10,996 INFO - training.ea.ea_trainer - Iteration 1, Batch 232/600
2020-05-01 18:40:11,074 INFO - training.ea.ea_trainer - Iteration 1, Batch 233/600
2020-05-01 18:40:11,176 INFO - training.ea.ea_trainer - Iteration 1, Batch 234/600
2020-05-01 18:40:11,230 INFO - training.ea.ea_trainer - Iteration 1, Batch 235/600
2020-05-01 18:40:11,326 INFO - training.ea.ea_trainer - Iteration 1, Batch 236/600
2020-05-01 18:40:11,386 INFO - training.ea.ea_trainer - Iteration 1, Batch 237/600
2020-05-01 18:40:11,515 INFO - training.ea.ea_trainer - Iteration 1, Batch 238/600
2020-05-01 18:40:11,611 INFO - training.ea.ea_trainer - Iteration 1, Batch 239/600
2020-05-01 18:40:11,754 INFO - training.ea.ea_trainer - Iteration 1, Batch 240/600
2020-05-01 18:40:11,799 INFO - training.ea.ea_trainer - Iteration 1, Batch 241/600
2020-05-01 18:40:11,954 INFO - training.ea.ea_trainer - Iteration 1, Batch 242/600
2020-05-01 18:40:12,020 INFO - training.ea.ea_trainer - Iteration 1, Batch 243/600
2020-05-01 18:40:12,167 INFO - training.ea.ea_trainer - Iteration 1, Batch 244/600
2020-05-01 18:40:12,220 INFO - training.ea.ea_trainer - Iteration 1, Batch 245/600
2020-05-01 18:40:12,387 INFO - training.ea.ea_trainer - Iteration 1, Batch 246/600
2020-05-01 18:40:12,426 INFO - training.ea.ea_trainer - Iteration 1, Batch 247/600
2020-05-01 18:40:12,592 INFO - training.ea.ea_trainer - Iteration 1, Batch 248/600
2020-05-01 18:40:12,630 INFO - training.ea.ea_trainer - Iteration 1, Batch 249/600
2020-05-01 18:40:12,747 INFO - training.ea.ea_trainer - Iteration 1, Batch 250/600
2020-05-01 18:40:12,805 INFO - training.ea.ea_trainer - Iteration 1, Batch 251/600
2020-05-01 18:40:12,927 INFO - training.ea.ea_trainer - Iteration 1, Batch 252/600
2020-05-01 18:40:12,970 INFO - training.ea.ea_trainer - Iteration 1, Batch 253/600
2020-05-01 18:40:13,147 INFO - training.ea.ea_trainer - Iteration 1, Batch 254/600
2020-05-01 18:40:13,201 INFO - training.ea.ea_trainer - Iteration 1, Batch 255/600
2020-05-01 18:40:13,321 INFO - training.ea.ea_trainer - Iteration 1, Batch 256/600
2020-05-01 18:40:13,387 INFO - training.ea.ea_trainer - Iteration 1, Batch 257/600
2020-05-01 18:40:13,460 INFO - training.ea.ea_trainer - Iteration 1, Batch 258/600
2020-05-01 18:40:13,522 INFO - training.ea.ea_trainer - Iteration 1, Batch 259/600
2020-05-01 18:40:13,652 INFO - training.ea.ea_trainer - Iteration 1, Batch 260/600
2020-05-01 18:40:13,704 INFO - training.ea.ea_trainer - Iteration 1, Batch 261/600
2020-05-01 18:40:13,825 INFO - training.ea.ea_trainer - Iteration 1, Batch 262/600
2020-05-01 18:40:13,904 INFO - training.ea.ea_trainer - Iteration 1, Batch 263/600
2020-05-01 18:40:14,032 INFO - training.ea.ea_trainer - Iteration 1, Batch 264/600
2020-05-01 18:40:14,139 INFO - training.ea.ea_trainer - Iteration 1, Batch 265/600
2020-05-01 18:40:14,272 INFO - training.ea.ea_trainer - Iteration 1, Batch 266/600
2020-05-01 18:40:14,319 INFO - training.ea.ea_trainer - Iteration 1, Batch 267/600
2020-05-01 18:40:14,410 INFO - training.ea.ea_trainer - Iteration 1, Batch 268/600
2020-05-01 18:40:14,478 INFO - training.ea.ea_trainer - Iteration 1, Batch 269/600
2020-05-01 18:40:14,569 INFO - training.ea.ea_trainer - Iteration 1, Batch 270/600
2020-05-01 18:40:14,652 INFO - training.ea.ea_trainer - Iteration 1, Batch 271/600
2020-05-01 18:40:14,814 INFO - training.ea.ea_trainer - Iteration 1, Batch 272/600
2020-05-01 18:40:14,916 INFO - training.ea.ea_trainer - Iteration 1, Batch 273/600
2020-05-01 18:40:15,056 INFO - training.ea.ea_trainer - Iteration 1, Batch 274/600
2020-05-01 18:40:15,123 INFO - training.ea.ea_trainer - Iteration 1, Batch 275/600
2020-05-01 18:40:15,274 INFO - training.ea.ea_trainer - Iteration 1, Batch 276/600
2020-05-01 18:40:15,343 INFO - training.ea.ea_trainer - Iteration 1, Batch 277/600
2020-05-01 18:40:15,488 INFO - training.ea.ea_trainer - Iteration 1, Batch 278/600
2020-05-01 18:40:15,534 INFO - training.ea.ea_trainer - Iteration 1, Batch 279/600
2020-05-01 18:40:15,694 INFO - training.ea.ea_trainer - Iteration 1, Batch 280/600
2020-05-01 18:40:15,733 INFO - training.ea.ea_trainer - Iteration 1, Batch 281/600
2020-05-01 18:40:15,873 INFO - training.ea.ea_trainer - Iteration 1, Batch 282/600
2020-05-01 18:40:15,919 INFO - training.ea.ea_trainer - Iteration 1, Batch 283/600
2020-05-01 18:40:16,056 INFO - training.ea.ea_trainer - Iteration 1, Batch 284/600
2020-05-01 18:40:16,091 INFO - training.ea.ea_trainer - Iteration 1, Batch 285/600
2020-05-01 18:40:16,266 INFO - training.ea.ea_trainer - Iteration 1, Batch 286/600
2020-05-01 18:40:16,355 INFO - training.ea.ea_trainer - Iteration 1, Batch 287/600
2020-05-01 18:40:16,462 INFO - training.ea.ea_trainer - Iteration 1, Batch 288/600
2020-05-01 18:40:16,541 INFO - training.ea.ea_trainer - Iteration 1, Batch 289/600
2020-05-01 18:40:16,666 INFO - training.ea.ea_trainer - Iteration 1, Batch 290/600
2020-05-01 18:40:16,737 INFO - training.ea.ea_trainer - Iteration 1, Batch 291/600
2020-05-01 18:40:16,837 INFO - training.ea.ea_trainer - Iteration 1, Batch 292/600
2020-05-01 18:40:16,890 INFO - training.ea.ea_trainer - Iteration 1, Batch 293/600
2020-05-01 18:40:16,976 INFO - training.ea.ea_trainer - Iteration 1, Batch 294/600
2020-05-01 18:40:17,044 INFO - training.ea.ea_trainer - Iteration 1, Batch 295/600
2020-05-01 18:40:17,151 INFO - training.ea.ea_trainer - Iteration 1, Batch 296/600
2020-05-01 18:40:17,202 INFO - training.ea.ea_trainer - Iteration 1, Batch 297/600
2020-05-01 18:40:17,325 INFO - training.ea.ea_trainer - Iteration 1, Batch 298/600
2020-05-01 18:40:17,395 INFO - training.ea.ea_trainer - Iteration 1, Batch 299/600
2020-05-01 18:40:17,485 INFO - training.ea.ea_trainer - Iteration 1, Batch 300/600
2020-05-01 18:40:17,556 INFO - training.ea.ea_trainer - Iteration 1, Batch 301/600
2020-05-01 18:40:17,673 INFO - training.ea.ea_trainer - Iteration 1, Batch 302/600
2020-05-01 18:40:17,732 INFO - training.ea.ea_trainer - Iteration 1, Batch 303/600
2020-05-01 18:40:17,864 INFO - training.ea.ea_trainer - Iteration 1, Batch 304/600
2020-05-01 18:40:17,916 INFO - training.ea.ea_trainer - Iteration 1, Batch 305/600
2020-05-01 18:40:18,043 INFO - training.ea.ea_trainer - Iteration 1, Batch 306/600
2020-05-01 18:40:18,125 INFO - training.ea.ea_trainer - Iteration 1, Batch 307/600
2020-05-01 18:40:18,249 INFO - training.ea.ea_trainer - Iteration 1, Batch 308/600
2020-05-01 18:40:18,304 INFO - training.ea.ea_trainer - Iteration 1, Batch 309/600
2020-05-01 18:40:18,389 INFO - training.ea.ea_trainer - Iteration 1, Batch 310/600
2020-05-01 18:40:18,429 INFO - training.ea.ea_trainer - Iteration 1, Batch 311/600
2020-05-01 18:40:18,562 INFO - training.ea.ea_trainer - Iteration 1, Batch 312/600
2020-05-01 18:40:18,698 INFO - training.ea.ea_trainer - Iteration 1, Batch 313/600
2020-05-01 18:40:18,815 INFO - training.ea.ea_trainer - Iteration 1, Batch 314/600
2020-05-01 18:40:18,865 INFO - training.ea.ea_trainer - Iteration 1, Batch 315/600
2020-05-01 18:40:18,985 INFO - training.ea.ea_trainer - Iteration 1, Batch 316/600
2020-05-01 18:40:19,070 INFO - training.ea.ea_trainer - Iteration 1, Batch 317/600
2020-05-01 18:40:19,194 INFO - training.ea.ea_trainer - Iteration 1, Batch 318/600
2020-05-01 18:40:19,262 INFO - training.ea.ea_trainer - Iteration 1, Batch 319/600
2020-05-01 18:40:19,348 INFO - training.ea.ea_trainer - Iteration 1, Batch 320/600
2020-05-01 18:40:19,433 INFO - training.ea.ea_trainer - Iteration 1, Batch 321/600
2020-05-01 18:40:19,554 INFO - training.ea.ea_trainer - Iteration 1, Batch 322/600
2020-05-01 18:40:19,590 INFO - training.ea.ea_trainer - Iteration 1, Batch 323/600
2020-05-01 18:40:19,757 INFO - training.ea.ea_trainer - Iteration 1, Batch 324/600
2020-05-01 18:40:19,795 INFO - training.ea.ea_trainer - Iteration 1, Batch 325/600
2020-05-01 18:40:19,920 INFO - training.ea.ea_trainer - Iteration 1, Batch 326/600
2020-05-01 18:40:19,991 INFO - training.ea.ea_trainer - Iteration 1, Batch 327/600
2020-05-01 18:40:20,090 INFO - training.ea.ea_trainer - Iteration 1, Batch 328/600
2020-05-01 18:40:20,144 INFO - training.ea.ea_trainer - Iteration 1, Batch 329/600
2020-05-01 18:40:20,263 INFO - training.ea.ea_trainer - Iteration 1, Batch 330/600
2020-05-01 18:40:20,323 INFO - training.ea.ea_trainer - Iteration 1, Batch 331/600
2020-05-01 18:40:20,458 INFO - training.ea.ea_trainer - Iteration 1, Batch 332/600
2020-05-01 18:40:20,487 INFO - training.ea.ea_trainer - Iteration 1, Batch 333/600
2020-05-01 18:40:20,613 INFO - training.ea.ea_trainer - Iteration 1, Batch 334/600
2020-05-01 18:40:20,662 INFO - training.ea.ea_trainer - Iteration 1, Batch 335/600
2020-05-01 18:40:20,822 INFO - training.ea.ea_trainer - Iteration 1, Batch 336/600
2020-05-01 18:40:20,860 INFO - training.ea.ea_trainer - Iteration 1, Batch 337/600
2020-05-01 18:40:20,980 INFO - training.ea.ea_trainer - Iteration 1, Batch 338/600
2020-05-01 18:40:21,047 INFO - training.ea.ea_trainer - Iteration 1, Batch 339/600
2020-05-01 18:40:21,179 INFO - training.ea.ea_trainer - Iteration 1, Batch 340/600
2020-05-01 18:40:21,206 INFO - training.ea.ea_trainer - Iteration 1, Batch 341/600
2020-05-01 18:40:21,343 INFO - training.ea.ea_trainer - Iteration 1, Batch 342/600
2020-05-01 18:40:21,426 INFO - training.ea.ea_trainer - Iteration 1, Batch 343/600
2020-05-01 18:40:21,596 INFO - training.ea.ea_trainer - Iteration 1, Batch 344/600
2020-05-01 18:40:21,657 INFO - training.ea.ea_trainer - Iteration 1, Batch 345/600
2020-05-01 18:40:21,774 INFO - training.ea.ea_trainer - Iteration 1, Batch 346/600
2020-05-01 18:40:21,843 INFO - training.ea.ea_trainer - Iteration 1, Batch 347/600
2020-05-01 18:40:21,965 INFO - training.ea.ea_trainer - Iteration 1, Batch 348/600
2020-05-01 18:40:22,048 INFO - training.ea.ea_trainer - Iteration 1, Batch 349/600
2020-05-01 18:40:22,175 INFO - training.ea.ea_trainer - Iteration 1, Batch 350/600
2020-05-01 18:40:22,231 INFO - training.ea.ea_trainer - Iteration 1, Batch 351/600
2020-05-01 18:40:22,391 INFO - training.ea.ea_trainer - Iteration 1, Batch 352/600
2020-05-01 18:40:22,446 INFO - training.ea.ea_trainer - Iteration 1, Batch 353/600
2020-05-01 18:40:22,582 INFO - training.ea.ea_trainer - Iteration 1, Batch 354/600
2020-05-01 18:40:22,620 INFO - training.ea.ea_trainer - Iteration 1, Batch 355/600
2020-05-01 18:40:22,728 INFO - training.ea.ea_trainer - Iteration 1, Batch 356/600
2020-05-01 18:40:22,774 INFO - training.ea.ea_trainer - Iteration 1, Batch 357/600
2020-05-01 18:40:22,854 INFO - training.ea.ea_trainer - Iteration 1, Batch 358/600
2020-05-01 18:40:22,911 INFO - training.ea.ea_trainer - Iteration 1, Batch 359/600
2020-05-01 18:40:23,057 INFO - training.ea.ea_trainer - Iteration 1, Batch 360/600
2020-05-01 18:40:23,123 INFO - training.ea.ea_trainer - Iteration 1, Batch 361/600
2020-05-01 18:40:23,244 INFO - training.ea.ea_trainer - Iteration 1, Batch 362/600
2020-05-01 18:40:23,305 INFO - training.ea.ea_trainer - Iteration 1, Batch 363/600
2020-05-01 18:40:23,440 INFO - training.ea.ea_trainer - Iteration 1, Batch 364/600
2020-05-01 18:40:23,498 INFO - training.ea.ea_trainer - Iteration 1, Batch 365/600
2020-05-01 18:40:23,594 INFO - training.ea.ea_trainer - Iteration 1, Batch 366/600
2020-05-01 18:40:23,642 INFO - training.ea.ea_trainer - Iteration 1, Batch 367/600
2020-05-01 18:40:23,788 INFO - training.ea.ea_trainer - Iteration 1, Batch 368/600
2020-05-01 18:40:23,844 INFO - training.ea.ea_trainer - Iteration 1, Batch 369/600
2020-05-01 18:40:23,964 INFO - training.ea.ea_trainer - Iteration 1, Batch 370/600
2020-05-01 18:40:24,024 INFO - training.ea.ea_trainer - Iteration 1, Batch 371/600
2020-05-01 18:40:24,138 INFO - training.ea.ea_trainer - Iteration 1, Batch 372/600
2020-05-01 18:40:24,197 INFO - training.ea.ea_trainer - Iteration 1, Batch 373/600
2020-05-01 18:40:24,321 INFO - training.ea.ea_trainer - Iteration 1, Batch 374/600
2020-05-01 18:40:24,373 INFO - training.ea.ea_trainer - Iteration 1, Batch 375/600
2020-05-01 18:40:24,488 INFO - training.ea.ea_trainer - Iteration 1, Batch 376/600
2020-05-01 18:40:24,563 INFO - training.ea.ea_trainer - Iteration 1, Batch 377/600
2020-05-01 18:40:24,646 INFO - training.ea.ea_trainer - Iteration 1, Batch 378/600
2020-05-01 18:40:24,713 INFO - training.ea.ea_trainer - Iteration 1, Batch 379/600
2020-05-01 18:40:24,849 INFO - training.ea.ea_trainer - Iteration 1, Batch 380/600
2020-05-01 18:40:24,924 INFO - training.ea.ea_trainer - Iteration 1, Batch 381/600
2020-05-01 18:40:25,026 INFO - training.ea.ea_trainer - Iteration 1, Batch 382/600
2020-05-01 18:40:25,095 INFO - training.ea.ea_trainer - Iteration 1, Batch 383/600
2020-05-01 18:40:25,215 INFO - training.ea.ea_trainer - Iteration 1, Batch 384/600
2020-05-01 18:40:25,281 INFO - training.ea.ea_trainer - Iteration 1, Batch 385/600
2020-05-01 18:40:25,396 INFO - training.ea.ea_trainer - Iteration 1, Batch 386/600
2020-05-01 18:40:25,445 INFO - training.ea.ea_trainer - Iteration 1, Batch 387/600
2020-05-01 18:40:25,567 INFO - training.ea.ea_trainer - Iteration 1, Batch 388/600
2020-05-01 18:40:25,661 INFO - training.ea.ea_trainer - Iteration 1, Batch 389/600
2020-05-01 18:40:25,768 INFO - training.ea.ea_trainer - Iteration 1, Batch 390/600
2020-05-01 18:40:25,868 INFO - training.ea.ea_trainer - Iteration 1, Batch 391/600
2020-05-01 18:40:26,023 INFO - training.ea.ea_trainer - Iteration 1, Batch 392/600
2020-05-01 18:40:26,108 INFO - training.ea.ea_trainer - Iteration 1, Batch 393/600
2020-05-01 18:40:26,230 INFO - training.ea.ea_trainer - Iteration 1, Batch 394/600
2020-05-01 18:40:26,294 INFO - training.ea.ea_trainer - Iteration 1, Batch 395/600
2020-05-01 18:40:26,400 INFO - training.ea.ea_trainer - Iteration 1, Batch 396/600
2020-05-01 18:40:26,457 INFO - training.ea.ea_trainer - Iteration 1, Batch 397/600
2020-05-01 18:40:26,568 INFO - training.ea.ea_trainer - Iteration 1, Batch 398/600
2020-05-01 18:40:26,652 INFO - training.ea.ea_trainer - Iteration 1, Batch 399/600
2020-05-01 18:40:26,801 INFO - training.ea.ea_trainer - Iteration 1, Batch 400/600
2020-05-01 18:40:26,858 INFO - training.ea.ea_trainer - Iteration 1, Batch 401/600
2020-05-01 18:40:26,957 INFO - training.ea.ea_trainer - Iteration 1, Batch 402/600
2020-05-01 18:40:27,014 INFO - training.ea.ea_trainer - Iteration 1, Batch 403/600
2020-05-01 18:40:27,118 INFO - training.ea.ea_trainer - Iteration 1, Batch 404/600
2020-05-01 18:40:27,171 INFO - training.ea.ea_trainer - Iteration 1, Batch 405/600
2020-05-01 18:40:27,270 INFO - training.ea.ea_trainer - Iteration 1, Batch 406/600
2020-05-01 18:40:27,352 INFO - training.ea.ea_trainer - Iteration 1, Batch 407/600
2020-05-01 18:40:27,466 INFO - training.ea.ea_trainer - Iteration 1, Batch 408/600
2020-05-01 18:40:27,497 INFO - training.ea.ea_trainer - Iteration 1, Batch 409/600
2020-05-01 18:40:27,592 INFO - training.ea.ea_trainer - Iteration 1, Batch 410/600
2020-05-01 18:40:27,640 INFO - training.ea.ea_trainer - Iteration 1, Batch 411/600
2020-05-01 18:40:27,748 INFO - training.ea.ea_trainer - Iteration 1, Batch 412/600
2020-05-01 18:40:27,802 INFO - training.ea.ea_trainer - Iteration 1, Batch 413/600
2020-05-01 18:40:27,894 INFO - training.ea.ea_trainer - Iteration 1, Batch 414/600
2020-05-01 18:40:27,977 INFO - training.ea.ea_trainer - Iteration 1, Batch 415/600
2020-05-01 18:40:28,079 INFO - training.ea.ea_trainer - Iteration 1, Batch 416/600
2020-05-01 18:40:28,135 INFO - training.ea.ea_trainer - Iteration 1, Batch 417/600
2020-05-01 18:40:28,218 INFO - training.ea.ea_trainer - Iteration 1, Batch 418/600
2020-05-01 18:40:28,253 INFO - training.ea.ea_trainer - Iteration 1, Batch 419/600
2020-05-01 18:40:28,357 INFO - training.ea.ea_trainer - Iteration 1, Batch 420/600
2020-05-01 18:40:28,418 INFO - training.ea.ea_trainer - Iteration 1, Batch 421/600
2020-05-01 18:40:28,554 INFO - training.ea.ea_trainer - Iteration 1, Batch 422/600
2020-05-01 18:40:28,621 INFO - training.ea.ea_trainer - Iteration 1, Batch 423/600
2020-05-01 18:40:28,758 INFO - training.ea.ea_trainer - Iteration 1, Batch 424/600
2020-05-01 18:40:28,798 INFO - training.ea.ea_trainer - Iteration 1, Batch 425/600
2020-05-01 18:40:28,936 INFO - training.ea.ea_trainer - Iteration 1, Batch 426/600
2020-05-01 18:40:28,963 INFO - training.ea.ea_trainer - Iteration 1, Batch 427/600
2020-05-01 18:40:29,094 INFO - training.ea.ea_trainer - Iteration 1, Batch 428/600
2020-05-01 18:40:29,167 INFO - training.ea.ea_trainer - Iteration 1, Batch 429/600
2020-05-01 18:40:29,265 INFO - training.ea.ea_trainer - Iteration 1, Batch 430/600
2020-05-01 18:40:29,352 INFO - training.ea.ea_trainer - Iteration 1, Batch 431/600
2020-05-01 18:40:29,492 INFO - training.ea.ea_trainer - Iteration 1, Batch 432/600
2020-05-01 18:40:29,548 INFO - training.ea.ea_trainer - Iteration 1, Batch 433/600
2020-05-01 18:40:29,646 INFO - training.ea.ea_trainer - Iteration 1, Batch 434/600
2020-05-01 18:40:29,710 INFO - training.ea.ea_trainer - Iteration 1, Batch 435/600
2020-05-01 18:40:29,814 INFO - training.ea.ea_trainer - Iteration 1, Batch 436/600
2020-05-01 18:40:29,901 INFO - training.ea.ea_trainer - Iteration 1, Batch 437/600
2020-05-01 18:40:30,005 INFO - training.ea.ea_trainer - Iteration 1, Batch 438/600
2020-05-01 18:40:30,102 INFO - training.ea.ea_trainer - Iteration 1, Batch 439/600
2020-05-01 18:40:30,235 INFO - training.ea.ea_trainer - Iteration 1, Batch 440/600
2020-05-01 18:40:30,310 INFO - training.ea.ea_trainer - Iteration 1, Batch 441/600
2020-05-01 18:40:30,418 INFO - training.ea.ea_trainer - Iteration 1, Batch 442/600
2020-05-01 18:40:30,504 INFO - training.ea.ea_trainer - Iteration 1, Batch 443/600
2020-05-01 18:40:30,570 INFO - training.ea.ea_trainer - Iteration 1, Batch 444/600
2020-05-01 18:40:30,615 INFO - training.ea.ea_trainer - Iteration 1, Batch 445/600
2020-05-01 18:40:30,750 INFO - training.ea.ea_trainer - Iteration 1, Batch 446/600
2020-05-01 18:40:30,829 INFO - training.ea.ea_trainer - Iteration 1, Batch 447/600
2020-05-01 18:40:30,952 INFO - training.ea.ea_trainer - Iteration 1, Batch 448/600
2020-05-01 18:40:31,031 INFO - training.ea.ea_trainer - Iteration 1, Batch 449/600
2020-05-01 18:40:31,134 INFO - training.ea.ea_trainer - Iteration 1, Batch 450/600
2020-05-01 18:40:31,178 INFO - training.ea.ea_trainer - Iteration 1, Batch 451/600
2020-05-01 18:40:31,277 INFO - training.ea.ea_trainer - Iteration 1, Batch 452/600
2020-05-01 18:40:31,335 INFO - training.ea.ea_trainer - Iteration 1, Batch 453/600
2020-05-01 18:40:31,417 INFO - training.ea.ea_trainer - Iteration 1, Batch 454/600
2020-05-01 18:40:31,464 INFO - training.ea.ea_trainer - Iteration 1, Batch 455/600
2020-05-01 18:40:31,570 INFO - training.ea.ea_trainer - Iteration 1, Batch 456/600
2020-05-01 18:40:31,646 INFO - training.ea.ea_trainer - Iteration 1, Batch 457/600
2020-05-01 18:40:31,765 INFO - training.ea.ea_trainer - Iteration 1, Batch 458/600
2020-05-01 18:40:31,804 INFO - training.ea.ea_trainer - Iteration 1, Batch 459/600
2020-05-01 18:40:31,926 INFO - training.ea.ea_trainer - Iteration 1, Batch 460/600
2020-05-01 18:40:31,982 INFO - training.ea.ea_trainer - Iteration 1, Batch 461/600
2020-05-01 18:40:32,112 INFO - training.ea.ea_trainer - Iteration 1, Batch 462/600
2020-05-01 18:40:32,172 INFO - training.ea.ea_trainer - Iteration 1, Batch 463/600
2020-05-01 18:40:32,282 INFO - training.ea.ea_trainer - Iteration 1, Batch 464/600
2020-05-01 18:40:32,376 INFO - training.ea.ea_trainer - Iteration 1, Batch 465/600
2020-05-01 18:40:32,494 INFO - training.ea.ea_trainer - Iteration 1, Batch 466/600
2020-05-01 18:40:32,563 INFO - training.ea.ea_trainer - Iteration 1, Batch 467/600
2020-05-01 18:40:32,702 INFO - training.ea.ea_trainer - Iteration 1, Batch 468/600
2020-05-01 18:40:32,774 INFO - training.ea.ea_trainer - Iteration 1, Batch 469/600
2020-05-01 18:40:32,898 INFO - training.ea.ea_trainer - Iteration 1, Batch 470/600
2020-05-01 18:40:32,948 INFO - training.ea.ea_trainer - Iteration 1, Batch 471/600
2020-05-01 18:40:33,084 INFO - training.ea.ea_trainer - Iteration 1, Batch 472/600
2020-05-01 18:40:33,134 INFO - training.ea.ea_trainer - Iteration 1, Batch 473/600
2020-05-01 18:40:33,254 INFO - training.ea.ea_trainer - Iteration 1, Batch 474/600
2020-05-01 18:40:33,318 INFO - training.ea.ea_trainer - Iteration 1, Batch 475/600
2020-05-01 18:40:33,435 INFO - training.ea.ea_trainer - Iteration 1, Batch 476/600
2020-05-01 18:40:33,504 INFO - training.ea.ea_trainer - Iteration 1, Batch 477/600
2020-05-01 18:40:33,603 INFO - training.ea.ea_trainer - Iteration 1, Batch 478/600
2020-05-01 18:40:33,649 INFO - training.ea.ea_trainer - Iteration 1, Batch 479/600
2020-05-01 18:40:33,787 INFO - training.ea.ea_trainer - Iteration 1, Batch 480/600
2020-05-01 18:40:33,832 INFO - training.ea.ea_trainer - Iteration 1, Batch 481/600
2020-05-01 18:40:33,956 INFO - training.ea.ea_trainer - Iteration 1, Batch 482/600
2020-05-01 18:40:34,027 INFO - training.ea.ea_trainer - Iteration 1, Batch 483/600
2020-05-01 18:40:34,162 INFO - training.ea.ea_trainer - Iteration 1, Batch 484/600
2020-05-01 18:40:34,235 INFO - training.ea.ea_trainer - Iteration 1, Batch 485/600
2020-05-01 18:40:34,386 INFO - training.ea.ea_trainer - Iteration 1, Batch 486/600
2020-05-01 18:40:34,442 INFO - training.ea.ea_trainer - Iteration 1, Batch 487/600
2020-05-01 18:40:34,558 INFO - training.ea.ea_trainer - Iteration 1, Batch 488/600
2020-05-01 18:40:34,630 INFO - training.ea.ea_trainer - Iteration 1, Batch 489/600
2020-05-01 18:40:34,766 INFO - training.ea.ea_trainer - Iteration 1, Batch 490/600
2020-05-01 18:40:34,835 INFO - training.ea.ea_trainer - Iteration 1, Batch 491/600
2020-05-01 18:40:34,967 INFO - training.ea.ea_trainer - Iteration 1, Batch 492/600
2020-05-01 18:40:35,016 INFO - training.ea.ea_trainer - Iteration 1, Batch 493/600
2020-05-01 18:40:35,130 INFO - training.ea.ea_trainer - Iteration 1, Batch 494/600
2020-05-01 18:40:35,164 INFO - training.ea.ea_trainer - Iteration 1, Batch 495/600
2020-05-01 18:40:35,284 INFO - training.ea.ea_trainer - Iteration 1, Batch 496/600
2020-05-01 18:40:35,322 INFO - training.ea.ea_trainer - Iteration 1, Batch 497/600
2020-05-01 18:40:35,428 INFO - training.ea.ea_trainer - Iteration 1, Batch 498/600
2020-05-01 18:40:35,496 INFO - training.ea.ea_trainer - Iteration 1, Batch 499/600
2020-05-01 18:40:35,597 INFO - training.ea.ea_trainer - Iteration 1, Batch 500/600
2020-05-01 18:40:35,662 INFO - training.ea.ea_trainer - Iteration 1, Batch 501/600
2020-05-01 18:40:35,756 INFO - training.ea.ea_trainer - Iteration 1, Batch 502/600
2020-05-01 18:40:35,826 INFO - training.ea.ea_trainer - Iteration 1, Batch 503/600
2020-05-01 18:40:35,927 INFO - training.ea.ea_trainer - Iteration 1, Batch 504/600
2020-05-01 18:40:36,028 INFO - training.ea.ea_trainer - Iteration 1, Batch 505/600
2020-05-01 18:40:36,166 INFO - training.ea.ea_trainer - Iteration 1, Batch 506/600
2020-05-01 18:40:36,225 INFO - training.ea.ea_trainer - Iteration 1, Batch 507/600
2020-05-01 18:40:36,352 INFO - training.ea.ea_trainer - Iteration 1, Batch 508/600
2020-05-01 18:40:36,434 INFO - training.ea.ea_trainer - Iteration 1, Batch 509/600
2020-05-01 18:40:36,574 INFO - training.ea.ea_trainer - Iteration 1, Batch 510/600
2020-05-01 18:40:36,627 INFO - training.ea.ea_trainer - Iteration 1, Batch 511/600
2020-05-01 18:40:36,787 INFO - training.ea.ea_trainer - Iteration 1, Batch 512/600
2020-05-01 18:40:36,853 INFO - training.ea.ea_trainer - Iteration 1, Batch 513/600
2020-05-01 18:40:36,977 INFO - training.ea.ea_trainer - Iteration 1, Batch 514/600
2020-05-01 18:40:37,090 INFO - training.ea.ea_trainer - Iteration 1, Batch 515/600
2020-05-01 18:40:37,218 INFO - training.ea.ea_trainer - Iteration 1, Batch 516/600
2020-05-01 18:40:37,296 INFO - training.ea.ea_trainer - Iteration 1, Batch 517/600
2020-05-01 18:40:37,409 INFO - training.ea.ea_trainer - Iteration 1, Batch 518/600
2020-05-01 18:40:37,484 INFO - training.ea.ea_trainer - Iteration 1, Batch 519/600
2020-05-01 18:40:37,582 INFO - training.ea.ea_trainer - Iteration 1, Batch 520/600
2020-05-01 18:40:37,643 INFO - training.ea.ea_trainer - Iteration 1, Batch 521/600
2020-05-01 18:40:37,715 INFO - training.ea.ea_trainer - Iteration 1, Batch 522/600
2020-05-01 18:40:37,786 INFO - training.ea.ea_trainer - Iteration 1, Batch 523/600
2020-05-01 18:40:37,915 INFO - training.ea.ea_trainer - Iteration 1, Batch 524/600
2020-05-01 18:40:37,996 INFO - training.ea.ea_trainer - Iteration 1, Batch 525/600
2020-05-01 18:40:38,093 INFO - training.ea.ea_trainer - Iteration 1, Batch 526/600
2020-05-01 18:40:38,140 INFO - training.ea.ea_trainer - Iteration 1, Batch 527/600
2020-05-01 18:40:38,253 INFO - training.ea.ea_trainer - Iteration 1, Batch 528/600
2020-05-01 18:40:38,296 INFO - training.ea.ea_trainer - Iteration 1, Batch 529/600
2020-05-01 18:40:38,404 INFO - training.ea.ea_trainer - Iteration 1, Batch 530/600
2020-05-01 18:40:38,476 INFO - training.ea.ea_trainer - Iteration 1, Batch 531/600
2020-05-01 18:40:38,584 INFO - training.ea.ea_trainer - Iteration 1, Batch 532/600
2020-05-01 18:40:38,676 INFO - training.ea.ea_trainer - Iteration 1, Batch 533/600
2020-05-01 18:40:38,842 INFO - training.ea.ea_trainer - Iteration 1, Batch 534/600
2020-05-01 18:40:38,896 INFO - training.ea.ea_trainer - Iteration 1, Batch 535/600
2020-05-01 18:40:39,047 INFO - training.ea.ea_trainer - Iteration 1, Batch 536/600
2020-05-01 18:40:39,101 INFO - training.ea.ea_trainer - Iteration 1, Batch 537/600
2020-05-01 18:40:39,185 INFO - training.ea.ea_trainer - Iteration 1, Batch 538/600
2020-05-01 18:40:39,249 INFO - training.ea.ea_trainer - Iteration 1, Batch 539/600
2020-05-01 18:40:39,367 INFO - training.ea.ea_trainer - Iteration 1, Batch 540/600
2020-05-01 18:40:39,399 INFO - training.ea.ea_trainer - Iteration 1, Batch 541/600
2020-05-01 18:40:39,534 INFO - training.ea.ea_trainer - Iteration 1, Batch 542/600
2020-05-01 18:40:39,600 INFO - training.ea.ea_trainer - Iteration 1, Batch 543/600
2020-05-01 18:40:39,713 INFO - training.ea.ea_trainer - Iteration 1, Batch 544/600
2020-05-01 18:40:39,779 INFO - training.ea.ea_trainer - Iteration 1, Batch 545/600
2020-05-01 18:40:39,910 INFO - training.ea.ea_trainer - Iteration 1, Batch 546/600
2020-05-01 18:40:39,993 INFO - training.ea.ea_trainer - Iteration 1, Batch 547/600
2020-05-01 18:40:40,126 INFO - training.ea.ea_trainer - Iteration 1, Batch 548/600
2020-05-01 18:40:40,195 INFO - training.ea.ea_trainer - Iteration 1, Batch 549/600
2020-05-01 18:40:40,318 INFO - training.ea.ea_trainer - Iteration 1, Batch 550/600
2020-05-01 18:40:40,389 INFO - training.ea.ea_trainer - Iteration 1, Batch 551/600
2020-05-01 18:40:40,470 INFO - training.ea.ea_trainer - Iteration 1, Batch 552/600
2020-05-01 18:40:40,542 INFO - training.ea.ea_trainer - Iteration 1, Batch 553/600
2020-05-01 18:40:40,685 INFO - training.ea.ea_trainer - Iteration 1, Batch 554/600
2020-05-01 18:40:40,719 INFO - training.ea.ea_trainer - Iteration 1, Batch 555/600
2020-05-01 18:40:40,861 INFO - training.ea.ea_trainer - Iteration 1, Batch 556/600
2020-05-01 18:40:40,913 INFO - training.ea.ea_trainer - Iteration 1, Batch 557/600
2020-05-01 18:40:41,042 INFO - training.ea.ea_trainer - Iteration 1, Batch 558/600
2020-05-01 18:40:41,109 INFO - training.ea.ea_trainer - Iteration 1, Batch 559/600
2020-05-01 18:40:41,214 INFO - training.ea.ea_trainer - Iteration 1, Batch 560/600
2020-05-01 18:40:41,298 INFO - training.ea.ea_trainer - Iteration 1, Batch 561/600
2020-05-01 18:40:41,432 INFO - training.ea.ea_trainer - Iteration 1, Batch 562/600
2020-05-01 18:40:41,500 INFO - training.ea.ea_trainer - Iteration 1, Batch 563/600
2020-05-01 18:40:41,619 INFO - training.ea.ea_trainer - Iteration 1, Batch 564/600
2020-05-01 18:40:41,688 INFO - training.ea.ea_trainer - Iteration 1, Batch 565/600
2020-05-01 18:40:41,794 INFO - training.ea.ea_trainer - Iteration 1, Batch 566/600
2020-05-01 18:40:41,844 INFO - training.ea.ea_trainer - Iteration 1, Batch 567/600
2020-05-01 18:40:41,950 INFO - training.ea.ea_trainer - Iteration 1, Batch 568/600
2020-05-01 18:40:42,027 INFO - training.ea.ea_trainer - Iteration 1, Batch 569/600
2020-05-01 18:40:42,117 INFO - training.ea.ea_trainer - Iteration 1, Batch 570/600
2020-05-01 18:40:42,186 INFO - training.ea.ea_trainer - Iteration 1, Batch 571/600
2020-05-01 18:40:42,304 INFO - training.ea.ea_trainer - Iteration 1, Batch 572/600
2020-05-01 18:40:42,409 INFO - training.ea.ea_trainer - Iteration 1, Batch 573/600
2020-05-01 18:40:42,549 INFO - training.ea.ea_trainer - Iteration 1, Batch 574/600
2020-05-01 18:40:42,598 INFO - training.ea.ea_trainer - Iteration 1, Batch 575/600
2020-05-01 18:40:42,751 INFO - training.ea.ea_trainer - Iteration 1, Batch 576/600
2020-05-01 18:40:42,801 INFO - training.ea.ea_trainer - Iteration 1, Batch 577/600
2020-05-01 18:40:42,923 INFO - training.ea.ea_trainer - Iteration 1, Batch 578/600
2020-05-01 18:40:42,990 INFO - training.ea.ea_trainer - Iteration 1, Batch 579/600
2020-05-01 18:40:43,104 INFO - training.ea.ea_trainer - Iteration 1, Batch 580/600
2020-05-01 18:40:43,174 INFO - training.ea.ea_trainer - Iteration 1, Batch 581/600
2020-05-01 18:40:43,348 INFO - training.ea.ea_trainer - Iteration 1, Batch 582/600
2020-05-01 18:40:43,399 INFO - training.ea.ea_trainer - Iteration 1, Batch 583/600
2020-05-01 18:40:43,483 INFO - training.ea.ea_trainer - Iteration 1, Batch 584/600
2020-05-01 18:40:43,580 INFO - training.ea.ea_trainer - Iteration 1, Batch 585/600
2020-05-01 18:40:43,670 INFO - training.ea.ea_trainer - Iteration 1, Batch 586/600
2020-05-01 18:40:43,722 INFO - training.ea.ea_trainer - Iteration 1, Batch 587/600
2020-05-01 18:40:43,889 INFO - training.ea.ea_trainer - Iteration 1, Batch 588/600
2020-05-01 18:40:43,927 INFO - training.ea.ea_trainer - Iteration 1, Batch 589/600
2020-05-01 18:40:44,058 INFO - training.ea.ea_trainer - Iteration 1, Batch 590/600
2020-05-01 18:40:44,128 INFO - training.ea.ea_trainer - Iteration 1, Batch 591/600
2020-05-01 18:40:44,233 INFO - training.ea.ea_trainer - Iteration 1, Batch 592/600
2020-05-01 18:40:44,335 INFO - training.ea.ea_trainer - Iteration 1, Batch 593/600
2020-05-01 18:40:44,447 INFO - training.ea.ea_trainer - Iteration 1, Batch 594/600
2020-05-01 18:40:44,512 INFO - training.ea.ea_trainer - Iteration 1, Batch 595/600
2020-05-01 18:40:44,596 INFO - training.ea.ea_trainer - Iteration 1, Batch 596/600
2020-05-01 18:40:44,636 INFO - training.ea.ea_trainer - Iteration 1, Batch 597/600
2020-05-01 18:40:44,738 INFO - training.ea.ea_trainer - Iteration 1, Batch 598/600
2020-05-01 18:40:44,786 INFO - training.ea.ea_trainer - Iteration 1, Batch 599/600
2020-05-01 18:40:45,282 INFO - requests.packages.urllib3.connectionpool - Starting new HTTP connection (1): 127.0.0.1
2020-05-01 18:40:45,288 INFO - requests.packages.urllib3.connectionpool - Starting new HTTP connection (1): 127.0.0.1
2020-05-01 18:40:45,491 INFO - distribution.node_client - Loading parameters from endpoint http://127.0.0.1:5000/parameters/generators/best took 0.21240830421447754 seconds
2020-05-01 18:40:45,529 INFO - distribution.node_client - Loading parameters from endpoint http://127.0.0.1:5003/parameters/generators/best took 0.24412035942077637 seconds
2020-05-01 18:40:45,662 INFO - training.ea.ea_trainer - Calculating FID/inception score.
2020-05-01 18:40:45,665 CRITICAL - distribution.client_api - An unhandled error occured while running Lipizzaner: [Errno 2] No such file or directory: './networks/mnist_cnn/mnist_cnn.pkl'
2020-05-01 18:40:45,711 INFO - distribution.client_api - Finished experiment, waiting for new requests.
2020-05-01 18:40:48,515 WARNING - distribution.client_api - Received stop signal from master, but no experiment is running.
