2020-05-01 19:44:26,296 INFO - distribution.client_api - Distributed training recognized, set log directory to ./output/lipizzaner_gan/distributed/mnist/2020-05-01_19-44-26/2428
2020-05-01 19:44:26,457 INFO - lipizzaner - Parameters: {'trainer': {'calculate_net_weights_dist': True, 'params': {'tournament_size': 2, 'fitness': {'fitness_sample_size': 1000, 'fitness_mode': 'average'}, 'population_size': 1, 'n_replacements': 1, 'discriminator_skip_each_nth_step': 1, 'enable_selection': False, 'mixture_sigma': 0.01, 'score': {'cuda': True, 'enabled': False, 'type': 'fid', 'score_sample_size': 1000}, 'alpha': 0.0001, 'default_adam_learning_rate': 0.0002, 'mutation_probability': 0.5}, 'n_iterations': 5, 'name': 'lipizzaner_gan', 'mixture_generator_samples_mode': 'exact_proportion'}, 'network': {'name': 'four_layer_perceptron', 'loss': 'bceloss'}, 'dataloader': {'n_batches': 0, 'dataset_name': 'mnist', 'batch_size': 100, 'shuffle': True, 'use_batch': True}, 'general': {'losswise': {'api_key': '3T1CKALG6', 'enabled': False}, 'num_workers': 4, 'distribution': {'client_nodes': [{'address': '127.0.0.1', 'port': 5000}, {'address': '127.0.0.1', 'port': 5001}, {'address': '127.0.0.1', 'port': 5002}, {'address': '127.0.0.1', 'port': 5003}], 'start_time': '2020-05-01_19-44-26', 'auto_discover': False, 'master_node': {'exit_clients_on_disconnect': True}}, 'seed': 1, 'logging': {'image_format': 'jpg', 'enabled': True, 'log_server': None, 'log_level': 'INFO', 'print_discriminator': False}, 'output_dir': './output'}, 'master': {'calculate_score': False, 'cuda': True, 'score_sample_size': 50000}}
2020-05-01 19:44:26,458 INFO - lipizzaner - CUDA is not supported on this device.
2020-05-01 19:44:26,459 INFO - lipizzaner - Seed used: 6015804
2020-05-01 19:44:26,459 INFO - lipizzaner - Starting training for 5 iterations/epochs.
2020-05-01 19:44:26,640 INFO - requests.packages.urllib3.connectionpool - Starting new HTTP connection (1): 127.0.0.1
2020-05-01 19:44:26,656 INFO - requests.packages.urllib3.connectionpool - Starting new HTTP connection (1): 127.0.0.1
2020-05-01 19:44:26,873 INFO - distribution.node_client - Loading parameters from endpoint http://127.0.0.1:5003/parameters/generators took 0.21947574615478516 seconds
2020-05-01 19:44:26,902 INFO - distribution.node_client - Loading parameters from endpoint http://127.0.0.1:5000/parameters/generators took 0.2785191535949707 seconds
2020-05-01 19:44:26,984 INFO - requests.packages.urllib3.connectionpool - Starting new HTTP connection (1): 127.0.0.1
2020-05-01 19:44:26,986 INFO - requests.packages.urllib3.connectionpool - Starting new HTTP connection (1): 127.0.0.1
2020-05-01 19:44:27,068 INFO - distribution.node_client - Loading parameters from endpoint http://127.0.0.1:5000/parameters/discriminators took 0.08582210540771484 seconds
2020-05-01 19:44:27,088 INFO - distribution.node_client - Loading parameters from endpoint http://127.0.0.1:5003/parameters/discriminators took 0.10347771644592285 seconds
2020-05-01 19:44:27,205 INFO - training.ea.ea_trainer - Generators in current neighborhood are ['Iteration0:127.0.0.1:5003:3/G0', 'Iteration0:127.0.0.1:5000:0/G0', 'Iteration0:127.0.0.1:5002:2/G0']
2020-05-01 19:44:27,205 INFO - training.ea.ea_trainer - Discriminators in current neighborhood are ['Iteration0:127.0.0.1:5000:0/D0', 'Iteration0:127.0.0.1:5003:3/D0', 'Iteration0:127.0.0.1:5002:2/D0']
2020-05-01 19:44:27,255 INFO - training.ea.ea_trainer - L2 distance between all generators weights: [('Iteration0:127.0.0.1:5003:3/G0', 'Iteration0:127.0.0.1:5000:0/G0', array(29.420944, dtype=float32)), ('Iteration0:127.0.0.1:5003:3/G0', 'Iteration0:127.0.0.1:5002:2/G0', array(29.516949, dtype=float32)), ('Iteration0:127.0.0.1:5000:0/G0', 'Iteration0:127.0.0.1:5002:2/G0', array(29.50566, dtype=float32))]
2020-05-01 19:44:27,295 INFO - training.ea.ea_trainer - L2 distance between all discriminators weights: [('Iteration0:127.0.0.1:5000:0/D0', 'Iteration0:127.0.0.1:5003:3/D0', array(18.491697, dtype=float32)), ('Iteration0:127.0.0.1:5000:0/D0', 'Iteration0:127.0.0.1:5002:2/D0', array(18.51303, dtype=float32)), ('Iteration0:127.0.0.1:5003:3/D0', 'Iteration0:127.0.0.1:5002:2/D0', array(18.522278, dtype=float32))]
2020-05-01 19:44:29,469 INFO - training.ea.ea_trainer - Iteration 1, Batch 0/600
2020-05-01 19:44:29,558 INFO - training.ea.ea_trainer - Iteration 1, Batch 1/600
2020-05-01 19:44:29,679 INFO - training.ea.ea_trainer - Iteration 1, Batch 2/600
2020-05-01 19:44:29,749 INFO - training.ea.ea_trainer - Iteration 1, Batch 3/600
2020-05-01 19:44:29,848 INFO - training.ea.ea_trainer - Iteration 1, Batch 4/600
2020-05-01 19:44:29,919 INFO - training.ea.ea_trainer - Iteration 1, Batch 5/600
2020-05-01 19:44:30,067 INFO - training.ea.ea_trainer - Iteration 1, Batch 6/600
2020-05-01 19:44:30,149 INFO - training.ea.ea_trainer - Iteration 1, Batch 7/600
2020-05-01 19:44:30,275 INFO - training.ea.ea_trainer - Iteration 1, Batch 8/600
2020-05-01 19:44:30,339 INFO - training.ea.ea_trainer - Iteration 1, Batch 9/600
2020-05-01 19:44:30,444 INFO - training.ea.ea_trainer - Iteration 1, Batch 10/600
2020-05-01 19:44:30,497 INFO - training.ea.ea_trainer - Iteration 1, Batch 11/600
2020-05-01 19:44:30,615 INFO - training.ea.ea_trainer - Iteration 1, Batch 12/600
2020-05-01 19:44:30,676 INFO - training.ea.ea_trainer - Iteration 1, Batch 13/600
2020-05-01 19:44:30,824 INFO - training.ea.ea_trainer - Iteration 1, Batch 14/600
2020-05-01 19:44:30,921 INFO - training.ea.ea_trainer - Iteration 1, Batch 15/600
2020-05-01 19:44:31,023 INFO - training.ea.ea_trainer - Iteration 1, Batch 16/600
2020-05-01 19:44:31,095 INFO - training.ea.ea_trainer - Iteration 1, Batch 17/600
2020-05-01 19:44:31,203 INFO - training.ea.ea_trainer - Iteration 1, Batch 18/600
2020-05-01 19:44:31,254 INFO - training.ea.ea_trainer - Iteration 1, Batch 19/600
2020-05-01 19:44:31,433 INFO - training.ea.ea_trainer - Iteration 1, Batch 20/600
2020-05-01 19:44:31,492 INFO - training.ea.ea_trainer - Iteration 1, Batch 21/600
2020-05-01 19:44:31,639 INFO - training.ea.ea_trainer - Iteration 1, Batch 22/600
2020-05-01 19:44:31,702 INFO - training.ea.ea_trainer - Iteration 1, Batch 23/600
2020-05-01 19:44:31,787 INFO - training.ea.ea_trainer - Iteration 1, Batch 24/600
2020-05-01 19:44:31,826 INFO - training.ea.ea_trainer - Iteration 1, Batch 25/600
2020-05-01 19:44:31,964 INFO - training.ea.ea_trainer - Iteration 1, Batch 26/600
2020-05-01 19:44:32,019 INFO - training.ea.ea_trainer - Iteration 1, Batch 27/600
2020-05-01 19:44:32,131 INFO - training.ea.ea_trainer - Iteration 1, Batch 28/600
2020-05-01 19:44:32,186 INFO - training.ea.ea_trainer - Iteration 1, Batch 29/600
2020-05-01 19:44:32,321 INFO - training.ea.ea_trainer - Iteration 1, Batch 30/600
2020-05-01 19:44:32,379 INFO - training.ea.ea_trainer - Iteration 1, Batch 31/600
2020-05-01 19:44:32,467 INFO - training.ea.ea_trainer - Iteration 1, Batch 32/600
2020-05-01 19:44:32,513 INFO - training.ea.ea_trainer - Iteration 1, Batch 33/600
2020-05-01 19:44:32,670 INFO - training.ea.ea_trainer - Iteration 1, Batch 34/600
2020-05-01 19:44:32,724 INFO - training.ea.ea_trainer - Iteration 1, Batch 35/600
2020-05-01 19:44:32,828 INFO - training.ea.ea_trainer - Iteration 1, Batch 36/600
2020-05-01 19:44:32,876 INFO - training.ea.ea_trainer - Iteration 1, Batch 37/600
2020-05-01 19:44:32,979 INFO - training.ea.ea_trainer - Iteration 1, Batch 38/600
2020-05-01 19:44:33,010 INFO - training.ea.ea_trainer - Iteration 1, Batch 39/600
2020-05-01 19:44:33,128 INFO - training.ea.ea_trainer - Iteration 1, Batch 40/600
2020-05-01 19:44:33,190 INFO - training.ea.ea_trainer - Iteration 1, Batch 41/600
2020-05-01 19:44:33,324 INFO - training.ea.ea_trainer - Iteration 1, Batch 42/600
2020-05-01 19:44:33,405 INFO - training.ea.ea_trainer - Iteration 1, Batch 43/600
2020-05-01 19:44:33,496 INFO - training.ea.ea_trainer - Iteration 1, Batch 44/600
2020-05-01 19:44:33,592 INFO - training.ea.ea_trainer - Iteration 1, Batch 45/600
2020-05-01 19:44:33,710 INFO - training.ea.ea_trainer - Iteration 1, Batch 46/600
2020-05-01 19:44:33,767 INFO - training.ea.ea_trainer - Iteration 1, Batch 47/600
2020-05-01 19:44:33,870 INFO - training.ea.ea_trainer - Iteration 1, Batch 48/600
2020-05-01 19:44:33,941 INFO - training.ea.ea_trainer - Iteration 1, Batch 49/600
2020-05-01 19:44:34,033 INFO - training.ea.ea_trainer - Iteration 1, Batch 50/600
2020-05-01 19:44:34,092 INFO - training.ea.ea_trainer - Iteration 1, Batch 51/600
2020-05-01 19:44:34,205 INFO - training.ea.ea_trainer - Iteration 1, Batch 52/600
2020-05-01 19:44:34,263 INFO - training.ea.ea_trainer - Iteration 1, Batch 53/600
2020-05-01 19:44:34,360 INFO - training.ea.ea_trainer - Iteration 1, Batch 54/600
2020-05-01 19:44:34,424 INFO - training.ea.ea_trainer - Iteration 1, Batch 55/600
2020-05-01 19:44:34,538 INFO - training.ea.ea_trainer - Iteration 1, Batch 56/600
2020-05-01 19:44:34,626 INFO - training.ea.ea_trainer - Iteration 1, Batch 57/600
2020-05-01 19:44:34,734 INFO - training.ea.ea_trainer - Iteration 1, Batch 58/600
2020-05-01 19:44:34,792 INFO - training.ea.ea_trainer - Iteration 1, Batch 59/600
2020-05-01 19:44:34,890 INFO - training.ea.ea_trainer - Iteration 1, Batch 60/600
2020-05-01 19:44:34,944 INFO - training.ea.ea_trainer - Iteration 1, Batch 61/600
2020-05-01 19:44:35,074 INFO - training.ea.ea_trainer - Iteration 1, Batch 62/600
2020-05-01 19:44:35,166 INFO - training.ea.ea_trainer - Iteration 1, Batch 63/600
2020-05-01 19:44:35,283 INFO - training.ea.ea_trainer - Iteration 1, Batch 64/600
2020-05-01 19:44:35,329 INFO - training.ea.ea_trainer - Iteration 1, Batch 65/600
2020-05-01 19:44:35,468 INFO - training.ea.ea_trainer - Iteration 1, Batch 66/600
2020-05-01 19:44:35,519 INFO - training.ea.ea_trainer - Iteration 1, Batch 67/600
2020-05-01 19:44:35,635 INFO - training.ea.ea_trainer - Iteration 1, Batch 68/600
2020-05-01 19:44:35,692 INFO - training.ea.ea_trainer - Iteration 1, Batch 69/600
2020-05-01 19:44:35,788 INFO - training.ea.ea_trainer - Iteration 1, Batch 70/600
2020-05-01 19:44:35,831 INFO - training.ea.ea_trainer - Iteration 1, Batch 71/600
2020-05-01 19:44:35,977 INFO - training.ea.ea_trainer - Iteration 1, Batch 72/600
2020-05-01 19:44:36,013 INFO - training.ea.ea_trainer - Iteration 1, Batch 73/600
2020-05-01 19:44:36,122 INFO - training.ea.ea_trainer - Iteration 1, Batch 74/600
2020-05-01 19:44:36,193 INFO - training.ea.ea_trainer - Iteration 1, Batch 75/600
2020-05-01 19:44:36,303 INFO - training.ea.ea_trainer - Iteration 1, Batch 76/600
2020-05-01 19:44:36,364 INFO - training.ea.ea_trainer - Iteration 1, Batch 77/600
2020-05-01 19:44:36,478 INFO - training.ea.ea_trainer - Iteration 1, Batch 78/600
2020-05-01 19:44:36,532 INFO - training.ea.ea_trainer - Iteration 1, Batch 79/600
2020-05-01 19:44:36,605 INFO - training.ea.ea_trainer - Iteration 1, Batch 80/600
2020-05-01 19:44:36,658 INFO - training.ea.ea_trainer - Iteration 1, Batch 81/600
2020-05-01 19:44:36,761 INFO - training.ea.ea_trainer - Iteration 1, Batch 82/600
2020-05-01 19:44:36,828 INFO - training.ea.ea_trainer - Iteration 1, Batch 83/600
2020-05-01 19:44:36,958 INFO - training.ea.ea_trainer - Iteration 1, Batch 84/600
2020-05-01 19:44:37,003 INFO - training.ea.ea_trainer - Iteration 1, Batch 85/600
2020-05-01 19:44:37,110 INFO - training.ea.ea_trainer - Iteration 1, Batch 86/600
2020-05-01 19:44:37,160 INFO - training.ea.ea_trainer - Iteration 1, Batch 87/600
2020-05-01 19:44:37,265 INFO - training.ea.ea_trainer - Iteration 1, Batch 88/600
2020-05-01 19:44:37,344 INFO - training.ea.ea_trainer - Iteration 1, Batch 89/600
2020-05-01 19:44:37,476 INFO - training.ea.ea_trainer - Iteration 1, Batch 90/600
2020-05-01 19:44:37,524 INFO - training.ea.ea_trainer - Iteration 1, Batch 91/600
2020-05-01 19:44:37,672 INFO - training.ea.ea_trainer - Iteration 1, Batch 92/600
2020-05-01 19:44:37,713 INFO - training.ea.ea_trainer - Iteration 1, Batch 93/600
2020-05-01 19:44:37,884 INFO - training.ea.ea_trainer - Iteration 1, Batch 94/600
2020-05-01 19:44:37,912 INFO - training.ea.ea_trainer - Iteration 1, Batch 95/600
2020-05-01 19:44:38,083 INFO - training.ea.ea_trainer - Iteration 1, Batch 96/600
2020-05-01 19:44:38,188 INFO - training.ea.ea_trainer - Iteration 1, Batch 97/600
2020-05-01 19:44:38,279 INFO - training.ea.ea_trainer - Iteration 1, Batch 98/600
2020-05-01 19:44:38,383 INFO - training.ea.ea_trainer - Iteration 1, Batch 99/600
2020-05-01 19:44:38,511 INFO - training.ea.ea_trainer - Iteration 1, Batch 100/600
2020-05-01 19:44:38,591 INFO - training.ea.ea_trainer - Iteration 1, Batch 101/600
2020-05-01 19:44:38,695 INFO - training.ea.ea_trainer - Iteration 1, Batch 102/600
2020-05-01 19:44:38,764 INFO - training.ea.ea_trainer - Iteration 1, Batch 103/600
2020-05-01 19:44:38,850 INFO - training.ea.ea_trainer - Iteration 1, Batch 104/600
2020-05-01 19:44:38,941 INFO - training.ea.ea_trainer - Iteration 1, Batch 105/600
2020-05-01 19:44:39,085 INFO - training.ea.ea_trainer - Iteration 1, Batch 106/600
2020-05-01 19:44:39,145 INFO - training.ea.ea_trainer - Iteration 1, Batch 107/600
2020-05-01 19:44:39,266 INFO - training.ea.ea_trainer - Iteration 1, Batch 108/600
2020-05-01 19:44:39,326 INFO - training.ea.ea_trainer - Iteration 1, Batch 109/600
2020-05-01 19:44:39,461 INFO - training.ea.ea_trainer - Iteration 1, Batch 110/600
2020-05-01 19:44:39,515 INFO - training.ea.ea_trainer - Iteration 1, Batch 111/600
2020-05-01 19:44:39,640 INFO - training.ea.ea_trainer - Iteration 1, Batch 112/600
2020-05-01 19:44:39,681 INFO - training.ea.ea_trainer - Iteration 1, Batch 113/600
2020-05-01 19:44:39,814 INFO - training.ea.ea_trainer - Iteration 1, Batch 114/600
2020-05-01 19:44:39,880 INFO - training.ea.ea_trainer - Iteration 1, Batch 115/600
2020-05-01 19:44:40,000 INFO - training.ea.ea_trainer - Iteration 1, Batch 116/600
2020-05-01 19:44:40,044 INFO - training.ea.ea_trainer - Iteration 1, Batch 117/600
2020-05-01 19:44:40,176 INFO - training.ea.ea_trainer - Iteration 1, Batch 118/600
2020-05-01 19:44:40,245 INFO - training.ea.ea_trainer - Iteration 1, Batch 119/600
2020-05-01 19:44:40,331 INFO - training.ea.ea_trainer - Iteration 1, Batch 120/600
2020-05-01 19:44:40,412 INFO - training.ea.ea_trainer - Iteration 1, Batch 121/600
2020-05-01 19:44:40,532 INFO - training.ea.ea_trainer - Iteration 1, Batch 122/600
2020-05-01 19:44:40,580 INFO - training.ea.ea_trainer - Iteration 1, Batch 123/600
2020-05-01 19:44:40,700 INFO - training.ea.ea_trainer - Iteration 1, Batch 124/600
2020-05-01 19:44:40,757 INFO - training.ea.ea_trainer - Iteration 1, Batch 125/600
2020-05-01 19:44:40,867 INFO - training.ea.ea_trainer - Iteration 1, Batch 126/600
2020-05-01 19:44:40,939 INFO - training.ea.ea_trainer - Iteration 1, Batch 127/600
2020-05-01 19:44:41,088 INFO - training.ea.ea_trainer - Iteration 1, Batch 128/600
2020-05-01 19:44:41,174 INFO - training.ea.ea_trainer - Iteration 1, Batch 129/600
2020-05-01 19:44:41,301 INFO - training.ea.ea_trainer - Iteration 1, Batch 130/600
2020-05-01 19:44:41,386 INFO - training.ea.ea_trainer - Iteration 1, Batch 131/600
2020-05-01 19:44:41,470 INFO - training.ea.ea_trainer - Iteration 1, Batch 132/600
2020-05-01 19:44:41,517 INFO - training.ea.ea_trainer - Iteration 1, Batch 133/600
2020-05-01 19:44:41,602 INFO - training.ea.ea_trainer - Iteration 1, Batch 134/600
2020-05-01 19:44:41,656 INFO - training.ea.ea_trainer - Iteration 1, Batch 135/600
2020-05-01 19:44:41,757 INFO - training.ea.ea_trainer - Iteration 1, Batch 136/600
2020-05-01 19:44:41,800 INFO - training.ea.ea_trainer - Iteration 1, Batch 137/600
2020-05-01 19:44:41,946 INFO - training.ea.ea_trainer - Iteration 1, Batch 138/600
2020-05-01 19:44:42,039 INFO - training.ea.ea_trainer - Iteration 1, Batch 139/600
2020-05-01 19:44:42,170 INFO - training.ea.ea_trainer - Iteration 1, Batch 140/600
2020-05-01 19:44:42,290 INFO - training.ea.ea_trainer - Iteration 1, Batch 141/600
2020-05-01 19:44:42,408 INFO - training.ea.ea_trainer - Iteration 1, Batch 142/600
2020-05-01 19:44:42,479 INFO - training.ea.ea_trainer - Iteration 1, Batch 143/600
2020-05-01 19:44:42,600 INFO - training.ea.ea_trainer - Iteration 1, Batch 144/600
2020-05-01 19:44:42,662 INFO - training.ea.ea_trainer - Iteration 1, Batch 145/600
2020-05-01 19:44:42,802 INFO - training.ea.ea_trainer - Iteration 1, Batch 146/600
2020-05-01 19:44:42,866 INFO - training.ea.ea_trainer - Iteration 1, Batch 147/600
2020-05-01 19:44:42,994 INFO - training.ea.ea_trainer - Iteration 1, Batch 148/600
2020-05-01 19:44:43,052 INFO - training.ea.ea_trainer - Iteration 1, Batch 149/600
2020-05-01 19:44:43,149 INFO - training.ea.ea_trainer - Iteration 1, Batch 150/600
2020-05-01 19:44:43,219 INFO - training.ea.ea_trainer - Iteration 1, Batch 151/600
2020-05-01 19:44:43,348 INFO - training.ea.ea_trainer - Iteration 1, Batch 152/600
2020-05-01 19:44:43,414 INFO - training.ea.ea_trainer - Iteration 1, Batch 153/600
2020-05-01 19:44:43,534 INFO - training.ea.ea_trainer - Iteration 1, Batch 154/600
2020-05-01 19:44:43,597 INFO - training.ea.ea_trainer - Iteration 1, Batch 155/600
2020-05-01 19:44:43,696 INFO - training.ea.ea_trainer - Iteration 1, Batch 156/600
2020-05-01 19:44:43,736 INFO - training.ea.ea_trainer - Iteration 1, Batch 157/600
2020-05-01 19:44:43,872 INFO - training.ea.ea_trainer - Iteration 1, Batch 158/600
2020-05-01 19:44:43,957 INFO - training.ea.ea_trainer - Iteration 1, Batch 159/600
2020-05-01 19:44:44,090 INFO - training.ea.ea_trainer - Iteration 1, Batch 160/600
2020-05-01 19:44:44,170 INFO - training.ea.ea_trainer - Iteration 1, Batch 161/600
2020-05-01 19:44:44,336 INFO - training.ea.ea_trainer - Iteration 1, Batch 162/600
2020-05-01 19:44:44,375 INFO - training.ea.ea_trainer - Iteration 1, Batch 163/600
2020-05-01 19:44:44,472 INFO - training.ea.ea_trainer - Iteration 1, Batch 164/600
2020-05-01 19:44:44,537 INFO - training.ea.ea_trainer - Iteration 1, Batch 165/600
2020-05-01 19:44:44,671 INFO - training.ea.ea_trainer - Iteration 1, Batch 166/600
2020-05-01 19:44:44,720 INFO - training.ea.ea_trainer - Iteration 1, Batch 167/600
2020-05-01 19:44:44,830 INFO - training.ea.ea_trainer - Iteration 1, Batch 168/600
2020-05-01 19:44:44,892 INFO - training.ea.ea_trainer - Iteration 1, Batch 169/600
2020-05-01 19:44:44,972 INFO - training.ea.ea_trainer - Iteration 1, Batch 170/600
2020-05-01 19:44:45,035 INFO - training.ea.ea_trainer - Iteration 1, Batch 171/600
2020-05-01 19:44:45,165 INFO - training.ea.ea_trainer - Iteration 1, Batch 172/600
2020-05-01 19:44:45,223 INFO - training.ea.ea_trainer - Iteration 1, Batch 173/600
2020-05-01 19:44:45,378 INFO - training.ea.ea_trainer - Iteration 1, Batch 174/600
2020-05-01 19:44:45,440 INFO - training.ea.ea_trainer - Iteration 1, Batch 175/600
2020-05-01 19:44:45,528 INFO - training.ea.ea_trainer - Iteration 1, Batch 176/600
2020-05-01 19:44:45,598 INFO - training.ea.ea_trainer - Iteration 1, Batch 177/600
2020-05-01 19:44:45,737 INFO - training.ea.ea_trainer - Iteration 1, Batch 178/600
2020-05-01 19:44:45,798 INFO - training.ea.ea_trainer - Iteration 1, Batch 179/600
2020-05-01 19:44:45,913 INFO - training.ea.ea_trainer - Iteration 1, Batch 180/600
2020-05-01 19:44:45,981 INFO - training.ea.ea_trainer - Iteration 1, Batch 181/600
2020-05-01 19:44:46,092 INFO - training.ea.ea_trainer - Iteration 1, Batch 182/600
2020-05-01 19:44:46,163 INFO - training.ea.ea_trainer - Iteration 1, Batch 183/600
2020-05-01 19:44:46,301 INFO - training.ea.ea_trainer - Iteration 1, Batch 184/600
2020-05-01 19:44:46,360 INFO - training.ea.ea_trainer - Iteration 1, Batch 185/600
2020-05-01 19:44:46,477 INFO - training.ea.ea_trainer - Iteration 1, Batch 186/600
2020-05-01 19:44:46,535 INFO - training.ea.ea_trainer - Iteration 1, Batch 187/600
2020-05-01 19:44:46,664 INFO - training.ea.ea_trainer - Iteration 1, Batch 188/600
2020-05-01 19:44:46,715 INFO - training.ea.ea_trainer - Iteration 1, Batch 189/600
2020-05-01 19:44:46,826 INFO - training.ea.ea_trainer - Iteration 1, Batch 190/600
2020-05-01 19:44:46,916 INFO - training.ea.ea_trainer - Iteration 1, Batch 191/600
2020-05-01 19:44:47,016 INFO - training.ea.ea_trainer - Iteration 1, Batch 192/600
2020-05-01 19:44:47,101 INFO - training.ea.ea_trainer - Iteration 1, Batch 193/600
2020-05-01 19:44:47,185 INFO - training.ea.ea_trainer - Iteration 1, Batch 194/600
2020-05-01 19:44:47,257 INFO - training.ea.ea_trainer - Iteration 1, Batch 195/600
2020-05-01 19:44:47,403 INFO - training.ea.ea_trainer - Iteration 1, Batch 196/600
2020-05-01 19:44:47,445 INFO - training.ea.ea_trainer - Iteration 1, Batch 197/600
2020-05-01 19:44:47,548 INFO - training.ea.ea_trainer - Iteration 1, Batch 198/600
2020-05-01 19:44:47,593 INFO - training.ea.ea_trainer - Iteration 1, Batch 199/600
2020-05-01 19:44:47,713 INFO - training.ea.ea_trainer - Iteration 1, Batch 200/600
2020-05-01 19:44:47,766 INFO - training.ea.ea_trainer - Iteration 1, Batch 201/600
2020-05-01 19:44:47,886 INFO - training.ea.ea_trainer - Iteration 1, Batch 202/600
2020-05-01 19:44:47,957 INFO - training.ea.ea_trainer - Iteration 1, Batch 203/600
2020-05-01 19:44:48,069 INFO - training.ea.ea_trainer - Iteration 1, Batch 204/600
2020-05-01 19:44:48,092 INFO - training.ea.ea_trainer - Iteration 1, Batch 205/600
2020-05-01 19:44:48,214 INFO - training.ea.ea_trainer - Iteration 1, Batch 206/600
2020-05-01 19:44:48,274 INFO - training.ea.ea_trainer - Iteration 1, Batch 207/600
2020-05-01 19:44:48,395 INFO - training.ea.ea_trainer - Iteration 1, Batch 208/600
2020-05-01 19:44:48,436 INFO - training.ea.ea_trainer - Iteration 1, Batch 209/600
2020-05-01 19:44:48,571 INFO - training.ea.ea_trainer - Iteration 1, Batch 210/600
2020-05-01 19:44:48,640 INFO - training.ea.ea_trainer - Iteration 1, Batch 211/600
2020-05-01 19:44:48,747 INFO - training.ea.ea_trainer - Iteration 1, Batch 212/600
2020-05-01 19:44:48,793 INFO - training.ea.ea_trainer - Iteration 1, Batch 213/600
2020-05-01 19:44:48,916 INFO - training.ea.ea_trainer - Iteration 1, Batch 214/600
2020-05-01 19:44:48,992 INFO - training.ea.ea_trainer - Iteration 1, Batch 215/600
2020-05-01 19:44:49,112 INFO - training.ea.ea_trainer - Iteration 1, Batch 216/600
2020-05-01 19:44:49,168 INFO - training.ea.ea_trainer - Iteration 1, Batch 217/600
2020-05-01 19:44:49,261 INFO - training.ea.ea_trainer - Iteration 1, Batch 218/600
2020-05-01 19:44:49,334 INFO - training.ea.ea_trainer - Iteration 1, Batch 219/600
2020-05-01 19:44:49,439 INFO - training.ea.ea_trainer - Iteration 1, Batch 220/600
2020-05-01 19:44:49,493 INFO - training.ea.ea_trainer - Iteration 1, Batch 221/600
2020-05-01 19:44:49,576 INFO - training.ea.ea_trainer - Iteration 1, Batch 222/600
2020-05-01 19:44:49,617 INFO - training.ea.ea_trainer - Iteration 1, Batch 223/600
2020-05-01 19:44:49,752 INFO - training.ea.ea_trainer - Iteration 1, Batch 224/600
2020-05-01 19:44:49,827 INFO - training.ea.ea_trainer - Iteration 1, Batch 225/600
2020-05-01 19:44:49,930 INFO - training.ea.ea_trainer - Iteration 1, Batch 226/600
2020-05-01 19:44:50,000 INFO - training.ea.ea_trainer - Iteration 1, Batch 227/600
2020-05-01 19:44:50,120 INFO - training.ea.ea_trainer - Iteration 1, Batch 228/600
2020-05-01 19:44:50,189 INFO - training.ea.ea_trainer - Iteration 1, Batch 229/600
2020-05-01 19:44:50,273 INFO - training.ea.ea_trainer - Iteration 1, Batch 230/600
2020-05-01 19:44:50,308 INFO - training.ea.ea_trainer - Iteration 1, Batch 231/600
2020-05-01 19:44:50,408 INFO - training.ea.ea_trainer - Iteration 1, Batch 232/600
2020-05-01 19:44:50,446 INFO - training.ea.ea_trainer - Iteration 1, Batch 233/600
2020-05-01 19:44:50,579 INFO - training.ea.ea_trainer - Iteration 1, Batch 234/600
2020-05-01 19:44:50,680 INFO - training.ea.ea_trainer - Iteration 1, Batch 235/600
2020-05-01 19:44:50,805 INFO - training.ea.ea_trainer - Iteration 1, Batch 236/600
2020-05-01 19:44:50,861 INFO - training.ea.ea_trainer - Iteration 1, Batch 237/600
2020-05-01 19:44:50,963 INFO - training.ea.ea_trainer - Iteration 1, Batch 238/600
2020-05-01 19:44:50,995 INFO - training.ea.ea_trainer - Iteration 1, Batch 239/600
2020-05-01 19:44:51,122 INFO - training.ea.ea_trainer - Iteration 1, Batch 240/600
2020-05-01 19:44:51,166 INFO - training.ea.ea_trainer - Iteration 1, Batch 241/600
2020-05-01 19:44:51,281 INFO - training.ea.ea_trainer - Iteration 1, Batch 242/600
2020-05-01 19:44:51,365 INFO - training.ea.ea_trainer - Iteration 1, Batch 243/600
2020-05-01 19:44:51,496 INFO - training.ea.ea_trainer - Iteration 1, Batch 244/600
2020-05-01 19:44:51,589 INFO - training.ea.ea_trainer - Iteration 1, Batch 245/600
2020-05-01 19:44:51,695 INFO - training.ea.ea_trainer - Iteration 1, Batch 246/600
2020-05-01 19:44:51,752 INFO - training.ea.ea_trainer - Iteration 1, Batch 247/600
2020-05-01 19:44:51,855 INFO - training.ea.ea_trainer - Iteration 1, Batch 248/600
2020-05-01 19:44:51,941 INFO - training.ea.ea_trainer - Iteration 1, Batch 249/600
2020-05-01 19:44:52,032 INFO - training.ea.ea_trainer - Iteration 1, Batch 250/600
2020-05-01 19:44:52,106 INFO - training.ea.ea_trainer - Iteration 1, Batch 251/600
2020-05-01 19:44:52,200 INFO - training.ea.ea_trainer - Iteration 1, Batch 252/600
2020-05-01 19:44:52,274 INFO - training.ea.ea_trainer - Iteration 1, Batch 253/600
2020-05-01 19:44:52,395 INFO - training.ea.ea_trainer - Iteration 1, Batch 254/600
2020-05-01 19:44:52,444 INFO - training.ea.ea_trainer - Iteration 1, Batch 255/600
2020-05-01 19:44:52,555 INFO - training.ea.ea_trainer - Iteration 1, Batch 256/600
2020-05-01 19:44:52,612 INFO - training.ea.ea_trainer - Iteration 1, Batch 257/600
2020-05-01 19:44:52,715 INFO - training.ea.ea_trainer - Iteration 1, Batch 258/600
2020-05-01 19:44:52,785 INFO - training.ea.ea_trainer - Iteration 1, Batch 259/600
2020-05-01 19:44:52,878 INFO - training.ea.ea_trainer - Iteration 1, Batch 260/600
2020-05-01 19:44:52,926 INFO - training.ea.ea_trainer - Iteration 1, Batch 261/600
2020-05-01 19:44:53,034 INFO - training.ea.ea_trainer - Iteration 1, Batch 262/600
2020-05-01 19:44:53,090 INFO - training.ea.ea_trainer - Iteration 1, Batch 263/600
2020-05-01 19:44:53,193 INFO - training.ea.ea_trainer - Iteration 1, Batch 264/600
2020-05-01 19:44:53,235 INFO - training.ea.ea_trainer - Iteration 1, Batch 265/600
2020-05-01 19:44:53,406 INFO - training.ea.ea_trainer - Iteration 1, Batch 266/600
2020-05-01 19:44:53,489 INFO - training.ea.ea_trainer - Iteration 1, Batch 267/600
2020-05-01 19:44:53,590 INFO - training.ea.ea_trainer - Iteration 1, Batch 268/600
2020-05-01 19:44:53,663 INFO - training.ea.ea_trainer - Iteration 1, Batch 269/600
2020-05-01 19:44:53,723 INFO - training.ea.ea_trainer - Iteration 1, Batch 270/600
2020-05-01 19:44:53,795 INFO - training.ea.ea_trainer - Iteration 1, Batch 271/600
2020-05-01 19:44:53,966 INFO - training.ea.ea_trainer - Iteration 1, Batch 272/600
2020-05-01 19:44:54,020 INFO - training.ea.ea_trainer - Iteration 1, Batch 273/600
2020-05-01 19:44:54,154 INFO - training.ea.ea_trainer - Iteration 1, Batch 274/600
2020-05-01 19:44:54,235 INFO - training.ea.ea_trainer - Iteration 1, Batch 275/600
2020-05-01 19:44:54,322 INFO - training.ea.ea_trainer - Iteration 1, Batch 276/600
2020-05-01 19:44:54,411 INFO - training.ea.ea_trainer - Iteration 1, Batch 277/600
2020-05-01 19:44:54,534 INFO - training.ea.ea_trainer - Iteration 1, Batch 278/600
2020-05-01 19:44:54,618 INFO - training.ea.ea_trainer - Iteration 1, Batch 279/600
2020-05-01 19:44:54,726 INFO - training.ea.ea_trainer - Iteration 1, Batch 280/600
2020-05-01 19:44:54,809 INFO - training.ea.ea_trainer - Iteration 1, Batch 281/600
2020-05-01 19:44:54,939 INFO - training.ea.ea_trainer - Iteration 1, Batch 282/600
2020-05-01 19:44:55,012 INFO - training.ea.ea_trainer - Iteration 1, Batch 283/600
2020-05-01 19:44:55,092 INFO - training.ea.ea_trainer - Iteration 1, Batch 284/600
2020-05-01 19:44:55,173 INFO - training.ea.ea_trainer - Iteration 1, Batch 285/600
2020-05-01 19:44:55,262 INFO - training.ea.ea_trainer - Iteration 1, Batch 286/600
2020-05-01 19:44:55,325 INFO - training.ea.ea_trainer - Iteration 1, Batch 287/600
2020-05-01 19:44:55,467 INFO - training.ea.ea_trainer - Iteration 1, Batch 288/600
2020-05-01 19:44:55,575 INFO - training.ea.ea_trainer - Iteration 1, Batch 289/600
2020-05-01 19:44:55,724 INFO - training.ea.ea_trainer - Iteration 1, Batch 290/600
2020-05-01 19:44:55,812 INFO - training.ea.ea_trainer - Iteration 1, Batch 291/600
2020-05-01 19:44:55,958 INFO - training.ea.ea_trainer - Iteration 1, Batch 292/600
2020-05-01 19:44:56,030 INFO - training.ea.ea_trainer - Iteration 1, Batch 293/600
2020-05-01 19:44:56,138 INFO - training.ea.ea_trainer - Iteration 1, Batch 294/600
2020-05-01 19:44:56,190 INFO - training.ea.ea_trainer - Iteration 1, Batch 295/600
2020-05-01 19:44:56,313 INFO - training.ea.ea_trainer - Iteration 1, Batch 296/600
2020-05-01 19:44:56,387 INFO - training.ea.ea_trainer - Iteration 1, Batch 297/600
2020-05-01 19:44:56,516 INFO - training.ea.ea_trainer - Iteration 1, Batch 298/600
2020-05-01 19:44:56,587 INFO - training.ea.ea_trainer - Iteration 1, Batch 299/600
2020-05-01 19:44:56,678 INFO - training.ea.ea_trainer - Iteration 1, Batch 300/600
2020-05-01 19:44:56,719 INFO - training.ea.ea_trainer - Iteration 1, Batch 301/600
2020-05-01 19:44:56,832 INFO - training.ea.ea_trainer - Iteration 1, Batch 302/600
2020-05-01 19:44:56,898 INFO - training.ea.ea_trainer - Iteration 1, Batch 303/600
2020-05-01 19:44:57,030 INFO - training.ea.ea_trainer - Iteration 1, Batch 304/600
2020-05-01 19:44:57,091 INFO - training.ea.ea_trainer - Iteration 1, Batch 305/600
2020-05-01 19:44:57,219 INFO - training.ea.ea_trainer - Iteration 1, Batch 306/600
2020-05-01 19:44:57,302 INFO - training.ea.ea_trainer - Iteration 1, Batch 307/600
2020-05-01 19:44:57,446 INFO - training.ea.ea_trainer - Iteration 1, Batch 308/600
2020-05-01 19:44:57,515 INFO - training.ea.ea_trainer - Iteration 1, Batch 309/600
2020-05-01 19:44:57,686 INFO - training.ea.ea_trainer - Iteration 1, Batch 310/600
2020-05-01 19:44:57,781 INFO - training.ea.ea_trainer - Iteration 1, Batch 311/600
2020-05-01 19:44:57,919 INFO - training.ea.ea_trainer - Iteration 1, Batch 312/600
2020-05-01 19:44:57,949 INFO - training.ea.ea_trainer - Iteration 1, Batch 313/600
2020-05-01 19:44:58,063 INFO - training.ea.ea_trainer - Iteration 1, Batch 314/600
2020-05-01 19:44:58,116 INFO - training.ea.ea_trainer - Iteration 1, Batch 315/600
2020-05-01 19:44:58,245 INFO - training.ea.ea_trainer - Iteration 1, Batch 316/600
2020-05-01 19:44:58,315 INFO - training.ea.ea_trainer - Iteration 1, Batch 317/600
2020-05-01 19:44:58,422 INFO - training.ea.ea_trainer - Iteration 1, Batch 318/600
2020-05-01 19:44:58,472 INFO - training.ea.ea_trainer - Iteration 1, Batch 319/600
2020-05-01 19:44:58,581 INFO - training.ea.ea_trainer - Iteration 1, Batch 320/600
2020-05-01 19:44:58,638 INFO - training.ea.ea_trainer - Iteration 1, Batch 321/600
2020-05-01 19:44:58,748 INFO - training.ea.ea_trainer - Iteration 1, Batch 322/600
2020-05-01 19:44:58,796 INFO - training.ea.ea_trainer - Iteration 1, Batch 323/600
2020-05-01 19:44:58,925 INFO - training.ea.ea_trainer - Iteration 1, Batch 324/600
2020-05-01 19:44:58,973 INFO - training.ea.ea_trainer - Iteration 1, Batch 325/600
2020-05-01 19:44:59,136 INFO - training.ea.ea_trainer - Iteration 1, Batch 326/600
2020-05-01 19:44:59,224 INFO - training.ea.ea_trainer - Iteration 1, Batch 327/600
2020-05-01 19:44:59,370 INFO - training.ea.ea_trainer - Iteration 1, Batch 328/600
2020-05-01 19:44:59,404 INFO - training.ea.ea_trainer - Iteration 1, Batch 329/600
2020-05-01 19:44:59,482 INFO - training.ea.ea_trainer - Iteration 1, Batch 330/600
2020-05-01 19:44:59,567 INFO - training.ea.ea_trainer - Iteration 1, Batch 331/600
2020-05-01 19:44:59,662 INFO - training.ea.ea_trainer - Iteration 1, Batch 332/600
2020-05-01 19:44:59,704 INFO - training.ea.ea_trainer - Iteration 1, Batch 333/600
2020-05-01 19:44:59,850 INFO - training.ea.ea_trainer - Iteration 1, Batch 334/600
2020-05-01 19:44:59,922 INFO - training.ea.ea_trainer - Iteration 1, Batch 335/600
2020-05-01 19:45:00,049 INFO - training.ea.ea_trainer - Iteration 1, Batch 336/600
2020-05-01 19:45:00,092 INFO - training.ea.ea_trainer - Iteration 1, Batch 337/600
2020-05-01 19:45:00,197 INFO - training.ea.ea_trainer - Iteration 1, Batch 338/600
2020-05-01 19:45:00,244 INFO - training.ea.ea_trainer - Iteration 1, Batch 339/600
2020-05-01 19:45:00,343 INFO - training.ea.ea_trainer - Iteration 1, Batch 340/600
2020-05-01 19:45:00,433 INFO - training.ea.ea_trainer - Iteration 1, Batch 341/600
2020-05-01 19:45:00,572 INFO - training.ea.ea_trainer - Iteration 1, Batch 342/600
2020-05-01 19:45:00,611 INFO - training.ea.ea_trainer - Iteration 1, Batch 343/600
2020-05-01 19:45:00,766 INFO - training.ea.ea_trainer - Iteration 1, Batch 344/600
2020-05-01 19:45:00,816 INFO - training.ea.ea_trainer - Iteration 1, Batch 345/600
2020-05-01 19:45:00,915 INFO - training.ea.ea_trainer - Iteration 1, Batch 346/600
2020-05-01 19:45:00,997 INFO - training.ea.ea_trainer - Iteration 1, Batch 347/600
2020-05-01 19:45:01,123 INFO - training.ea.ea_trainer - Iteration 1, Batch 348/600
2020-05-01 19:45:01,224 INFO - training.ea.ea_trainer - Iteration 1, Batch 349/600
2020-05-01 19:45:01,345 INFO - training.ea.ea_trainer - Iteration 1, Batch 350/600
2020-05-01 19:45:01,384 INFO - training.ea.ea_trainer - Iteration 1, Batch 351/600
2020-05-01 19:45:01,480 INFO - training.ea.ea_trainer - Iteration 1, Batch 352/600
2020-05-01 19:45:01,556 INFO - training.ea.ea_trainer - Iteration 1, Batch 353/600
2020-05-01 19:45:01,665 INFO - training.ea.ea_trainer - Iteration 1, Batch 354/600
2020-05-01 19:45:01,742 INFO - training.ea.ea_trainer - Iteration 1, Batch 355/600
2020-05-01 19:45:01,870 INFO - training.ea.ea_trainer - Iteration 1, Batch 356/600
2020-05-01 19:45:01,917 INFO - training.ea.ea_trainer - Iteration 1, Batch 357/600
2020-05-01 19:45:02,052 INFO - training.ea.ea_trainer - Iteration 1, Batch 358/600
2020-05-01 19:45:02,087 INFO - training.ea.ea_trainer - Iteration 1, Batch 359/600
2020-05-01 19:45:02,190 INFO - training.ea.ea_trainer - Iteration 1, Batch 360/600
2020-05-01 19:45:02,262 INFO - training.ea.ea_trainer - Iteration 1, Batch 361/600
2020-05-01 19:45:02,383 INFO - training.ea.ea_trainer - Iteration 1, Batch 362/600
2020-05-01 19:45:02,436 INFO - training.ea.ea_trainer - Iteration 1, Batch 363/600
2020-05-01 19:45:02,563 INFO - training.ea.ea_trainer - Iteration 1, Batch 364/600
2020-05-01 19:45:02,619 INFO - training.ea.ea_trainer - Iteration 1, Batch 365/600
2020-05-01 19:45:02,716 INFO - training.ea.ea_trainer - Iteration 1, Batch 366/600
2020-05-01 19:45:02,768 INFO - training.ea.ea_trainer - Iteration 1, Batch 367/600
2020-05-01 19:45:02,852 INFO - training.ea.ea_trainer - Iteration 1, Batch 368/600
2020-05-01 19:45:02,912 INFO - training.ea.ea_trainer - Iteration 1, Batch 369/600
2020-05-01 19:45:03,038 INFO - training.ea.ea_trainer - Iteration 1, Batch 370/600
2020-05-01 19:45:03,112 INFO - training.ea.ea_trainer - Iteration 1, Batch 371/600
2020-05-01 19:45:03,222 INFO - training.ea.ea_trainer - Iteration 1, Batch 372/600
2020-05-01 19:45:03,305 INFO - training.ea.ea_trainer - Iteration 1, Batch 373/600
2020-05-01 19:45:03,386 INFO - training.ea.ea_trainer - Iteration 1, Batch 374/600
2020-05-01 19:45:03,455 INFO - training.ea.ea_trainer - Iteration 1, Batch 375/600
2020-05-01 19:45:03,583 INFO - training.ea.ea_trainer - Iteration 1, Batch 376/600
2020-05-01 19:45:03,664 INFO - training.ea.ea_trainer - Iteration 1, Batch 377/600
2020-05-01 19:45:03,804 INFO - training.ea.ea_trainer - Iteration 1, Batch 378/600
2020-05-01 19:45:03,852 INFO - training.ea.ea_trainer - Iteration 1, Batch 379/600
2020-05-01 19:45:03,944 INFO - training.ea.ea_trainer - Iteration 1, Batch 380/600
2020-05-01 19:45:04,005 INFO - training.ea.ea_trainer - Iteration 1, Batch 381/600
2020-05-01 19:45:04,099 INFO - training.ea.ea_trainer - Iteration 1, Batch 382/600
2020-05-01 19:45:04,168 INFO - training.ea.ea_trainer - Iteration 1, Batch 383/600
2020-05-01 19:45:04,252 INFO - training.ea.ea_trainer - Iteration 1, Batch 384/600
2020-05-01 19:45:04,336 INFO - training.ea.ea_trainer - Iteration 1, Batch 385/600
2020-05-01 19:45:04,440 INFO - training.ea.ea_trainer - Iteration 1, Batch 386/600
2020-05-01 19:45:04,527 INFO - training.ea.ea_trainer - Iteration 1, Batch 387/600
2020-05-01 19:45:04,610 INFO - training.ea.ea_trainer - Iteration 1, Batch 388/600
2020-05-01 19:45:04,646 INFO - training.ea.ea_trainer - Iteration 1, Batch 389/600
2020-05-01 19:45:04,745 INFO - training.ea.ea_trainer - Iteration 1, Batch 390/600
2020-05-01 19:45:04,793 INFO - training.ea.ea_trainer - Iteration 1, Batch 391/600
2020-05-01 19:45:04,927 INFO - training.ea.ea_trainer - Iteration 1, Batch 392/600
2020-05-01 19:45:04,998 INFO - training.ea.ea_trainer - Iteration 1, Batch 393/600
2020-05-01 19:45:05,126 INFO - training.ea.ea_trainer - Iteration 1, Batch 394/600
2020-05-01 19:45:05,184 INFO - training.ea.ea_trainer - Iteration 1, Batch 395/600
2020-05-01 19:45:05,269 INFO - training.ea.ea_trainer - Iteration 1, Batch 396/600
2020-05-01 19:45:05,332 INFO - training.ea.ea_trainer - Iteration 1, Batch 397/600
2020-05-01 19:45:05,485 INFO - training.ea.ea_trainer - Iteration 1, Batch 398/600
2020-05-01 19:45:05,528 INFO - training.ea.ea_trainer - Iteration 1, Batch 399/600
2020-05-01 19:45:05,668 INFO - training.ea.ea_trainer - Iteration 1, Batch 400/600
2020-05-01 19:45:05,741 INFO - training.ea.ea_trainer - Iteration 1, Batch 401/600
2020-05-01 19:45:05,907 INFO - training.ea.ea_trainer - Iteration 1, Batch 402/600
2020-05-01 19:45:05,947 INFO - training.ea.ea_trainer - Iteration 1, Batch 403/600
2020-05-01 19:45:06,058 INFO - training.ea.ea_trainer - Iteration 1, Batch 404/600
2020-05-01 19:45:06,083 INFO - training.ea.ea_trainer - Iteration 1, Batch 405/600
2020-05-01 19:45:06,233 INFO - training.ea.ea_trainer - Iteration 1, Batch 406/600
2020-05-01 19:45:06,281 INFO - training.ea.ea_trainer - Iteration 1, Batch 407/600
2020-05-01 19:45:06,429 INFO - training.ea.ea_trainer - Iteration 1, Batch 408/600
2020-05-01 19:45:06,484 INFO - training.ea.ea_trainer - Iteration 1, Batch 409/600
2020-05-01 19:45:06,605 INFO - training.ea.ea_trainer - Iteration 1, Batch 410/600
2020-05-01 19:45:06,636 INFO - training.ea.ea_trainer - Iteration 1, Batch 411/600
2020-05-01 19:45:06,768 INFO - training.ea.ea_trainer - Iteration 1, Batch 412/600
2020-05-01 19:45:06,815 INFO - training.ea.ea_trainer - Iteration 1, Batch 413/600
2020-05-01 19:45:06,983 INFO - training.ea.ea_trainer - Iteration 1, Batch 414/600
2020-05-01 19:45:07,028 INFO - training.ea.ea_trainer - Iteration 1, Batch 415/600
2020-05-01 19:45:07,148 INFO - training.ea.ea_trainer - Iteration 1, Batch 416/600
2020-05-01 19:45:07,215 INFO - training.ea.ea_trainer - Iteration 1, Batch 417/600
2020-05-01 19:45:07,314 INFO - training.ea.ea_trainer - Iteration 1, Batch 418/600
2020-05-01 19:45:07,353 INFO - training.ea.ea_trainer - Iteration 1, Batch 419/600
2020-05-01 19:45:07,498 INFO - training.ea.ea_trainer - Iteration 1, Batch 420/600
2020-05-01 19:45:07,567 INFO - training.ea.ea_trainer - Iteration 1, Batch 421/600
2020-05-01 19:45:07,666 INFO - training.ea.ea_trainer - Iteration 1, Batch 422/600
2020-05-01 19:45:07,722 INFO - training.ea.ea_trainer - Iteration 1, Batch 423/600
2020-05-01 19:45:07,837 INFO - training.ea.ea_trainer - Iteration 1, Batch 424/600
2020-05-01 19:45:07,918 INFO - training.ea.ea_trainer - Iteration 1, Batch 425/600
2020-05-01 19:45:08,009 INFO - training.ea.ea_trainer - Iteration 1, Batch 426/600
2020-05-01 19:45:08,072 INFO - training.ea.ea_trainer - Iteration 1, Batch 427/600
2020-05-01 19:45:08,154 INFO - training.ea.ea_trainer - Iteration 1, Batch 428/600
2020-05-01 19:45:08,212 INFO - training.ea.ea_trainer - Iteration 1, Batch 429/600
2020-05-01 19:45:08,310 INFO - training.ea.ea_trainer - Iteration 1, Batch 430/600
2020-05-01 19:45:08,363 INFO - training.ea.ea_trainer - Iteration 1, Batch 431/600
2020-05-01 19:45:08,476 INFO - training.ea.ea_trainer - Iteration 1, Batch 432/600
2020-05-01 19:45:08,518 INFO - training.ea.ea_trainer - Iteration 1, Batch 433/600
2020-05-01 19:45:08,665 INFO - training.ea.ea_trainer - Iteration 1, Batch 434/600
2020-05-01 19:45:08,748 INFO - training.ea.ea_trainer - Iteration 1, Batch 435/600
2020-05-01 19:45:08,855 INFO - training.ea.ea_trainer - Iteration 1, Batch 436/600
2020-05-01 19:45:08,909 INFO - training.ea.ea_trainer - Iteration 1, Batch 437/600
2020-05-01 19:45:09,008 INFO - training.ea.ea_trainer - Iteration 1, Batch 438/600
2020-05-01 19:45:09,094 INFO - training.ea.ea_trainer - Iteration 1, Batch 439/600
2020-05-01 19:45:09,204 INFO - training.ea.ea_trainer - Iteration 1, Batch 440/600
2020-05-01 19:45:09,256 INFO - training.ea.ea_trainer - Iteration 1, Batch 441/600
2020-05-01 19:45:09,355 INFO - training.ea.ea_trainer - Iteration 1, Batch 442/600
2020-05-01 19:45:09,407 INFO - training.ea.ea_trainer - Iteration 1, Batch 443/600
2020-05-01 19:45:09,534 INFO - training.ea.ea_trainer - Iteration 1, Batch 444/600
2020-05-01 19:45:09,622 INFO - training.ea.ea_trainer - Iteration 1, Batch 445/600
2020-05-01 19:45:09,778 INFO - training.ea.ea_trainer - Iteration 1, Batch 446/600
2020-05-01 19:45:09,839 INFO - training.ea.ea_trainer - Iteration 1, Batch 447/600
2020-05-01 19:45:09,963 INFO - training.ea.ea_trainer - Iteration 1, Batch 448/600
2020-05-01 19:45:10,007 INFO - training.ea.ea_trainer - Iteration 1, Batch 449/600
2020-05-01 19:45:10,100 INFO - training.ea.ea_trainer - Iteration 1, Batch 450/600
2020-05-01 19:45:10,163 INFO - training.ea.ea_trainer - Iteration 1, Batch 451/600
2020-05-01 19:45:10,308 INFO - training.ea.ea_trainer - Iteration 1, Batch 452/600
2020-05-01 19:45:10,349 INFO - training.ea.ea_trainer - Iteration 1, Batch 453/600
2020-05-01 19:45:10,449 INFO - training.ea.ea_trainer - Iteration 1, Batch 454/600
2020-05-01 19:45:10,509 INFO - training.ea.ea_trainer - Iteration 1, Batch 455/600
2020-05-01 19:45:10,627 INFO - training.ea.ea_trainer - Iteration 1, Batch 456/600
2020-05-01 19:45:10,684 INFO - training.ea.ea_trainer - Iteration 1, Batch 457/600
2020-05-01 19:45:10,791 INFO - training.ea.ea_trainer - Iteration 1, Batch 458/600
2020-05-01 19:45:10,880 INFO - training.ea.ea_trainer - Iteration 1, Batch 459/600
2020-05-01 19:45:10,966 INFO - training.ea.ea_trainer - Iteration 1, Batch 460/600
2020-05-01 19:45:11,039 INFO - training.ea.ea_trainer - Iteration 1, Batch 461/600
2020-05-01 19:45:11,191 INFO - training.ea.ea_trainer - Iteration 1, Batch 462/600
2020-05-01 19:45:11,258 INFO - training.ea.ea_trainer - Iteration 1, Batch 463/600
2020-05-01 19:45:11,368 INFO - training.ea.ea_trainer - Iteration 1, Batch 464/600
2020-05-01 19:45:11,484 INFO - training.ea.ea_trainer - Iteration 1, Batch 465/600
2020-05-01 19:45:11,599 INFO - training.ea.ea_trainer - Iteration 1, Batch 466/600
2020-05-01 19:45:11,651 INFO - training.ea.ea_trainer - Iteration 1, Batch 467/600
2020-05-01 19:45:11,760 INFO - training.ea.ea_trainer - Iteration 1, Batch 468/600
2020-05-01 19:45:11,815 INFO - training.ea.ea_trainer - Iteration 1, Batch 469/600
2020-05-01 19:45:11,900 INFO - training.ea.ea_trainer - Iteration 1, Batch 470/600
2020-05-01 19:45:11,965 INFO - training.ea.ea_trainer - Iteration 1, Batch 471/600
2020-05-01 19:45:12,114 INFO - training.ea.ea_trainer - Iteration 1, Batch 472/600
2020-05-01 19:45:12,170 INFO - training.ea.ea_trainer - Iteration 1, Batch 473/600
2020-05-01 19:45:12,321 INFO - training.ea.ea_trainer - Iteration 1, Batch 474/600
2020-05-01 19:45:12,399 INFO - training.ea.ea_trainer - Iteration 1, Batch 475/600
2020-05-01 19:45:12,491 INFO - training.ea.ea_trainer - Iteration 1, Batch 476/600
2020-05-01 19:45:12,542 INFO - training.ea.ea_trainer - Iteration 1, Batch 477/600
2020-05-01 19:45:12,659 INFO - training.ea.ea_trainer - Iteration 1, Batch 478/600
2020-05-01 19:45:12,723 INFO - training.ea.ea_trainer - Iteration 1, Batch 479/600
2020-05-01 19:45:12,800 INFO - training.ea.ea_trainer - Iteration 1, Batch 480/600
2020-05-01 19:45:12,844 INFO - training.ea.ea_trainer - Iteration 1, Batch 481/600
2020-05-01 19:45:12,968 INFO - training.ea.ea_trainer - Iteration 1, Batch 482/600
2020-05-01 19:45:13,011 INFO - training.ea.ea_trainer - Iteration 1, Batch 483/600
2020-05-01 19:45:13,133 INFO - training.ea.ea_trainer - Iteration 1, Batch 484/600
2020-05-01 19:45:13,194 INFO - training.ea.ea_trainer - Iteration 1, Batch 485/600
2020-05-01 19:45:13,278 INFO - training.ea.ea_trainer - Iteration 1, Batch 486/600
2020-05-01 19:45:13,356 INFO - training.ea.ea_trainer - Iteration 1, Batch 487/600
2020-05-01 19:45:13,474 INFO - training.ea.ea_trainer - Iteration 1, Batch 488/600
2020-05-01 19:45:13,525 INFO - training.ea.ea_trainer - Iteration 1, Batch 489/600
2020-05-01 19:45:13,632 INFO - training.ea.ea_trainer - Iteration 1, Batch 490/600
2020-05-01 19:45:13,692 INFO - training.ea.ea_trainer - Iteration 1, Batch 491/600
2020-05-01 19:45:13,786 INFO - training.ea.ea_trainer - Iteration 1, Batch 492/600
2020-05-01 19:45:13,859 INFO - training.ea.ea_trainer - Iteration 1, Batch 493/600
2020-05-01 19:45:13,985 INFO - training.ea.ea_trainer - Iteration 1, Batch 494/600
2020-05-01 19:45:14,055 INFO - training.ea.ea_trainer - Iteration 1, Batch 495/600
2020-05-01 19:45:14,169 INFO - training.ea.ea_trainer - Iteration 1, Batch 496/600
2020-05-01 19:45:14,227 INFO - training.ea.ea_trainer - Iteration 1, Batch 497/600
2020-05-01 19:45:14,365 INFO - training.ea.ea_trainer - Iteration 1, Batch 498/600
2020-05-01 19:45:14,440 INFO - training.ea.ea_trainer - Iteration 1, Batch 499/600
2020-05-01 19:45:14,568 INFO - training.ea.ea_trainer - Iteration 1, Batch 500/600
2020-05-01 19:45:14,641 INFO - training.ea.ea_trainer - Iteration 1, Batch 501/600
2020-05-01 19:45:14,775 INFO - training.ea.ea_trainer - Iteration 1, Batch 502/600
2020-05-01 19:45:14,859 INFO - training.ea.ea_trainer - Iteration 1, Batch 503/600
2020-05-01 19:45:14,953 INFO - training.ea.ea_trainer - Iteration 1, Batch 504/600
2020-05-01 19:45:14,996 INFO - training.ea.ea_trainer - Iteration 1, Batch 505/600
2020-05-01 19:45:15,142 INFO - training.ea.ea_trainer - Iteration 1, Batch 506/600
2020-05-01 19:45:15,231 INFO - training.ea.ea_trainer - Iteration 1, Batch 507/600
2020-05-01 19:45:15,360 INFO - training.ea.ea_trainer - Iteration 1, Batch 508/600
2020-05-01 19:45:15,425 INFO - training.ea.ea_trainer - Iteration 1, Batch 509/600
2020-05-01 19:45:15,551 INFO - training.ea.ea_trainer - Iteration 1, Batch 510/600
2020-05-01 19:45:15,601 INFO - training.ea.ea_trainer - Iteration 1, Batch 511/600
2020-05-01 19:45:15,747 INFO - training.ea.ea_trainer - Iteration 1, Batch 512/600
2020-05-01 19:45:15,813 INFO - training.ea.ea_trainer - Iteration 1, Batch 513/600
2020-05-01 19:45:15,905 INFO - training.ea.ea_trainer - Iteration 1, Batch 514/600
2020-05-01 19:45:15,953 INFO - training.ea.ea_trainer - Iteration 1, Batch 515/600
2020-05-01 19:45:16,063 INFO - training.ea.ea_trainer - Iteration 1, Batch 516/600
2020-05-01 19:45:16,148 INFO - training.ea.ea_trainer - Iteration 1, Batch 517/600
2020-05-01 19:45:16,280 INFO - training.ea.ea_trainer - Iteration 1, Batch 518/600
2020-05-01 19:45:16,355 INFO - training.ea.ea_trainer - Iteration 1, Batch 519/600
2020-05-01 19:45:16,457 INFO - training.ea.ea_trainer - Iteration 1, Batch 520/600
2020-05-01 19:45:16,511 INFO - training.ea.ea_trainer - Iteration 1, Batch 521/600
2020-05-01 19:45:16,658 INFO - training.ea.ea_trainer - Iteration 1, Batch 522/600
2020-05-01 19:45:16,727 INFO - training.ea.ea_trainer - Iteration 1, Batch 523/600
2020-05-01 19:45:16,830 INFO - training.ea.ea_trainer - Iteration 1, Batch 524/600
2020-05-01 19:45:16,879 INFO - training.ea.ea_trainer - Iteration 1, Batch 525/600
2020-05-01 19:45:17,000 INFO - training.ea.ea_trainer - Iteration 1, Batch 526/600
2020-05-01 19:45:17,048 INFO - training.ea.ea_trainer - Iteration 1, Batch 527/600
2020-05-01 19:45:17,181 INFO - training.ea.ea_trainer - Iteration 1, Batch 528/600
2020-05-01 19:45:17,232 INFO - training.ea.ea_trainer - Iteration 1, Batch 529/600
2020-05-01 19:45:17,344 INFO - training.ea.ea_trainer - Iteration 1, Batch 530/600
2020-05-01 19:45:17,369 INFO - training.ea.ea_trainer - Iteration 1, Batch 531/600
2020-05-01 19:45:17,496 INFO - training.ea.ea_trainer - Iteration 1, Batch 532/600
2020-05-01 19:45:17,560 INFO - training.ea.ea_trainer - Iteration 1, Batch 533/600
2020-05-01 19:45:17,665 INFO - training.ea.ea_trainer - Iteration 1, Batch 534/600
2020-05-01 19:45:17,743 INFO - training.ea.ea_trainer - Iteration 1, Batch 535/600
2020-05-01 19:45:17,843 INFO - training.ea.ea_trainer - Iteration 1, Batch 536/600
2020-05-01 19:45:17,913 INFO - training.ea.ea_trainer - Iteration 1, Batch 537/600
2020-05-01 19:45:18,030 INFO - training.ea.ea_trainer - Iteration 1, Batch 538/600
2020-05-01 19:45:18,121 INFO - training.ea.ea_trainer - Iteration 1, Batch 539/600
2020-05-01 19:45:18,258 INFO - training.ea.ea_trainer - Iteration 1, Batch 540/600
2020-05-01 19:45:18,356 INFO - training.ea.ea_trainer - Iteration 1, Batch 541/600
2020-05-01 19:45:18,470 INFO - training.ea.ea_trainer - Iteration 1, Batch 542/600
2020-05-01 19:45:18,560 INFO - training.ea.ea_trainer - Iteration 1, Batch 543/600
2020-05-01 19:45:18,667 INFO - training.ea.ea_trainer - Iteration 1, Batch 544/600
2020-05-01 19:45:18,720 INFO - training.ea.ea_trainer - Iteration 1, Batch 545/600
2020-05-01 19:45:18,825 INFO - training.ea.ea_trainer - Iteration 1, Batch 546/600
2020-05-01 19:45:18,861 INFO - training.ea.ea_trainer - Iteration 1, Batch 547/600
2020-05-01 19:45:19,007 INFO - training.ea.ea_trainer - Iteration 1, Batch 548/600
2020-05-01 19:45:19,067 INFO - training.ea.ea_trainer - Iteration 1, Batch 549/600
2020-05-01 19:45:19,180 INFO - training.ea.ea_trainer - Iteration 1, Batch 550/600
2020-05-01 19:45:19,257 INFO - training.ea.ea_trainer - Iteration 1, Batch 551/600
2020-05-01 19:45:19,385 INFO - training.ea.ea_trainer - Iteration 1, Batch 552/600
2020-05-01 19:45:19,439 INFO - training.ea.ea_trainer - Iteration 1, Batch 553/600
2020-05-01 19:45:19,572 INFO - training.ea.ea_trainer - Iteration 1, Batch 554/600
2020-05-01 19:45:19,650 INFO - training.ea.ea_trainer - Iteration 1, Batch 555/600
2020-05-01 19:45:19,762 INFO - training.ea.ea_trainer - Iteration 1, Batch 556/600
2020-05-01 19:45:19,839 INFO - training.ea.ea_trainer - Iteration 1, Batch 557/600
2020-05-01 19:45:19,952 INFO - training.ea.ea_trainer - Iteration 1, Batch 558/600
2020-05-01 19:45:20,017 INFO - training.ea.ea_trainer - Iteration 1, Batch 559/600
2020-05-01 19:45:20,135 INFO - training.ea.ea_trainer - Iteration 1, Batch 560/600
2020-05-01 19:45:20,198 INFO - training.ea.ea_trainer - Iteration 1, Batch 561/600
2020-05-01 19:45:20,332 INFO - training.ea.ea_trainer - Iteration 1, Batch 562/600
2020-05-01 19:45:20,427 INFO - training.ea.ea_trainer - Iteration 1, Batch 563/600
2020-05-01 19:45:20,545 INFO - training.ea.ea_trainer - Iteration 1, Batch 564/600
2020-05-01 19:45:20,608 INFO - training.ea.ea_trainer - Iteration 1, Batch 565/600
2020-05-01 19:45:20,708 INFO - training.ea.ea_trainer - Iteration 1, Batch 566/600
2020-05-01 19:45:20,760 INFO - training.ea.ea_trainer - Iteration 1, Batch 567/600
2020-05-01 19:45:20,865 INFO - training.ea.ea_trainer - Iteration 1, Batch 568/600
2020-05-01 19:45:20,944 INFO - training.ea.ea_trainer - Iteration 1, Batch 569/600
2020-05-01 19:45:21,034 INFO - training.ea.ea_trainer - Iteration 1, Batch 570/600
2020-05-01 19:45:21,110 INFO - training.ea.ea_trainer - Iteration 1, Batch 571/600
2020-05-01 19:45:21,218 INFO - training.ea.ea_trainer - Iteration 1, Batch 572/600
2020-05-01 19:45:21,295 INFO - training.ea.ea_trainer - Iteration 1, Batch 573/600
2020-05-01 19:45:21,401 INFO - training.ea.ea_trainer - Iteration 1, Batch 574/600
2020-05-01 19:45:21,469 INFO - training.ea.ea_trainer - Iteration 1, Batch 575/600
2020-05-01 19:45:21,613 INFO - training.ea.ea_trainer - Iteration 1, Batch 576/600
2020-05-01 19:45:21,682 INFO - training.ea.ea_trainer - Iteration 1, Batch 577/600
2020-05-01 19:45:21,786 INFO - training.ea.ea_trainer - Iteration 1, Batch 578/600
2020-05-01 19:45:21,846 INFO - training.ea.ea_trainer - Iteration 1, Batch 579/600
2020-05-01 19:45:21,949 INFO - training.ea.ea_trainer - Iteration 1, Batch 580/600
2020-05-01 19:45:22,016 INFO - training.ea.ea_trainer - Iteration 1, Batch 581/600
2020-05-01 19:45:22,151 INFO - training.ea.ea_trainer - Iteration 1, Batch 582/600
2020-05-01 19:45:22,212 INFO - training.ea.ea_trainer - Iteration 1, Batch 583/600
2020-05-01 19:45:22,319 INFO - training.ea.ea_trainer - Iteration 1, Batch 584/600
2020-05-01 19:45:22,388 INFO - training.ea.ea_trainer - Iteration 1, Batch 585/600
2020-05-01 19:45:22,500 INFO - training.ea.ea_trainer - Iteration 1, Batch 586/600
2020-05-01 19:45:22,546 INFO - training.ea.ea_trainer - Iteration 1, Batch 587/600
2020-05-01 19:45:22,689 INFO - training.ea.ea_trainer - Iteration 1, Batch 588/600
2020-05-01 19:45:22,770 INFO - training.ea.ea_trainer - Iteration 1, Batch 589/600
2020-05-01 19:45:22,883 INFO - training.ea.ea_trainer - Iteration 1, Batch 590/600
2020-05-01 19:45:22,980 INFO - training.ea.ea_trainer - Iteration 1, Batch 591/600
2020-05-01 19:45:23,123 INFO - training.ea.ea_trainer - Iteration 1, Batch 592/600
2020-05-01 19:45:23,197 INFO - training.ea.ea_trainer - Iteration 1, Batch 593/600
2020-05-01 19:45:23,292 INFO - training.ea.ea_trainer - Iteration 1, Batch 594/600
2020-05-01 19:45:23,346 INFO - training.ea.ea_trainer - Iteration 1, Batch 595/600
2020-05-01 19:45:23,457 INFO - training.ea.ea_trainer - Iteration 1, Batch 596/600
2020-05-01 19:45:23,527 INFO - training.ea.ea_trainer - Iteration 1, Batch 597/600
2020-05-01 19:45:23,620 INFO - training.ea.ea_trainer - Iteration 1, Batch 598/600
2020-05-01 19:45:23,670 INFO - training.ea.ea_trainer - Iteration 1, Batch 599/600
2020-05-01 19:45:24,102 INFO - requests.packages.urllib3.connectionpool - Starting new HTTP connection (1): 127.0.0.1
2020-05-01 19:45:24,108 INFO - requests.packages.urllib3.connectionpool - Starting new HTTP connection (1): 127.0.0.1
2020-05-01 19:45:24,321 INFO - distribution.node_client - Loading parameters from endpoint http://127.0.0.1:5003/parameters/generators/best took 0.21521639823913574 seconds
2020-05-01 19:45:24,362 INFO - distribution.node_client - Loading parameters from endpoint http://127.0.0.1:5000/parameters/generators/best took 0.2641594409942627 seconds
2020-05-01 19:45:24,461 CRITICAL - distribution.client_api - An unhandled error occured while running Lipizzaner: 'LipizzanerGANTrainer' object has no attribute 'score_sample_size'
2020-05-01 19:45:24,462 INFO - distribution.client_api - Finished experiment, waiting for new requests.
2020-05-01 19:45:24,532 WARNING - distribution.client_api - Received stop signal from master, but no experiment is running.
