2020-05-01 18:39:41,220 INFO - distribution.client_api - Distributed training recognized, set log directory to ./output/lipizzaner_gan/distributed/mnist/2020-05-01_18-39-41/2419
2020-05-01 18:39:42,860 INFO - lipizzaner - Parameters: {'trainer': {'name': 'lipizzaner_gan', 'calculate_net_weights_dist': True, 'mixture_generator_samples_mode': 'exact_proportion', 'params': {'alpha': 0.0001, 'discriminator_skip_each_nth_step': 1, 'fitness': {'fitness_mode': 'average', 'fitness_sample_size': 1000}, 'population_size': 1, 'mixture_sigma': 0.01, 'tournament_size': 2, 'score': {'type': 'fid', 'score_sample_size': 1000, 'cuda': True, 'enabled': True}, 'n_replacements': 1, 'mutation_probability': 0.5, 'enable_selection': False, 'default_adam_learning_rate': 0.0002}, 'n_iterations': 5}, 'general': {'distribution': {'start_time': '2020-05-01_18-39-41', 'auto_discover': False, 'client_nodes': [{'id': '127.0.0.1:5000', 'address': '127.0.0.1', 'port': 5000}, {'id': '127.0.0.1:5001', 'address': '127.0.0.1', 'port': 5001}, {'id': '127.0.0.1:5002', 'address': '127.0.0.1', 'port': 5002}, {'id': '127.0.0.1:5003', 'address': '127.0.0.1', 'port': 5003}], 'master_node': {'exit_clients_on_disconnect': True}}, 'losswise': {'api_key': '3T1CKALG6', 'enabled': False}, 'seed': 1, 'logging': {'print_discriminator': False, 'log_server': None, 'log_level': 'INFO', 'image_format': 'jpg', 'enabled': True}, 'output_dir': './output', 'num_workers': 4}, 'network': {'loss': 'bceloss', 'name': 'four_layer_perceptron'}, 'dataloader': {'batch_size': 100, 'n_batches': 0, 'dataset_name': 'mnist', 'shuffle': True, 'use_batch': True}, 'master': {'calculate_score': True, 'score_sample_size': 50000, 'cuda': True}}
2020-05-01 18:39:42,861 INFO - lipizzaner - CUDA is not supported on this device.
2020-05-01 18:39:42,943 INFO - lipizzaner - Seed used: 6014804
2020-05-01 18:39:42,943 INFO - lipizzaner - Starting training for 5 iterations/epochs.
2020-05-01 18:39:43,005 INFO - requests.packages.urllib3.connectionpool - Starting new HTTP connection (1): 127.0.0.1
2020-05-01 18:39:43,008 INFO - requests.packages.urllib3.connectionpool - Starting new HTTP connection (1): 127.0.0.1
2020-05-01 18:39:43,389 INFO - distribution.node_client - Loading parameters from endpoint http://127.0.0.1:5003/parameters/generators took 0.3835875988006592 seconds
2020-05-01 18:39:43,451 INFO - distribution.node_client - Loading parameters from endpoint http://127.0.0.1:5000/parameters/generators took 0.4555013179779053 seconds
2020-05-01 18:39:43,545 INFO - requests.packages.urllib3.connectionpool - Starting new HTTP connection (1): 127.0.0.1
2020-05-01 18:39:43,564 INFO - requests.packages.urllib3.connectionpool - Starting new HTTP connection (1): 127.0.0.1
2020-05-01 18:39:43,669 INFO - distribution.node_client - Loading parameters from endpoint http://127.0.0.1:5000/parameters/discriminators took 0.12684845924377441 seconds
2020-05-01 18:39:43,682 INFO - distribution.node_client - Loading parameters from endpoint http://127.0.0.1:5003/parameters/discriminators took 0.12008428573608398 seconds
2020-05-01 18:39:43,715 INFO - training.ea.ea_trainer - Generators in current neighborhood are ['Iteration0:127.0.0.1:5003:3/G0', 'Iteration0:127.0.0.1:5000:0/G0', 'Iteration0:127.0.0.1:5001:1/G0']
2020-05-01 18:39:43,716 INFO - training.ea.ea_trainer - Discriminators in current neighborhood are ['Iteration0:127.0.0.1:5000:0/D0', 'Iteration0:127.0.0.1:5003:3/D0', 'Iteration0:127.0.0.1:5001:1/D0']
2020-05-01 18:39:44,161 INFO - training.ea.ea_trainer - L2 distance between all generators weights: [('Iteration0:127.0.0.1:5003:3/G0', 'Iteration0:127.0.0.1:5000:0/G0', array(29.469286, dtype=float32)), ('Iteration0:127.0.0.1:5003:3/G0', 'Iteration0:127.0.0.1:5001:1/G0', array(29.437784, dtype=float32)), ('Iteration0:127.0.0.1:5000:0/G0', 'Iteration0:127.0.0.1:5001:1/G0', array(29.529877, dtype=float32))]
2020-05-01 18:39:44,404 INFO - training.ea.ea_trainer - L2 distance between all discriminators weights: [('Iteration0:127.0.0.1:5000:0/D0', 'Iteration0:127.0.0.1:5003:3/D0', array(18.51306, dtype=float32)), ('Iteration0:127.0.0.1:5000:0/D0', 'Iteration0:127.0.0.1:5001:1/D0', array(18.499372, dtype=float32)), ('Iteration0:127.0.0.1:5003:3/D0', 'Iteration0:127.0.0.1:5001:1/D0', array(18.537949, dtype=float32))]
2020-05-01 18:39:49,901 INFO - training.ea.ea_trainer - Iteration 1, Batch 0/600
2020-05-01 18:39:49,995 INFO - training.ea.ea_trainer - Iteration 1, Batch 1/600
2020-05-01 18:39:50,128 INFO - training.ea.ea_trainer - Iteration 1, Batch 2/600
2020-05-01 18:39:50,214 INFO - training.ea.ea_trainer - Iteration 1, Batch 3/600
2020-05-01 18:39:50,340 INFO - training.ea.ea_trainer - Iteration 1, Batch 4/600
2020-05-01 18:39:50,399 INFO - training.ea.ea_trainer - Iteration 1, Batch 5/600
2020-05-01 18:39:50,512 INFO - training.ea.ea_trainer - Iteration 1, Batch 6/600
2020-05-01 18:39:50,582 INFO - training.ea.ea_trainer - Iteration 1, Batch 7/600
2020-05-01 18:39:50,701 INFO - training.ea.ea_trainer - Iteration 1, Batch 8/600
2020-05-01 18:39:50,756 INFO - training.ea.ea_trainer - Iteration 1, Batch 9/600
2020-05-01 18:39:50,882 INFO - training.ea.ea_trainer - Iteration 1, Batch 10/600
2020-05-01 18:39:50,939 INFO - training.ea.ea_trainer - Iteration 1, Batch 11/600
2020-05-01 18:39:51,058 INFO - training.ea.ea_trainer - Iteration 1, Batch 12/600
2020-05-01 18:39:51,105 INFO - training.ea.ea_trainer - Iteration 1, Batch 13/600
2020-05-01 18:39:51,231 INFO - training.ea.ea_trainer - Iteration 1, Batch 14/600
2020-05-01 18:39:51,308 INFO - training.ea.ea_trainer - Iteration 1, Batch 15/600
2020-05-01 18:39:51,399 INFO - training.ea.ea_trainer - Iteration 1, Batch 16/600
2020-05-01 18:39:51,492 INFO - training.ea.ea_trainer - Iteration 1, Batch 17/600
2020-05-01 18:39:51,592 INFO - training.ea.ea_trainer - Iteration 1, Batch 18/600
2020-05-01 18:39:51,662 INFO - training.ea.ea_trainer - Iteration 1, Batch 19/600
2020-05-01 18:39:51,766 INFO - training.ea.ea_trainer - Iteration 1, Batch 20/600
2020-05-01 18:39:51,823 INFO - training.ea.ea_trainer - Iteration 1, Batch 21/600
2020-05-01 18:39:51,993 INFO - training.ea.ea_trainer - Iteration 1, Batch 22/600
2020-05-01 18:39:52,063 INFO - training.ea.ea_trainer - Iteration 1, Batch 23/600
2020-05-01 18:39:52,180 INFO - training.ea.ea_trainer - Iteration 1, Batch 24/600
2020-05-01 18:39:52,249 INFO - training.ea.ea_trainer - Iteration 1, Batch 25/600
2020-05-01 18:39:52,359 INFO - training.ea.ea_trainer - Iteration 1, Batch 26/600
2020-05-01 18:39:52,437 INFO - training.ea.ea_trainer - Iteration 1, Batch 27/600
2020-05-01 18:39:52,568 INFO - training.ea.ea_trainer - Iteration 1, Batch 28/600
2020-05-01 18:39:52,611 INFO - training.ea.ea_trainer - Iteration 1, Batch 29/600
2020-05-01 18:39:52,760 INFO - training.ea.ea_trainer - Iteration 1, Batch 30/600
2020-05-01 18:39:52,817 INFO - training.ea.ea_trainer - Iteration 1, Batch 31/600
2020-05-01 18:39:52,925 INFO - training.ea.ea_trainer - Iteration 1, Batch 32/600
2020-05-01 18:39:53,009 INFO - training.ea.ea_trainer - Iteration 1, Batch 33/600
2020-05-01 18:39:53,074 INFO - training.ea.ea_trainer - Iteration 1, Batch 34/600
2020-05-01 18:39:53,147 INFO - training.ea.ea_trainer - Iteration 1, Batch 35/600
2020-05-01 18:39:53,279 INFO - training.ea.ea_trainer - Iteration 1, Batch 36/600
2020-05-01 18:39:53,320 INFO - training.ea.ea_trainer - Iteration 1, Batch 37/600
2020-05-01 18:39:53,438 INFO - training.ea.ea_trainer - Iteration 1, Batch 38/600
2020-05-01 18:39:53,498 INFO - training.ea.ea_trainer - Iteration 1, Batch 39/600
2020-05-01 18:39:53,606 INFO - training.ea.ea_trainer - Iteration 1, Batch 40/600
2020-05-01 18:39:53,643 INFO - training.ea.ea_trainer - Iteration 1, Batch 41/600
2020-05-01 18:39:53,804 INFO - training.ea.ea_trainer - Iteration 1, Batch 42/600
2020-05-01 18:39:53,869 INFO - training.ea.ea_trainer - Iteration 1, Batch 43/600
2020-05-01 18:39:53,975 INFO - training.ea.ea_trainer - Iteration 1, Batch 44/600
2020-05-01 18:39:54,035 INFO - training.ea.ea_trainer - Iteration 1, Batch 45/600
2020-05-01 18:39:54,154 INFO - training.ea.ea_trainer - Iteration 1, Batch 46/600
2020-05-01 18:39:54,215 INFO - training.ea.ea_trainer - Iteration 1, Batch 47/600
2020-05-01 18:39:54,324 INFO - training.ea.ea_trainer - Iteration 1, Batch 48/600
2020-05-01 18:39:54,412 INFO - training.ea.ea_trainer - Iteration 1, Batch 49/600
2020-05-01 18:39:54,549 INFO - training.ea.ea_trainer - Iteration 1, Batch 50/600
2020-05-01 18:39:54,607 INFO - training.ea.ea_trainer - Iteration 1, Batch 51/600
2020-05-01 18:39:54,774 INFO - training.ea.ea_trainer - Iteration 1, Batch 52/600
2020-05-01 18:39:54,836 INFO - training.ea.ea_trainer - Iteration 1, Batch 53/600
2020-05-01 18:39:54,961 INFO - training.ea.ea_trainer - Iteration 1, Batch 54/600
2020-05-01 18:39:55,006 INFO - training.ea.ea_trainer - Iteration 1, Batch 55/600
2020-05-01 18:39:55,093 INFO - training.ea.ea_trainer - Iteration 1, Batch 56/600
2020-05-01 18:39:55,181 INFO - training.ea.ea_trainer - Iteration 1, Batch 57/600
2020-05-01 18:39:55,279 INFO - training.ea.ea_trainer - Iteration 1, Batch 58/600
2020-05-01 18:39:55,346 INFO - training.ea.ea_trainer - Iteration 1, Batch 59/600
2020-05-01 18:39:55,423 INFO - training.ea.ea_trainer - Iteration 1, Batch 60/600
2020-05-01 18:39:55,492 INFO - training.ea.ea_trainer - Iteration 1, Batch 61/600
2020-05-01 18:39:55,603 INFO - training.ea.ea_trainer - Iteration 1, Batch 62/600
2020-05-01 18:39:55,645 INFO - training.ea.ea_trainer - Iteration 1, Batch 63/600
2020-05-01 18:39:55,741 INFO - training.ea.ea_trainer - Iteration 1, Batch 64/600
2020-05-01 18:39:55,796 INFO - training.ea.ea_trainer - Iteration 1, Batch 65/600
2020-05-01 18:39:55,935 INFO - training.ea.ea_trainer - Iteration 1, Batch 66/600
2020-05-01 18:39:55,994 INFO - training.ea.ea_trainer - Iteration 1, Batch 67/600
2020-05-01 18:39:56,108 INFO - training.ea.ea_trainer - Iteration 1, Batch 68/600
2020-05-01 18:39:56,159 INFO - training.ea.ea_trainer - Iteration 1, Batch 69/600
2020-05-01 18:39:56,308 INFO - training.ea.ea_trainer - Iteration 1, Batch 70/600
2020-05-01 18:39:56,378 INFO - training.ea.ea_trainer - Iteration 1, Batch 71/600
2020-05-01 18:39:56,488 INFO - training.ea.ea_trainer - Iteration 1, Batch 72/600
2020-05-01 18:39:56,573 INFO - training.ea.ea_trainer - Iteration 1, Batch 73/600
2020-05-01 18:39:56,670 INFO - training.ea.ea_trainer - Iteration 1, Batch 74/600
2020-05-01 18:39:56,748 INFO - training.ea.ea_trainer - Iteration 1, Batch 75/600
2020-05-01 18:39:56,869 INFO - training.ea.ea_trainer - Iteration 1, Batch 76/600
2020-05-01 18:39:56,918 INFO - training.ea.ea_trainer - Iteration 1, Batch 77/600
2020-05-01 18:39:57,045 INFO - training.ea.ea_trainer - Iteration 1, Batch 78/600
2020-05-01 18:39:57,115 INFO - training.ea.ea_trainer - Iteration 1, Batch 79/600
2020-05-01 18:39:57,260 INFO - training.ea.ea_trainer - Iteration 1, Batch 80/600
2020-05-01 18:39:57,299 INFO - training.ea.ea_trainer - Iteration 1, Batch 81/600
2020-05-01 18:39:57,403 INFO - training.ea.ea_trainer - Iteration 1, Batch 82/600
2020-05-01 18:39:57,437 INFO - training.ea.ea_trainer - Iteration 1, Batch 83/600
2020-05-01 18:39:57,557 INFO - training.ea.ea_trainer - Iteration 1, Batch 84/600
2020-05-01 18:39:57,609 INFO - training.ea.ea_trainer - Iteration 1, Batch 85/600
2020-05-01 18:39:57,696 INFO - training.ea.ea_trainer - Iteration 1, Batch 86/600
2020-05-01 18:39:57,768 INFO - training.ea.ea_trainer - Iteration 1, Batch 87/600
2020-05-01 18:39:57,879 INFO - training.ea.ea_trainer - Iteration 1, Batch 88/600
2020-05-01 18:39:57,954 INFO - training.ea.ea_trainer - Iteration 1, Batch 89/600
2020-05-01 18:39:58,055 INFO - training.ea.ea_trainer - Iteration 1, Batch 90/600
2020-05-01 18:39:58,131 INFO - training.ea.ea_trainer - Iteration 1, Batch 91/600
2020-05-01 18:39:58,287 INFO - training.ea.ea_trainer - Iteration 1, Batch 92/600
2020-05-01 18:39:58,328 INFO - training.ea.ea_trainer - Iteration 1, Batch 93/600
2020-05-01 18:39:58,450 INFO - training.ea.ea_trainer - Iteration 1, Batch 94/600
2020-05-01 18:39:58,508 INFO - training.ea.ea_trainer - Iteration 1, Batch 95/600
2020-05-01 18:39:58,642 INFO - training.ea.ea_trainer - Iteration 1, Batch 96/600
2020-05-01 18:39:58,718 INFO - training.ea.ea_trainer - Iteration 1, Batch 97/600
2020-05-01 18:39:58,872 INFO - training.ea.ea_trainer - Iteration 1, Batch 98/600
2020-05-01 18:39:58,940 INFO - training.ea.ea_trainer - Iteration 1, Batch 99/600
2020-05-01 18:39:59,065 INFO - training.ea.ea_trainer - Iteration 1, Batch 100/600
2020-05-01 18:39:59,147 INFO - training.ea.ea_trainer - Iteration 1, Batch 101/600
2020-05-01 18:39:59,285 INFO - training.ea.ea_trainer - Iteration 1, Batch 102/600
2020-05-01 18:39:59,304 INFO - training.ea.ea_trainer - Iteration 1, Batch 103/600
2020-05-01 18:39:59,441 INFO - training.ea.ea_trainer - Iteration 1, Batch 104/600
2020-05-01 18:39:59,484 INFO - training.ea.ea_trainer - Iteration 1, Batch 105/600
2020-05-01 18:39:59,601 INFO - training.ea.ea_trainer - Iteration 1, Batch 106/600
2020-05-01 18:39:59,669 INFO - training.ea.ea_trainer - Iteration 1, Batch 107/600
2020-05-01 18:39:59,797 INFO - training.ea.ea_trainer - Iteration 1, Batch 108/600
2020-05-01 18:39:59,852 INFO - training.ea.ea_trainer - Iteration 1, Batch 109/600
2020-05-01 18:39:59,980 INFO - training.ea.ea_trainer - Iteration 1, Batch 110/600
2020-05-01 18:40:00,049 INFO - training.ea.ea_trainer - Iteration 1, Batch 111/600
2020-05-01 18:40:00,165 INFO - training.ea.ea_trainer - Iteration 1, Batch 112/600
2020-05-01 18:40:00,238 INFO - training.ea.ea_trainer - Iteration 1, Batch 113/600
2020-05-01 18:40:00,372 INFO - training.ea.ea_trainer - Iteration 1, Batch 114/600
2020-05-01 18:40:00,450 INFO - training.ea.ea_trainer - Iteration 1, Batch 115/600
2020-05-01 18:40:00,591 INFO - training.ea.ea_trainer - Iteration 1, Batch 116/600
2020-05-01 18:40:00,650 INFO - training.ea.ea_trainer - Iteration 1, Batch 117/600
2020-05-01 18:40:00,791 INFO - training.ea.ea_trainer - Iteration 1, Batch 118/600
2020-05-01 18:40:00,841 INFO - training.ea.ea_trainer - Iteration 1, Batch 119/600
2020-05-01 18:40:00,976 INFO - training.ea.ea_trainer - Iteration 1, Batch 120/600
2020-05-01 18:40:01,023 INFO - training.ea.ea_trainer - Iteration 1, Batch 121/600
2020-05-01 18:40:01,125 INFO - training.ea.ea_trainer - Iteration 1, Batch 122/600
2020-05-01 18:40:01,179 INFO - training.ea.ea_trainer - Iteration 1, Batch 123/600
2020-05-01 18:40:01,270 INFO - training.ea.ea_trainer - Iteration 1, Batch 124/600
2020-05-01 18:40:01,355 INFO - training.ea.ea_trainer - Iteration 1, Batch 125/600
2020-05-01 18:40:01,481 INFO - training.ea.ea_trainer - Iteration 1, Batch 126/600
2020-05-01 18:40:01,571 INFO - training.ea.ea_trainer - Iteration 1, Batch 127/600
2020-05-01 18:40:01,690 INFO - training.ea.ea_trainer - Iteration 1, Batch 128/600
2020-05-01 18:40:01,750 INFO - training.ea.ea_trainer - Iteration 1, Batch 129/600
2020-05-01 18:40:01,829 INFO - training.ea.ea_trainer - Iteration 1, Batch 130/600
2020-05-01 18:40:01,883 INFO - training.ea.ea_trainer - Iteration 1, Batch 131/600
2020-05-01 18:40:02,006 INFO - training.ea.ea_trainer - Iteration 1, Batch 132/600
2020-05-01 18:40:02,095 INFO - training.ea.ea_trainer - Iteration 1, Batch 133/600
2020-05-01 18:40:02,183 INFO - training.ea.ea_trainer - Iteration 1, Batch 134/600
2020-05-01 18:40:02,227 INFO - training.ea.ea_trainer - Iteration 1, Batch 135/600
2020-05-01 18:40:02,316 INFO - training.ea.ea_trainer - Iteration 1, Batch 136/600
2020-05-01 18:40:02,353 INFO - training.ea.ea_trainer - Iteration 1, Batch 137/600
2020-05-01 18:40:02,493 INFO - training.ea.ea_trainer - Iteration 1, Batch 138/600
2020-05-01 18:40:02,550 INFO - training.ea.ea_trainer - Iteration 1, Batch 139/600
2020-05-01 18:40:02,677 INFO - training.ea.ea_trainer - Iteration 1, Batch 140/600
2020-05-01 18:40:02,761 INFO - training.ea.ea_trainer - Iteration 1, Batch 141/600
2020-05-01 18:40:02,855 INFO - training.ea.ea_trainer - Iteration 1, Batch 142/600
2020-05-01 18:40:02,917 INFO - training.ea.ea_trainer - Iteration 1, Batch 143/600
2020-05-01 18:40:03,009 INFO - training.ea.ea_trainer - Iteration 1, Batch 144/600
2020-05-01 18:40:03,072 INFO - training.ea.ea_trainer - Iteration 1, Batch 145/600
2020-05-01 18:40:03,196 INFO - training.ea.ea_trainer - Iteration 1, Batch 146/600
2020-05-01 18:40:03,266 INFO - training.ea.ea_trainer - Iteration 1, Batch 147/600
2020-05-01 18:40:03,413 INFO - training.ea.ea_trainer - Iteration 1, Batch 148/600
2020-05-01 18:40:03,476 INFO - training.ea.ea_trainer - Iteration 1, Batch 149/600
2020-05-01 18:40:03,576 INFO - training.ea.ea_trainer - Iteration 1, Batch 150/600
2020-05-01 18:40:03,627 INFO - training.ea.ea_trainer - Iteration 1, Batch 151/600
2020-05-01 18:40:03,772 INFO - training.ea.ea_trainer - Iteration 1, Batch 152/600
2020-05-01 18:40:03,838 INFO - training.ea.ea_trainer - Iteration 1, Batch 153/600
2020-05-01 18:40:03,985 INFO - training.ea.ea_trainer - Iteration 1, Batch 154/600
2020-05-01 18:40:04,038 INFO - training.ea.ea_trainer - Iteration 1, Batch 155/600
2020-05-01 18:40:04,158 INFO - training.ea.ea_trainer - Iteration 1, Batch 156/600
2020-05-01 18:40:04,212 INFO - training.ea.ea_trainer - Iteration 1, Batch 157/600
2020-05-01 18:40:04,359 INFO - training.ea.ea_trainer - Iteration 1, Batch 158/600
2020-05-01 18:40:04,407 INFO - training.ea.ea_trainer - Iteration 1, Batch 159/600
2020-05-01 18:40:04,519 INFO - training.ea.ea_trainer - Iteration 1, Batch 160/600
2020-05-01 18:40:04,570 INFO - training.ea.ea_trainer - Iteration 1, Batch 161/600
2020-05-01 18:40:04,673 INFO - training.ea.ea_trainer - Iteration 1, Batch 162/600
2020-05-01 18:40:04,742 INFO - training.ea.ea_trainer - Iteration 1, Batch 163/600
2020-05-01 18:40:04,881 INFO - training.ea.ea_trainer - Iteration 1, Batch 164/600
2020-05-01 18:40:04,953 INFO - training.ea.ea_trainer - Iteration 1, Batch 165/600
2020-05-01 18:40:05,049 INFO - training.ea.ea_trainer - Iteration 1, Batch 166/600
2020-05-01 18:40:05,113 INFO - training.ea.ea_trainer - Iteration 1, Batch 167/600
2020-05-01 18:40:05,265 INFO - training.ea.ea_trainer - Iteration 1, Batch 168/600
2020-05-01 18:40:05,332 INFO - training.ea.ea_trainer - Iteration 1, Batch 169/600
2020-05-01 18:40:05,431 INFO - training.ea.ea_trainer - Iteration 1, Batch 170/600
2020-05-01 18:40:05,489 INFO - training.ea.ea_trainer - Iteration 1, Batch 171/600
2020-05-01 18:40:05,607 INFO - training.ea.ea_trainer - Iteration 1, Batch 172/600
2020-05-01 18:40:05,667 INFO - training.ea.ea_trainer - Iteration 1, Batch 173/600
2020-05-01 18:40:05,787 INFO - training.ea.ea_trainer - Iteration 1, Batch 174/600
2020-05-01 18:40:05,870 INFO - training.ea.ea_trainer - Iteration 1, Batch 175/600
2020-05-01 18:40:05,983 INFO - training.ea.ea_trainer - Iteration 1, Batch 176/600
2020-05-01 18:40:06,008 INFO - training.ea.ea_trainer - Iteration 1, Batch 177/600
2020-05-01 18:40:06,104 INFO - training.ea.ea_trainer - Iteration 1, Batch 178/600
2020-05-01 18:40:06,180 INFO - training.ea.ea_trainer - Iteration 1, Batch 179/600
2020-05-01 18:40:06,292 INFO - training.ea.ea_trainer - Iteration 1, Batch 180/600
2020-05-01 18:40:06,368 INFO - training.ea.ea_trainer - Iteration 1, Batch 181/600
2020-05-01 18:40:06,501 INFO - training.ea.ea_trainer - Iteration 1, Batch 182/600
2020-05-01 18:40:06,555 INFO - training.ea.ea_trainer - Iteration 1, Batch 183/600
2020-05-01 18:40:06,683 INFO - training.ea.ea_trainer - Iteration 1, Batch 184/600
2020-05-01 18:40:06,722 INFO - training.ea.ea_trainer - Iteration 1, Batch 185/600
2020-05-01 18:40:06,846 INFO - training.ea.ea_trainer - Iteration 1, Batch 186/600
2020-05-01 18:40:06,906 INFO - training.ea.ea_trainer - Iteration 1, Batch 187/600
2020-05-01 18:40:07,055 INFO - training.ea.ea_trainer - Iteration 1, Batch 188/600
2020-05-01 18:40:07,104 INFO - training.ea.ea_trainer - Iteration 1, Batch 189/600
2020-05-01 18:40:07,235 INFO - training.ea.ea_trainer - Iteration 1, Batch 190/600
2020-05-01 18:40:07,282 INFO - training.ea.ea_trainer - Iteration 1, Batch 191/600
2020-05-01 18:40:07,393 INFO - training.ea.ea_trainer - Iteration 1, Batch 192/600
2020-05-01 18:40:07,432 INFO - training.ea.ea_trainer - Iteration 1, Batch 193/600
2020-05-01 18:40:07,553 INFO - training.ea.ea_trainer - Iteration 1, Batch 194/600
2020-05-01 18:40:07,610 INFO - training.ea.ea_trainer - Iteration 1, Batch 195/600
2020-05-01 18:40:07,702 INFO - training.ea.ea_trainer - Iteration 1, Batch 196/600
2020-05-01 18:40:07,798 INFO - training.ea.ea_trainer - Iteration 1, Batch 197/600
2020-05-01 18:40:07,935 INFO - training.ea.ea_trainer - Iteration 1, Batch 198/600
2020-05-01 18:40:08,003 INFO - training.ea.ea_trainer - Iteration 1, Batch 199/600
2020-05-01 18:40:08,085 INFO - training.ea.ea_trainer - Iteration 1, Batch 200/600
2020-05-01 18:40:08,111 INFO - training.ea.ea_trainer - Iteration 1, Batch 201/600
2020-05-01 18:40:08,203 INFO - training.ea.ea_trainer - Iteration 1, Batch 202/600
2020-05-01 18:40:08,251 INFO - training.ea.ea_trainer - Iteration 1, Batch 203/600
2020-05-01 18:40:08,355 INFO - training.ea.ea_trainer - Iteration 1, Batch 204/600
2020-05-01 18:40:08,423 INFO - training.ea.ea_trainer - Iteration 1, Batch 205/600
2020-05-01 18:40:08,516 INFO - training.ea.ea_trainer - Iteration 1, Batch 206/600
2020-05-01 18:40:08,598 INFO - training.ea.ea_trainer - Iteration 1, Batch 207/600
2020-05-01 18:40:08,671 INFO - training.ea.ea_trainer - Iteration 1, Batch 208/600
2020-05-01 18:40:08,761 INFO - training.ea.ea_trainer - Iteration 1, Batch 209/600
2020-05-01 18:40:08,901 INFO - training.ea.ea_trainer - Iteration 1, Batch 210/600
2020-05-01 18:40:08,972 INFO - training.ea.ea_trainer - Iteration 1, Batch 211/600
2020-05-01 18:40:09,071 INFO - training.ea.ea_trainer - Iteration 1, Batch 212/600
2020-05-01 18:40:09,122 INFO - training.ea.ea_trainer - Iteration 1, Batch 213/600
2020-05-01 18:40:09,237 INFO - training.ea.ea_trainer - Iteration 1, Batch 214/600
2020-05-01 18:40:09,314 INFO - training.ea.ea_trainer - Iteration 1, Batch 215/600
2020-05-01 18:40:09,471 INFO - training.ea.ea_trainer - Iteration 1, Batch 216/600
2020-05-01 18:40:09,565 INFO - training.ea.ea_trainer - Iteration 1, Batch 217/600
2020-05-01 18:40:09,712 INFO - training.ea.ea_trainer - Iteration 1, Batch 218/600
2020-05-01 18:40:09,747 INFO - training.ea.ea_trainer - Iteration 1, Batch 219/600
2020-05-01 18:40:09,880 INFO - training.ea.ea_trainer - Iteration 1, Batch 220/600
2020-05-01 18:40:09,962 INFO - training.ea.ea_trainer - Iteration 1, Batch 221/600
2020-05-01 18:40:10,102 INFO - training.ea.ea_trainer - Iteration 1, Batch 222/600
2020-05-01 18:40:10,202 INFO - training.ea.ea_trainer - Iteration 1, Batch 223/600
2020-05-01 18:40:10,345 INFO - training.ea.ea_trainer - Iteration 1, Batch 224/600
2020-05-01 18:40:10,439 INFO - training.ea.ea_trainer - Iteration 1, Batch 225/600
2020-05-01 18:40:10,583 INFO - training.ea.ea_trainer - Iteration 1, Batch 226/600
2020-05-01 18:40:10,655 INFO - training.ea.ea_trainer - Iteration 1, Batch 227/600
2020-05-01 18:40:10,763 INFO - training.ea.ea_trainer - Iteration 1, Batch 228/600
2020-05-01 18:40:10,845 INFO - training.ea.ea_trainer - Iteration 1, Batch 229/600
2020-05-01 18:40:10,944 INFO - training.ea.ea_trainer - Iteration 1, Batch 230/600
2020-05-01 18:40:11,008 INFO - training.ea.ea_trainer - Iteration 1, Batch 231/600
2020-05-01 18:40:11,140 INFO - training.ea.ea_trainer - Iteration 1, Batch 232/600
2020-05-01 18:40:11,210 INFO - training.ea.ea_trainer - Iteration 1, Batch 233/600
2020-05-01 18:40:11,368 INFO - training.ea.ea_trainer - Iteration 1, Batch 234/600
2020-05-01 18:40:11,476 INFO - training.ea.ea_trainer - Iteration 1, Batch 235/600
2020-05-01 18:40:11,622 INFO - training.ea.ea_trainer - Iteration 1, Batch 236/600
2020-05-01 18:40:11,701 INFO - training.ea.ea_trainer - Iteration 1, Batch 237/600
2020-05-01 18:40:11,812 INFO - training.ea.ea_trainer - Iteration 1, Batch 238/600
2020-05-01 18:40:11,873 INFO - training.ea.ea_trainer - Iteration 1, Batch 239/600
2020-05-01 18:40:11,993 INFO - training.ea.ea_trainer - Iteration 1, Batch 240/600
2020-05-01 18:40:12,055 INFO - training.ea.ea_trainer - Iteration 1, Batch 241/600
2020-05-01 18:40:12,196 INFO - training.ea.ea_trainer - Iteration 1, Batch 242/600
2020-05-01 18:40:12,252 INFO - training.ea.ea_trainer - Iteration 1, Batch 243/600
2020-05-01 18:40:12,347 INFO - training.ea.ea_trainer - Iteration 1, Batch 244/600
2020-05-01 18:40:12,401 INFO - training.ea.ea_trainer - Iteration 1, Batch 245/600
2020-05-01 18:40:12,513 INFO - training.ea.ea_trainer - Iteration 1, Batch 246/600
2020-05-01 18:40:12,565 INFO - training.ea.ea_trainer - Iteration 1, Batch 247/600
2020-05-01 18:40:12,706 INFO - training.ea.ea_trainer - Iteration 1, Batch 248/600
2020-05-01 18:40:12,746 INFO - training.ea.ea_trainer - Iteration 1, Batch 249/600
2020-05-01 18:40:12,899 INFO - training.ea.ea_trainer - Iteration 1, Batch 250/600
2020-05-01 18:40:12,970 INFO - training.ea.ea_trainer - Iteration 1, Batch 251/600
2020-05-01 18:40:13,074 INFO - training.ea.ea_trainer - Iteration 1, Batch 252/600
2020-05-01 18:40:13,119 INFO - training.ea.ea_trainer - Iteration 1, Batch 253/600
2020-05-01 18:40:13,233 INFO - training.ea.ea_trainer - Iteration 1, Batch 254/600
2020-05-01 18:40:13,315 INFO - training.ea.ea_trainer - Iteration 1, Batch 255/600
2020-05-01 18:40:13,463 INFO - training.ea.ea_trainer - Iteration 1, Batch 256/600
2020-05-01 18:40:13,523 INFO - training.ea.ea_trainer - Iteration 1, Batch 257/600
2020-05-01 18:40:13,621 INFO - training.ea.ea_trainer - Iteration 1, Batch 258/600
2020-05-01 18:40:13,667 INFO - training.ea.ea_trainer - Iteration 1, Batch 259/600
2020-05-01 18:40:13,811 INFO - training.ea.ea_trainer - Iteration 1, Batch 260/600
2020-05-01 18:40:13,860 INFO - training.ea.ea_trainer - Iteration 1, Batch 261/600
2020-05-01 18:40:13,980 INFO - training.ea.ea_trainer - Iteration 1, Batch 262/600
2020-05-01 18:40:14,033 INFO - training.ea.ea_trainer - Iteration 1, Batch 263/600
2020-05-01 18:40:14,163 INFO - training.ea.ea_trainer - Iteration 1, Batch 264/600
2020-05-01 18:40:14,234 INFO - training.ea.ea_trainer - Iteration 1, Batch 265/600
2020-05-01 18:40:14,360 INFO - training.ea.ea_trainer - Iteration 1, Batch 266/600
2020-05-01 18:40:14,426 INFO - training.ea.ea_trainer - Iteration 1, Batch 267/600
2020-05-01 18:40:14,573 INFO - training.ea.ea_trainer - Iteration 1, Batch 268/600
2020-05-01 18:40:14,651 INFO - training.ea.ea_trainer - Iteration 1, Batch 269/600
2020-05-01 18:40:14,754 INFO - training.ea.ea_trainer - Iteration 1, Batch 270/600
2020-05-01 18:40:14,813 INFO - training.ea.ea_trainer - Iteration 1, Batch 271/600
2020-05-01 18:40:14,915 INFO - training.ea.ea_trainer - Iteration 1, Batch 272/600
2020-05-01 18:40:15,002 INFO - training.ea.ea_trainer - Iteration 1, Batch 273/600
2020-05-01 18:40:15,143 INFO - training.ea.ea_trainer - Iteration 1, Batch 274/600
2020-05-01 18:40:15,212 INFO - training.ea.ea_trainer - Iteration 1, Batch 275/600
2020-05-01 18:40:15,328 INFO - training.ea.ea_trainer - Iteration 1, Batch 276/600
2020-05-01 18:40:15,394 INFO - training.ea.ea_trainer - Iteration 1, Batch 277/600
2020-05-01 18:40:15,542 INFO - training.ea.ea_trainer - Iteration 1, Batch 278/600
2020-05-01 18:40:15,581 INFO - training.ea.ea_trainer - Iteration 1, Batch 279/600
2020-05-01 18:40:15,688 INFO - training.ea.ea_trainer - Iteration 1, Batch 280/600
2020-05-01 18:40:15,762 INFO - training.ea.ea_trainer - Iteration 1, Batch 281/600
2020-05-01 18:40:15,876 INFO - training.ea.ea_trainer - Iteration 1, Batch 282/600
2020-05-01 18:40:15,976 INFO - training.ea.ea_trainer - Iteration 1, Batch 283/600
2020-05-01 18:40:16,097 INFO - training.ea.ea_trainer - Iteration 1, Batch 284/600
2020-05-01 18:40:16,153 INFO - training.ea.ea_trainer - Iteration 1, Batch 285/600
2020-05-01 18:40:16,227 INFO - training.ea.ea_trainer - Iteration 1, Batch 286/600
2020-05-01 18:40:16,279 INFO - training.ea.ea_trainer - Iteration 1, Batch 287/600
2020-05-01 18:40:16,397 INFO - training.ea.ea_trainer - Iteration 1, Batch 288/600
2020-05-01 18:40:16,465 INFO - training.ea.ea_trainer - Iteration 1, Batch 289/600
2020-05-01 18:40:16,593 INFO - training.ea.ea_trainer - Iteration 1, Batch 290/600
2020-05-01 18:40:16,696 INFO - training.ea.ea_trainer - Iteration 1, Batch 291/600
2020-05-01 18:40:16,867 INFO - training.ea.ea_trainer - Iteration 1, Batch 292/600
2020-05-01 18:40:16,946 INFO - training.ea.ea_trainer - Iteration 1, Batch 293/600
2020-05-01 18:40:17,048 INFO - training.ea.ea_trainer - Iteration 1, Batch 294/600
2020-05-01 18:40:17,111 INFO - training.ea.ea_trainer - Iteration 1, Batch 295/600
2020-05-01 18:40:17,227 INFO - training.ea.ea_trainer - Iteration 1, Batch 296/600
2020-05-01 18:40:17,290 INFO - training.ea.ea_trainer - Iteration 1, Batch 297/600
2020-05-01 18:40:17,427 INFO - training.ea.ea_trainer - Iteration 1, Batch 298/600
2020-05-01 18:40:17,483 INFO - training.ea.ea_trainer - Iteration 1, Batch 299/600
2020-05-01 18:40:17,592 INFO - training.ea.ea_trainer - Iteration 1, Batch 300/600
2020-05-01 18:40:17,667 INFO - training.ea.ea_trainer - Iteration 1, Batch 301/600
2020-05-01 18:40:17,806 INFO - training.ea.ea_trainer - Iteration 1, Batch 302/600
2020-05-01 18:40:17,831 INFO - training.ea.ea_trainer - Iteration 1, Batch 303/600
2020-05-01 18:40:17,974 INFO - training.ea.ea_trainer - Iteration 1, Batch 304/600
2020-05-01 18:40:18,058 INFO - training.ea.ea_trainer - Iteration 1, Batch 305/600
2020-05-01 18:40:18,161 INFO - training.ea.ea_trainer - Iteration 1, Batch 306/600
2020-05-01 18:40:18,232 INFO - training.ea.ea_trainer - Iteration 1, Batch 307/600
2020-05-01 18:40:18,412 INFO - training.ea.ea_trainer - Iteration 1, Batch 308/600
2020-05-01 18:40:18,494 INFO - training.ea.ea_trainer - Iteration 1, Batch 309/600
2020-05-01 18:40:18,611 INFO - training.ea.ea_trainer - Iteration 1, Batch 310/600
2020-05-01 18:40:18,675 INFO - training.ea.ea_trainer - Iteration 1, Batch 311/600
2020-05-01 18:40:18,782 INFO - training.ea.ea_trainer - Iteration 1, Batch 312/600
2020-05-01 18:40:18,853 INFO - training.ea.ea_trainer - Iteration 1, Batch 313/600
2020-05-01 18:40:18,967 INFO - training.ea.ea_trainer - Iteration 1, Batch 314/600
2020-05-01 18:40:19,042 INFO - training.ea.ea_trainer - Iteration 1, Batch 315/600
2020-05-01 18:40:19,206 INFO - training.ea.ea_trainer - Iteration 1, Batch 316/600
2020-05-01 18:40:19,257 INFO - training.ea.ea_trainer - Iteration 1, Batch 317/600
2020-05-01 18:40:19,433 INFO - training.ea.ea_trainer - Iteration 1, Batch 318/600
2020-05-01 18:40:19,490 INFO - training.ea.ea_trainer - Iteration 1, Batch 319/600
2020-05-01 18:40:19,607 INFO - training.ea.ea_trainer - Iteration 1, Batch 320/600
2020-05-01 18:40:19,668 INFO - training.ea.ea_trainer - Iteration 1, Batch 321/600
2020-05-01 18:40:19,787 INFO - training.ea.ea_trainer - Iteration 1, Batch 322/600
2020-05-01 18:40:19,872 INFO - training.ea.ea_trainer - Iteration 1, Batch 323/600
2020-05-01 18:40:20,059 INFO - training.ea.ea_trainer - Iteration 1, Batch 324/600
2020-05-01 18:40:20,112 INFO - training.ea.ea_trainer - Iteration 1, Batch 325/600
2020-05-01 18:40:20,206 INFO - training.ea.ea_trainer - Iteration 1, Batch 326/600
2020-05-01 18:40:20,263 INFO - training.ea.ea_trainer - Iteration 1, Batch 327/600
2020-05-01 18:40:20,431 INFO - training.ea.ea_trainer - Iteration 1, Batch 328/600
2020-05-01 18:40:20,486 INFO - training.ea.ea_trainer - Iteration 1, Batch 329/600
2020-05-01 18:40:20,614 INFO - training.ea.ea_trainer - Iteration 1, Batch 330/600
2020-05-01 18:40:20,643 INFO - training.ea.ea_trainer - Iteration 1, Batch 331/600
2020-05-01 18:40:20,745 INFO - training.ea.ea_trainer - Iteration 1, Batch 332/600
2020-05-01 18:40:20,792 INFO - training.ea.ea_trainer - Iteration 1, Batch 333/600
2020-05-01 18:40:20,916 INFO - training.ea.ea_trainer - Iteration 1, Batch 334/600
2020-05-01 18:40:20,984 INFO - training.ea.ea_trainer - Iteration 1, Batch 335/600
2020-05-01 18:40:21,155 INFO - training.ea.ea_trainer - Iteration 1, Batch 336/600
2020-05-01 18:40:21,206 INFO - training.ea.ea_trainer - Iteration 1, Batch 337/600
2020-05-01 18:40:21,342 INFO - training.ea.ea_trainer - Iteration 1, Batch 338/600
2020-05-01 18:40:21,403 INFO - training.ea.ea_trainer - Iteration 1, Batch 339/600
2020-05-01 18:40:21,538 INFO - training.ea.ea_trainer - Iteration 1, Batch 340/600
2020-05-01 18:40:21,589 INFO - training.ea.ea_trainer - Iteration 1, Batch 341/600
2020-05-01 18:40:21,711 INFO - training.ea.ea_trainer - Iteration 1, Batch 342/600
2020-05-01 18:40:21,763 INFO - training.ea.ea_trainer - Iteration 1, Batch 343/600
2020-05-01 18:40:21,894 INFO - training.ea.ea_trainer - Iteration 1, Batch 344/600
2020-05-01 18:40:21,930 INFO - training.ea.ea_trainer - Iteration 1, Batch 345/600
2020-05-01 18:40:22,046 INFO - training.ea.ea_trainer - Iteration 1, Batch 346/600
2020-05-01 18:40:22,106 INFO - training.ea.ea_trainer - Iteration 1, Batch 347/600
2020-05-01 18:40:22,238 INFO - training.ea.ea_trainer - Iteration 1, Batch 348/600
2020-05-01 18:40:22,309 INFO - training.ea.ea_trainer - Iteration 1, Batch 349/600
2020-05-01 18:40:22,444 INFO - training.ea.ea_trainer - Iteration 1, Batch 350/600
2020-05-01 18:40:22,507 INFO - training.ea.ea_trainer - Iteration 1, Batch 351/600
2020-05-01 18:40:22,594 INFO - training.ea.ea_trainer - Iteration 1, Batch 352/600
2020-05-01 18:40:22,686 INFO - training.ea.ea_trainer - Iteration 1, Batch 353/600
2020-05-01 18:40:22,807 INFO - training.ea.ea_trainer - Iteration 1, Batch 354/600
2020-05-01 18:40:22,852 INFO - training.ea.ea_trainer - Iteration 1, Batch 355/600
2020-05-01 18:40:22,961 INFO - training.ea.ea_trainer - Iteration 1, Batch 356/600
2020-05-01 18:40:23,026 INFO - training.ea.ea_trainer - Iteration 1, Batch 357/600
2020-05-01 18:40:23,137 INFO - training.ea.ea_trainer - Iteration 1, Batch 358/600
2020-05-01 18:40:23,194 INFO - training.ea.ea_trainer - Iteration 1, Batch 359/600
2020-05-01 18:40:23,287 INFO - training.ea.ea_trainer - Iteration 1, Batch 360/600
2020-05-01 18:40:23,347 INFO - training.ea.ea_trainer - Iteration 1, Batch 361/600
2020-05-01 18:40:23,445 INFO - training.ea.ea_trainer - Iteration 1, Batch 362/600
2020-05-01 18:40:23,516 INFO - training.ea.ea_trainer - Iteration 1, Batch 363/600
2020-05-01 18:40:23,645 INFO - training.ea.ea_trainer - Iteration 1, Batch 364/600
2020-05-01 18:40:23,711 INFO - training.ea.ea_trainer - Iteration 1, Batch 365/600
2020-05-01 18:40:23,830 INFO - training.ea.ea_trainer - Iteration 1, Batch 366/600
2020-05-01 18:40:23,876 INFO - training.ea.ea_trainer - Iteration 1, Batch 367/600
2020-05-01 18:40:23,987 INFO - training.ea.ea_trainer - Iteration 1, Batch 368/600
2020-05-01 18:40:24,062 INFO - training.ea.ea_trainer - Iteration 1, Batch 369/600
2020-05-01 18:40:24,198 INFO - training.ea.ea_trainer - Iteration 1, Batch 370/600
2020-05-01 18:40:24,272 INFO - training.ea.ea_trainer - Iteration 1, Batch 371/600
2020-05-01 18:40:24,373 INFO - training.ea.ea_trainer - Iteration 1, Batch 372/600
2020-05-01 18:40:24,409 INFO - training.ea.ea_trainer - Iteration 1, Batch 373/600
2020-05-01 18:40:24,551 INFO - training.ea.ea_trainer - Iteration 1, Batch 374/600
2020-05-01 18:40:24,618 INFO - training.ea.ea_trainer - Iteration 1, Batch 375/600
2020-05-01 18:40:24,763 INFO - training.ea.ea_trainer - Iteration 1, Batch 376/600
2020-05-01 18:40:24,844 INFO - training.ea.ea_trainer - Iteration 1, Batch 377/600
2020-05-01 18:40:24,949 INFO - training.ea.ea_trainer - Iteration 1, Batch 378/600
2020-05-01 18:40:25,026 INFO - training.ea.ea_trainer - Iteration 1, Batch 379/600
2020-05-01 18:40:25,159 INFO - training.ea.ea_trainer - Iteration 1, Batch 380/600
2020-05-01 18:40:25,213 INFO - training.ea.ea_trainer - Iteration 1, Batch 381/600
2020-05-01 18:40:25,338 INFO - training.ea.ea_trainer - Iteration 1, Batch 382/600
2020-05-01 18:40:25,399 INFO - training.ea.ea_trainer - Iteration 1, Batch 383/600
2020-05-01 18:40:25,568 INFO - training.ea.ea_trainer - Iteration 1, Batch 384/600
2020-05-01 18:40:25,616 INFO - training.ea.ea_trainer - Iteration 1, Batch 385/600
2020-05-01 18:40:25,726 INFO - training.ea.ea_trainer - Iteration 1, Batch 386/600
2020-05-01 18:40:25,768 INFO - training.ea.ea_trainer - Iteration 1, Batch 387/600
2020-05-01 18:40:25,875 INFO - training.ea.ea_trainer - Iteration 1, Batch 388/600
2020-05-01 18:40:25,922 INFO - training.ea.ea_trainer - Iteration 1, Batch 389/600
2020-05-01 18:40:26,022 INFO - training.ea.ea_trainer - Iteration 1, Batch 390/600
2020-05-01 18:40:26,082 INFO - training.ea.ea_trainer - Iteration 1, Batch 391/600
2020-05-01 18:40:26,219 INFO - training.ea.ea_trainer - Iteration 1, Batch 392/600
2020-05-01 18:40:26,273 INFO - training.ea.ea_trainer - Iteration 1, Batch 393/600
2020-05-01 18:40:26,370 INFO - training.ea.ea_trainer - Iteration 1, Batch 394/600
2020-05-01 18:40:26,427 INFO - training.ea.ea_trainer - Iteration 1, Batch 395/600
2020-05-01 18:40:26,569 INFO - training.ea.ea_trainer - Iteration 1, Batch 396/600
2020-05-01 18:40:26,629 INFO - training.ea.ea_trainer - Iteration 1, Batch 397/600
2020-05-01 18:40:26,738 INFO - training.ea.ea_trainer - Iteration 1, Batch 398/600
2020-05-01 18:40:26,778 INFO - training.ea.ea_trainer - Iteration 1, Batch 399/600
2020-05-01 18:40:26,935 INFO - training.ea.ea_trainer - Iteration 1, Batch 400/600
2020-05-01 18:40:27,023 INFO - training.ea.ea_trainer - Iteration 1, Batch 401/600
2020-05-01 18:40:27,118 INFO - training.ea.ea_trainer - Iteration 1, Batch 402/600
2020-05-01 18:40:27,196 INFO - training.ea.ea_trainer - Iteration 1, Batch 403/600
2020-05-01 18:40:27,333 INFO - training.ea.ea_trainer - Iteration 1, Batch 404/600
2020-05-01 18:40:27,430 INFO - training.ea.ea_trainer - Iteration 1, Batch 405/600
2020-05-01 18:40:27,550 INFO - training.ea.ea_trainer - Iteration 1, Batch 406/600
2020-05-01 18:40:27,604 INFO - training.ea.ea_trainer - Iteration 1, Batch 407/600
2020-05-01 18:40:27,733 INFO - training.ea.ea_trainer - Iteration 1, Batch 408/600
2020-05-01 18:40:27,815 INFO - training.ea.ea_trainer - Iteration 1, Batch 409/600
2020-05-01 18:40:27,993 INFO - training.ea.ea_trainer - Iteration 1, Batch 410/600
2020-05-01 18:40:28,058 INFO - training.ea.ea_trainer - Iteration 1, Batch 411/600
2020-05-01 18:40:28,198 INFO - training.ea.ea_trainer - Iteration 1, Batch 412/600
2020-05-01 18:40:28,255 INFO - training.ea.ea_trainer - Iteration 1, Batch 413/600
2020-05-01 18:40:28,380 INFO - training.ea.ea_trainer - Iteration 1, Batch 414/600
2020-05-01 18:40:28,423 INFO - training.ea.ea_trainer - Iteration 1, Batch 415/600
2020-05-01 18:40:28,538 INFO - training.ea.ea_trainer - Iteration 1, Batch 416/600
2020-05-01 18:40:28,614 INFO - training.ea.ea_trainer - Iteration 1, Batch 417/600
2020-05-01 18:40:28,720 INFO - training.ea.ea_trainer - Iteration 1, Batch 418/600
2020-05-01 18:40:28,784 INFO - training.ea.ea_trainer - Iteration 1, Batch 419/600
2020-05-01 18:40:28,885 INFO - training.ea.ea_trainer - Iteration 1, Batch 420/600
2020-05-01 18:40:28,944 INFO - training.ea.ea_trainer - Iteration 1, Batch 421/600
2020-05-01 18:40:29,075 INFO - training.ea.ea_trainer - Iteration 1, Batch 422/600
2020-05-01 18:40:29,145 INFO - training.ea.ea_trainer - Iteration 1, Batch 423/600
2020-05-01 18:40:29,264 INFO - training.ea.ea_trainer - Iteration 1, Batch 424/600
2020-05-01 18:40:29,303 INFO - training.ea.ea_trainer - Iteration 1, Batch 425/600
2020-05-01 18:40:29,401 INFO - training.ea.ea_trainer - Iteration 1, Batch 426/600
2020-05-01 18:40:29,453 INFO - training.ea.ea_trainer - Iteration 1, Batch 427/600
2020-05-01 18:40:29,629 INFO - training.ea.ea_trainer - Iteration 1, Batch 428/600
2020-05-01 18:40:29,693 INFO - training.ea.ea_trainer - Iteration 1, Batch 429/600
2020-05-01 18:40:29,796 INFO - training.ea.ea_trainer - Iteration 1, Batch 430/600
2020-05-01 18:40:29,845 INFO - training.ea.ea_trainer - Iteration 1, Batch 431/600
2020-05-01 18:40:29,936 INFO - training.ea.ea_trainer - Iteration 1, Batch 432/600
2020-05-01 18:40:29,992 INFO - training.ea.ea_trainer - Iteration 1, Batch 433/600
2020-05-01 18:40:30,103 INFO - training.ea.ea_trainer - Iteration 1, Batch 434/600
2020-05-01 18:40:30,163 INFO - training.ea.ea_trainer - Iteration 1, Batch 435/600
2020-05-01 18:40:30,254 INFO - training.ea.ea_trainer - Iteration 1, Batch 436/600
2020-05-01 18:40:30,318 INFO - training.ea.ea_trainer - Iteration 1, Batch 437/600
2020-05-01 18:40:30,445 INFO - training.ea.ea_trainer - Iteration 1, Batch 438/600
2020-05-01 18:40:30,474 INFO - training.ea.ea_trainer - Iteration 1, Batch 439/600
2020-05-01 18:40:30,589 INFO - training.ea.ea_trainer - Iteration 1, Batch 440/600
2020-05-01 18:40:30,676 INFO - training.ea.ea_trainer - Iteration 1, Batch 441/600
2020-05-01 18:40:30,758 INFO - training.ea.ea_trainer - Iteration 1, Batch 442/600
2020-05-01 18:40:30,808 INFO - training.ea.ea_trainer - Iteration 1, Batch 443/600
2020-05-01 18:40:30,932 INFO - training.ea.ea_trainer - Iteration 1, Batch 444/600
2020-05-01 18:40:30,971 INFO - training.ea.ea_trainer - Iteration 1, Batch 445/600
2020-05-01 18:40:31,072 INFO - training.ea.ea_trainer - Iteration 1, Batch 446/600
2020-05-01 18:40:31,127 INFO - training.ea.ea_trainer - Iteration 1, Batch 447/600
2020-05-01 18:40:31,250 INFO - training.ea.ea_trainer - Iteration 1, Batch 448/600
2020-05-01 18:40:31,333 INFO - training.ea.ea_trainer - Iteration 1, Batch 449/600
2020-05-01 18:40:31,448 INFO - training.ea.ea_trainer - Iteration 1, Batch 450/600
2020-05-01 18:40:31,533 INFO - training.ea.ea_trainer - Iteration 1, Batch 451/600
2020-05-01 18:40:31,693 INFO - training.ea.ea_trainer - Iteration 1, Batch 452/600
2020-05-01 18:40:31,749 INFO - training.ea.ea_trainer - Iteration 1, Batch 453/600
2020-05-01 18:40:31,909 INFO - training.ea.ea_trainer - Iteration 1, Batch 454/600
2020-05-01 18:40:31,998 INFO - training.ea.ea_trainer - Iteration 1, Batch 455/600
2020-05-01 18:40:32,086 INFO - training.ea.ea_trainer - Iteration 1, Batch 456/600
2020-05-01 18:40:32,137 INFO - training.ea.ea_trainer - Iteration 1, Batch 457/600
2020-05-01 18:40:32,263 INFO - training.ea.ea_trainer - Iteration 1, Batch 458/600
2020-05-01 18:40:32,329 INFO - training.ea.ea_trainer - Iteration 1, Batch 459/600
2020-05-01 18:40:32,427 INFO - training.ea.ea_trainer - Iteration 1, Batch 460/600
2020-05-01 18:40:32,476 INFO - training.ea.ea_trainer - Iteration 1, Batch 461/600
2020-05-01 18:40:32,595 INFO - training.ea.ea_trainer - Iteration 1, Batch 462/600
2020-05-01 18:40:32,630 INFO - training.ea.ea_trainer - Iteration 1, Batch 463/600
2020-05-01 18:40:32,738 INFO - training.ea.ea_trainer - Iteration 1, Batch 464/600
2020-05-01 18:40:32,787 INFO - training.ea.ea_trainer - Iteration 1, Batch 465/600
2020-05-01 18:40:32,904 INFO - training.ea.ea_trainer - Iteration 1, Batch 466/600
2020-05-01 18:40:32,965 INFO - training.ea.ea_trainer - Iteration 1, Batch 467/600
2020-05-01 18:40:33,096 INFO - training.ea.ea_trainer - Iteration 1, Batch 468/600
2020-05-01 18:40:33,156 INFO - training.ea.ea_trainer - Iteration 1, Batch 469/600
2020-05-01 18:40:33,267 INFO - training.ea.ea_trainer - Iteration 1, Batch 470/600
2020-05-01 18:40:33,345 INFO - training.ea.ea_trainer - Iteration 1, Batch 471/600
2020-05-01 18:40:33,480 INFO - training.ea.ea_trainer - Iteration 1, Batch 472/600
2020-05-01 18:40:33,531 INFO - training.ea.ea_trainer - Iteration 1, Batch 473/600
2020-05-01 18:40:33,649 INFO - training.ea.ea_trainer - Iteration 1, Batch 474/600
2020-05-01 18:40:33,692 INFO - training.ea.ea_trainer - Iteration 1, Batch 475/600
2020-05-01 18:40:33,855 INFO - training.ea.ea_trainer - Iteration 1, Batch 476/600
2020-05-01 18:40:33,918 INFO - training.ea.ea_trainer - Iteration 1, Batch 477/600
2020-05-01 18:40:34,025 INFO - training.ea.ea_trainer - Iteration 1, Batch 478/600
2020-05-01 18:40:34,091 INFO - training.ea.ea_trainer - Iteration 1, Batch 479/600
2020-05-01 18:40:34,231 INFO - training.ea.ea_trainer - Iteration 1, Batch 480/600
2020-05-01 18:40:34,287 INFO - training.ea.ea_trainer - Iteration 1, Batch 481/600
2020-05-01 18:40:34,411 INFO - training.ea.ea_trainer - Iteration 1, Batch 482/600
2020-05-01 18:40:34,454 INFO - training.ea.ea_trainer - Iteration 1, Batch 483/600
2020-05-01 18:40:34,576 INFO - training.ea.ea_trainer - Iteration 1, Batch 484/600
2020-05-01 18:40:34,627 INFO - training.ea.ea_trainer - Iteration 1, Batch 485/600
2020-05-01 18:40:34,715 INFO - training.ea.ea_trainer - Iteration 1, Batch 486/600
2020-05-01 18:40:34,817 INFO - training.ea.ea_trainer - Iteration 1, Batch 487/600
2020-05-01 18:40:34,913 INFO - training.ea.ea_trainer - Iteration 1, Batch 488/600
2020-05-01 18:40:34,967 INFO - training.ea.ea_trainer - Iteration 1, Batch 489/600
2020-05-01 18:40:35,099 INFO - training.ea.ea_trainer - Iteration 1, Batch 490/600
2020-05-01 18:40:35,171 INFO - training.ea.ea_trainer - Iteration 1, Batch 491/600
2020-05-01 18:40:35,272 INFO - training.ea.ea_trainer - Iteration 1, Batch 492/600
2020-05-01 18:40:35,322 INFO - training.ea.ea_trainer - Iteration 1, Batch 493/600
2020-05-01 18:40:35,460 INFO - training.ea.ea_trainer - Iteration 1, Batch 494/600
2020-05-01 18:40:35,523 INFO - training.ea.ea_trainer - Iteration 1, Batch 495/600
2020-05-01 18:40:35,661 INFO - training.ea.ea_trainer - Iteration 1, Batch 496/600
2020-05-01 18:40:35,745 INFO - training.ea.ea_trainer - Iteration 1, Batch 497/600
2020-05-01 18:40:35,907 INFO - training.ea.ea_trainer - Iteration 1, Batch 498/600
2020-05-01 18:40:35,970 INFO - training.ea.ea_trainer - Iteration 1, Batch 499/600
2020-05-01 18:40:36,092 INFO - training.ea.ea_trainer - Iteration 1, Batch 500/600
2020-05-01 18:40:36,150 INFO - training.ea.ea_trainer - Iteration 1, Batch 501/600
2020-05-01 18:40:36,329 INFO - training.ea.ea_trainer - Iteration 1, Batch 502/600
2020-05-01 18:40:36,380 INFO - training.ea.ea_trainer - Iteration 1, Batch 503/600
2020-05-01 18:40:36,482 INFO - training.ea.ea_trainer - Iteration 1, Batch 504/600
2020-05-01 18:40:36,532 INFO - training.ea.ea_trainer - Iteration 1, Batch 505/600
2020-05-01 18:40:36,653 INFO - training.ea.ea_trainer - Iteration 1, Batch 506/600
2020-05-01 18:40:36,704 INFO - training.ea.ea_trainer - Iteration 1, Batch 507/600
2020-05-01 18:40:36,816 INFO - training.ea.ea_trainer - Iteration 1, Batch 508/600
2020-05-01 18:40:36,875 INFO - training.ea.ea_trainer - Iteration 1, Batch 509/600
2020-05-01 18:40:36,976 INFO - training.ea.ea_trainer - Iteration 1, Batch 510/600
2020-05-01 18:40:37,036 INFO - training.ea.ea_trainer - Iteration 1, Batch 511/600
2020-05-01 18:40:37,196 INFO - training.ea.ea_trainer - Iteration 1, Batch 512/600
2020-05-01 18:40:37,274 INFO - training.ea.ea_trainer - Iteration 1, Batch 513/600
2020-05-01 18:40:37,381 INFO - training.ea.ea_trainer - Iteration 1, Batch 514/600
2020-05-01 18:40:37,429 INFO - training.ea.ea_trainer - Iteration 1, Batch 515/600
2020-05-01 18:40:37,568 INFO - training.ea.ea_trainer - Iteration 1, Batch 516/600
2020-05-01 18:40:37,635 INFO - training.ea.ea_trainer - Iteration 1, Batch 517/600
2020-05-01 18:40:37,809 INFO - training.ea.ea_trainer - Iteration 1, Batch 518/600
2020-05-01 18:40:37,860 INFO - training.ea.ea_trainer - Iteration 1, Batch 519/600
2020-05-01 18:40:38,013 INFO - training.ea.ea_trainer - Iteration 1, Batch 520/600
2020-05-01 18:40:38,077 INFO - training.ea.ea_trainer - Iteration 1, Batch 521/600
2020-05-01 18:40:38,234 INFO - training.ea.ea_trainer - Iteration 1, Batch 522/600
2020-05-01 18:40:38,313 INFO - training.ea.ea_trainer - Iteration 1, Batch 523/600
2020-05-01 18:40:38,413 INFO - training.ea.ea_trainer - Iteration 1, Batch 524/600
2020-05-01 18:40:38,472 INFO - training.ea.ea_trainer - Iteration 1, Batch 525/600
2020-05-01 18:40:38,580 INFO - training.ea.ea_trainer - Iteration 1, Batch 526/600
2020-05-01 18:40:38,652 INFO - training.ea.ea_trainer - Iteration 1, Batch 527/600
2020-05-01 18:40:38,767 INFO - training.ea.ea_trainer - Iteration 1, Batch 528/600
2020-05-01 18:40:38,831 INFO - training.ea.ea_trainer - Iteration 1, Batch 529/600
2020-05-01 18:40:38,974 INFO - training.ea.ea_trainer - Iteration 1, Batch 530/600
2020-05-01 18:40:39,017 INFO - training.ea.ea_trainer - Iteration 1, Batch 531/600
2020-05-01 18:40:39,081 INFO - training.ea.ea_trainer - Iteration 1, Batch 532/600
2020-05-01 18:40:39,160 INFO - training.ea.ea_trainer - Iteration 1, Batch 533/600
2020-05-01 18:40:39,288 INFO - training.ea.ea_trainer - Iteration 1, Batch 534/600
2020-05-01 18:40:39,386 INFO - training.ea.ea_trainer - Iteration 1, Batch 535/600
2020-05-01 18:40:39,504 INFO - training.ea.ea_trainer - Iteration 1, Batch 536/600
2020-05-01 18:40:39,543 INFO - training.ea.ea_trainer - Iteration 1, Batch 537/600
2020-05-01 18:40:39,669 INFO - training.ea.ea_trainer - Iteration 1, Batch 538/600
2020-05-01 18:40:39,732 INFO - training.ea.ea_trainer - Iteration 1, Batch 539/600
2020-05-01 18:40:39,832 INFO - training.ea.ea_trainer - Iteration 1, Batch 540/600
2020-05-01 18:40:39,888 INFO - training.ea.ea_trainer - Iteration 1, Batch 541/600
2020-05-01 18:40:40,010 INFO - training.ea.ea_trainer - Iteration 1, Batch 542/600
2020-05-01 18:40:40,090 INFO - training.ea.ea_trainer - Iteration 1, Batch 543/600
2020-05-01 18:40:40,215 INFO - training.ea.ea_trainer - Iteration 1, Batch 544/600
2020-05-01 18:40:40,280 INFO - training.ea.ea_trainer - Iteration 1, Batch 545/600
2020-05-01 18:40:40,388 INFO - training.ea.ea_trainer - Iteration 1, Batch 546/600
2020-05-01 18:40:40,467 INFO - training.ea.ea_trainer - Iteration 1, Batch 547/600
2020-05-01 18:40:40,558 INFO - training.ea.ea_trainer - Iteration 1, Batch 548/600
2020-05-01 18:40:40,606 INFO - training.ea.ea_trainer - Iteration 1, Batch 549/600
2020-05-01 18:40:40,748 INFO - training.ea.ea_trainer - Iteration 1, Batch 550/600
2020-05-01 18:40:40,790 INFO - training.ea.ea_trainer - Iteration 1, Batch 551/600
2020-05-01 18:40:40,890 INFO - training.ea.ea_trainer - Iteration 1, Batch 552/600
2020-05-01 18:40:40,955 INFO - training.ea.ea_trainer - Iteration 1, Batch 553/600
2020-05-01 18:40:41,054 INFO - training.ea.ea_trainer - Iteration 1, Batch 554/600
2020-05-01 18:40:41,118 INFO - training.ea.ea_trainer - Iteration 1, Batch 555/600
2020-05-01 18:40:41,274 INFO - training.ea.ea_trainer - Iteration 1, Batch 556/600
2020-05-01 18:40:41,314 INFO - training.ea.ea_trainer - Iteration 1, Batch 557/600
2020-05-01 18:40:41,429 INFO - training.ea.ea_trainer - Iteration 1, Batch 558/600
2020-05-01 18:40:41,464 INFO - training.ea.ea_trainer - Iteration 1, Batch 559/600
2020-05-01 18:40:41,607 INFO - training.ea.ea_trainer - Iteration 1, Batch 560/600
2020-05-01 18:40:41,650 INFO - training.ea.ea_trainer - Iteration 1, Batch 561/600
2020-05-01 18:40:41,780 INFO - training.ea.ea_trainer - Iteration 1, Batch 562/600
2020-05-01 18:40:41,829 INFO - training.ea.ea_trainer - Iteration 1, Batch 563/600
2020-05-01 18:40:41,941 INFO - training.ea.ea_trainer - Iteration 1, Batch 564/600
2020-05-01 18:40:41,986 INFO - training.ea.ea_trainer - Iteration 1, Batch 565/600
2020-05-01 18:40:42,096 INFO - training.ea.ea_trainer - Iteration 1, Batch 566/600
2020-05-01 18:40:42,174 INFO - training.ea.ea_trainer - Iteration 1, Batch 567/600
2020-05-01 18:40:42,269 INFO - training.ea.ea_trainer - Iteration 1, Batch 568/600
2020-05-01 18:40:42,330 INFO - training.ea.ea_trainer - Iteration 1, Batch 569/600
2020-05-01 18:40:42,472 INFO - training.ea.ea_trainer - Iteration 1, Batch 570/600
2020-05-01 18:40:42,549 INFO - training.ea.ea_trainer - Iteration 1, Batch 571/600
2020-05-01 18:40:42,664 INFO - training.ea.ea_trainer - Iteration 1, Batch 572/600
2020-05-01 18:40:42,693 INFO - training.ea.ea_trainer - Iteration 1, Batch 573/600
2020-05-01 18:40:42,820 INFO - training.ea.ea_trainer - Iteration 1, Batch 574/600
2020-05-01 18:40:42,904 INFO - training.ea.ea_trainer - Iteration 1, Batch 575/600
2020-05-01 18:40:43,072 INFO - training.ea.ea_trainer - Iteration 1, Batch 576/600
2020-05-01 18:40:43,144 INFO - training.ea.ea_trainer - Iteration 1, Batch 577/600
2020-05-01 18:40:43,267 INFO - training.ea.ea_trainer - Iteration 1, Batch 578/600
2020-05-01 18:40:43,328 INFO - training.ea.ea_trainer - Iteration 1, Batch 579/600
2020-05-01 18:40:43,435 INFO - training.ea.ea_trainer - Iteration 1, Batch 580/600
2020-05-01 18:40:43,473 INFO - training.ea.ea_trainer - Iteration 1, Batch 581/600
2020-05-01 18:40:43,652 INFO - training.ea.ea_trainer - Iteration 1, Batch 582/600
2020-05-01 18:40:43,744 INFO - training.ea.ea_trainer - Iteration 1, Batch 583/600
2020-05-01 18:40:43,867 INFO - training.ea.ea_trainer - Iteration 1, Batch 584/600
2020-05-01 18:40:43,943 INFO - training.ea.ea_trainer - Iteration 1, Batch 585/600
2020-05-01 18:40:44,037 INFO - training.ea.ea_trainer - Iteration 1, Batch 586/600
2020-05-01 18:40:44,099 INFO - training.ea.ea_trainer - Iteration 1, Batch 587/600
2020-05-01 18:40:44,237 INFO - training.ea.ea_trainer - Iteration 1, Batch 588/600
2020-05-01 18:40:44,259 INFO - training.ea.ea_trainer - Iteration 1, Batch 589/600
2020-05-01 18:40:44,370 INFO - training.ea.ea_trainer - Iteration 1, Batch 590/600
2020-05-01 18:40:44,411 INFO - training.ea.ea_trainer - Iteration 1, Batch 591/600
2020-05-01 18:40:44,496 INFO - training.ea.ea_trainer - Iteration 1, Batch 592/600
2020-05-01 18:40:44,536 INFO - training.ea.ea_trainer - Iteration 1, Batch 593/600
2020-05-01 18:40:44,630 INFO - training.ea.ea_trainer - Iteration 1, Batch 594/600
2020-05-01 18:40:44,687 INFO - training.ea.ea_trainer - Iteration 1, Batch 595/600
2020-05-01 18:40:44,786 INFO - training.ea.ea_trainer - Iteration 1, Batch 596/600
2020-05-01 18:40:44,822 INFO - training.ea.ea_trainer - Iteration 1, Batch 597/600
2020-05-01 18:40:44,894 INFO - training.ea.ea_trainer - Iteration 1, Batch 598/600
2020-05-01 18:40:44,947 INFO - training.ea.ea_trainer - Iteration 1, Batch 599/600
2020-05-01 18:40:45,348 INFO - requests.packages.urllib3.connectionpool - Starting new HTTP connection (1): 127.0.0.1
2020-05-01 18:40:45,351 INFO - requests.packages.urllib3.connectionpool - Starting new HTTP connection (1): 127.0.0.1
2020-05-01 18:40:45,598 INFO - distribution.node_client - Loading parameters from endpoint http://127.0.0.1:5000/parameters/generators/best took 0.2527034282684326 seconds
2020-05-01 18:40:45,652 INFO - distribution.node_client - Loading parameters from endpoint http://127.0.0.1:5003/parameters/generators/best took 0.3029000759124756 seconds
2020-05-01 18:40:45,770 INFO - training.ea.ea_trainer - Calculating FID/inception score.
2020-05-01 18:40:45,772 CRITICAL - distribution.client_api - An unhandled error occured while running Lipizzaner: [Errno 2] No such file or directory: './networks/mnist_cnn/mnist_cnn.pkl'
2020-05-01 18:40:45,774 INFO - distribution.client_api - Finished experiment, waiting for new requests.
2020-05-01 18:40:48,512 WARNING - distribution.client_api - Received stop signal from master, but no experiment is running.
