2020-05-01 18:39:41,323 INFO - distribution.client_api - Distributed training recognized, set log directory to ./output/lipizzaner_gan/distributed/mnist/2020-05-01_18-39-41/2437
2020-05-01 18:39:42,866 INFO - lipizzaner - Parameters: {'trainer': {'params': {'default_adam_learning_rate': 0.0002, 'score': {'score_sample_size': 1000, 'cuda': True, 'type': 'fid', 'enabled': True}, 'discriminator_skip_each_nth_step': 1, 'enable_selection': False, 'mutation_probability': 0.5, 'fitness': {'fitness_mode': 'average', 'fitness_sample_size': 1000}, 'population_size': 1, 'tournament_size': 2, 'alpha': 0.0001, 'mixture_sigma': 0.01, 'n_replacements': 1}, 'n_iterations': 5, 'name': 'lipizzaner_gan', 'calculate_net_weights_dist': True, 'mixture_generator_samples_mode': 'exact_proportion'}, 'general': {'output_dir': './output', 'distribution': {'master_node': {'exit_clients_on_disconnect': True}, 'client_nodes': [{'id': '127.0.0.1:5000', 'port': 5000, 'address': '127.0.0.1'}, {'id': '127.0.0.1:5001', 'port': 5001, 'address': '127.0.0.1'}, {'id': '127.0.0.1:5002', 'port': 5002, 'address': '127.0.0.1'}, {'id': '127.0.0.1:5003', 'port': 5003, 'address': '127.0.0.1'}], 'auto_discover': False, 'start_time': '2020-05-01_18-39-41'}, 'losswise': {'api_key': '3T1CKALG6', 'enabled': False}, 'logging': {'image_format': 'jpg', 'log_server': None, 'print_discriminator': False, 'log_level': 'INFO', 'enabled': True}, 'num_workers': 4, 'seed': 1}, 'network': {'name': 'four_layer_perceptron', 'loss': 'bceloss'}, 'master': {'score_sample_size': 50000, 'cuda': True, 'calculate_score': True}, 'dataloader': {'batch_size': 100, 'n_batches': 0, 'shuffle': True, 'use_batch': True, 'dataset_name': 'mnist'}}
2020-05-01 18:39:42,866 INFO - lipizzaner - CUDA is not supported on this device.
2020-05-01 18:39:42,953 INFO - lipizzaner - Seed used: 6016804
2020-05-01 18:39:42,954 INFO - lipizzaner - Starting training for 5 iterations/epochs.
2020-05-01 18:39:43,004 INFO - requests.packages.urllib3.connectionpool - Starting new HTTP connection (1): 127.0.0.1
2020-05-01 18:39:43,008 INFO - requests.packages.urllib3.connectionpool - Starting new HTTP connection (1): 127.0.0.1
2020-05-01 18:39:43,301 INFO - distribution.node_client - Loading parameters from endpoint http://127.0.0.1:5001/parameters/generators took 0.3060274124145508 seconds
2020-05-01 18:39:43,396 INFO - distribution.node_client - Loading parameters from endpoint http://127.0.0.1:5002/parameters/generators took 0.3898930549621582 seconds
2020-05-01 18:39:43,453 INFO - requests.packages.urllib3.connectionpool - Starting new HTTP connection (1): 127.0.0.1
2020-05-01 18:39:43,484 INFO - requests.packages.urllib3.connectionpool - Starting new HTTP connection (1): 127.0.0.1
2020-05-01 18:39:43,533 INFO - distribution.node_client - Loading parameters from endpoint http://127.0.0.1:5001/parameters/discriminators took 0.08199453353881836 seconds
2020-05-01 18:39:43,604 INFO - distribution.node_client - Loading parameters from endpoint http://127.0.0.1:5002/parameters/discriminators took 0.14574193954467773 seconds
2020-05-01 18:39:43,679 INFO - training.ea.ea_trainer - Generators in current neighborhood are ['Iteration0:127.0.0.1:5001:1/G0', 'Iteration0:127.0.0.1:5002:2/G0', 'Iteration0:127.0.0.1:5003:3/G0']
2020-05-01 18:39:43,682 INFO - training.ea.ea_trainer - Discriminators in current neighborhood are ['Iteration0:127.0.0.1:5001:1/D0', 'Iteration0:127.0.0.1:5002:2/D0', 'Iteration0:127.0.0.1:5003:3/D0']
2020-05-01 18:39:44,168 INFO - training.ea.ea_trainer - L2 distance between all generators weights: [('Iteration0:127.0.0.1:5001:1/G0', 'Iteration0:127.0.0.1:5002:2/G0', array(29.46448, dtype=float32)), ('Iteration0:127.0.0.1:5001:1/G0', 'Iteration0:127.0.0.1:5003:3/G0', array(29.437784, dtype=float32)), ('Iteration0:127.0.0.1:5002:2/G0', 'Iteration0:127.0.0.1:5003:3/G0', array(29.472183, dtype=float32))]
2020-05-01 18:39:44,415 INFO - training.ea.ea_trainer - L2 distance between all discriminators weights: [('Iteration0:127.0.0.1:5001:1/D0', 'Iteration0:127.0.0.1:5002:2/D0', array(18.537579, dtype=float32)), ('Iteration0:127.0.0.1:5001:1/D0', 'Iteration0:127.0.0.1:5003:3/D0', array(18.537949, dtype=float32)), ('Iteration0:127.0.0.1:5002:2/D0', 'Iteration0:127.0.0.1:5003:3/D0', array(18.506863, dtype=float32))]
2020-05-01 18:39:49,914 INFO - training.ea.ea_trainer - Iteration 1, Batch 0/600
2020-05-01 18:39:49,959 INFO - training.ea.ea_trainer - Iteration 1, Batch 1/600
2020-05-01 18:39:50,054 INFO - training.ea.ea_trainer - Iteration 1, Batch 2/600
2020-05-01 18:39:50,140 INFO - training.ea.ea_trainer - Iteration 1, Batch 3/600
2020-05-01 18:39:50,267 INFO - training.ea.ea_trainer - Iteration 1, Batch 4/600
2020-05-01 18:39:50,312 INFO - training.ea.ea_trainer - Iteration 1, Batch 5/600
2020-05-01 18:39:50,504 INFO - training.ea.ea_trainer - Iteration 1, Batch 6/600
2020-05-01 18:39:50,575 INFO - training.ea.ea_trainer - Iteration 1, Batch 7/600
2020-05-01 18:39:50,681 INFO - training.ea.ea_trainer - Iteration 1, Batch 8/600
2020-05-01 18:39:50,735 INFO - training.ea.ea_trainer - Iteration 1, Batch 9/600
2020-05-01 18:39:50,853 INFO - training.ea.ea_trainer - Iteration 1, Batch 10/600
2020-05-01 18:39:50,917 INFO - training.ea.ea_trainer - Iteration 1, Batch 11/600
2020-05-01 18:39:51,030 INFO - training.ea.ea_trainer - Iteration 1, Batch 12/600
2020-05-01 18:39:51,104 INFO - training.ea.ea_trainer - Iteration 1, Batch 13/600
2020-05-01 18:39:51,215 INFO - training.ea.ea_trainer - Iteration 1, Batch 14/600
2020-05-01 18:39:51,270 INFO - training.ea.ea_trainer - Iteration 1, Batch 15/600
2020-05-01 18:39:51,392 INFO - training.ea.ea_trainer - Iteration 1, Batch 16/600
2020-05-01 18:39:51,443 INFO - training.ea.ea_trainer - Iteration 1, Batch 17/600
2020-05-01 18:39:51,530 INFO - training.ea.ea_trainer - Iteration 1, Batch 18/600
2020-05-01 18:39:51,603 INFO - training.ea.ea_trainer - Iteration 1, Batch 19/600
2020-05-01 18:39:51,718 INFO - training.ea.ea_trainer - Iteration 1, Batch 20/600
2020-05-01 18:39:51,763 INFO - training.ea.ea_trainer - Iteration 1, Batch 21/600
2020-05-01 18:39:51,887 INFO - training.ea.ea_trainer - Iteration 1, Batch 22/600
2020-05-01 18:39:51,918 INFO - training.ea.ea_trainer - Iteration 1, Batch 23/600
2020-05-01 18:39:52,013 INFO - training.ea.ea_trainer - Iteration 1, Batch 24/600
2020-05-01 18:39:52,096 INFO - training.ea.ea_trainer - Iteration 1, Batch 25/600
2020-05-01 18:39:52,231 INFO - training.ea.ea_trainer - Iteration 1, Batch 26/600
2020-05-01 18:39:52,331 INFO - training.ea.ea_trainer - Iteration 1, Batch 27/600
2020-05-01 18:39:52,441 INFO - training.ea.ea_trainer - Iteration 1, Batch 28/600
2020-05-01 18:39:52,497 INFO - training.ea.ea_trainer - Iteration 1, Batch 29/600
2020-05-01 18:39:52,614 INFO - training.ea.ea_trainer - Iteration 1, Batch 30/600
2020-05-01 18:39:52,698 INFO - training.ea.ea_trainer - Iteration 1, Batch 31/600
2020-05-01 18:39:52,844 INFO - training.ea.ea_trainer - Iteration 1, Batch 32/600
2020-05-01 18:39:52,921 INFO - training.ea.ea_trainer - Iteration 1, Batch 33/600
2020-05-01 18:39:53,088 INFO - training.ea.ea_trainer - Iteration 1, Batch 34/600
2020-05-01 18:39:53,189 INFO - training.ea.ea_trainer - Iteration 1, Batch 35/600
2020-05-01 18:39:53,337 INFO - training.ea.ea_trainer - Iteration 1, Batch 36/600
2020-05-01 18:39:53,394 INFO - training.ea.ea_trainer - Iteration 1, Batch 37/600
2020-05-01 18:39:53,502 INFO - training.ea.ea_trainer - Iteration 1, Batch 38/600
2020-05-01 18:39:53,580 INFO - training.ea.ea_trainer - Iteration 1, Batch 39/600
2020-05-01 18:39:53,667 INFO - training.ea.ea_trainer - Iteration 1, Batch 40/600
2020-05-01 18:39:53,726 INFO - training.ea.ea_trainer - Iteration 1, Batch 41/600
2020-05-01 18:39:53,811 INFO - training.ea.ea_trainer - Iteration 1, Batch 42/600
2020-05-01 18:39:53,872 INFO - training.ea.ea_trainer - Iteration 1, Batch 43/600
2020-05-01 18:39:54,009 INFO - training.ea.ea_trainer - Iteration 1, Batch 44/600
2020-05-01 18:39:54,078 INFO - training.ea.ea_trainer - Iteration 1, Batch 45/600
2020-05-01 18:39:54,183 INFO - training.ea.ea_trainer - Iteration 1, Batch 46/600
2020-05-01 18:39:54,240 INFO - training.ea.ea_trainer - Iteration 1, Batch 47/600
2020-05-01 18:39:54,394 INFO - training.ea.ea_trainer - Iteration 1, Batch 48/600
2020-05-01 18:39:54,463 INFO - training.ea.ea_trainer - Iteration 1, Batch 49/600
2020-05-01 18:39:54,575 INFO - training.ea.ea_trainer - Iteration 1, Batch 50/600
2020-05-01 18:39:54,646 INFO - training.ea.ea_trainer - Iteration 1, Batch 51/600
2020-05-01 18:39:54,723 INFO - training.ea.ea_trainer - Iteration 1, Batch 52/600
2020-05-01 18:39:54,773 INFO - training.ea.ea_trainer - Iteration 1, Batch 53/600
2020-05-01 18:39:54,892 INFO - training.ea.ea_trainer - Iteration 1, Batch 54/600
2020-05-01 18:39:54,956 INFO - training.ea.ea_trainer - Iteration 1, Batch 55/600
2020-05-01 18:39:55,061 INFO - training.ea.ea_trainer - Iteration 1, Batch 56/600
2020-05-01 18:39:55,122 INFO - training.ea.ea_trainer - Iteration 1, Batch 57/600
2020-05-01 18:39:55,228 INFO - training.ea.ea_trainer - Iteration 1, Batch 58/600
2020-05-01 18:39:55,320 INFO - training.ea.ea_trainer - Iteration 1, Batch 59/600
2020-05-01 18:39:55,439 INFO - training.ea.ea_trainer - Iteration 1, Batch 60/600
2020-05-01 18:39:55,500 INFO - training.ea.ea_trainer - Iteration 1, Batch 61/600
2020-05-01 18:39:55,655 INFO - training.ea.ea_trainer - Iteration 1, Batch 62/600
2020-05-01 18:39:55,742 INFO - training.ea.ea_trainer - Iteration 1, Batch 63/600
2020-05-01 18:39:55,873 INFO - training.ea.ea_trainer - Iteration 1, Batch 64/600
2020-05-01 18:39:55,949 INFO - training.ea.ea_trainer - Iteration 1, Batch 65/600
2020-05-01 18:39:56,062 INFO - training.ea.ea_trainer - Iteration 1, Batch 66/600
2020-05-01 18:39:56,114 INFO - training.ea.ea_trainer - Iteration 1, Batch 67/600
2020-05-01 18:39:56,228 INFO - training.ea.ea_trainer - Iteration 1, Batch 68/600
2020-05-01 18:39:56,298 INFO - training.ea.ea_trainer - Iteration 1, Batch 69/600
2020-05-01 18:39:56,392 INFO - training.ea.ea_trainer - Iteration 1, Batch 70/600
2020-05-01 18:39:56,454 INFO - training.ea.ea_trainer - Iteration 1, Batch 71/600
2020-05-01 18:39:56,584 INFO - training.ea.ea_trainer - Iteration 1, Batch 72/600
2020-05-01 18:39:56,649 INFO - training.ea.ea_trainer - Iteration 1, Batch 73/600
2020-05-01 18:39:56,773 INFO - training.ea.ea_trainer - Iteration 1, Batch 74/600
2020-05-01 18:39:56,817 INFO - training.ea.ea_trainer - Iteration 1, Batch 75/600
2020-05-01 18:39:56,943 INFO - training.ea.ea_trainer - Iteration 1, Batch 76/600
2020-05-01 18:39:57,024 INFO - training.ea.ea_trainer - Iteration 1, Batch 77/600
2020-05-01 18:39:57,140 INFO - training.ea.ea_trainer - Iteration 1, Batch 78/600
2020-05-01 18:39:57,224 INFO - training.ea.ea_trainer - Iteration 1, Batch 79/600
2020-05-01 18:39:57,369 INFO - training.ea.ea_trainer - Iteration 1, Batch 80/600
2020-05-01 18:39:57,426 INFO - training.ea.ea_trainer - Iteration 1, Batch 81/600
2020-05-01 18:39:57,558 INFO - training.ea.ea_trainer - Iteration 1, Batch 82/600
2020-05-01 18:39:57,602 INFO - training.ea.ea_trainer - Iteration 1, Batch 83/600
2020-05-01 18:39:57,727 INFO - training.ea.ea_trainer - Iteration 1, Batch 84/600
2020-05-01 18:39:57,770 INFO - training.ea.ea_trainer - Iteration 1, Batch 85/600
2020-05-01 18:39:57,879 INFO - training.ea.ea_trainer - Iteration 1, Batch 86/600
2020-05-01 18:39:57,970 INFO - training.ea.ea_trainer - Iteration 1, Batch 87/600
2020-05-01 18:39:58,071 INFO - training.ea.ea_trainer - Iteration 1, Batch 88/600
2020-05-01 18:39:58,141 INFO - training.ea.ea_trainer - Iteration 1, Batch 89/600
2020-05-01 18:39:58,241 INFO - training.ea.ea_trainer - Iteration 1, Batch 90/600
2020-05-01 18:39:58,316 INFO - training.ea.ea_trainer - Iteration 1, Batch 91/600
2020-05-01 18:39:58,451 INFO - training.ea.ea_trainer - Iteration 1, Batch 92/600
2020-05-01 18:39:58,502 INFO - training.ea.ea_trainer - Iteration 1, Batch 93/600
2020-05-01 18:39:58,602 INFO - training.ea.ea_trainer - Iteration 1, Batch 94/600
2020-05-01 18:39:58,663 INFO - training.ea.ea_trainer - Iteration 1, Batch 95/600
2020-05-01 18:39:58,819 INFO - training.ea.ea_trainer - Iteration 1, Batch 96/600
2020-05-01 18:39:58,882 INFO - training.ea.ea_trainer - Iteration 1, Batch 97/600
2020-05-01 18:39:58,995 INFO - training.ea.ea_trainer - Iteration 1, Batch 98/600
2020-05-01 18:39:59,069 INFO - training.ea.ea_trainer - Iteration 1, Batch 99/600
2020-05-01 18:39:59,175 INFO - training.ea.ea_trainer - Iteration 1, Batch 100/600
2020-05-01 18:39:59,216 INFO - training.ea.ea_trainer - Iteration 1, Batch 101/600
2020-05-01 18:39:59,347 INFO - training.ea.ea_trainer - Iteration 1, Batch 102/600
2020-05-01 18:39:59,400 INFO - training.ea.ea_trainer - Iteration 1, Batch 103/600
2020-05-01 18:39:59,561 INFO - training.ea.ea_trainer - Iteration 1, Batch 104/600
2020-05-01 18:39:59,620 INFO - training.ea.ea_trainer - Iteration 1, Batch 105/600
2020-05-01 18:39:59,750 INFO - training.ea.ea_trainer - Iteration 1, Batch 106/600
2020-05-01 18:39:59,799 INFO - training.ea.ea_trainer - Iteration 1, Batch 107/600
2020-05-01 18:39:59,934 INFO - training.ea.ea_trainer - Iteration 1, Batch 108/600
2020-05-01 18:39:59,994 INFO - training.ea.ea_trainer - Iteration 1, Batch 109/600
2020-05-01 18:40:00,113 INFO - training.ea.ea_trainer - Iteration 1, Batch 110/600
2020-05-01 18:40:00,171 INFO - training.ea.ea_trainer - Iteration 1, Batch 111/600
2020-05-01 18:40:00,293 INFO - training.ea.ea_trainer - Iteration 1, Batch 112/600
2020-05-01 18:40:00,369 INFO - training.ea.ea_trainer - Iteration 1, Batch 113/600
2020-05-01 18:40:00,495 INFO - training.ea.ea_trainer - Iteration 1, Batch 114/600
2020-05-01 18:40:00,563 INFO - training.ea.ea_trainer - Iteration 1, Batch 115/600
2020-05-01 18:40:00,682 INFO - training.ea.ea_trainer - Iteration 1, Batch 116/600
2020-05-01 18:40:00,751 INFO - training.ea.ea_trainer - Iteration 1, Batch 117/600
2020-05-01 18:40:00,865 INFO - training.ea.ea_trainer - Iteration 1, Batch 118/600
2020-05-01 18:40:00,943 INFO - training.ea.ea_trainer - Iteration 1, Batch 119/600
2020-05-01 18:40:01,059 INFO - training.ea.ea_trainer - Iteration 1, Batch 120/600
2020-05-01 18:40:01,128 INFO - training.ea.ea_trainer - Iteration 1, Batch 121/600
2020-05-01 18:40:01,250 INFO - training.ea.ea_trainer - Iteration 1, Batch 122/600
2020-05-01 18:40:01,320 INFO - training.ea.ea_trainer - Iteration 1, Batch 123/600
2020-05-01 18:40:01,437 INFO - training.ea.ea_trainer - Iteration 1, Batch 124/600
2020-05-01 18:40:01,511 INFO - training.ea.ea_trainer - Iteration 1, Batch 125/600
2020-05-01 18:40:01,610 INFO - training.ea.ea_trainer - Iteration 1, Batch 126/600
2020-05-01 18:40:01,656 INFO - training.ea.ea_trainer - Iteration 1, Batch 127/600
2020-05-01 18:40:01,863 INFO - training.ea.ea_trainer - Iteration 1, Batch 128/600
2020-05-01 18:40:01,944 INFO - training.ea.ea_trainer - Iteration 1, Batch 129/600
2020-05-01 18:40:02,034 INFO - training.ea.ea_trainer - Iteration 1, Batch 130/600
2020-05-01 18:40:02,124 INFO - training.ea.ea_trainer - Iteration 1, Batch 131/600
2020-05-01 18:40:02,222 INFO - training.ea.ea_trainer - Iteration 1, Batch 132/600
2020-05-01 18:40:02,306 INFO - training.ea.ea_trainer - Iteration 1, Batch 133/600
2020-05-01 18:40:02,425 INFO - training.ea.ea_trainer - Iteration 1, Batch 134/600
2020-05-01 18:40:02,510 INFO - training.ea.ea_trainer - Iteration 1, Batch 135/600
2020-05-01 18:40:02,607 INFO - training.ea.ea_trainer - Iteration 1, Batch 136/600
2020-05-01 18:40:02,660 INFO - training.ea.ea_trainer - Iteration 1, Batch 137/600
2020-05-01 18:40:02,832 INFO - training.ea.ea_trainer - Iteration 1, Batch 138/600
2020-05-01 18:40:02,857 INFO - training.ea.ea_trainer - Iteration 1, Batch 139/600
2020-05-01 18:40:03,034 INFO - training.ea.ea_trainer - Iteration 1, Batch 140/600
2020-05-01 18:40:03,128 INFO - training.ea.ea_trainer - Iteration 1, Batch 141/600
2020-05-01 18:40:03,264 INFO - training.ea.ea_trainer - Iteration 1, Batch 142/600
2020-05-01 18:40:03,332 INFO - training.ea.ea_trainer - Iteration 1, Batch 143/600
2020-05-01 18:40:03,475 INFO - training.ea.ea_trainer - Iteration 1, Batch 144/600
2020-05-01 18:40:03,543 INFO - training.ea.ea_trainer - Iteration 1, Batch 145/600
2020-05-01 18:40:03,679 INFO - training.ea.ea_trainer - Iteration 1, Batch 146/600
2020-05-01 18:40:03,715 INFO - training.ea.ea_trainer - Iteration 1, Batch 147/600
2020-05-01 18:40:03,816 INFO - training.ea.ea_trainer - Iteration 1, Batch 148/600
2020-05-01 18:40:03,896 INFO - training.ea.ea_trainer - Iteration 1, Batch 149/600
2020-05-01 18:40:04,026 INFO - training.ea.ea_trainer - Iteration 1, Batch 150/600
2020-05-01 18:40:04,077 INFO - training.ea.ea_trainer - Iteration 1, Batch 151/600
2020-05-01 18:40:04,186 INFO - training.ea.ea_trainer - Iteration 1, Batch 152/600
2020-05-01 18:40:04,258 INFO - training.ea.ea_trainer - Iteration 1, Batch 153/600
2020-05-01 18:40:04,381 INFO - training.ea.ea_trainer - Iteration 1, Batch 154/600
2020-05-01 18:40:04,428 INFO - training.ea.ea_trainer - Iteration 1, Batch 155/600
2020-05-01 18:40:04,568 INFO - training.ea.ea_trainer - Iteration 1, Batch 156/600
2020-05-01 18:40:04,635 INFO - training.ea.ea_trainer - Iteration 1, Batch 157/600
2020-05-01 18:40:04,740 INFO - training.ea.ea_trainer - Iteration 1, Batch 158/600
2020-05-01 18:40:04,795 INFO - training.ea.ea_trainer - Iteration 1, Batch 159/600
2020-05-01 18:40:04,914 INFO - training.ea.ea_trainer - Iteration 1, Batch 160/600
2020-05-01 18:40:04,975 INFO - training.ea.ea_trainer - Iteration 1, Batch 161/600
2020-05-01 18:40:05,113 INFO - training.ea.ea_trainer - Iteration 1, Batch 162/600
2020-05-01 18:40:05,181 INFO - training.ea.ea_trainer - Iteration 1, Batch 163/600
2020-05-01 18:40:05,274 INFO - training.ea.ea_trainer - Iteration 1, Batch 164/600
2020-05-01 18:40:05,355 INFO - training.ea.ea_trainer - Iteration 1, Batch 165/600
2020-05-01 18:40:05,491 INFO - training.ea.ea_trainer - Iteration 1, Batch 166/600
2020-05-01 18:40:05,546 INFO - training.ea.ea_trainer - Iteration 1, Batch 167/600
2020-05-01 18:40:05,657 INFO - training.ea.ea_trainer - Iteration 1, Batch 168/600
2020-05-01 18:40:05,711 INFO - training.ea.ea_trainer - Iteration 1, Batch 169/600
2020-05-01 18:40:05,813 INFO - training.ea.ea_trainer - Iteration 1, Batch 170/600
2020-05-01 18:40:05,886 INFO - training.ea.ea_trainer - Iteration 1, Batch 171/600
2020-05-01 18:40:06,006 INFO - training.ea.ea_trainer - Iteration 1, Batch 172/600
2020-05-01 18:40:06,075 INFO - training.ea.ea_trainer - Iteration 1, Batch 173/600
2020-05-01 18:40:06,177 INFO - training.ea.ea_trainer - Iteration 1, Batch 174/600
2020-05-01 18:40:06,249 INFO - training.ea.ea_trainer - Iteration 1, Batch 175/600
2020-05-01 18:40:06,329 INFO - training.ea.ea_trainer - Iteration 1, Batch 176/600
2020-05-01 18:40:06,398 INFO - training.ea.ea_trainer - Iteration 1, Batch 177/600
2020-05-01 18:40:06,547 INFO - training.ea.ea_trainer - Iteration 1, Batch 178/600
2020-05-01 18:40:06,577 INFO - training.ea.ea_trainer - Iteration 1, Batch 179/600
2020-05-01 18:40:06,724 INFO - training.ea.ea_trainer - Iteration 1, Batch 180/600
2020-05-01 18:40:06,792 INFO - training.ea.ea_trainer - Iteration 1, Batch 181/600
2020-05-01 18:40:06,908 INFO - training.ea.ea_trainer - Iteration 1, Batch 182/600
2020-05-01 18:40:06,977 INFO - training.ea.ea_trainer - Iteration 1, Batch 183/600
2020-05-01 18:40:07,069 INFO - training.ea.ea_trainer - Iteration 1, Batch 184/600
2020-05-01 18:40:07,127 INFO - training.ea.ea_trainer - Iteration 1, Batch 185/600
2020-05-01 18:40:07,235 INFO - training.ea.ea_trainer - Iteration 1, Batch 186/600
2020-05-01 18:40:07,330 INFO - training.ea.ea_trainer - Iteration 1, Batch 187/600
2020-05-01 18:40:07,461 INFO - training.ea.ea_trainer - Iteration 1, Batch 188/600
2020-05-01 18:40:07,527 INFO - training.ea.ea_trainer - Iteration 1, Batch 189/600
2020-05-01 18:40:07,650 INFO - training.ea.ea_trainer - Iteration 1, Batch 190/600
2020-05-01 18:40:07,704 INFO - training.ea.ea_trainer - Iteration 1, Batch 191/600
2020-05-01 18:40:07,842 INFO - training.ea.ea_trainer - Iteration 1, Batch 192/600
2020-05-01 18:40:07,869 INFO - training.ea.ea_trainer - Iteration 1, Batch 193/600
2020-05-01 18:40:07,970 INFO - training.ea.ea_trainer - Iteration 1, Batch 194/600
2020-05-01 18:40:08,046 INFO - training.ea.ea_trainer - Iteration 1, Batch 195/600
2020-05-01 18:40:08,195 INFO - training.ea.ea_trainer - Iteration 1, Batch 196/600
2020-05-01 18:40:08,253 INFO - training.ea.ea_trainer - Iteration 1, Batch 197/600
2020-05-01 18:40:08,383 INFO - training.ea.ea_trainer - Iteration 1, Batch 198/600
2020-05-01 18:40:08,463 INFO - training.ea.ea_trainer - Iteration 1, Batch 199/600
2020-05-01 18:40:08,592 INFO - training.ea.ea_trainer - Iteration 1, Batch 200/600
2020-05-01 18:40:08,661 INFO - training.ea.ea_trainer - Iteration 1, Batch 201/600
2020-05-01 18:40:08,788 INFO - training.ea.ea_trainer - Iteration 1, Batch 202/600
2020-05-01 18:40:08,834 INFO - training.ea.ea_trainer - Iteration 1, Batch 203/600
2020-05-01 18:40:08,970 INFO - training.ea.ea_trainer - Iteration 1, Batch 204/600
2020-05-01 18:40:09,028 INFO - training.ea.ea_trainer - Iteration 1, Batch 205/600
2020-05-01 18:40:09,123 INFO - training.ea.ea_trainer - Iteration 1, Batch 206/600
2020-05-01 18:40:09,192 INFO - training.ea.ea_trainer - Iteration 1, Batch 207/600
2020-05-01 18:40:09,316 INFO - training.ea.ea_trainer - Iteration 1, Batch 208/600
2020-05-01 18:40:09,396 INFO - training.ea.ea_trainer - Iteration 1, Batch 209/600
2020-05-01 18:40:09,491 INFO - training.ea.ea_trainer - Iteration 1, Batch 210/600
2020-05-01 18:40:09,552 INFO - training.ea.ea_trainer - Iteration 1, Batch 211/600
2020-05-01 18:40:09,671 INFO - training.ea.ea_trainer - Iteration 1, Batch 212/600
2020-05-01 18:40:09,704 INFO - training.ea.ea_trainer - Iteration 1, Batch 213/600
2020-05-01 18:40:09,824 INFO - training.ea.ea_trainer - Iteration 1, Batch 214/600
2020-05-01 18:40:09,878 INFO - training.ea.ea_trainer - Iteration 1, Batch 215/600
2020-05-01 18:40:10,030 INFO - training.ea.ea_trainer - Iteration 1, Batch 216/600
2020-05-01 18:40:10,080 INFO - training.ea.ea_trainer - Iteration 1, Batch 217/600
2020-05-01 18:40:10,221 INFO - training.ea.ea_trainer - Iteration 1, Batch 218/600
2020-05-01 18:40:10,261 INFO - training.ea.ea_trainer - Iteration 1, Batch 219/600
2020-05-01 18:40:10,397 INFO - training.ea.ea_trainer - Iteration 1, Batch 220/600
2020-05-01 18:40:10,455 INFO - training.ea.ea_trainer - Iteration 1, Batch 221/600
2020-05-01 18:40:10,585 INFO - training.ea.ea_trainer - Iteration 1, Batch 222/600
2020-05-01 18:40:10,632 INFO - training.ea.ea_trainer - Iteration 1, Batch 223/600
2020-05-01 18:40:10,767 INFO - training.ea.ea_trainer - Iteration 1, Batch 224/600
2020-05-01 18:40:10,814 INFO - training.ea.ea_trainer - Iteration 1, Batch 225/600
2020-05-01 18:40:10,952 INFO - training.ea.ea_trainer - Iteration 1, Batch 226/600
2020-05-01 18:40:11,023 INFO - training.ea.ea_trainer - Iteration 1, Batch 227/600
2020-05-01 18:40:11,138 INFO - training.ea.ea_trainer - Iteration 1, Batch 228/600
2020-05-01 18:40:11,205 INFO - training.ea.ea_trainer - Iteration 1, Batch 229/600
2020-05-01 18:40:11,317 INFO - training.ea.ea_trainer - Iteration 1, Batch 230/600
2020-05-01 18:40:11,355 INFO - training.ea.ea_trainer - Iteration 1, Batch 231/600
2020-05-01 18:40:11,511 INFO - training.ea.ea_trainer - Iteration 1, Batch 232/600
2020-05-01 18:40:11,560 INFO - training.ea.ea_trainer - Iteration 1, Batch 233/600
2020-05-01 18:40:11,658 INFO - training.ea.ea_trainer - Iteration 1, Batch 234/600
2020-05-01 18:40:11,710 INFO - training.ea.ea_trainer - Iteration 1, Batch 235/600
2020-05-01 18:40:11,844 INFO - training.ea.ea_trainer - Iteration 1, Batch 236/600
2020-05-01 18:40:11,901 INFO - training.ea.ea_trainer - Iteration 1, Batch 237/600
2020-05-01 18:40:12,019 INFO - training.ea.ea_trainer - Iteration 1, Batch 238/600
2020-05-01 18:40:12,076 INFO - training.ea.ea_trainer - Iteration 1, Batch 239/600
2020-05-01 18:40:12,169 INFO - training.ea.ea_trainer - Iteration 1, Batch 240/600
2020-05-01 18:40:12,219 INFO - training.ea.ea_trainer - Iteration 1, Batch 241/600
2020-05-01 18:40:12,332 INFO - training.ea.ea_trainer - Iteration 1, Batch 242/600
2020-05-01 18:40:12,377 INFO - training.ea.ea_trainer - Iteration 1, Batch 243/600
2020-05-01 18:40:12,491 INFO - training.ea.ea_trainer - Iteration 1, Batch 244/600
2020-05-01 18:40:12,538 INFO - training.ea.ea_trainer - Iteration 1, Batch 245/600
2020-05-01 18:40:12,653 INFO - training.ea.ea_trainer - Iteration 1, Batch 246/600
2020-05-01 18:40:12,698 INFO - training.ea.ea_trainer - Iteration 1, Batch 247/600
2020-05-01 18:40:12,809 INFO - training.ea.ea_trainer - Iteration 1, Batch 248/600
2020-05-01 18:40:12,869 INFO - training.ea.ea_trainer - Iteration 1, Batch 249/600
2020-05-01 18:40:12,992 INFO - training.ea.ea_trainer - Iteration 1, Batch 250/600
2020-05-01 18:40:13,047 INFO - training.ea.ea_trainer - Iteration 1, Batch 251/600
2020-05-01 18:40:13,133 INFO - training.ea.ea_trainer - Iteration 1, Batch 252/600
2020-05-01 18:40:13,201 INFO - training.ea.ea_trainer - Iteration 1, Batch 253/600
2020-05-01 18:40:13,339 INFO - training.ea.ea_trainer - Iteration 1, Batch 254/600
2020-05-01 18:40:13,384 INFO - training.ea.ea_trainer - Iteration 1, Batch 255/600
2020-05-01 18:40:13,520 INFO - training.ea.ea_trainer - Iteration 1, Batch 256/600
2020-05-01 18:40:13,616 INFO - training.ea.ea_trainer - Iteration 1, Batch 257/600
2020-05-01 18:40:13,728 INFO - training.ea.ea_trainer - Iteration 1, Batch 258/600
2020-05-01 18:40:13,778 INFO - training.ea.ea_trainer - Iteration 1, Batch 259/600
2020-05-01 18:40:13,877 INFO - training.ea.ea_trainer - Iteration 1, Batch 260/600
2020-05-01 18:40:13,941 INFO - training.ea.ea_trainer - Iteration 1, Batch 261/600
2020-05-01 18:40:14,038 INFO - training.ea.ea_trainer - Iteration 1, Batch 262/600
2020-05-01 18:40:14,091 INFO - training.ea.ea_trainer - Iteration 1, Batch 263/600
2020-05-01 18:40:14,202 INFO - training.ea.ea_trainer - Iteration 1, Batch 264/600
2020-05-01 18:40:14,294 INFO - training.ea.ea_trainer - Iteration 1, Batch 265/600
2020-05-01 18:40:14,407 INFO - training.ea.ea_trainer - Iteration 1, Batch 266/600
2020-05-01 18:40:14,495 INFO - training.ea.ea_trainer - Iteration 1, Batch 267/600
2020-05-01 18:40:14,599 INFO - training.ea.ea_trainer - Iteration 1, Batch 268/600
2020-05-01 18:40:14,667 INFO - training.ea.ea_trainer - Iteration 1, Batch 269/600
2020-05-01 18:40:14,751 INFO - training.ea.ea_trainer - Iteration 1, Batch 270/600
2020-05-01 18:40:14,809 INFO - training.ea.ea_trainer - Iteration 1, Batch 271/600
2020-05-01 18:40:14,968 INFO - training.ea.ea_trainer - Iteration 1, Batch 272/600
2020-05-01 18:40:15,015 INFO - training.ea.ea_trainer - Iteration 1, Batch 273/600
2020-05-01 18:40:15,102 INFO - training.ea.ea_trainer - Iteration 1, Batch 274/600
2020-05-01 18:40:15,195 INFO - training.ea.ea_trainer - Iteration 1, Batch 275/600
2020-05-01 18:40:15,299 INFO - training.ea.ea_trainer - Iteration 1, Batch 276/600
2020-05-01 18:40:15,339 INFO - training.ea.ea_trainer - Iteration 1, Batch 277/600
2020-05-01 18:40:15,470 INFO - training.ea.ea_trainer - Iteration 1, Batch 278/600
2020-05-01 18:40:15,538 INFO - training.ea.ea_trainer - Iteration 1, Batch 279/600
2020-05-01 18:40:15,667 INFO - training.ea.ea_trainer - Iteration 1, Batch 280/600
2020-05-01 18:40:15,712 INFO - training.ea.ea_trainer - Iteration 1, Batch 281/600
2020-05-01 18:40:15,843 INFO - training.ea.ea_trainer - Iteration 1, Batch 282/600
2020-05-01 18:40:15,895 INFO - training.ea.ea_trainer - Iteration 1, Batch 283/600
2020-05-01 18:40:16,007 INFO - training.ea.ea_trainer - Iteration 1, Batch 284/600
2020-05-01 18:40:16,052 INFO - training.ea.ea_trainer - Iteration 1, Batch 285/600
2020-05-01 18:40:16,206 INFO - training.ea.ea_trainer - Iteration 1, Batch 286/600
2020-05-01 18:40:16,264 INFO - training.ea.ea_trainer - Iteration 1, Batch 287/600
2020-05-01 18:40:16,370 INFO - training.ea.ea_trainer - Iteration 1, Batch 288/600
2020-05-01 18:40:16,459 INFO - training.ea.ea_trainer - Iteration 1, Batch 289/600
2020-05-01 18:40:16,624 INFO - training.ea.ea_trainer - Iteration 1, Batch 290/600
2020-05-01 18:40:16,680 INFO - training.ea.ea_trainer - Iteration 1, Batch 291/600
2020-05-01 18:40:16,797 INFO - training.ea.ea_trainer - Iteration 1, Batch 292/600
2020-05-01 18:40:16,852 INFO - training.ea.ea_trainer - Iteration 1, Batch 293/600
2020-05-01 18:40:17,034 INFO - training.ea.ea_trainer - Iteration 1, Batch 294/600
2020-05-01 18:40:17,136 INFO - training.ea.ea_trainer - Iteration 1, Batch 295/600
2020-05-01 18:40:17,246 INFO - training.ea.ea_trainer - Iteration 1, Batch 296/600
2020-05-01 18:40:17,312 INFO - training.ea.ea_trainer - Iteration 1, Batch 297/600
2020-05-01 18:40:17,484 INFO - training.ea.ea_trainer - Iteration 1, Batch 298/600
2020-05-01 18:40:17,592 INFO - training.ea.ea_trainer - Iteration 1, Batch 299/600
2020-05-01 18:40:17,680 INFO - training.ea.ea_trainer - Iteration 1, Batch 300/600
2020-05-01 18:40:17,769 INFO - training.ea.ea_trainer - Iteration 1, Batch 301/600
2020-05-01 18:40:17,887 INFO - training.ea.ea_trainer - Iteration 1, Batch 302/600
2020-05-01 18:40:17,963 INFO - training.ea.ea_trainer - Iteration 1, Batch 303/600
2020-05-01 18:40:18,065 INFO - training.ea.ea_trainer - Iteration 1, Batch 304/600
2020-05-01 18:40:18,123 INFO - training.ea.ea_trainer - Iteration 1, Batch 305/600
2020-05-01 18:40:18,254 INFO - training.ea.ea_trainer - Iteration 1, Batch 306/600
2020-05-01 18:40:18,324 INFO - training.ea.ea_trainer - Iteration 1, Batch 307/600
2020-05-01 18:40:18,440 INFO - training.ea.ea_trainer - Iteration 1, Batch 308/600
2020-05-01 18:40:18,497 INFO - training.ea.ea_trainer - Iteration 1, Batch 309/600
2020-05-01 18:40:18,585 INFO - training.ea.ea_trainer - Iteration 1, Batch 310/600
2020-05-01 18:40:18,635 INFO - training.ea.ea_trainer - Iteration 1, Batch 311/600
2020-05-01 18:40:18,745 INFO - training.ea.ea_trainer - Iteration 1, Batch 312/600
2020-05-01 18:40:18,783 INFO - training.ea.ea_trainer - Iteration 1, Batch 313/600
2020-05-01 18:40:18,951 INFO - training.ea.ea_trainer - Iteration 1, Batch 314/600
2020-05-01 18:40:19,002 INFO - training.ea.ea_trainer - Iteration 1, Batch 315/600
2020-05-01 18:40:19,137 INFO - training.ea.ea_trainer - Iteration 1, Batch 316/600
2020-05-01 18:40:19,169 INFO - training.ea.ea_trainer - Iteration 1, Batch 317/600
2020-05-01 18:40:19,281 INFO - training.ea.ea_trainer - Iteration 1, Batch 318/600
2020-05-01 18:40:19,364 INFO - training.ea.ea_trainer - Iteration 1, Batch 319/600
2020-05-01 18:40:19,458 INFO - training.ea.ea_trainer - Iteration 1, Batch 320/600
2020-05-01 18:40:19,509 INFO - training.ea.ea_trainer - Iteration 1, Batch 321/600
2020-05-01 18:40:19,619 INFO - training.ea.ea_trainer - Iteration 1, Batch 322/600
2020-05-01 18:40:19,692 INFO - training.ea.ea_trainer - Iteration 1, Batch 323/600
2020-05-01 18:40:19,810 INFO - training.ea.ea_trainer - Iteration 1, Batch 324/600
2020-05-01 18:40:19,879 INFO - training.ea.ea_trainer - Iteration 1, Batch 325/600
2020-05-01 18:40:19,971 INFO - training.ea.ea_trainer - Iteration 1, Batch 326/600
2020-05-01 18:40:20,053 INFO - training.ea.ea_trainer - Iteration 1, Batch 327/600
2020-05-01 18:40:20,184 INFO - training.ea.ea_trainer - Iteration 1, Batch 328/600
2020-05-01 18:40:20,234 INFO - training.ea.ea_trainer - Iteration 1, Batch 329/600
2020-05-01 18:40:20,337 INFO - training.ea.ea_trainer - Iteration 1, Batch 330/600
2020-05-01 18:40:20,374 INFO - training.ea.ea_trainer - Iteration 1, Batch 331/600
2020-05-01 18:40:20,488 INFO - training.ea.ea_trainer - Iteration 1, Batch 332/600
2020-05-01 18:40:20,546 INFO - training.ea.ea_trainer - Iteration 1, Batch 333/600
2020-05-01 18:40:20,698 INFO - training.ea.ea_trainer - Iteration 1, Batch 334/600
2020-05-01 18:40:20,765 INFO - training.ea.ea_trainer - Iteration 1, Batch 335/600
2020-05-01 18:40:20,914 INFO - training.ea.ea_trainer - Iteration 1, Batch 336/600
2020-05-01 18:40:20,998 INFO - training.ea.ea_trainer - Iteration 1, Batch 337/600
2020-05-01 18:40:21,150 INFO - training.ea.ea_trainer - Iteration 1, Batch 338/600
2020-05-01 18:40:21,232 INFO - training.ea.ea_trainer - Iteration 1, Batch 339/600
2020-05-01 18:40:21,375 INFO - training.ea.ea_trainer - Iteration 1, Batch 340/600
2020-05-01 18:40:21,439 INFO - training.ea.ea_trainer - Iteration 1, Batch 341/600
2020-05-01 18:40:21,551 INFO - training.ea.ea_trainer - Iteration 1, Batch 342/600
2020-05-01 18:40:21,611 INFO - training.ea.ea_trainer - Iteration 1, Batch 343/600
2020-05-01 18:40:21,730 INFO - training.ea.ea_trainer - Iteration 1, Batch 344/600
2020-05-01 18:40:21,776 INFO - training.ea.ea_trainer - Iteration 1, Batch 345/600
2020-05-01 18:40:21,903 INFO - training.ea.ea_trainer - Iteration 1, Batch 346/600
2020-05-01 18:40:21,985 INFO - training.ea.ea_trainer - Iteration 1, Batch 347/600
2020-05-01 18:40:22,076 INFO - training.ea.ea_trainer - Iteration 1, Batch 348/600
2020-05-01 18:40:22,154 INFO - training.ea.ea_trainer - Iteration 1, Batch 349/600
2020-05-01 18:40:22,275 INFO - training.ea.ea_trainer - Iteration 1, Batch 350/600
2020-05-01 18:40:22,305 INFO - training.ea.ea_trainer - Iteration 1, Batch 351/600
2020-05-01 18:40:22,427 INFO - training.ea.ea_trainer - Iteration 1, Batch 352/600
2020-05-01 18:40:22,496 INFO - training.ea.ea_trainer - Iteration 1, Batch 353/600
2020-05-01 18:40:22,672 INFO - training.ea.ea_trainer - Iteration 1, Batch 354/600
2020-05-01 18:40:22,752 INFO - training.ea.ea_trainer - Iteration 1, Batch 355/600
2020-05-01 18:40:22,879 INFO - training.ea.ea_trainer - Iteration 1, Batch 356/600
2020-05-01 18:40:22,921 INFO - training.ea.ea_trainer - Iteration 1, Batch 357/600
2020-05-01 18:40:23,050 INFO - training.ea.ea_trainer - Iteration 1, Batch 358/600
2020-05-01 18:40:23,146 INFO - training.ea.ea_trainer - Iteration 1, Batch 359/600
2020-05-01 18:40:23,317 INFO - training.ea.ea_trainer - Iteration 1, Batch 360/600
2020-05-01 18:40:23,382 INFO - training.ea.ea_trainer - Iteration 1, Batch 361/600
2020-05-01 18:40:23,487 INFO - training.ea.ea_trainer - Iteration 1, Batch 362/600
2020-05-01 18:40:23,544 INFO - training.ea.ea_trainer - Iteration 1, Batch 363/600
2020-05-01 18:40:23,643 INFO - training.ea.ea_trainer - Iteration 1, Batch 364/600
2020-05-01 18:40:23,707 INFO - training.ea.ea_trainer - Iteration 1, Batch 365/600
2020-05-01 18:40:23,843 INFO - training.ea.ea_trainer - Iteration 1, Batch 366/600
2020-05-01 18:40:23,877 INFO - training.ea.ea_trainer - Iteration 1, Batch 367/600
2020-05-01 18:40:24,057 INFO - training.ea.ea_trainer - Iteration 1, Batch 368/600
2020-05-01 18:40:24,121 INFO - training.ea.ea_trainer - Iteration 1, Batch 369/600
2020-05-01 18:40:24,264 INFO - training.ea.ea_trainer - Iteration 1, Batch 370/600
2020-05-01 18:40:24,317 INFO - training.ea.ea_trainer - Iteration 1, Batch 371/600
2020-05-01 18:40:24,456 INFO - training.ea.ea_trainer - Iteration 1, Batch 372/600
2020-05-01 18:40:24,553 INFO - training.ea.ea_trainer - Iteration 1, Batch 373/600
2020-05-01 18:40:24,668 INFO - training.ea.ea_trainer - Iteration 1, Batch 374/600
2020-05-01 18:40:24,720 INFO - training.ea.ea_trainer - Iteration 1, Batch 375/600
2020-05-01 18:40:24,846 INFO - training.ea.ea_trainer - Iteration 1, Batch 376/600
2020-05-01 18:40:24,929 INFO - training.ea.ea_trainer - Iteration 1, Batch 377/600
2020-05-01 18:40:25,061 INFO - training.ea.ea_trainer - Iteration 1, Batch 378/600
2020-05-01 18:40:25,125 INFO - training.ea.ea_trainer - Iteration 1, Batch 379/600
2020-05-01 18:40:25,202 INFO - training.ea.ea_trainer - Iteration 1, Batch 380/600
2020-05-01 18:40:25,266 INFO - training.ea.ea_trainer - Iteration 1, Batch 381/600
2020-05-01 18:40:25,398 INFO - training.ea.ea_trainer - Iteration 1, Batch 382/600
2020-05-01 18:40:25,470 INFO - training.ea.ea_trainer - Iteration 1, Batch 383/600
2020-05-01 18:40:25,571 INFO - training.ea.ea_trainer - Iteration 1, Batch 384/600
2020-05-01 18:40:25,641 INFO - training.ea.ea_trainer - Iteration 1, Batch 385/600
2020-05-01 18:40:25,783 INFO - training.ea.ea_trainer - Iteration 1, Batch 386/600
2020-05-01 18:40:25,892 INFO - training.ea.ea_trainer - Iteration 1, Batch 387/600
2020-05-01 18:40:26,023 INFO - training.ea.ea_trainer - Iteration 1, Batch 388/600
2020-05-01 18:40:26,081 INFO - training.ea.ea_trainer - Iteration 1, Batch 389/600
2020-05-01 18:40:26,210 INFO - training.ea.ea_trainer - Iteration 1, Batch 390/600
2020-05-01 18:40:26,312 INFO - training.ea.ea_trainer - Iteration 1, Batch 391/600
2020-05-01 18:40:26,421 INFO - training.ea.ea_trainer - Iteration 1, Batch 392/600
2020-05-01 18:40:26,478 INFO - training.ea.ea_trainer - Iteration 1, Batch 393/600
2020-05-01 18:40:26,588 INFO - training.ea.ea_trainer - Iteration 1, Batch 394/600
2020-05-01 18:40:26,673 INFO - training.ea.ea_trainer - Iteration 1, Batch 395/600
2020-05-01 18:40:26,778 INFO - training.ea.ea_trainer - Iteration 1, Batch 396/600
2020-05-01 18:40:26,861 INFO - training.ea.ea_trainer - Iteration 1, Batch 397/600
2020-05-01 18:40:26,957 INFO - training.ea.ea_trainer - Iteration 1, Batch 398/600
2020-05-01 18:40:27,038 INFO - training.ea.ea_trainer - Iteration 1, Batch 399/600
2020-05-01 18:40:27,215 INFO - training.ea.ea_trainer - Iteration 1, Batch 400/600
2020-05-01 18:40:27,250 INFO - training.ea.ea_trainer - Iteration 1, Batch 401/600
2020-05-01 18:40:27,353 INFO - training.ea.ea_trainer - Iteration 1, Batch 402/600
2020-05-01 18:40:27,415 INFO - training.ea.ea_trainer - Iteration 1, Batch 403/600
2020-05-01 18:40:27,525 INFO - training.ea.ea_trainer - Iteration 1, Batch 404/600
2020-05-01 18:40:27,568 INFO - training.ea.ea_trainer - Iteration 1, Batch 405/600
2020-05-01 18:40:27,726 INFO - training.ea.ea_trainer - Iteration 1, Batch 406/600
2020-05-01 18:40:27,798 INFO - training.ea.ea_trainer - Iteration 1, Batch 407/600
2020-05-01 18:40:27,907 INFO - training.ea.ea_trainer - Iteration 1, Batch 408/600
2020-05-01 18:40:27,972 INFO - training.ea.ea_trainer - Iteration 1, Batch 409/600
2020-05-01 18:40:28,112 INFO - training.ea.ea_trainer - Iteration 1, Batch 410/600
2020-05-01 18:40:28,173 INFO - training.ea.ea_trainer - Iteration 1, Batch 411/600
2020-05-01 18:40:28,339 INFO - training.ea.ea_trainer - Iteration 1, Batch 412/600
2020-05-01 18:40:28,394 INFO - training.ea.ea_trainer - Iteration 1, Batch 413/600
2020-05-01 18:40:28,508 INFO - training.ea.ea_trainer - Iteration 1, Batch 414/600
2020-05-01 18:40:28,589 INFO - training.ea.ea_trainer - Iteration 1, Batch 415/600
2020-05-01 18:40:28,698 INFO - training.ea.ea_trainer - Iteration 1, Batch 416/600
2020-05-01 18:40:28,758 INFO - training.ea.ea_trainer - Iteration 1, Batch 417/600
2020-05-01 18:40:28,911 INFO - training.ea.ea_trainer - Iteration 1, Batch 418/600
2020-05-01 18:40:28,983 INFO - training.ea.ea_trainer - Iteration 1, Batch 419/600
2020-05-01 18:40:29,076 INFO - training.ea.ea_trainer - Iteration 1, Batch 420/600
2020-05-01 18:40:29,198 INFO - training.ea.ea_trainer - Iteration 1, Batch 421/600
2020-05-01 18:40:29,288 INFO - training.ea.ea_trainer - Iteration 1, Batch 422/600
2020-05-01 18:40:29,373 INFO - training.ea.ea_trainer - Iteration 1, Batch 423/600
2020-05-01 18:40:29,472 INFO - training.ea.ea_trainer - Iteration 1, Batch 424/600
2020-05-01 18:40:29,546 INFO - training.ea.ea_trainer - Iteration 1, Batch 425/600
2020-05-01 18:40:29,639 INFO - training.ea.ea_trainer - Iteration 1, Batch 426/600
2020-05-01 18:40:29,709 INFO - training.ea.ea_trainer - Iteration 1, Batch 427/600
2020-05-01 18:40:29,828 INFO - training.ea.ea_trainer - Iteration 1, Batch 428/600
2020-05-01 18:40:29,896 INFO - training.ea.ea_trainer - Iteration 1, Batch 429/600
2020-05-01 18:40:30,016 INFO - training.ea.ea_trainer - Iteration 1, Batch 430/600
2020-05-01 18:40:30,084 INFO - training.ea.ea_trainer - Iteration 1, Batch 431/600
2020-05-01 18:40:30,204 INFO - training.ea.ea_trainer - Iteration 1, Batch 432/600
2020-05-01 18:40:30,250 INFO - training.ea.ea_trainer - Iteration 1, Batch 433/600
2020-05-01 18:40:30,405 INFO - training.ea.ea_trainer - Iteration 1, Batch 434/600
2020-05-01 18:40:30,468 INFO - training.ea.ea_trainer - Iteration 1, Batch 435/600
2020-05-01 18:40:30,640 INFO - training.ea.ea_trainer - Iteration 1, Batch 436/600
2020-05-01 18:40:30,681 INFO - training.ea.ea_trainer - Iteration 1, Batch 437/600
2020-05-01 18:40:30,758 INFO - training.ea.ea_trainer - Iteration 1, Batch 438/600
2020-05-01 18:40:30,797 INFO - training.ea.ea_trainer - Iteration 1, Batch 439/600
2020-05-01 18:40:30,904 INFO - training.ea.ea_trainer - Iteration 1, Batch 440/600
2020-05-01 18:40:30,976 INFO - training.ea.ea_trainer - Iteration 1, Batch 441/600
2020-05-01 18:40:31,074 INFO - training.ea.ea_trainer - Iteration 1, Batch 442/600
2020-05-01 18:40:31,145 INFO - training.ea.ea_trainer - Iteration 1, Batch 443/600
2020-05-01 18:40:31,271 INFO - training.ea.ea_trainer - Iteration 1, Batch 444/600
2020-05-01 18:40:31,371 INFO - training.ea.ea_trainer - Iteration 1, Batch 445/600
2020-05-01 18:40:31,509 INFO - training.ea.ea_trainer - Iteration 1, Batch 446/600
2020-05-01 18:40:31,584 INFO - training.ea.ea_trainer - Iteration 1, Batch 447/600
2020-05-01 18:40:31,683 INFO - training.ea.ea_trainer - Iteration 1, Batch 448/600
2020-05-01 18:40:31,750 INFO - training.ea.ea_trainer - Iteration 1, Batch 449/600
2020-05-01 18:40:31,843 INFO - training.ea.ea_trainer - Iteration 1, Batch 450/600
2020-05-01 18:40:31,900 INFO - training.ea.ea_trainer - Iteration 1, Batch 451/600
2020-05-01 18:40:32,003 INFO - training.ea.ea_trainer - Iteration 1, Batch 452/600
2020-05-01 18:40:32,076 INFO - training.ea.ea_trainer - Iteration 1, Batch 453/600
2020-05-01 18:40:32,209 INFO - training.ea.ea_trainer - Iteration 1, Batch 454/600
2020-05-01 18:40:32,257 INFO - training.ea.ea_trainer - Iteration 1, Batch 455/600
2020-05-01 18:40:32,432 INFO - training.ea.ea_trainer - Iteration 1, Batch 456/600
2020-05-01 18:40:32,480 INFO - training.ea.ea_trainer - Iteration 1, Batch 457/600
2020-05-01 18:40:32,631 INFO - training.ea.ea_trainer - Iteration 1, Batch 458/600
2020-05-01 18:40:32,687 INFO - training.ea.ea_trainer - Iteration 1, Batch 459/600
2020-05-01 18:40:32,882 INFO - training.ea.ea_trainer - Iteration 1, Batch 460/600
2020-05-01 18:40:32,945 INFO - training.ea.ea_trainer - Iteration 1, Batch 461/600
2020-05-01 18:40:33,075 INFO - training.ea.ea_trainer - Iteration 1, Batch 462/600
2020-05-01 18:40:33,126 INFO - training.ea.ea_trainer - Iteration 1, Batch 463/600
2020-05-01 18:40:33,268 INFO - training.ea.ea_trainer - Iteration 1, Batch 464/600
2020-05-01 18:40:33,300 INFO - training.ea.ea_trainer - Iteration 1, Batch 465/600
2020-05-01 18:40:33,412 INFO - training.ea.ea_trainer - Iteration 1, Batch 466/600
2020-05-01 18:40:33,481 INFO - training.ea.ea_trainer - Iteration 1, Batch 467/600
2020-05-01 18:40:33,604 INFO - training.ea.ea_trainer - Iteration 1, Batch 468/600
2020-05-01 18:40:33,670 INFO - training.ea.ea_trainer - Iteration 1, Batch 469/600
2020-05-01 18:40:33,776 INFO - training.ea.ea_trainer - Iteration 1, Batch 470/600
2020-05-01 18:40:33,838 INFO - training.ea.ea_trainer - Iteration 1, Batch 471/600
2020-05-01 18:40:33,979 INFO - training.ea.ea_trainer - Iteration 1, Batch 472/600
2020-05-01 18:40:34,039 INFO - training.ea.ea_trainer - Iteration 1, Batch 473/600
2020-05-01 18:40:34,159 INFO - training.ea.ea_trainer - Iteration 1, Batch 474/600
2020-05-01 18:40:34,191 INFO - training.ea.ea_trainer - Iteration 1, Batch 475/600
2020-05-01 18:40:34,289 INFO - training.ea.ea_trainer - Iteration 1, Batch 476/600
2020-05-01 18:40:34,361 INFO - training.ea.ea_trainer - Iteration 1, Batch 477/600
2020-05-01 18:40:34,482 INFO - training.ea.ea_trainer - Iteration 1, Batch 478/600
2020-05-01 18:40:34,535 INFO - training.ea.ea_trainer - Iteration 1, Batch 479/600
2020-05-01 18:40:34,630 INFO - training.ea.ea_trainer - Iteration 1, Batch 480/600
2020-05-01 18:40:34,715 INFO - training.ea.ea_trainer - Iteration 1, Batch 481/600
2020-05-01 18:40:34,783 INFO - training.ea.ea_trainer - Iteration 1, Batch 482/600
2020-05-01 18:40:34,831 INFO - training.ea.ea_trainer - Iteration 1, Batch 483/600
2020-05-01 18:40:35,012 INFO - training.ea.ea_trainer - Iteration 1, Batch 484/600
2020-05-01 18:40:35,080 INFO - training.ea.ea_trainer - Iteration 1, Batch 485/600
2020-05-01 18:40:35,200 INFO - training.ea.ea_trainer - Iteration 1, Batch 486/600
2020-05-01 18:40:35,274 INFO - training.ea.ea_trainer - Iteration 1, Batch 487/600
2020-05-01 18:40:35,440 INFO - training.ea.ea_trainer - Iteration 1, Batch 488/600
2020-05-01 18:40:35,521 INFO - training.ea.ea_trainer - Iteration 1, Batch 489/600
2020-05-01 18:40:35,638 INFO - training.ea.ea_trainer - Iteration 1, Batch 490/600
2020-05-01 18:40:35,727 INFO - training.ea.ea_trainer - Iteration 1, Batch 491/600
2020-05-01 18:40:35,840 INFO - training.ea.ea_trainer - Iteration 1, Batch 492/600
2020-05-01 18:40:35,909 INFO - training.ea.ea_trainer - Iteration 1, Batch 493/600
2020-05-01 18:40:36,033 INFO - training.ea.ea_trainer - Iteration 1, Batch 494/600
2020-05-01 18:40:36,091 INFO - training.ea.ea_trainer - Iteration 1, Batch 495/600
2020-05-01 18:40:36,226 INFO - training.ea.ea_trainer - Iteration 1, Batch 496/600
2020-05-01 18:40:36,306 INFO - training.ea.ea_trainer - Iteration 1, Batch 497/600
2020-05-01 18:40:36,438 INFO - training.ea.ea_trainer - Iteration 1, Batch 498/600
2020-05-01 18:40:36,507 INFO - training.ea.ea_trainer - Iteration 1, Batch 499/600
2020-05-01 18:40:36,656 INFO - training.ea.ea_trainer - Iteration 1, Batch 500/600
2020-05-01 18:40:36,702 INFO - training.ea.ea_trainer - Iteration 1, Batch 501/600
2020-05-01 18:40:36,790 INFO - training.ea.ea_trainer - Iteration 1, Batch 502/600
2020-05-01 18:40:36,857 INFO - training.ea.ea_trainer - Iteration 1, Batch 503/600
2020-05-01 18:40:37,005 INFO - training.ea.ea_trainer - Iteration 1, Batch 504/600
2020-05-01 18:40:37,071 INFO - training.ea.ea_trainer - Iteration 1, Batch 505/600
2020-05-01 18:40:37,141 INFO - training.ea.ea_trainer - Iteration 1, Batch 506/600
2020-05-01 18:40:37,197 INFO - training.ea.ea_trainer - Iteration 1, Batch 507/600
2020-05-01 18:40:37,310 INFO - training.ea.ea_trainer - Iteration 1, Batch 508/600
2020-05-01 18:40:37,388 INFO - training.ea.ea_trainer - Iteration 1, Batch 509/600
2020-05-01 18:40:37,517 INFO - training.ea.ea_trainer - Iteration 1, Batch 510/600
2020-05-01 18:40:37,553 INFO - training.ea.ea_trainer - Iteration 1, Batch 511/600
2020-05-01 18:40:37,705 INFO - training.ea.ea_trainer - Iteration 1, Batch 512/600
2020-05-01 18:40:37,788 INFO - training.ea.ea_trainer - Iteration 1, Batch 513/600
2020-05-01 18:40:37,886 INFO - training.ea.ea_trainer - Iteration 1, Batch 514/600
2020-05-01 18:40:37,937 INFO - training.ea.ea_trainer - Iteration 1, Batch 515/600
2020-05-01 18:40:38,038 INFO - training.ea.ea_trainer - Iteration 1, Batch 516/600
2020-05-01 18:40:38,085 INFO - training.ea.ea_trainer - Iteration 1, Batch 517/600
2020-05-01 18:40:38,229 INFO - training.ea.ea_trainer - Iteration 1, Batch 518/600
2020-05-01 18:40:38,318 INFO - training.ea.ea_trainer - Iteration 1, Batch 519/600
2020-05-01 18:40:38,429 INFO - training.ea.ea_trainer - Iteration 1, Batch 520/600
2020-05-01 18:40:38,468 INFO - training.ea.ea_trainer - Iteration 1, Batch 521/600
2020-05-01 18:40:38,567 INFO - training.ea.ea_trainer - Iteration 1, Batch 522/600
2020-05-01 18:40:38,647 INFO - training.ea.ea_trainer - Iteration 1, Batch 523/600
2020-05-01 18:40:38,736 INFO - training.ea.ea_trainer - Iteration 1, Batch 524/600
2020-05-01 18:40:38,776 INFO - training.ea.ea_trainer - Iteration 1, Batch 525/600
2020-05-01 18:40:38,859 INFO - training.ea.ea_trainer - Iteration 1, Batch 526/600
2020-05-01 18:40:38,894 INFO - training.ea.ea_trainer - Iteration 1, Batch 527/600
2020-05-01 18:40:39,007 INFO - training.ea.ea_trainer - Iteration 1, Batch 528/600
2020-05-01 18:40:39,085 INFO - training.ea.ea_trainer - Iteration 1, Batch 529/600
2020-05-01 18:40:39,217 INFO - training.ea.ea_trainer - Iteration 1, Batch 530/600
2020-05-01 18:40:39,273 INFO - training.ea.ea_trainer - Iteration 1, Batch 531/600
2020-05-01 18:40:39,389 INFO - training.ea.ea_trainer - Iteration 1, Batch 532/600
2020-05-01 18:40:39,448 INFO - training.ea.ea_trainer - Iteration 1, Batch 533/600
2020-05-01 18:40:39,585 INFO - training.ea.ea_trainer - Iteration 1, Batch 534/600
2020-05-01 18:40:39,651 INFO - training.ea.ea_trainer - Iteration 1, Batch 535/600
2020-05-01 18:40:39,754 INFO - training.ea.ea_trainer - Iteration 1, Batch 536/600
2020-05-01 18:40:39,809 INFO - training.ea.ea_trainer - Iteration 1, Batch 537/600
2020-05-01 18:40:39,930 INFO - training.ea.ea_trainer - Iteration 1, Batch 538/600
2020-05-01 18:40:39,990 INFO - training.ea.ea_trainer - Iteration 1, Batch 539/600
2020-05-01 18:40:40,121 INFO - training.ea.ea_trainer - Iteration 1, Batch 540/600
2020-05-01 18:40:40,188 INFO - training.ea.ea_trainer - Iteration 1, Batch 541/600
2020-05-01 18:40:40,324 INFO - training.ea.ea_trainer - Iteration 1, Batch 542/600
2020-05-01 18:40:40,387 INFO - training.ea.ea_trainer - Iteration 1, Batch 543/600
2020-05-01 18:40:40,539 INFO - training.ea.ea_trainer - Iteration 1, Batch 544/600
2020-05-01 18:40:40,630 INFO - training.ea.ea_trainer - Iteration 1, Batch 545/600
2020-05-01 18:40:40,755 INFO - training.ea.ea_trainer - Iteration 1, Batch 546/600
2020-05-01 18:40:40,808 INFO - training.ea.ea_trainer - Iteration 1, Batch 547/600
2020-05-01 18:40:40,952 INFO - training.ea.ea_trainer - Iteration 1, Batch 548/600
2020-05-01 18:40:41,019 INFO - training.ea.ea_trainer - Iteration 1, Batch 549/600
2020-05-01 18:40:41,142 INFO - training.ea.ea_trainer - Iteration 1, Batch 550/600
2020-05-01 18:40:41,203 INFO - training.ea.ea_trainer - Iteration 1, Batch 551/600
2020-05-01 18:40:41,321 INFO - training.ea.ea_trainer - Iteration 1, Batch 552/600
2020-05-01 18:40:41,386 INFO - training.ea.ea_trainer - Iteration 1, Batch 553/600
2020-05-01 18:40:41,495 INFO - training.ea.ea_trainer - Iteration 1, Batch 554/600
2020-05-01 18:40:41,542 INFO - training.ea.ea_trainer - Iteration 1, Batch 555/600
2020-05-01 18:40:41,633 INFO - training.ea.ea_trainer - Iteration 1, Batch 556/600
2020-05-01 18:40:41,716 INFO - training.ea.ea_trainer - Iteration 1, Batch 557/600
2020-05-01 18:40:41,829 INFO - training.ea.ea_trainer - Iteration 1, Batch 558/600
2020-05-01 18:40:41,890 INFO - training.ea.ea_trainer - Iteration 1, Batch 559/600
2020-05-01 18:40:42,056 INFO - training.ea.ea_trainer - Iteration 1, Batch 560/600
2020-05-01 18:40:42,121 INFO - training.ea.ea_trainer - Iteration 1, Batch 561/600
2020-05-01 18:40:42,263 INFO - training.ea.ea_trainer - Iteration 1, Batch 562/600
2020-05-01 18:40:42,311 INFO - training.ea.ea_trainer - Iteration 1, Batch 563/600
2020-05-01 18:40:42,451 INFO - training.ea.ea_trainer - Iteration 1, Batch 564/600
2020-05-01 18:40:42,491 INFO - training.ea.ea_trainer - Iteration 1, Batch 565/600
2020-05-01 18:40:42,666 INFO - training.ea.ea_trainer - Iteration 1, Batch 566/600
2020-05-01 18:40:42,717 INFO - training.ea.ea_trainer - Iteration 1, Batch 567/600
2020-05-01 18:40:42,823 INFO - training.ea.ea_trainer - Iteration 1, Batch 568/600
2020-05-01 18:40:42,907 INFO - training.ea.ea_trainer - Iteration 1, Batch 569/600
2020-05-01 18:40:43,023 INFO - training.ea.ea_trainer - Iteration 1, Batch 570/600
2020-05-01 18:40:43,082 INFO - training.ea.ea_trainer - Iteration 1, Batch 571/600
2020-05-01 18:40:43,213 INFO - training.ea.ea_trainer - Iteration 1, Batch 572/600
2020-05-01 18:40:43,265 INFO - training.ea.ea_trainer - Iteration 1, Batch 573/600
2020-05-01 18:40:43,446 INFO - training.ea.ea_trainer - Iteration 1, Batch 574/600
2020-05-01 18:40:43,515 INFO - training.ea.ea_trainer - Iteration 1, Batch 575/600
2020-05-01 18:40:43,584 INFO - training.ea.ea_trainer - Iteration 1, Batch 576/600
2020-05-01 18:40:43,654 INFO - training.ea.ea_trainer - Iteration 1, Batch 577/600
2020-05-01 18:40:43,775 INFO - training.ea.ea_trainer - Iteration 1, Batch 578/600
2020-05-01 18:40:43,813 INFO - training.ea.ea_trainer - Iteration 1, Batch 579/600
2020-05-01 18:40:43,918 INFO - training.ea.ea_trainer - Iteration 1, Batch 580/600
2020-05-01 18:40:43,973 INFO - training.ea.ea_trainer - Iteration 1, Batch 581/600
2020-05-01 18:40:44,097 INFO - training.ea.ea_trainer - Iteration 1, Batch 582/600
2020-05-01 18:40:44,145 INFO - training.ea.ea_trainer - Iteration 1, Batch 583/600
2020-05-01 18:40:44,257 INFO - training.ea.ea_trainer - Iteration 1, Batch 584/600
2020-05-01 18:40:44,315 INFO - training.ea.ea_trainer - Iteration 1, Batch 585/600
2020-05-01 18:40:44,463 INFO - training.ea.ea_trainer - Iteration 1, Batch 586/600
2020-05-01 18:40:44,518 INFO - training.ea.ea_trainer - Iteration 1, Batch 587/600
2020-05-01 18:40:44,650 INFO - training.ea.ea_trainer - Iteration 1, Batch 588/600
2020-05-01 18:40:44,693 INFO - training.ea.ea_trainer - Iteration 1, Batch 589/600
2020-05-01 18:40:44,782 INFO - training.ea.ea_trainer - Iteration 1, Batch 590/600
2020-05-01 18:40:44,842 INFO - training.ea.ea_trainer - Iteration 1, Batch 591/600
2020-05-01 18:40:44,934 INFO - training.ea.ea_trainer - Iteration 1, Batch 592/600
2020-05-01 18:40:44,969 INFO - training.ea.ea_trainer - Iteration 1, Batch 593/600
2020-05-01 18:40:45,071 INFO - training.ea.ea_trainer - Iteration 1, Batch 594/600
2020-05-01 18:40:45,114 INFO - training.ea.ea_trainer - Iteration 1, Batch 595/600
2020-05-01 18:40:45,188 INFO - training.ea.ea_trainer - Iteration 1, Batch 596/600
2020-05-01 18:40:45,228 INFO - training.ea.ea_trainer - Iteration 1, Batch 597/600
2020-05-01 18:40:45,316 INFO - training.ea.ea_trainer - Iteration 1, Batch 598/600
2020-05-01 18:40:45,557 INFO - training.ea.ea_trainer - Iteration 1, Batch 599/600
2020-05-01 18:40:45,896 INFO - requests.packages.urllib3.connectionpool - Starting new HTTP connection (1): 127.0.0.1
2020-05-01 18:40:45,899 INFO - requests.packages.urllib3.connectionpool - Starting new HTTP connection (1): 127.0.0.1
2020-05-01 18:40:46,091 INFO - distribution.node_client - Loading parameters from endpoint http://127.0.0.1:5002/parameters/generators/best took 0.193511962890625 seconds
2020-05-01 18:40:46,130 INFO - distribution.node_client - Loading parameters from endpoint http://127.0.0.1:5001/parameters/generators/best took 0.23582863807678223 seconds
2020-05-01 18:40:46,220 INFO - training.ea.ea_trainer - Calculating FID/inception score.
2020-05-01 18:40:46,221 CRITICAL - distribution.client_api - An unhandled error occured while running Lipizzaner: [Errno 2] No such file or directory: './networks/mnist_cnn/mnist_cnn.pkl'
2020-05-01 18:40:46,223 INFO - distribution.client_api - Finished experiment, waiting for new requests.
2020-05-01 18:40:48,517 WARNING - distribution.client_api - Received stop signal from master, but no experiment is running.
