2020-05-01 19:44:26,305 INFO - distribution.client_api - Distributed training recognized, set log directory to ./output/lipizzaner_gan/distributed/mnist/2020-05-01_19-44-26/2437
2020-05-01 19:44:26,550 INFO - lipizzaner - Parameters: {'trainer': {'n_iterations': 5, 'mixture_generator_samples_mode': 'exact_proportion', 'params': {'tournament_size': 2, 'default_adam_learning_rate': 0.0002, 'discriminator_skip_each_nth_step': 1, 'mutation_probability': 0.5, 'fitness': {'fitness_sample_size': 1000, 'fitness_mode': 'average'}, 'score': {'score_sample_size': 1000, 'cuda': True, 'type': 'fid', 'enabled': False}, 'enable_selection': False, 'population_size': 1, 'alpha': 0.0001, 'mixture_sigma': 0.01, 'n_replacements': 1}, 'calculate_net_weights_dist': True, 'name': 'lipizzaner_gan'}, 'general': {'output_dir': './output', 'distribution': {'start_time': '2020-05-01_19-44-26', 'client_nodes': [{'port': 5000, 'address': '127.0.0.1'}, {'port': 5001, 'address': '127.0.0.1'}, {'port': 5002, 'address': '127.0.0.1'}, {'port': 5003, 'address': '127.0.0.1'}], 'auto_discover': False, 'master_node': {'exit_clients_on_disconnect': True}}, 'logging': {'log_server': None, 'image_format': 'jpg', 'print_discriminator': False, 'log_level': 'INFO', 'enabled': True}, 'losswise': {'api_key': '3T1CKALG6', 'enabled': False}, 'seed': 1, 'num_workers': 4}, 'network': {'name': 'four_layer_perceptron', 'loss': 'bceloss'}, 'master': {'score_sample_size': 50000, 'cuda': True, 'calculate_score': False}, 'dataloader': {'batch_size': 100, 'use_batch': True, 'shuffle': True, 'n_batches': 0, 'dataset_name': 'mnist'}}
2020-05-01 19:44:26,551 INFO - lipizzaner - CUDA is not supported on this device.
2020-05-01 19:44:26,558 INFO - lipizzaner - Seed used: 6016804
2020-05-01 19:44:26,559 INFO - lipizzaner - Starting training for 5 iterations/epochs.
2020-05-01 19:44:26,697 INFO - requests.packages.urllib3.connectionpool - Starting new HTTP connection (1): 127.0.0.1
2020-05-01 19:44:26,750 INFO - requests.packages.urllib3.connectionpool - Starting new HTTP connection (1): 127.0.0.1
2020-05-01 19:44:26,893 INFO - distribution.node_client - Loading parameters from endpoint http://127.0.0.1:5001/parameters/generators took 0.19992756843566895 seconds
2020-05-01 19:44:26,894 INFO - distribution.node_client - Loading parameters from endpoint http://127.0.0.1:5002/parameters/generators took 0.15241122245788574 seconds
2020-05-01 19:44:26,959 INFO - requests.packages.urllib3.connectionpool - Starting new HTTP connection (1): 127.0.0.1
2020-05-01 19:44:26,961 INFO - requests.packages.urllib3.connectionpool - Starting new HTTP connection (1): 127.0.0.1
2020-05-01 19:44:27,062 INFO - distribution.node_client - Loading parameters from endpoint http://127.0.0.1:5001/parameters/discriminators took 0.1052708625793457 seconds
2020-05-01 19:44:27,084 INFO - distribution.node_client - Loading parameters from endpoint http://127.0.0.1:5002/parameters/discriminators took 0.12658357620239258 seconds
2020-05-01 19:44:27,120 INFO - training.ea.ea_trainer - Generators in current neighborhood are ['Iteration0:127.0.0.1:5001:1/G0', 'Iteration0:127.0.0.1:5002:2/G0', 'Iteration0:127.0.0.1:5003:3/G0']
2020-05-01 19:44:27,120 INFO - training.ea.ea_trainer - Discriminators in current neighborhood are ['Iteration0:127.0.0.1:5001:1/D0', 'Iteration0:127.0.0.1:5002:2/D0', 'Iteration0:127.0.0.1:5003:3/D0']
2020-05-01 19:44:27,137 INFO - training.ea.ea_trainer - L2 distance between all generators weights: [('Iteration0:127.0.0.1:5001:1/G0', 'Iteration0:127.0.0.1:5002:2/G0', array(29.509138, dtype=float32)), ('Iteration0:127.0.0.1:5001:1/G0', 'Iteration0:127.0.0.1:5003:3/G0', array(29.499233, dtype=float32)), ('Iteration0:127.0.0.1:5002:2/G0', 'Iteration0:127.0.0.1:5003:3/G0', array(29.516949, dtype=float32))]
2020-05-01 19:44:27,171 INFO - training.ea.ea_trainer - L2 distance between all discriminators weights: [('Iteration0:127.0.0.1:5001:1/D0', 'Iteration0:127.0.0.1:5002:2/D0', array(18.521915, dtype=float32)), ('Iteration0:127.0.0.1:5001:1/D0', 'Iteration0:127.0.0.1:5003:3/D0', array(18.536097, dtype=float32)), ('Iteration0:127.0.0.1:5002:2/D0', 'Iteration0:127.0.0.1:5003:3/D0', array(18.522278, dtype=float32))]
2020-05-01 19:44:29,379 INFO - training.ea.ea_trainer - Iteration 1, Batch 0/600
2020-05-01 19:44:29,442 INFO - training.ea.ea_trainer - Iteration 1, Batch 1/600
2020-05-01 19:44:29,559 INFO - training.ea.ea_trainer - Iteration 1, Batch 2/600
2020-05-01 19:44:29,617 INFO - training.ea.ea_trainer - Iteration 1, Batch 3/600
2020-05-01 19:44:29,742 INFO - training.ea.ea_trainer - Iteration 1, Batch 4/600
2020-05-01 19:44:29,803 INFO - training.ea.ea_trainer - Iteration 1, Batch 5/600
2020-05-01 19:44:29,941 INFO - training.ea.ea_trainer - Iteration 1, Batch 6/600
2020-05-01 19:44:30,006 INFO - training.ea.ea_trainer - Iteration 1, Batch 7/600
2020-05-01 19:44:30,127 INFO - training.ea.ea_trainer - Iteration 1, Batch 8/600
2020-05-01 19:44:30,202 INFO - training.ea.ea_trainer - Iteration 1, Batch 9/600
2020-05-01 19:44:30,308 INFO - training.ea.ea_trainer - Iteration 1, Batch 10/600
2020-05-01 19:44:30,376 INFO - training.ea.ea_trainer - Iteration 1, Batch 11/600
2020-05-01 19:44:30,468 INFO - training.ea.ea_trainer - Iteration 1, Batch 12/600
2020-05-01 19:44:30,558 INFO - training.ea.ea_trainer - Iteration 1, Batch 13/600
2020-05-01 19:44:30,681 INFO - training.ea.ea_trainer - Iteration 1, Batch 14/600
2020-05-01 19:44:30,764 INFO - training.ea.ea_trainer - Iteration 1, Batch 15/600
2020-05-01 19:44:30,839 INFO - training.ea.ea_trainer - Iteration 1, Batch 16/600
2020-05-01 19:44:30,926 INFO - training.ea.ea_trainer - Iteration 1, Batch 17/600
2020-05-01 19:44:31,054 INFO - training.ea.ea_trainer - Iteration 1, Batch 18/600
2020-05-01 19:44:31,123 INFO - training.ea.ea_trainer - Iteration 1, Batch 19/600
2020-05-01 19:44:31,220 INFO - training.ea.ea_trainer - Iteration 1, Batch 20/600
2020-05-01 19:44:31,283 INFO - training.ea.ea_trainer - Iteration 1, Batch 21/600
2020-05-01 19:44:31,434 INFO - training.ea.ea_trainer - Iteration 1, Batch 22/600
2020-05-01 19:44:31,492 INFO - training.ea.ea_trainer - Iteration 1, Batch 23/600
2020-05-01 19:44:31,636 INFO - training.ea.ea_trainer - Iteration 1, Batch 24/600
2020-05-01 19:44:31,695 INFO - training.ea.ea_trainer - Iteration 1, Batch 25/600
2020-05-01 19:44:31,829 INFO - training.ea.ea_trainer - Iteration 1, Batch 26/600
2020-05-01 19:44:31,878 INFO - training.ea.ea_trainer - Iteration 1, Batch 27/600
2020-05-01 19:44:32,015 INFO - training.ea.ea_trainer - Iteration 1, Batch 28/600
2020-05-01 19:44:32,071 INFO - training.ea.ea_trainer - Iteration 1, Batch 29/600
2020-05-01 19:44:32,158 INFO - training.ea.ea_trainer - Iteration 1, Batch 30/600
2020-05-01 19:44:32,226 INFO - training.ea.ea_trainer - Iteration 1, Batch 31/600
2020-05-01 19:44:32,368 INFO - training.ea.ea_trainer - Iteration 1, Batch 32/600
2020-05-01 19:44:32,437 INFO - training.ea.ea_trainer - Iteration 1, Batch 33/600
2020-05-01 19:44:32,572 INFO - training.ea.ea_trainer - Iteration 1, Batch 34/600
2020-05-01 19:44:32,645 INFO - training.ea.ea_trainer - Iteration 1, Batch 35/600
2020-05-01 19:44:32,772 INFO - training.ea.ea_trainer - Iteration 1, Batch 36/600
2020-05-01 19:44:32,819 INFO - training.ea.ea_trainer - Iteration 1, Batch 37/600
2020-05-01 19:44:32,951 INFO - training.ea.ea_trainer - Iteration 1, Batch 38/600
2020-05-01 19:44:33,043 INFO - training.ea.ea_trainer - Iteration 1, Batch 39/600
2020-05-01 19:44:33,174 INFO - training.ea.ea_trainer - Iteration 1, Batch 40/600
2020-05-01 19:44:33,226 INFO - training.ea.ea_trainer - Iteration 1, Batch 41/600
2020-05-01 19:44:33,342 INFO - training.ea.ea_trainer - Iteration 1, Batch 42/600
2020-05-01 19:44:33,396 INFO - training.ea.ea_trainer - Iteration 1, Batch 43/600
2020-05-01 19:44:33,513 INFO - training.ea.ea_trainer - Iteration 1, Batch 44/600
2020-05-01 19:44:33,590 INFO - training.ea.ea_trainer - Iteration 1, Batch 45/600
2020-05-01 19:44:33,674 INFO - training.ea.ea_trainer - Iteration 1, Batch 46/600
2020-05-01 19:44:33,739 INFO - training.ea.ea_trainer - Iteration 1, Batch 47/600
2020-05-01 19:44:33,839 INFO - training.ea.ea_trainer - Iteration 1, Batch 48/600
2020-05-01 19:44:33,912 INFO - training.ea.ea_trainer - Iteration 1, Batch 49/600
2020-05-01 19:44:34,032 INFO - training.ea.ea_trainer - Iteration 1, Batch 50/600
2020-05-01 19:44:34,131 INFO - training.ea.ea_trainer - Iteration 1, Batch 51/600
2020-05-01 19:44:34,233 INFO - training.ea.ea_trainer - Iteration 1, Batch 52/600
2020-05-01 19:44:34,324 INFO - training.ea.ea_trainer - Iteration 1, Batch 53/600
2020-05-01 19:44:34,522 INFO - training.ea.ea_trainer - Iteration 1, Batch 54/600
2020-05-01 19:44:34,574 INFO - training.ea.ea_trainer - Iteration 1, Batch 55/600
2020-05-01 19:44:34,706 INFO - training.ea.ea_trainer - Iteration 1, Batch 56/600
2020-05-01 19:44:34,760 INFO - training.ea.ea_trainer - Iteration 1, Batch 57/600
2020-05-01 19:44:34,888 INFO - training.ea.ea_trainer - Iteration 1, Batch 58/600
2020-05-01 19:44:34,944 INFO - training.ea.ea_trainer - Iteration 1, Batch 59/600
2020-05-01 19:44:35,049 INFO - training.ea.ea_trainer - Iteration 1, Batch 60/600
2020-05-01 19:44:35,099 INFO - training.ea.ea_trainer - Iteration 1, Batch 61/600
2020-05-01 19:44:35,258 INFO - training.ea.ea_trainer - Iteration 1, Batch 62/600
2020-05-01 19:44:35,327 INFO - training.ea.ea_trainer - Iteration 1, Batch 63/600
2020-05-01 19:44:35,449 INFO - training.ea.ea_trainer - Iteration 1, Batch 64/600
2020-05-01 19:44:35,515 INFO - training.ea.ea_trainer - Iteration 1, Batch 65/600
2020-05-01 19:44:35,617 INFO - training.ea.ea_trainer - Iteration 1, Batch 66/600
2020-05-01 19:44:35,664 INFO - training.ea.ea_trainer - Iteration 1, Batch 67/600
2020-05-01 19:44:35,788 INFO - training.ea.ea_trainer - Iteration 1, Batch 68/600
2020-05-01 19:44:35,841 INFO - training.ea.ea_trainer - Iteration 1, Batch 69/600
2020-05-01 19:44:35,918 INFO - training.ea.ea_trainer - Iteration 1, Batch 70/600
2020-05-01 19:44:35,987 INFO - training.ea.ea_trainer - Iteration 1, Batch 71/600
2020-05-01 19:44:36,092 INFO - training.ea.ea_trainer - Iteration 1, Batch 72/600
2020-05-01 19:44:36,117 INFO - training.ea.ea_trainer - Iteration 1, Batch 73/600
2020-05-01 19:44:36,257 INFO - training.ea.ea_trainer - Iteration 1, Batch 74/600
2020-05-01 19:44:36,296 INFO - training.ea.ea_trainer - Iteration 1, Batch 75/600
2020-05-01 19:44:36,446 INFO - training.ea.ea_trainer - Iteration 1, Batch 76/600
2020-05-01 19:44:36,500 INFO - training.ea.ea_trainer - Iteration 1, Batch 77/600
2020-05-01 19:44:36,659 INFO - training.ea.ea_trainer - Iteration 1, Batch 78/600
2020-05-01 19:44:36,714 INFO - training.ea.ea_trainer - Iteration 1, Batch 79/600
2020-05-01 19:44:36,853 INFO - training.ea.ea_trainer - Iteration 1, Batch 80/600
2020-05-01 19:44:36,947 INFO - training.ea.ea_trainer - Iteration 1, Batch 81/600
2020-05-01 19:44:37,091 INFO - training.ea.ea_trainer - Iteration 1, Batch 82/600
2020-05-01 19:44:37,140 INFO - training.ea.ea_trainer - Iteration 1, Batch 83/600
2020-05-01 19:44:37,284 INFO - training.ea.ea_trainer - Iteration 1, Batch 84/600
2020-05-01 19:44:37,343 INFO - training.ea.ea_trainer - Iteration 1, Batch 85/600
2020-05-01 19:44:37,498 INFO - training.ea.ea_trainer - Iteration 1, Batch 86/600
2020-05-01 19:44:37,591 INFO - training.ea.ea_trainer - Iteration 1, Batch 87/600
2020-05-01 19:44:37,732 INFO - training.ea.ea_trainer - Iteration 1, Batch 88/600
2020-05-01 19:44:37,758 INFO - training.ea.ea_trainer - Iteration 1, Batch 89/600
2020-05-01 19:44:37,879 INFO - training.ea.ea_trainer - Iteration 1, Batch 90/600
2020-05-01 19:44:37,963 INFO - training.ea.ea_trainer - Iteration 1, Batch 91/600
2020-05-01 19:44:38,107 INFO - training.ea.ea_trainer - Iteration 1, Batch 92/600
2020-05-01 19:44:38,149 INFO - training.ea.ea_trainer - Iteration 1, Batch 93/600
2020-05-01 19:44:38,279 INFO - training.ea.ea_trainer - Iteration 1, Batch 94/600
2020-05-01 19:44:38,306 INFO - training.ea.ea_trainer - Iteration 1, Batch 95/600
2020-05-01 19:44:38,449 INFO - training.ea.ea_trainer - Iteration 1, Batch 96/600
2020-05-01 19:44:38,523 INFO - training.ea.ea_trainer - Iteration 1, Batch 97/600
2020-05-01 19:44:38,627 INFO - training.ea.ea_trainer - Iteration 1, Batch 98/600
2020-05-01 19:44:38,689 INFO - training.ea.ea_trainer - Iteration 1, Batch 99/600
2020-05-01 19:44:38,822 INFO - training.ea.ea_trainer - Iteration 1, Batch 100/600
2020-05-01 19:44:38,893 INFO - training.ea.ea_trainer - Iteration 1, Batch 101/600
2020-05-01 19:44:39,018 INFO - training.ea.ea_trainer - Iteration 1, Batch 102/600
2020-05-01 19:44:39,072 INFO - training.ea.ea_trainer - Iteration 1, Batch 103/600
2020-05-01 19:44:39,179 INFO - training.ea.ea_trainer - Iteration 1, Batch 104/600
2020-05-01 19:44:39,232 INFO - training.ea.ea_trainer - Iteration 1, Batch 105/600
2020-05-01 19:44:39,345 INFO - training.ea.ea_trainer - Iteration 1, Batch 106/600
2020-05-01 19:44:39,392 INFO - training.ea.ea_trainer - Iteration 1, Batch 107/600
2020-05-01 19:44:39,502 INFO - training.ea.ea_trainer - Iteration 1, Batch 108/600
2020-05-01 19:44:39,562 INFO - training.ea.ea_trainer - Iteration 1, Batch 109/600
2020-05-01 19:44:39,667 INFO - training.ea.ea_trainer - Iteration 1, Batch 110/600
2020-05-01 19:44:39,733 INFO - training.ea.ea_trainer - Iteration 1, Batch 111/600
2020-05-01 19:44:39,841 INFO - training.ea.ea_trainer - Iteration 1, Batch 112/600
2020-05-01 19:44:39,897 INFO - training.ea.ea_trainer - Iteration 1, Batch 113/600
2020-05-01 19:44:40,012 INFO - training.ea.ea_trainer - Iteration 1, Batch 114/600
2020-05-01 19:44:40,077 INFO - training.ea.ea_trainer - Iteration 1, Batch 115/600
2020-05-01 19:44:40,156 INFO - training.ea.ea_trainer - Iteration 1, Batch 116/600
2020-05-01 19:44:40,214 INFO - training.ea.ea_trainer - Iteration 1, Batch 117/600
2020-05-01 19:44:40,335 INFO - training.ea.ea_trainer - Iteration 1, Batch 118/600
2020-05-01 19:44:40,405 INFO - training.ea.ea_trainer - Iteration 1, Batch 119/600
2020-05-01 19:44:40,581 INFO - training.ea.ea_trainer - Iteration 1, Batch 120/600
2020-05-01 19:44:40,657 INFO - training.ea.ea_trainer - Iteration 1, Batch 121/600
2020-05-01 19:44:40,755 INFO - training.ea.ea_trainer - Iteration 1, Batch 122/600
2020-05-01 19:44:40,816 INFO - training.ea.ea_trainer - Iteration 1, Batch 123/600
2020-05-01 19:44:40,937 INFO - training.ea.ea_trainer - Iteration 1, Batch 124/600
2020-05-01 19:44:40,992 INFO - training.ea.ea_trainer - Iteration 1, Batch 125/600
2020-05-01 19:44:41,134 INFO - training.ea.ea_trainer - Iteration 1, Batch 126/600
2020-05-01 19:44:41,199 INFO - training.ea.ea_trainer - Iteration 1, Batch 127/600
2020-05-01 19:44:41,301 INFO - training.ea.ea_trainer - Iteration 1, Batch 128/600
2020-05-01 19:44:41,361 INFO - training.ea.ea_trainer - Iteration 1, Batch 129/600
2020-05-01 19:44:41,472 INFO - training.ea.ea_trainer - Iteration 1, Batch 130/600
2020-05-01 19:44:41,552 INFO - training.ea.ea_trainer - Iteration 1, Batch 131/600
2020-05-01 19:44:41,698 INFO - training.ea.ea_trainer - Iteration 1, Batch 132/600
2020-05-01 19:44:41,751 INFO - training.ea.ea_trainer - Iteration 1, Batch 133/600
2020-05-01 19:44:41,876 INFO - training.ea.ea_trainer - Iteration 1, Batch 134/600
2020-05-01 19:44:41,934 INFO - training.ea.ea_trainer - Iteration 1, Batch 135/600
2020-05-01 19:44:42,046 INFO - training.ea.ea_trainer - Iteration 1, Batch 136/600
2020-05-01 19:44:42,087 INFO - training.ea.ea_trainer - Iteration 1, Batch 137/600
2020-05-01 19:44:42,166 INFO - training.ea.ea_trainer - Iteration 1, Batch 138/600
2020-05-01 19:44:42,234 INFO - training.ea.ea_trainer - Iteration 1, Batch 139/600
2020-05-01 19:44:42,375 INFO - training.ea.ea_trainer - Iteration 1, Batch 140/600
2020-05-01 19:44:42,448 INFO - training.ea.ea_trainer - Iteration 1, Batch 141/600
2020-05-01 19:44:42,583 INFO - training.ea.ea_trainer - Iteration 1, Batch 142/600
2020-05-01 19:44:42,698 INFO - training.ea.ea_trainer - Iteration 1, Batch 143/600
2020-05-01 19:44:42,836 INFO - training.ea.ea_trainer - Iteration 1, Batch 144/600
2020-05-01 19:44:42,903 INFO - training.ea.ea_trainer - Iteration 1, Batch 145/600
2020-05-01 19:44:43,006 INFO - training.ea.ea_trainer - Iteration 1, Batch 146/600
2020-05-01 19:44:43,053 INFO - training.ea.ea_trainer - Iteration 1, Batch 147/600
2020-05-01 19:44:43,148 INFO - training.ea.ea_trainer - Iteration 1, Batch 148/600
2020-05-01 19:44:43,223 INFO - training.ea.ea_trainer - Iteration 1, Batch 149/600
2020-05-01 19:44:43,317 INFO - training.ea.ea_trainer - Iteration 1, Batch 150/600
2020-05-01 19:44:43,393 INFO - training.ea.ea_trainer - Iteration 1, Batch 151/600
2020-05-01 19:44:43,519 INFO - training.ea.ea_trainer - Iteration 1, Batch 152/600
2020-05-01 19:44:43,596 INFO - training.ea.ea_trainer - Iteration 1, Batch 153/600
2020-05-01 19:44:43,736 INFO - training.ea.ea_trainer - Iteration 1, Batch 154/600
2020-05-01 19:44:43,789 INFO - training.ea.ea_trainer - Iteration 1, Batch 155/600
2020-05-01 19:44:43,892 INFO - training.ea.ea_trainer - Iteration 1, Batch 156/600
2020-05-01 19:44:43,957 INFO - training.ea.ea_trainer - Iteration 1, Batch 157/600
2020-05-01 19:44:44,110 INFO - training.ea.ea_trainer - Iteration 1, Batch 158/600
2020-05-01 19:44:44,151 INFO - training.ea.ea_trainer - Iteration 1, Batch 159/600
2020-05-01 19:44:44,230 INFO - training.ea.ea_trainer - Iteration 1, Batch 160/600
2020-05-01 19:44:44,298 INFO - training.ea.ea_trainer - Iteration 1, Batch 161/600
2020-05-01 19:44:44,457 INFO - training.ea.ea_trainer - Iteration 1, Batch 162/600
2020-05-01 19:44:44,506 INFO - training.ea.ea_trainer - Iteration 1, Batch 163/600
2020-05-01 19:44:44,697 INFO - training.ea.ea_trainer - Iteration 1, Batch 164/600
2020-05-01 19:44:44,772 INFO - training.ea.ea_trainer - Iteration 1, Batch 165/600
2020-05-01 19:44:44,914 INFO - training.ea.ea_trainer - Iteration 1, Batch 166/600
2020-05-01 19:44:44,987 INFO - training.ea.ea_trainer - Iteration 1, Batch 167/600
2020-05-01 19:44:45,106 INFO - training.ea.ea_trainer - Iteration 1, Batch 168/600
2020-05-01 19:44:45,164 INFO - training.ea.ea_trainer - Iteration 1, Batch 169/600
2020-05-01 19:44:45,277 INFO - training.ea.ea_trainer - Iteration 1, Batch 170/600
2020-05-01 19:44:45,323 INFO - training.ea.ea_trainer - Iteration 1, Batch 171/600
2020-05-01 19:44:45,459 INFO - training.ea.ea_trainer - Iteration 1, Batch 172/600
2020-05-01 19:44:45,527 INFO - training.ea.ea_trainer - Iteration 1, Batch 173/600
2020-05-01 19:44:45,652 INFO - training.ea.ea_trainer - Iteration 1, Batch 174/600
2020-05-01 19:44:45,722 INFO - training.ea.ea_trainer - Iteration 1, Batch 175/600
2020-05-01 19:44:45,851 INFO - training.ea.ea_trainer - Iteration 1, Batch 176/600
2020-05-01 19:44:45,919 INFO - training.ea.ea_trainer - Iteration 1, Batch 177/600
2020-05-01 19:44:46,043 INFO - training.ea.ea_trainer - Iteration 1, Batch 178/600
2020-05-01 19:44:46,076 INFO - training.ea.ea_trainer - Iteration 1, Batch 179/600
2020-05-01 19:44:46,203 INFO - training.ea.ea_trainer - Iteration 1, Batch 180/600
2020-05-01 19:44:46,268 INFO - training.ea.ea_trainer - Iteration 1, Batch 181/600
2020-05-01 19:44:46,370 INFO - training.ea.ea_trainer - Iteration 1, Batch 182/600
2020-05-01 19:44:46,415 INFO - training.ea.ea_trainer - Iteration 1, Batch 183/600
2020-05-01 19:44:46,561 INFO - training.ea.ea_trainer - Iteration 1, Batch 184/600
2020-05-01 19:44:46,615 INFO - training.ea.ea_trainer - Iteration 1, Batch 185/600
2020-05-01 19:44:46,734 INFO - training.ea.ea_trainer - Iteration 1, Batch 186/600
2020-05-01 19:44:46,797 INFO - training.ea.ea_trainer - Iteration 1, Batch 187/600
2020-05-01 19:44:46,941 INFO - training.ea.ea_trainer - Iteration 1, Batch 188/600
2020-05-01 19:44:46,989 INFO - training.ea.ea_trainer - Iteration 1, Batch 189/600
2020-05-01 19:44:47,139 INFO - training.ea.ea_trainer - Iteration 1, Batch 190/600
2020-05-01 19:44:47,178 INFO - training.ea.ea_trainer - Iteration 1, Batch 191/600
2020-05-01 19:44:47,324 INFO - training.ea.ea_trainer - Iteration 1, Batch 192/600
2020-05-01 19:44:47,352 INFO - training.ea.ea_trainer - Iteration 1, Batch 193/600
2020-05-01 19:44:47,466 INFO - training.ea.ea_trainer - Iteration 1, Batch 194/600
2020-05-01 19:44:47,505 INFO - training.ea.ea_trainer - Iteration 1, Batch 195/600
2020-05-01 19:44:47,629 INFO - training.ea.ea_trainer - Iteration 1, Batch 196/600
2020-05-01 19:44:47,705 INFO - training.ea.ea_trainer - Iteration 1, Batch 197/600
2020-05-01 19:44:47,813 INFO - training.ea.ea_trainer - Iteration 1, Batch 198/600
2020-05-01 19:44:47,887 INFO - training.ea.ea_trainer - Iteration 1, Batch 199/600
2020-05-01 19:44:47,985 INFO - training.ea.ea_trainer - Iteration 1, Batch 200/600
2020-05-01 19:44:48,066 INFO - training.ea.ea_trainer - Iteration 1, Batch 201/600
2020-05-01 19:44:48,229 INFO - training.ea.ea_trainer - Iteration 1, Batch 202/600
2020-05-01 19:44:48,300 INFO - training.ea.ea_trainer - Iteration 1, Batch 203/600
2020-05-01 19:44:48,392 INFO - training.ea.ea_trainer - Iteration 1, Batch 204/600
2020-05-01 19:44:48,476 INFO - training.ea.ea_trainer - Iteration 1, Batch 205/600
2020-05-01 19:44:48,613 INFO - training.ea.ea_trainer - Iteration 1, Batch 206/600
2020-05-01 19:44:48,680 INFO - training.ea.ea_trainer - Iteration 1, Batch 207/600
2020-05-01 19:44:48,772 INFO - training.ea.ea_trainer - Iteration 1, Batch 208/600
2020-05-01 19:44:48,826 INFO - training.ea.ea_trainer - Iteration 1, Batch 209/600
2020-05-01 19:44:48,949 INFO - training.ea.ea_trainer - Iteration 1, Batch 210/600
2020-05-01 19:44:48,995 INFO - training.ea.ea_trainer - Iteration 1, Batch 211/600
2020-05-01 19:44:49,097 INFO - training.ea.ea_trainer - Iteration 1, Batch 212/600
2020-05-01 19:44:49,157 INFO - training.ea.ea_trainer - Iteration 1, Batch 213/600
2020-05-01 19:44:49,261 INFO - training.ea.ea_trainer - Iteration 1, Batch 214/600
2020-05-01 19:44:49,340 INFO - training.ea.ea_trainer - Iteration 1, Batch 215/600
2020-05-01 19:44:49,452 INFO - training.ea.ea_trainer - Iteration 1, Batch 216/600
2020-05-01 19:44:49,507 INFO - training.ea.ea_trainer - Iteration 1, Batch 217/600
2020-05-01 19:44:49,640 INFO - training.ea.ea_trainer - Iteration 1, Batch 218/600
2020-05-01 19:44:49,685 INFO - training.ea.ea_trainer - Iteration 1, Batch 219/600
2020-05-01 19:44:49,771 INFO - training.ea.ea_trainer - Iteration 1, Batch 220/600
2020-05-01 19:44:49,846 INFO - training.ea.ea_trainer - Iteration 1, Batch 221/600
2020-05-01 19:44:49,972 INFO - training.ea.ea_trainer - Iteration 1, Batch 222/600
2020-05-01 19:44:50,040 INFO - training.ea.ea_trainer - Iteration 1, Batch 223/600
2020-05-01 19:44:50,140 INFO - training.ea.ea_trainer - Iteration 1, Batch 224/600
2020-05-01 19:44:50,206 INFO - training.ea.ea_trainer - Iteration 1, Batch 225/600
2020-05-01 19:44:50,311 INFO - training.ea.ea_trainer - Iteration 1, Batch 226/600
2020-05-01 19:44:50,415 INFO - training.ea.ea_trainer - Iteration 1, Batch 227/600
2020-05-01 19:44:50,529 INFO - training.ea.ea_trainer - Iteration 1, Batch 228/600
2020-05-01 19:44:50,566 INFO - training.ea.ea_trainer - Iteration 1, Batch 229/600
2020-05-01 19:44:50,661 INFO - training.ea.ea_trainer - Iteration 1, Batch 230/600
2020-05-01 19:44:50,712 INFO - training.ea.ea_trainer - Iteration 1, Batch 231/600
2020-05-01 19:44:50,814 INFO - training.ea.ea_trainer - Iteration 1, Batch 232/600
2020-05-01 19:44:50,880 INFO - training.ea.ea_trainer - Iteration 1, Batch 233/600
2020-05-01 19:44:50,999 INFO - training.ea.ea_trainer - Iteration 1, Batch 234/600
2020-05-01 19:44:51,069 INFO - training.ea.ea_trainer - Iteration 1, Batch 235/600
2020-05-01 19:44:51,209 INFO - training.ea.ea_trainer - Iteration 1, Batch 236/600
2020-05-01 19:44:51,251 INFO - training.ea.ea_trainer - Iteration 1, Batch 237/600
2020-05-01 19:44:51,441 INFO - training.ea.ea_trainer - Iteration 1, Batch 238/600
2020-05-01 19:44:51,494 INFO - training.ea.ea_trainer - Iteration 1, Batch 239/600
2020-05-01 19:44:51,616 INFO - training.ea.ea_trainer - Iteration 1, Batch 240/600
2020-05-01 19:44:51,711 INFO - training.ea.ea_trainer - Iteration 1, Batch 241/600
2020-05-01 19:44:51,824 INFO - training.ea.ea_trainer - Iteration 1, Batch 242/600
2020-05-01 19:44:51,875 INFO - training.ea.ea_trainer - Iteration 1, Batch 243/600
2020-05-01 19:44:51,990 INFO - training.ea.ea_trainer - Iteration 1, Batch 244/600
2020-05-01 19:44:52,047 INFO - training.ea.ea_trainer - Iteration 1, Batch 245/600
2020-05-01 19:44:52,182 INFO - training.ea.ea_trainer - Iteration 1, Batch 246/600
2020-05-01 19:44:52,248 INFO - training.ea.ea_trainer - Iteration 1, Batch 247/600
2020-05-01 19:44:52,388 INFO - training.ea.ea_trainer - Iteration 1, Batch 248/600
2020-05-01 19:44:52,459 INFO - training.ea.ea_trainer - Iteration 1, Batch 249/600
2020-05-01 19:44:52,668 INFO - training.ea.ea_trainer - Iteration 1, Batch 250/600
2020-05-01 19:44:52,706 INFO - training.ea.ea_trainer - Iteration 1, Batch 251/600
2020-05-01 19:44:52,837 INFO - training.ea.ea_trainer - Iteration 1, Batch 252/600
2020-05-01 19:44:52,890 INFO - training.ea.ea_trainer - Iteration 1, Batch 253/600
2020-05-01 19:44:53,013 INFO - training.ea.ea_trainer - Iteration 1, Batch 254/600
2020-05-01 19:44:53,055 INFO - training.ea.ea_trainer - Iteration 1, Batch 255/600
2020-05-01 19:44:53,169 INFO - training.ea.ea_trainer - Iteration 1, Batch 256/600
2020-05-01 19:44:53,250 INFO - training.ea.ea_trainer - Iteration 1, Batch 257/600
2020-05-01 19:44:53,389 INFO - training.ea.ea_trainer - Iteration 1, Batch 258/600
2020-05-01 19:44:53,464 INFO - training.ea.ea_trainer - Iteration 1, Batch 259/600
2020-05-01 19:44:53,566 INFO - training.ea.ea_trainer - Iteration 1, Batch 260/600
2020-05-01 19:44:53,624 INFO - training.ea.ea_trainer - Iteration 1, Batch 261/600
2020-05-01 19:44:53,772 INFO - training.ea.ea_trainer - Iteration 1, Batch 262/600
2020-05-01 19:44:53,825 INFO - training.ea.ea_trainer - Iteration 1, Batch 263/600
2020-05-01 19:44:53,937 INFO - training.ea.ea_trainer - Iteration 1, Batch 264/600
2020-05-01 19:44:53,977 INFO - training.ea.ea_trainer - Iteration 1, Batch 265/600
2020-05-01 19:44:54,123 INFO - training.ea.ea_trainer - Iteration 1, Batch 266/600
2020-05-01 19:44:54,185 INFO - training.ea.ea_trainer - Iteration 1, Batch 267/600
2020-05-01 19:44:54,321 INFO - training.ea.ea_trainer - Iteration 1, Batch 268/600
2020-05-01 19:44:54,379 INFO - training.ea.ea_trainer - Iteration 1, Batch 269/600
2020-05-01 19:44:54,526 INFO - training.ea.ea_trainer - Iteration 1, Batch 270/600
2020-05-01 19:44:54,609 INFO - training.ea.ea_trainer - Iteration 1, Batch 271/600
2020-05-01 19:44:54,729 INFO - training.ea.ea_trainer - Iteration 1, Batch 272/600
2020-05-01 19:44:54,772 INFO - training.ea.ea_trainer - Iteration 1, Batch 273/600
2020-05-01 19:44:54,875 INFO - training.ea.ea_trainer - Iteration 1, Batch 274/600
2020-05-01 19:44:54,952 INFO - training.ea.ea_trainer - Iteration 1, Batch 275/600
2020-05-01 19:44:55,069 INFO - training.ea.ea_trainer - Iteration 1, Batch 276/600
2020-05-01 19:44:55,127 INFO - training.ea.ea_trainer - Iteration 1, Batch 277/600
2020-05-01 19:44:55,232 INFO - training.ea.ea_trainer - Iteration 1, Batch 278/600
2020-05-01 19:44:55,292 INFO - training.ea.ea_trainer - Iteration 1, Batch 279/600
2020-05-01 19:44:55,415 INFO - training.ea.ea_trainer - Iteration 1, Batch 280/600
2020-05-01 19:44:55,481 INFO - training.ea.ea_trainer - Iteration 1, Batch 281/600
2020-05-01 19:44:55,591 INFO - training.ea.ea_trainer - Iteration 1, Batch 282/600
2020-05-01 19:44:55,654 INFO - training.ea.ea_trainer - Iteration 1, Batch 283/600
2020-05-01 19:44:55,805 INFO - training.ea.ea_trainer - Iteration 1, Batch 284/600
2020-05-01 19:44:55,885 INFO - training.ea.ea_trainer - Iteration 1, Batch 285/600
2020-05-01 19:44:55,993 INFO - training.ea.ea_trainer - Iteration 1, Batch 286/600
2020-05-01 19:44:56,062 INFO - training.ea.ea_trainer - Iteration 1, Batch 287/600
2020-05-01 19:44:56,190 INFO - training.ea.ea_trainer - Iteration 1, Batch 288/600
2020-05-01 19:44:56,242 INFO - training.ea.ea_trainer - Iteration 1, Batch 289/600
2020-05-01 19:44:56,332 INFO - training.ea.ea_trainer - Iteration 1, Batch 290/600
2020-05-01 19:44:56,405 INFO - training.ea.ea_trainer - Iteration 1, Batch 291/600
2020-05-01 19:44:56,549 INFO - training.ea.ea_trainer - Iteration 1, Batch 292/600
2020-05-01 19:44:56,598 INFO - training.ea.ea_trainer - Iteration 1, Batch 293/600
2020-05-01 19:44:56,726 INFO - training.ea.ea_trainer - Iteration 1, Batch 294/600
2020-05-01 19:44:56,791 INFO - training.ea.ea_trainer - Iteration 1, Batch 295/600
2020-05-01 19:44:56,897 INFO - training.ea.ea_trainer - Iteration 1, Batch 296/600
2020-05-01 19:44:56,966 INFO - training.ea.ea_trainer - Iteration 1, Batch 297/600
2020-05-01 19:44:57,072 INFO - training.ea.ea_trainer - Iteration 1, Batch 298/600
2020-05-01 19:44:57,119 INFO - training.ea.ea_trainer - Iteration 1, Batch 299/600
2020-05-01 19:44:57,238 INFO - training.ea.ea_trainer - Iteration 1, Batch 300/600
2020-05-01 19:44:57,296 INFO - training.ea.ea_trainer - Iteration 1, Batch 301/600
2020-05-01 19:44:57,391 INFO - training.ea.ea_trainer - Iteration 1, Batch 302/600
2020-05-01 19:44:57,434 INFO - training.ea.ea_trainer - Iteration 1, Batch 303/600
2020-05-01 19:44:57,539 INFO - training.ea.ea_trainer - Iteration 1, Batch 304/600
2020-05-01 19:44:57,585 INFO - training.ea.ea_trainer - Iteration 1, Batch 305/600
2020-05-01 19:44:57,678 INFO - training.ea.ea_trainer - Iteration 1, Batch 306/600
2020-05-01 19:44:57,710 INFO - training.ea.ea_trainer - Iteration 1, Batch 307/600
2020-05-01 19:44:57,802 INFO - training.ea.ea_trainer - Iteration 1, Batch 308/600
2020-05-01 19:44:57,856 INFO - training.ea.ea_trainer - Iteration 1, Batch 309/600
2020-05-01 19:44:58,040 INFO - training.ea.ea_trainer - Iteration 1, Batch 310/600
2020-05-01 19:44:58,114 INFO - training.ea.ea_trainer - Iteration 1, Batch 311/600
2020-05-01 19:44:58,246 INFO - training.ea.ea_trainer - Iteration 1, Batch 312/600
2020-05-01 19:44:58,298 INFO - training.ea.ea_trainer - Iteration 1, Batch 313/600
2020-05-01 19:44:58,420 INFO - training.ea.ea_trainer - Iteration 1, Batch 314/600
2020-05-01 19:44:58,499 INFO - training.ea.ea_trainer - Iteration 1, Batch 315/600
2020-05-01 19:44:58,652 INFO - training.ea.ea_trainer - Iteration 1, Batch 316/600
2020-05-01 19:44:58,702 INFO - training.ea.ea_trainer - Iteration 1, Batch 317/600
2020-05-01 19:44:58,851 INFO - training.ea.ea_trainer - Iteration 1, Batch 318/600
2020-05-01 19:44:58,903 INFO - training.ea.ea_trainer - Iteration 1, Batch 319/600
2020-05-01 19:44:59,046 INFO - training.ea.ea_trainer - Iteration 1, Batch 320/600
2020-05-01 19:44:59,136 INFO - training.ea.ea_trainer - Iteration 1, Batch 321/600
2020-05-01 19:44:59,228 INFO - training.ea.ea_trainer - Iteration 1, Batch 322/600
2020-05-01 19:44:59,296 INFO - training.ea.ea_trainer - Iteration 1, Batch 323/600
2020-05-01 19:44:59,452 INFO - training.ea.ea_trainer - Iteration 1, Batch 324/600
2020-05-01 19:44:59,508 INFO - training.ea.ea_trainer - Iteration 1, Batch 325/600
2020-05-01 19:44:59,600 INFO - training.ea.ea_trainer - Iteration 1, Batch 326/600
2020-05-01 19:44:59,655 INFO - training.ea.ea_trainer - Iteration 1, Batch 327/600
2020-05-01 19:44:59,778 INFO - training.ea.ea_trainer - Iteration 1, Batch 328/600
2020-05-01 19:44:59,849 INFO - training.ea.ea_trainer - Iteration 1, Batch 329/600
2020-05-01 19:44:59,963 INFO - training.ea.ea_trainer - Iteration 1, Batch 330/600
2020-05-01 19:45:00,018 INFO - training.ea.ea_trainer - Iteration 1, Batch 331/600
2020-05-01 19:45:00,155 INFO - training.ea.ea_trainer - Iteration 1, Batch 332/600
2020-05-01 19:45:00,187 INFO - training.ea.ea_trainer - Iteration 1, Batch 333/600
2020-05-01 19:45:00,318 INFO - training.ea.ea_trainer - Iteration 1, Batch 334/600
2020-05-01 19:45:00,360 INFO - training.ea.ea_trainer - Iteration 1, Batch 335/600
2020-05-01 19:45:00,456 INFO - training.ea.ea_trainer - Iteration 1, Batch 336/600
2020-05-01 19:45:00,533 INFO - training.ea.ea_trainer - Iteration 1, Batch 337/600
2020-05-01 19:45:00,673 INFO - training.ea.ea_trainer - Iteration 1, Batch 338/600
2020-05-01 19:45:00,718 INFO - training.ea.ea_trainer - Iteration 1, Batch 339/600
2020-05-01 19:45:00,855 INFO - training.ea.ea_trainer - Iteration 1, Batch 340/600
2020-05-01 19:45:00,922 INFO - training.ea.ea_trainer - Iteration 1, Batch 341/600
2020-05-01 19:45:01,024 INFO - training.ea.ea_trainer - Iteration 1, Batch 342/600
2020-05-01 19:45:01,084 INFO - training.ea.ea_trainer - Iteration 1, Batch 343/600
2020-05-01 19:45:01,195 INFO - training.ea.ea_trainer - Iteration 1, Batch 344/600
2020-05-01 19:45:01,263 INFO - training.ea.ea_trainer - Iteration 1, Batch 345/600
2020-05-01 19:45:01,343 INFO - training.ea.ea_trainer - Iteration 1, Batch 346/600
2020-05-01 19:45:01,427 INFO - training.ea.ea_trainer - Iteration 1, Batch 347/600
2020-05-01 19:45:01,571 INFO - training.ea.ea_trainer - Iteration 1, Batch 348/600
2020-05-01 19:45:01,644 INFO - training.ea.ea_trainer - Iteration 1, Batch 349/600
2020-05-01 19:45:01,763 INFO - training.ea.ea_trainer - Iteration 1, Batch 350/600
2020-05-01 19:45:01,809 INFO - training.ea.ea_trainer - Iteration 1, Batch 351/600
2020-05-01 19:45:01,925 INFO - training.ea.ea_trainer - Iteration 1, Batch 352/600
2020-05-01 19:45:01,997 INFO - training.ea.ea_trainer - Iteration 1, Batch 353/600
2020-05-01 19:45:02,103 INFO - training.ea.ea_trainer - Iteration 1, Batch 354/600
2020-05-01 19:45:02,145 INFO - training.ea.ea_trainer - Iteration 1, Batch 355/600
2020-05-01 19:45:02,273 INFO - training.ea.ea_trainer - Iteration 1, Batch 356/600
2020-05-01 19:45:02,321 INFO - training.ea.ea_trainer - Iteration 1, Batch 357/600
2020-05-01 19:45:02,439 INFO - training.ea.ea_trainer - Iteration 1, Batch 358/600
2020-05-01 19:45:02,500 INFO - training.ea.ea_trainer - Iteration 1, Batch 359/600
2020-05-01 19:45:02,620 INFO - training.ea.ea_trainer - Iteration 1, Batch 360/600
2020-05-01 19:45:02,698 INFO - training.ea.ea_trainer - Iteration 1, Batch 361/600
2020-05-01 19:45:02,828 INFO - training.ea.ea_trainer - Iteration 1, Batch 362/600
2020-05-01 19:45:02,879 INFO - training.ea.ea_trainer - Iteration 1, Batch 363/600
2020-05-01 19:45:03,003 INFO - training.ea.ea_trainer - Iteration 1, Batch 364/600
2020-05-01 19:45:03,052 INFO - training.ea.ea_trainer - Iteration 1, Batch 365/600
2020-05-01 19:45:03,174 INFO - training.ea.ea_trainer - Iteration 1, Batch 366/600
2020-05-01 19:45:03,219 INFO - training.ea.ea_trainer - Iteration 1, Batch 367/600
2020-05-01 19:45:03,373 INFO - training.ea.ea_trainer - Iteration 1, Batch 368/600
2020-05-01 19:45:03,416 INFO - training.ea.ea_trainer - Iteration 1, Batch 369/600
2020-05-01 19:45:03,540 INFO - training.ea.ea_trainer - Iteration 1, Batch 370/600
2020-05-01 19:45:03,586 INFO - training.ea.ea_trainer - Iteration 1, Batch 371/600
2020-05-01 19:45:03,744 INFO - training.ea.ea_trainer - Iteration 1, Batch 372/600
2020-05-01 19:45:03,792 INFO - training.ea.ea_trainer - Iteration 1, Batch 373/600
2020-05-01 19:45:03,919 INFO - training.ea.ea_trainer - Iteration 1, Batch 374/600
2020-05-01 19:45:03,976 INFO - training.ea.ea_trainer - Iteration 1, Batch 375/600
2020-05-01 19:45:04,080 INFO - training.ea.ea_trainer - Iteration 1, Batch 376/600
2020-05-01 19:45:04,119 INFO - training.ea.ea_trainer - Iteration 1, Batch 377/600
2020-05-01 19:45:04,235 INFO - training.ea.ea_trainer - Iteration 1, Batch 378/600
2020-05-01 19:45:04,296 INFO - training.ea.ea_trainer - Iteration 1, Batch 379/600
2020-05-01 19:45:04,423 INFO - training.ea.ea_trainer - Iteration 1, Batch 380/600
2020-05-01 19:45:04,483 INFO - training.ea.ea_trainer - Iteration 1, Batch 381/600
2020-05-01 19:45:04,605 INFO - training.ea.ea_trainer - Iteration 1, Batch 382/600
2020-05-01 19:45:04,669 INFO - training.ea.ea_trainer - Iteration 1, Batch 383/600
2020-05-01 19:45:04,777 INFO - training.ea.ea_trainer - Iteration 1, Batch 384/600
2020-05-01 19:45:04,850 INFO - training.ea.ea_trainer - Iteration 1, Batch 385/600
2020-05-01 19:45:04,951 INFO - training.ea.ea_trainer - Iteration 1, Batch 386/600
2020-05-01 19:45:04,997 INFO - training.ea.ea_trainer - Iteration 1, Batch 387/600
2020-05-01 19:45:05,143 INFO - training.ea.ea_trainer - Iteration 1, Batch 388/600
2020-05-01 19:45:05,208 INFO - training.ea.ea_trainer - Iteration 1, Batch 389/600
2020-05-01 19:45:05,369 INFO - training.ea.ea_trainer - Iteration 1, Batch 390/600
2020-05-01 19:45:05,455 INFO - training.ea.ea_trainer - Iteration 1, Batch 391/600
2020-05-01 19:45:05,579 INFO - training.ea.ea_trainer - Iteration 1, Batch 392/600
2020-05-01 19:45:05,630 INFO - training.ea.ea_trainer - Iteration 1, Batch 393/600
2020-05-01 19:45:05,754 INFO - training.ea.ea_trainer - Iteration 1, Batch 394/600
2020-05-01 19:45:05,788 INFO - training.ea.ea_trainer - Iteration 1, Batch 395/600
2020-05-01 19:45:05,890 INFO - training.ea.ea_trainer - Iteration 1, Batch 396/600
2020-05-01 19:45:05,959 INFO - training.ea.ea_trainer - Iteration 1, Batch 397/600
2020-05-01 19:45:06,056 INFO - training.ea.ea_trainer - Iteration 1, Batch 398/600
2020-05-01 19:45:06,160 INFO - training.ea.ea_trainer - Iteration 1, Batch 399/600
2020-05-01 19:45:06,300 INFO - training.ea.ea_trainer - Iteration 1, Batch 400/600
2020-05-01 19:45:06,349 INFO - training.ea.ea_trainer - Iteration 1, Batch 401/600
2020-05-01 19:45:06,480 INFO - training.ea.ea_trainer - Iteration 1, Batch 402/600
2020-05-01 19:45:06,570 INFO - training.ea.ea_trainer - Iteration 1, Batch 403/600
2020-05-01 19:45:06,707 INFO - training.ea.ea_trainer - Iteration 1, Batch 404/600
2020-05-01 19:45:06,784 INFO - training.ea.ea_trainer - Iteration 1, Batch 405/600
2020-05-01 19:45:06,890 INFO - training.ea.ea_trainer - Iteration 1, Batch 406/600
2020-05-01 19:45:06,944 INFO - training.ea.ea_trainer - Iteration 1, Batch 407/600
2020-05-01 19:45:07,035 INFO - training.ea.ea_trainer - Iteration 1, Batch 408/600
2020-05-01 19:45:07,094 INFO - training.ea.ea_trainer - Iteration 1, Batch 409/600
2020-05-01 19:45:07,260 INFO - training.ea.ea_trainer - Iteration 1, Batch 410/600
2020-05-01 19:45:07,316 INFO - training.ea.ea_trainer - Iteration 1, Batch 411/600
2020-05-01 19:45:07,463 INFO - training.ea.ea_trainer - Iteration 1, Batch 412/600
2020-05-01 19:45:07,517 INFO - training.ea.ea_trainer - Iteration 1, Batch 413/600
2020-05-01 19:45:07,635 INFO - training.ea.ea_trainer - Iteration 1, Batch 414/600
2020-05-01 19:45:07,695 INFO - training.ea.ea_trainer - Iteration 1, Batch 415/600
2020-05-01 19:45:07,799 INFO - training.ea.ea_trainer - Iteration 1, Batch 416/600
2020-05-01 19:45:07,860 INFO - training.ea.ea_trainer - Iteration 1, Batch 417/600
2020-05-01 19:45:07,992 INFO - training.ea.ea_trainer - Iteration 1, Batch 418/600
2020-05-01 19:45:08,035 INFO - training.ea.ea_trainer - Iteration 1, Batch 419/600
2020-05-01 19:45:08,162 INFO - training.ea.ea_trainer - Iteration 1, Batch 420/600
2020-05-01 19:45:08,262 INFO - training.ea.ea_trainer - Iteration 1, Batch 421/600
2020-05-01 19:45:08,427 INFO - training.ea.ea_trainer - Iteration 1, Batch 422/600
2020-05-01 19:45:08,487 INFO - training.ea.ea_trainer - Iteration 1, Batch 423/600
2020-05-01 19:45:08,609 INFO - training.ea.ea_trainer - Iteration 1, Batch 424/600
2020-05-01 19:45:08,658 INFO - training.ea.ea_trainer - Iteration 1, Batch 425/600
2020-05-01 19:45:08,799 INFO - training.ea.ea_trainer - Iteration 1, Batch 426/600
2020-05-01 19:45:08,875 INFO - training.ea.ea_trainer - Iteration 1, Batch 427/600
2020-05-01 19:45:09,004 INFO - training.ea.ea_trainer - Iteration 1, Batch 428/600
2020-05-01 19:45:09,057 INFO - training.ea.ea_trainer - Iteration 1, Batch 429/600
2020-05-01 19:45:09,236 INFO - training.ea.ea_trainer - Iteration 1, Batch 430/600
2020-05-01 19:45:09,299 INFO - training.ea.ea_trainer - Iteration 1, Batch 431/600
2020-05-01 19:45:09,422 INFO - training.ea.ea_trainer - Iteration 1, Batch 432/600
2020-05-01 19:45:09,492 INFO - training.ea.ea_trainer - Iteration 1, Batch 433/600
2020-05-01 19:45:09,620 INFO - training.ea.ea_trainer - Iteration 1, Batch 434/600
2020-05-01 19:45:09,667 INFO - training.ea.ea_trainer - Iteration 1, Batch 435/600
2020-05-01 19:45:09,811 INFO - training.ea.ea_trainer - Iteration 1, Batch 436/600
2020-05-01 19:45:09,872 INFO - training.ea.ea_trainer - Iteration 1, Batch 437/600
2020-05-01 19:45:09,973 INFO - training.ea.ea_trainer - Iteration 1, Batch 438/600
2020-05-01 19:45:10,064 INFO - training.ea.ea_trainer - Iteration 1, Batch 439/600
2020-05-01 19:45:10,160 INFO - training.ea.ea_trainer - Iteration 1, Batch 440/600
2020-05-01 19:45:10,266 INFO - training.ea.ea_trainer - Iteration 1, Batch 441/600
2020-05-01 19:45:10,369 INFO - training.ea.ea_trainer - Iteration 1, Batch 442/600
2020-05-01 19:45:10,477 INFO - training.ea.ea_trainer - Iteration 1, Batch 443/600
2020-05-01 19:45:10,580 INFO - training.ea.ea_trainer - Iteration 1, Batch 444/600
2020-05-01 19:45:10,612 INFO - training.ea.ea_trainer - Iteration 1, Batch 445/600
2020-05-01 19:45:10,769 INFO - training.ea.ea_trainer - Iteration 1, Batch 446/600
2020-05-01 19:45:10,850 INFO - training.ea.ea_trainer - Iteration 1, Batch 447/600
2020-05-01 19:45:10,991 INFO - training.ea.ea_trainer - Iteration 1, Batch 448/600
2020-05-01 19:45:11,050 INFO - training.ea.ea_trainer - Iteration 1, Batch 449/600
2020-05-01 19:45:11,208 INFO - training.ea.ea_trainer - Iteration 1, Batch 450/600
2020-05-01 19:45:11,276 INFO - training.ea.ea_trainer - Iteration 1, Batch 451/600
2020-05-01 19:45:11,374 INFO - training.ea.ea_trainer - Iteration 1, Batch 452/600
2020-05-01 19:45:11,435 INFO - training.ea.ea_trainer - Iteration 1, Batch 453/600
2020-05-01 19:45:11,559 INFO - training.ea.ea_trainer - Iteration 1, Batch 454/600
2020-05-01 19:45:11,649 INFO - training.ea.ea_trainer - Iteration 1, Batch 455/600
2020-05-01 19:45:11,729 INFO - training.ea.ea_trainer - Iteration 1, Batch 456/600
2020-05-01 19:45:11,802 INFO - training.ea.ea_trainer - Iteration 1, Batch 457/600
2020-05-01 19:45:11,926 INFO - training.ea.ea_trainer - Iteration 1, Batch 458/600
2020-05-01 19:45:11,993 INFO - training.ea.ea_trainer - Iteration 1, Batch 459/600
2020-05-01 19:45:12,134 INFO - training.ea.ea_trainer - Iteration 1, Batch 460/600
2020-05-01 19:45:12,200 INFO - training.ea.ea_trainer - Iteration 1, Batch 461/600
2020-05-01 19:45:12,318 INFO - training.ea.ea_trainer - Iteration 1, Batch 462/600
2020-05-01 19:45:12,351 INFO - training.ea.ea_trainer - Iteration 1, Batch 463/600
2020-05-01 19:45:12,474 INFO - training.ea.ea_trainer - Iteration 1, Batch 464/600
2020-05-01 19:45:12,527 INFO - training.ea.ea_trainer - Iteration 1, Batch 465/600
2020-05-01 19:45:12,665 INFO - training.ea.ea_trainer - Iteration 1, Batch 466/600
2020-05-01 19:45:12,711 INFO - training.ea.ea_trainer - Iteration 1, Batch 467/600
2020-05-01 19:45:12,807 INFO - training.ea.ea_trainer - Iteration 1, Batch 468/600
2020-05-01 19:45:12,892 INFO - training.ea.ea_trainer - Iteration 1, Batch 469/600
2020-05-01 19:45:13,000 INFO - training.ea.ea_trainer - Iteration 1, Batch 470/600
2020-05-01 19:45:13,076 INFO - training.ea.ea_trainer - Iteration 1, Batch 471/600
2020-05-01 19:45:13,203 INFO - training.ea.ea_trainer - Iteration 1, Batch 472/600
2020-05-01 19:45:13,261 INFO - training.ea.ea_trainer - Iteration 1, Batch 473/600
2020-05-01 19:45:13,403 INFO - training.ea.ea_trainer - Iteration 1, Batch 474/600
2020-05-01 19:45:13,446 INFO - training.ea.ea_trainer - Iteration 1, Batch 475/600
2020-05-01 19:45:13,600 INFO - training.ea.ea_trainer - Iteration 1, Batch 476/600
2020-05-01 19:45:13,677 INFO - training.ea.ea_trainer - Iteration 1, Batch 477/600
2020-05-01 19:45:13,802 INFO - training.ea.ea_trainer - Iteration 1, Batch 478/600
2020-05-01 19:45:13,873 INFO - training.ea.ea_trainer - Iteration 1, Batch 479/600
2020-05-01 19:45:14,009 INFO - training.ea.ea_trainer - Iteration 1, Batch 480/600
2020-05-01 19:45:14,065 INFO - training.ea.ea_trainer - Iteration 1, Batch 481/600
2020-05-01 19:45:14,186 INFO - training.ea.ea_trainer - Iteration 1, Batch 482/600
2020-05-01 19:45:14,246 INFO - training.ea.ea_trainer - Iteration 1, Batch 483/600
2020-05-01 19:45:14,376 INFO - training.ea.ea_trainer - Iteration 1, Batch 484/600
2020-05-01 19:45:14,425 INFO - training.ea.ea_trainer - Iteration 1, Batch 485/600
2020-05-01 19:45:14,558 INFO - training.ea.ea_trainer - Iteration 1, Batch 486/600
2020-05-01 19:45:14,641 INFO - training.ea.ea_trainer - Iteration 1, Batch 487/600
2020-05-01 19:45:14,733 INFO - training.ea.ea_trainer - Iteration 1, Batch 488/600
2020-05-01 19:45:14,791 INFO - training.ea.ea_trainer - Iteration 1, Batch 489/600
2020-05-01 19:45:14,895 INFO - training.ea.ea_trainer - Iteration 1, Batch 490/600
2020-05-01 19:45:14,969 INFO - training.ea.ea_trainer - Iteration 1, Batch 491/600
2020-05-01 19:45:15,081 INFO - training.ea.ea_trainer - Iteration 1, Batch 492/600
2020-05-01 19:45:15,137 INFO - training.ea.ea_trainer - Iteration 1, Batch 493/600
2020-05-01 19:45:15,266 INFO - training.ea.ea_trainer - Iteration 1, Batch 494/600
2020-05-01 19:45:15,352 INFO - training.ea.ea_trainer - Iteration 1, Batch 495/600
2020-05-01 19:45:15,446 INFO - training.ea.ea_trainer - Iteration 1, Batch 496/600
2020-05-01 19:45:15,497 INFO - training.ea.ea_trainer - Iteration 1, Batch 497/600
2020-05-01 19:45:15,624 INFO - training.ea.ea_trainer - Iteration 1, Batch 498/600
2020-05-01 19:45:15,674 INFO - training.ea.ea_trainer - Iteration 1, Batch 499/600
2020-05-01 19:45:15,756 INFO - training.ea.ea_trainer - Iteration 1, Batch 500/600
2020-05-01 19:45:15,821 INFO - training.ea.ea_trainer - Iteration 1, Batch 501/600
2020-05-01 19:45:15,932 INFO - training.ea.ea_trainer - Iteration 1, Batch 502/600
2020-05-01 19:45:15,996 INFO - training.ea.ea_trainer - Iteration 1, Batch 503/600
2020-05-01 19:45:16,105 INFO - training.ea.ea_trainer - Iteration 1, Batch 504/600
2020-05-01 19:45:16,144 INFO - training.ea.ea_trainer - Iteration 1, Batch 505/600
2020-05-01 19:45:16,252 INFO - training.ea.ea_trainer - Iteration 1, Batch 506/600
2020-05-01 19:45:16,306 INFO - training.ea.ea_trainer - Iteration 1, Batch 507/600
2020-05-01 19:45:16,432 INFO - training.ea.ea_trainer - Iteration 1, Batch 508/600
2020-05-01 19:45:16,511 INFO - training.ea.ea_trainer - Iteration 1, Batch 509/600
2020-05-01 19:45:16,605 INFO - training.ea.ea_trainer - Iteration 1, Batch 510/600
2020-05-01 19:45:16,672 INFO - training.ea.ea_trainer - Iteration 1, Batch 511/600
2020-05-01 19:45:16,832 INFO - training.ea.ea_trainer - Iteration 1, Batch 512/600
2020-05-01 19:45:16,925 INFO - training.ea.ea_trainer - Iteration 1, Batch 513/600
2020-05-01 19:45:17,050 INFO - training.ea.ea_trainer - Iteration 1, Batch 514/600
2020-05-01 19:45:17,097 INFO - training.ea.ea_trainer - Iteration 1, Batch 515/600
2020-05-01 19:45:17,183 INFO - training.ea.ea_trainer - Iteration 1, Batch 516/600
2020-05-01 19:45:17,226 INFO - training.ea.ea_trainer - Iteration 1, Batch 517/600
2020-05-01 19:45:17,373 INFO - training.ea.ea_trainer - Iteration 1, Batch 518/600
2020-05-01 19:45:17,456 INFO - training.ea.ea_trainer - Iteration 1, Batch 519/600
2020-05-01 19:45:17,582 INFO - training.ea.ea_trainer - Iteration 1, Batch 520/600
2020-05-01 19:45:17,672 INFO - training.ea.ea_trainer - Iteration 1, Batch 521/600
2020-05-01 19:45:17,779 INFO - training.ea.ea_trainer - Iteration 1, Batch 522/600
2020-05-01 19:45:17,841 INFO - training.ea.ea_trainer - Iteration 1, Batch 523/600
2020-05-01 19:45:17,962 INFO - training.ea.ea_trainer - Iteration 1, Batch 524/600
2020-05-01 19:45:17,998 INFO - training.ea.ea_trainer - Iteration 1, Batch 525/600
2020-05-01 19:45:18,077 INFO - training.ea.ea_trainer - Iteration 1, Batch 526/600
2020-05-01 19:45:18,119 INFO - training.ea.ea_trainer - Iteration 1, Batch 527/600
2020-05-01 19:45:18,257 INFO - training.ea.ea_trainer - Iteration 1, Batch 528/600
2020-05-01 19:45:18,288 INFO - training.ea.ea_trainer - Iteration 1, Batch 529/600
2020-05-01 19:45:18,444 INFO - training.ea.ea_trainer - Iteration 1, Batch 530/600
2020-05-01 19:45:18,498 INFO - training.ea.ea_trainer - Iteration 1, Batch 531/600
2020-05-01 19:45:18,650 INFO - training.ea.ea_trainer - Iteration 1, Batch 532/600
2020-05-01 19:45:18,748 INFO - training.ea.ea_trainer - Iteration 1, Batch 533/600
2020-05-01 19:45:18,871 INFO - training.ea.ea_trainer - Iteration 1, Batch 534/600
2020-05-01 19:45:18,931 INFO - training.ea.ea_trainer - Iteration 1, Batch 535/600
2020-05-01 19:45:19,059 INFO - training.ea.ea_trainer - Iteration 1, Batch 536/600
2020-05-01 19:45:19,126 INFO - training.ea.ea_trainer - Iteration 1, Batch 537/600
2020-05-01 19:45:19,224 INFO - training.ea.ea_trainer - Iteration 1, Batch 538/600
2020-05-01 19:45:19,282 INFO - training.ea.ea_trainer - Iteration 1, Batch 539/600
2020-05-01 19:45:19,387 INFO - training.ea.ea_trainer - Iteration 1, Batch 540/600
2020-05-01 19:45:19,434 INFO - training.ea.ea_trainer - Iteration 1, Batch 541/600
2020-05-01 19:45:19,552 INFO - training.ea.ea_trainer - Iteration 1, Batch 542/600
2020-05-01 19:45:19,591 INFO - training.ea.ea_trainer - Iteration 1, Batch 543/600
2020-05-01 19:45:19,734 INFO - training.ea.ea_trainer - Iteration 1, Batch 544/600
2020-05-01 19:45:19,791 INFO - training.ea.ea_trainer - Iteration 1, Batch 545/600
2020-05-01 19:45:19,935 INFO - training.ea.ea_trainer - Iteration 1, Batch 546/600
2020-05-01 19:45:20,041 INFO - training.ea.ea_trainer - Iteration 1, Batch 547/600
2020-05-01 19:45:20,169 INFO - training.ea.ea_trainer - Iteration 1, Batch 548/600
2020-05-01 19:45:20,227 INFO - training.ea.ea_trainer - Iteration 1, Batch 549/600
2020-05-01 19:45:20,315 INFO - training.ea.ea_trainer - Iteration 1, Batch 550/600
2020-05-01 19:45:20,376 INFO - training.ea.ea_trainer - Iteration 1, Batch 551/600
2020-05-01 19:45:20,476 INFO - training.ea.ea_trainer - Iteration 1, Batch 552/600
2020-05-01 19:45:20,545 INFO - training.ea.ea_trainer - Iteration 1, Batch 553/600
2020-05-01 19:45:20,648 INFO - training.ea.ea_trainer - Iteration 1, Batch 554/600
2020-05-01 19:45:20,714 INFO - training.ea.ea_trainer - Iteration 1, Batch 555/600
2020-05-01 19:45:20,817 INFO - training.ea.ea_trainer - Iteration 1, Batch 556/600
2020-05-01 19:45:20,868 INFO - training.ea.ea_trainer - Iteration 1, Batch 557/600
2020-05-01 19:45:20,976 INFO - training.ea.ea_trainer - Iteration 1, Batch 558/600
2020-05-01 19:45:21,030 INFO - training.ea.ea_trainer - Iteration 1, Batch 559/600
2020-05-01 19:45:21,191 INFO - training.ea.ea_trainer - Iteration 1, Batch 560/600
2020-05-01 19:45:21,236 INFO - training.ea.ea_trainer - Iteration 1, Batch 561/600
2020-05-01 19:45:21,381 INFO - training.ea.ea_trainer - Iteration 1, Batch 562/600
2020-05-01 19:45:21,443 INFO - training.ea.ea_trainer - Iteration 1, Batch 563/600
2020-05-01 19:45:21,557 INFO - training.ea.ea_trainer - Iteration 1, Batch 564/600
2020-05-01 19:45:21,599 INFO - training.ea.ea_trainer - Iteration 1, Batch 565/600
2020-05-01 19:45:21,707 INFO - training.ea.ea_trainer - Iteration 1, Batch 566/600
2020-05-01 19:45:21,755 INFO - training.ea.ea_trainer - Iteration 1, Batch 567/600
2020-05-01 19:45:21,880 INFO - training.ea.ea_trainer - Iteration 1, Batch 568/600
2020-05-01 19:45:21,952 INFO - training.ea.ea_trainer - Iteration 1, Batch 569/600
2020-05-01 19:45:22,076 INFO - training.ea.ea_trainer - Iteration 1, Batch 570/600
2020-05-01 19:45:22,106 INFO - training.ea.ea_trainer - Iteration 1, Batch 571/600
2020-05-01 19:45:22,213 INFO - training.ea.ea_trainer - Iteration 1, Batch 572/600
2020-05-01 19:45:22,278 INFO - training.ea.ea_trainer - Iteration 1, Batch 573/600
2020-05-01 19:45:22,385 INFO - training.ea.ea_trainer - Iteration 1, Batch 574/600
2020-05-01 19:45:22,433 INFO - training.ea.ea_trainer - Iteration 1, Batch 575/600
2020-05-01 19:45:22,551 INFO - training.ea.ea_trainer - Iteration 1, Batch 576/600
2020-05-01 19:45:22,606 INFO - training.ea.ea_trainer - Iteration 1, Batch 577/600
2020-05-01 19:45:22,712 INFO - training.ea.ea_trainer - Iteration 1, Batch 578/600
2020-05-01 19:45:22,769 INFO - training.ea.ea_trainer - Iteration 1, Batch 579/600
2020-05-01 19:45:22,888 INFO - training.ea.ea_trainer - Iteration 1, Batch 580/600
2020-05-01 19:45:22,948 INFO - training.ea.ea_trainer - Iteration 1, Batch 581/600
2020-05-01 19:45:23,095 INFO - training.ea.ea_trainer - Iteration 1, Batch 582/600
2020-05-01 19:45:23,139 INFO - training.ea.ea_trainer - Iteration 1, Batch 583/600
2020-05-01 19:45:23,254 INFO - training.ea.ea_trainer - Iteration 1, Batch 584/600
2020-05-01 19:45:23,318 INFO - training.ea.ea_trainer - Iteration 1, Batch 585/600
2020-05-01 19:45:23,431 INFO - training.ea.ea_trainer - Iteration 1, Batch 586/600
2020-05-01 19:45:23,474 INFO - training.ea.ea_trainer - Iteration 1, Batch 587/600
2020-05-01 19:45:23,564 INFO - training.ea.ea_trainer - Iteration 1, Batch 588/600
2020-05-01 19:45:23,620 INFO - training.ea.ea_trainer - Iteration 1, Batch 589/600
2020-05-01 19:45:23,701 INFO - training.ea.ea_trainer - Iteration 1, Batch 590/600
2020-05-01 19:45:23,743 INFO - training.ea.ea_trainer - Iteration 1, Batch 591/600
2020-05-01 19:45:23,842 INFO - training.ea.ea_trainer - Iteration 1, Batch 592/600
2020-05-01 19:45:23,887 INFO - training.ea.ea_trainer - Iteration 1, Batch 593/600
2020-05-01 19:45:23,977 INFO - training.ea.ea_trainer - Iteration 1, Batch 594/600
2020-05-01 19:45:24,028 INFO - training.ea.ea_trainer - Iteration 1, Batch 595/600
2020-05-01 19:45:24,236 INFO - training.ea.ea_trainer - Iteration 1, Batch 596/600
2020-05-01 19:45:24,280 INFO - training.ea.ea_trainer - Iteration 1, Batch 597/600
2020-05-01 19:45:24,361 INFO - training.ea.ea_trainer - Iteration 1, Batch 598/600
2020-05-01 19:45:24,394 INFO - training.ea.ea_trainer - Iteration 1, Batch 599/600
2020-05-01 19:45:24,538 WARNING - distribution.client_api - Received stop signal from master, experiment will be quit.
2020-05-01 19:45:24,758 INFO - requests.packages.urllib3.connectionpool - Starting new HTTP connection (1): 127.0.0.1
2020-05-01 19:45:24,760 INFO - requests.packages.urllib3.connectionpool - Starting new HTTP connection (1): 127.0.0.1
2020-05-01 19:45:25,041 INFO - distribution.node_client - Loading parameters from endpoint http://127.0.0.1:5001/parameters/generators/best took 0.2876715660095215 seconds
2020-05-01 19:45:25,070 INFO - distribution.node_client - Loading parameters from endpoint http://127.0.0.1:5002/parameters/generators/best took 0.31127500534057617 seconds
2020-05-01 19:45:25,153 CRITICAL - distribution.client_api - An unhandled error occured while running Lipizzaner: 'LipizzanerGANTrainer' object has no attribute 'score_sample_size'
2020-05-01 19:45:25,154 INFO - distribution.client_api - Finished experiment, waiting for new requests.
