2020-05-01 19:44:26,286 INFO - distribution.client_api - Distributed training recognized, set log directory to ./output/lipizzaner_gan/distributed/mnist/2020-05-01_19-44-26/2409
2020-05-01 19:44:26,455 INFO - lipizzaner - Parameters: {'network': {'loss': 'bceloss', 'name': 'four_layer_perceptron'}, 'master': {'score_sample_size': 50000, 'cuda': True, 'calculate_score': False}, 'dataloader': {'dataset_name': 'mnist', 'batch_size': 100, 'n_batches': 0, 'shuffle': True, 'use_batch': True}, 'trainer': {'calculate_net_weights_dist': True, 'name': 'lipizzaner_gan', 'mixture_generator_samples_mode': 'exact_proportion', 'params': {'population_size': 1, 'enable_selection': False, 'n_replacements': 1, 'score': {'enabled': False, 'score_sample_size': 1000, 'cuda': True, 'type': 'fid'}, 'discriminator_skip_each_nth_step': 1, 'tournament_size': 2, 'default_adam_learning_rate': 0.0002, 'fitness': {'fitness_sample_size': 1000, 'fitness_mode': 'average'}, 'mutation_probability': 0.5, 'alpha': 0.0001, 'mixture_sigma': 0.01}, 'n_iterations': 5}, 'general': {'seed': 1, 'num_workers': 4, 'output_dir': './output', 'logging': {'enabled': True, 'print_discriminator': False, 'image_format': 'jpg', 'log_level': 'INFO', 'log_server': None}, 'losswise': {'enabled': False, 'api_key': '3T1CKALG6'}, 'distribution': {'start_time': '2020-05-01_19-44-26', 'client_nodes': [{'port': 5000, 'address': '127.0.0.1'}, {'port': 5001, 'address': '127.0.0.1'}, {'port': 5002, 'address': '127.0.0.1'}, {'port': 5003, 'address': '127.0.0.1'}], 'auto_discover': False, 'master_node': {'exit_clients_on_disconnect': True}}}}
2020-05-01 19:44:26,456 INFO - lipizzaner - CUDA is not supported on this device.
2020-05-01 19:44:26,458 INFO - lipizzaner - Seed used: 6013804
2020-05-01 19:44:26,458 INFO - lipizzaner - Starting training for 5 iterations/epochs.
2020-05-01 19:44:26,645 INFO - requests.packages.urllib3.connectionpool - Starting new HTTP connection (1): 127.0.0.1
2020-05-01 19:44:26,692 INFO - requests.packages.urllib3.connectionpool - Starting new HTTP connection (1): 127.0.0.1
2020-05-01 19:44:26,843 INFO - distribution.node_client - Loading parameters from endpoint http://127.0.0.1:5001/parameters/generators took 0.20129823684692383 seconds
2020-05-01 19:44:26,878 INFO - distribution.node_client - Loading parameters from endpoint http://127.0.0.1:5002/parameters/generators took 0.20676755905151367 seconds
2020-05-01 19:44:26,947 INFO - requests.packages.urllib3.connectionpool - Starting new HTTP connection (1): 127.0.0.1
2020-05-01 19:44:26,949 INFO - requests.packages.urllib3.connectionpool - Starting new HTTP connection (1): 127.0.0.1
2020-05-01 19:44:27,044 INFO - distribution.node_client - Loading parameters from endpoint http://127.0.0.1:5002/parameters/discriminators took 0.09633207321166992 seconds
2020-05-01 19:44:27,058 INFO - distribution.node_client - Loading parameters from endpoint http://127.0.0.1:5001/parameters/discriminators took 0.11258316040039062 seconds
2020-05-01 19:44:27,097 INFO - training.ea.ea_trainer - Generators in current neighborhood are ['Iteration0:127.0.0.1:5001:1/G0', 'Iteration0:127.0.0.1:5002:2/G0', 'Iteration0:127.0.0.1:5000:0/G0']
2020-05-01 19:44:27,097 INFO - training.ea.ea_trainer - Discriminators in current neighborhood are ['Iteration0:127.0.0.1:5002:2/D0', 'Iteration0:127.0.0.1:5001:1/D0', 'Iteration0:127.0.0.1:5000:0/D0']
2020-05-01 19:44:27,108 INFO - training.ea.ea_trainer - L2 distance between all generators weights: [('Iteration0:127.0.0.1:5001:1/G0', 'Iteration0:127.0.0.1:5002:2/G0', array(29.509138, dtype=float32)), ('Iteration0:127.0.0.1:5001:1/G0', 'Iteration0:127.0.0.1:5000:0/G0', array(29.492472, dtype=float32)), ('Iteration0:127.0.0.1:5002:2/G0', 'Iteration0:127.0.0.1:5000:0/G0', array(29.50566, dtype=float32))]
2020-05-01 19:44:27,112 INFO - training.ea.ea_trainer - L2 distance between all discriminators weights: [('Iteration0:127.0.0.1:5002:2/D0', 'Iteration0:127.0.0.1:5001:1/D0', array(18.521915, dtype=float32)), ('Iteration0:127.0.0.1:5002:2/D0', 'Iteration0:127.0.0.1:5000:0/D0', array(18.51303, dtype=float32)), ('Iteration0:127.0.0.1:5001:1/D0', 'Iteration0:127.0.0.1:5000:0/D0', array(18.564009, dtype=float32))]
2020-05-01 19:44:29,008 INFO - training.ea.ea_trainer - Iteration 1, Batch 0/600
2020-05-01 19:44:29,169 INFO - training.ea.ea_trainer - Iteration 1, Batch 1/600
2020-05-01 19:44:29,367 INFO - training.ea.ea_trainer - Iteration 1, Batch 2/600
2020-05-01 19:44:29,416 INFO - training.ea.ea_trainer - Iteration 1, Batch 3/600
2020-05-01 19:44:29,505 INFO - training.ea.ea_trainer - Iteration 1, Batch 4/600
2020-05-01 19:44:29,570 INFO - training.ea.ea_trainer - Iteration 1, Batch 5/600
2020-05-01 19:44:29,708 INFO - training.ea.ea_trainer - Iteration 1, Batch 6/600
2020-05-01 19:44:29,734 INFO - training.ea.ea_trainer - Iteration 1, Batch 7/600
2020-05-01 19:44:29,864 INFO - training.ea.ea_trainer - Iteration 1, Batch 8/600
2020-05-01 19:44:29,915 INFO - training.ea.ea_trainer - Iteration 1, Batch 9/600
2020-05-01 19:44:30,033 INFO - training.ea.ea_trainer - Iteration 1, Batch 10/600
2020-05-01 19:44:30,107 INFO - training.ea.ea_trainer - Iteration 1, Batch 11/600
2020-05-01 19:44:30,198 INFO - training.ea.ea_trainer - Iteration 1, Batch 12/600
2020-05-01 19:44:30,271 INFO - training.ea.ea_trainer - Iteration 1, Batch 13/600
2020-05-01 19:44:30,418 INFO - training.ea.ea_trainer - Iteration 1, Batch 14/600
2020-05-01 19:44:30,475 INFO - training.ea.ea_trainer - Iteration 1, Batch 15/600
2020-05-01 19:44:30,575 INFO - training.ea.ea_trainer - Iteration 1, Batch 16/600
2020-05-01 19:44:30,637 INFO - training.ea.ea_trainer - Iteration 1, Batch 17/600
2020-05-01 19:44:30,776 INFO - training.ea.ea_trainer - Iteration 1, Batch 18/600
2020-05-01 19:44:30,835 INFO - training.ea.ea_trainer - Iteration 1, Batch 19/600
2020-05-01 19:44:30,948 INFO - training.ea.ea_trainer - Iteration 1, Batch 20/600
2020-05-01 19:44:31,025 INFO - training.ea.ea_trainer - Iteration 1, Batch 21/600
2020-05-01 19:44:31,164 INFO - training.ea.ea_trainer - Iteration 1, Batch 22/600
2020-05-01 19:44:31,221 INFO - training.ea.ea_trainer - Iteration 1, Batch 23/600
2020-05-01 19:44:31,301 INFO - training.ea.ea_trainer - Iteration 1, Batch 24/600
2020-05-01 19:44:31,366 INFO - training.ea.ea_trainer - Iteration 1, Batch 25/600
2020-05-01 19:44:31,450 INFO - training.ea.ea_trainer - Iteration 1, Batch 26/600
2020-05-01 19:44:31,554 INFO - training.ea.ea_trainer - Iteration 1, Batch 27/600
2020-05-01 19:44:31,638 INFO - training.ea.ea_trainer - Iteration 1, Batch 28/600
2020-05-01 19:44:31,738 INFO - training.ea.ea_trainer - Iteration 1, Batch 29/600
2020-05-01 19:44:31,885 INFO - training.ea.ea_trainer - Iteration 1, Batch 30/600
2020-05-01 19:44:31,936 INFO - training.ea.ea_trainer - Iteration 1, Batch 31/600
2020-05-01 19:44:32,053 INFO - training.ea.ea_trainer - Iteration 1, Batch 32/600
2020-05-01 19:44:32,105 INFO - training.ea.ea_trainer - Iteration 1, Batch 33/600
2020-05-01 19:44:32,238 INFO - training.ea.ea_trainer - Iteration 1, Batch 34/600
2020-05-01 19:44:32,290 INFO - training.ea.ea_trainer - Iteration 1, Batch 35/600
2020-05-01 19:44:32,406 INFO - training.ea.ea_trainer - Iteration 1, Batch 36/600
2020-05-01 19:44:32,477 INFO - training.ea.ea_trainer - Iteration 1, Batch 37/600
2020-05-01 19:44:32,601 INFO - training.ea.ea_trainer - Iteration 1, Batch 38/600
2020-05-01 19:44:32,650 INFO - training.ea.ea_trainer - Iteration 1, Batch 39/600
2020-05-01 19:44:32,782 INFO - training.ea.ea_trainer - Iteration 1, Batch 40/600
2020-05-01 19:44:32,821 INFO - training.ea.ea_trainer - Iteration 1, Batch 41/600
2020-05-01 19:44:32,955 INFO - training.ea.ea_trainer - Iteration 1, Batch 42/600
2020-05-01 19:44:33,041 INFO - training.ea.ea_trainer - Iteration 1, Batch 43/600
2020-05-01 19:44:33,147 INFO - training.ea.ea_trainer - Iteration 1, Batch 44/600
2020-05-01 19:44:33,175 INFO - training.ea.ea_trainer - Iteration 1, Batch 45/600
2020-05-01 19:44:33,291 INFO - training.ea.ea_trainer - Iteration 1, Batch 46/600
2020-05-01 19:44:33,338 INFO - training.ea.ea_trainer - Iteration 1, Batch 47/600
2020-05-01 19:44:33,460 INFO - training.ea.ea_trainer - Iteration 1, Batch 48/600
2020-05-01 19:44:33,517 INFO - training.ea.ea_trainer - Iteration 1, Batch 49/600
2020-05-01 19:44:33,632 INFO - training.ea.ea_trainer - Iteration 1, Batch 50/600
2020-05-01 19:44:33,682 INFO - training.ea.ea_trainer - Iteration 1, Batch 51/600
2020-05-01 19:44:33,820 INFO - training.ea.ea_trainer - Iteration 1, Batch 52/600
2020-05-01 19:44:33,892 INFO - training.ea.ea_trainer - Iteration 1, Batch 53/600
2020-05-01 19:44:34,010 INFO - training.ea.ea_trainer - Iteration 1, Batch 54/600
2020-05-01 19:44:34,064 INFO - training.ea.ea_trainer - Iteration 1, Batch 55/600
2020-05-01 19:44:34,202 INFO - training.ea.ea_trainer - Iteration 1, Batch 56/600
2020-05-01 19:44:34,263 INFO - training.ea.ea_trainer - Iteration 1, Batch 57/600
2020-05-01 19:44:34,368 INFO - training.ea.ea_trainer - Iteration 1, Batch 58/600
2020-05-01 19:44:34,431 INFO - training.ea.ea_trainer - Iteration 1, Batch 59/600
2020-05-01 19:44:34,545 INFO - training.ea.ea_trainer - Iteration 1, Batch 60/600
2020-05-01 19:44:34,628 INFO - training.ea.ea_trainer - Iteration 1, Batch 61/600
2020-05-01 19:44:34,737 INFO - training.ea.ea_trainer - Iteration 1, Batch 62/600
2020-05-01 19:44:34,819 INFO - training.ea.ea_trainer - Iteration 1, Batch 63/600
2020-05-01 19:44:34,931 INFO - training.ea.ea_trainer - Iteration 1, Batch 64/600
2020-05-01 19:44:35,027 INFO - training.ea.ea_trainer - Iteration 1, Batch 65/600
2020-05-01 19:44:35,102 INFO - training.ea.ea_trainer - Iteration 1, Batch 66/600
2020-05-01 19:44:35,163 INFO - training.ea.ea_trainer - Iteration 1, Batch 67/600
2020-05-01 19:44:35,268 INFO - training.ea.ea_trainer - Iteration 1, Batch 68/600
2020-05-01 19:44:35,328 INFO - training.ea.ea_trainer - Iteration 1, Batch 69/600
2020-05-01 19:44:35,412 INFO - training.ea.ea_trainer - Iteration 1, Batch 70/600
2020-05-01 19:44:35,449 INFO - training.ea.ea_trainer - Iteration 1, Batch 71/600
2020-05-01 19:44:35,619 INFO - training.ea.ea_trainer - Iteration 1, Batch 72/600
2020-05-01 19:44:35,695 INFO - training.ea.ea_trainer - Iteration 1, Batch 73/600
2020-05-01 19:44:35,843 INFO - training.ea.ea_trainer - Iteration 1, Batch 74/600
2020-05-01 19:44:35,916 INFO - training.ea.ea_trainer - Iteration 1, Batch 75/600
2020-05-01 19:44:36,087 INFO - training.ea.ea_trainer - Iteration 1, Batch 76/600
2020-05-01 19:44:36,154 INFO - training.ea.ea_trainer - Iteration 1, Batch 77/600
2020-05-01 19:44:36,290 INFO - training.ea.ea_trainer - Iteration 1, Batch 78/600
2020-05-01 19:44:36,386 INFO - training.ea.ea_trainer - Iteration 1, Batch 79/600
2020-05-01 19:44:36,517 INFO - training.ea.ea_trainer - Iteration 1, Batch 80/600
2020-05-01 19:44:36,568 INFO - training.ea.ea_trainer - Iteration 1, Batch 81/600
2020-05-01 19:44:36,662 INFO - training.ea.ea_trainer - Iteration 1, Batch 82/600
2020-05-01 19:44:36,750 INFO - training.ea.ea_trainer - Iteration 1, Batch 83/600
2020-05-01 19:44:36,865 INFO - training.ea.ea_trainer - Iteration 1, Batch 84/600
2020-05-01 19:44:36,908 INFO - training.ea.ea_trainer - Iteration 1, Batch 85/600
2020-05-01 19:44:37,024 INFO - training.ea.ea_trainer - Iteration 1, Batch 86/600
2020-05-01 19:44:37,083 INFO - training.ea.ea_trainer - Iteration 1, Batch 87/600
2020-05-01 19:44:37,190 INFO - training.ea.ea_trainer - Iteration 1, Batch 88/600
2020-05-01 19:44:37,252 INFO - training.ea.ea_trainer - Iteration 1, Batch 89/600
2020-05-01 19:44:37,362 INFO - training.ea.ea_trainer - Iteration 1, Batch 90/600
2020-05-01 19:44:37,413 INFO - training.ea.ea_trainer - Iteration 1, Batch 91/600
2020-05-01 19:44:37,546 INFO - training.ea.ea_trainer - Iteration 1, Batch 92/600
2020-05-01 19:44:37,623 INFO - training.ea.ea_trainer - Iteration 1, Batch 93/600
2020-05-01 19:44:37,703 INFO - training.ea.ea_trainer - Iteration 1, Batch 94/600
2020-05-01 19:44:37,785 INFO - training.ea.ea_trainer - Iteration 1, Batch 95/600
2020-05-01 19:44:37,914 INFO - training.ea.ea_trainer - Iteration 1, Batch 96/600
2020-05-01 19:44:37,962 INFO - training.ea.ea_trainer - Iteration 1, Batch 97/600
2020-05-01 19:44:38,056 INFO - training.ea.ea_trainer - Iteration 1, Batch 98/600
2020-05-01 19:44:38,109 INFO - training.ea.ea_trainer - Iteration 1, Batch 99/600
2020-05-01 19:44:38,237 INFO - training.ea.ea_trainer - Iteration 1, Batch 100/600
2020-05-01 19:44:38,300 INFO - training.ea.ea_trainer - Iteration 1, Batch 101/600
2020-05-01 19:44:38,413 INFO - training.ea.ea_trainer - Iteration 1, Batch 102/600
2020-05-01 19:44:38,486 INFO - training.ea.ea_trainer - Iteration 1, Batch 103/600
2020-05-01 19:44:38,640 INFO - training.ea.ea_trainer - Iteration 1, Batch 104/600
2020-05-01 19:44:38,707 INFO - training.ea.ea_trainer - Iteration 1, Batch 105/600
2020-05-01 19:44:38,823 INFO - training.ea.ea_trainer - Iteration 1, Batch 106/600
2020-05-01 19:44:38,899 INFO - training.ea.ea_trainer - Iteration 1, Batch 107/600
2020-05-01 19:44:39,036 INFO - training.ea.ea_trainer - Iteration 1, Batch 108/600
2020-05-01 19:44:39,099 INFO - training.ea.ea_trainer - Iteration 1, Batch 109/600
2020-05-01 19:44:39,214 INFO - training.ea.ea_trainer - Iteration 1, Batch 110/600
2020-05-01 19:44:39,269 INFO - training.ea.ea_trainer - Iteration 1, Batch 111/600
2020-05-01 19:44:39,371 INFO - training.ea.ea_trainer - Iteration 1, Batch 112/600
2020-05-01 19:44:39,435 INFO - training.ea.ea_trainer - Iteration 1, Batch 113/600
2020-05-01 19:44:39,581 INFO - training.ea.ea_trainer - Iteration 1, Batch 114/600
2020-05-01 19:44:39,621 INFO - training.ea.ea_trainer - Iteration 1, Batch 115/600
2020-05-01 19:44:39,760 INFO - training.ea.ea_trainer - Iteration 1, Batch 116/600
2020-05-01 19:44:39,792 INFO - training.ea.ea_trainer - Iteration 1, Batch 117/600
2020-05-01 19:44:39,916 INFO - training.ea.ea_trainer - Iteration 1, Batch 118/600
2020-05-01 19:44:39,964 INFO - training.ea.ea_trainer - Iteration 1, Batch 119/600
2020-05-01 19:44:40,112 INFO - training.ea.ea_trainer - Iteration 1, Batch 120/600
2020-05-01 19:44:40,176 INFO - training.ea.ea_trainer - Iteration 1, Batch 121/600
2020-05-01 19:44:40,295 INFO - training.ea.ea_trainer - Iteration 1, Batch 122/600
2020-05-01 19:44:40,333 INFO - training.ea.ea_trainer - Iteration 1, Batch 123/600
2020-05-01 19:44:40,427 INFO - training.ea.ea_trainer - Iteration 1, Batch 124/600
2020-05-01 19:44:40,495 INFO - training.ea.ea_trainer - Iteration 1, Batch 125/600
2020-05-01 19:44:40,595 INFO - training.ea.ea_trainer - Iteration 1, Batch 126/600
2020-05-01 19:44:40,645 INFO - training.ea.ea_trainer - Iteration 1, Batch 127/600
2020-05-01 19:44:40,788 INFO - training.ea.ea_trainer - Iteration 1, Batch 128/600
2020-05-01 19:44:40,868 INFO - training.ea.ea_trainer - Iteration 1, Batch 129/600
2020-05-01 19:44:40,983 INFO - training.ea.ea_trainer - Iteration 1, Batch 130/600
2020-05-01 19:44:41,032 INFO - training.ea.ea_trainer - Iteration 1, Batch 131/600
2020-05-01 19:44:41,140 INFO - training.ea.ea_trainer - Iteration 1, Batch 132/600
2020-05-01 19:44:41,190 INFO - training.ea.ea_trainer - Iteration 1, Batch 133/600
2020-05-01 19:44:41,328 INFO - training.ea.ea_trainer - Iteration 1, Batch 134/600
2020-05-01 19:44:41,400 INFO - training.ea.ea_trainer - Iteration 1, Batch 135/600
2020-05-01 19:44:41,579 INFO - training.ea.ea_trainer - Iteration 1, Batch 136/600
2020-05-01 19:44:41,654 INFO - training.ea.ea_trainer - Iteration 1, Batch 137/600
2020-05-01 19:44:41,779 INFO - training.ea.ea_trainer - Iteration 1, Batch 138/600
2020-05-01 19:44:41,845 INFO - training.ea.ea_trainer - Iteration 1, Batch 139/600
2020-05-01 19:44:41,971 INFO - training.ea.ea_trainer - Iteration 1, Batch 140/600
2020-05-01 19:44:42,024 INFO - training.ea.ea_trainer - Iteration 1, Batch 141/600
2020-05-01 19:44:42,152 INFO - training.ea.ea_trainer - Iteration 1, Batch 142/600
2020-05-01 19:44:42,199 INFO - training.ea.ea_trainer - Iteration 1, Batch 143/600
2020-05-01 19:44:42,295 INFO - training.ea.ea_trainer - Iteration 1, Batch 144/600
2020-05-01 19:44:42,354 INFO - training.ea.ea_trainer - Iteration 1, Batch 145/600
2020-05-01 19:44:42,504 INFO - training.ea.ea_trainer - Iteration 1, Batch 146/600
2020-05-01 19:44:42,590 INFO - training.ea.ea_trainer - Iteration 1, Batch 147/600
2020-05-01 19:44:42,681 INFO - training.ea.ea_trainer - Iteration 1, Batch 148/600
2020-05-01 19:44:42,732 INFO - training.ea.ea_trainer - Iteration 1, Batch 149/600
2020-05-01 19:44:42,865 INFO - training.ea.ea_trainer - Iteration 1, Batch 150/600
2020-05-01 19:44:42,908 INFO - training.ea.ea_trainer - Iteration 1, Batch 151/600
2020-05-01 19:44:43,068 INFO - training.ea.ea_trainer - Iteration 1, Batch 152/600
2020-05-01 19:44:43,127 INFO - training.ea.ea_trainer - Iteration 1, Batch 153/600
2020-05-01 19:44:43,276 INFO - training.ea.ea_trainer - Iteration 1, Batch 154/600
2020-05-01 19:44:43,327 INFO - training.ea.ea_trainer - Iteration 1, Batch 155/600
2020-05-01 19:44:43,463 INFO - training.ea.ea_trainer - Iteration 1, Batch 156/600
2020-05-01 19:44:43,512 INFO - training.ea.ea_trainer - Iteration 1, Batch 157/600
2020-05-01 19:44:43,601 INFO - training.ea.ea_trainer - Iteration 1, Batch 158/600
2020-05-01 19:44:43,657 INFO - training.ea.ea_trainer - Iteration 1, Batch 159/600
2020-05-01 19:44:43,771 INFO - training.ea.ea_trainer - Iteration 1, Batch 160/600
2020-05-01 19:44:43,852 INFO - training.ea.ea_trainer - Iteration 1, Batch 161/600
2020-05-01 19:44:43,946 INFO - training.ea.ea_trainer - Iteration 1, Batch 162/600
2020-05-01 19:44:44,008 INFO - training.ea.ea_trainer - Iteration 1, Batch 163/600
2020-05-01 19:44:44,121 INFO - training.ea.ea_trainer - Iteration 1, Batch 164/600
2020-05-01 19:44:44,178 INFO - training.ea.ea_trainer - Iteration 1, Batch 165/600
2020-05-01 19:44:44,299 INFO - training.ea.ea_trainer - Iteration 1, Batch 166/600
2020-05-01 19:44:44,370 INFO - training.ea.ea_trainer - Iteration 1, Batch 167/600
2020-05-01 19:44:44,504 INFO - training.ea.ea_trainer - Iteration 1, Batch 168/600
2020-05-01 19:44:44,565 INFO - training.ea.ea_trainer - Iteration 1, Batch 169/600
2020-05-01 19:44:44,722 INFO - training.ea.ea_trainer - Iteration 1, Batch 170/600
2020-05-01 19:44:44,796 INFO - training.ea.ea_trainer - Iteration 1, Batch 171/600
2020-05-01 19:44:44,922 INFO - training.ea.ea_trainer - Iteration 1, Batch 172/600
2020-05-01 19:44:44,969 INFO - training.ea.ea_trainer - Iteration 1, Batch 173/600
2020-05-01 19:44:45,105 INFO - training.ea.ea_trainer - Iteration 1, Batch 174/600
2020-05-01 19:44:45,189 INFO - training.ea.ea_trainer - Iteration 1, Batch 175/600
2020-05-01 19:44:45,308 INFO - training.ea.ea_trainer - Iteration 1, Batch 176/600
2020-05-01 19:44:45,376 INFO - training.ea.ea_trainer - Iteration 1, Batch 177/600
2020-05-01 19:44:45,529 INFO - training.ea.ea_trainer - Iteration 1, Batch 178/600
2020-05-01 19:44:45,602 INFO - training.ea.ea_trainer - Iteration 1, Batch 179/600
2020-05-01 19:44:45,719 INFO - training.ea.ea_trainer - Iteration 1, Batch 180/600
2020-05-01 19:44:45,790 INFO - training.ea.ea_trainer - Iteration 1, Batch 181/600
2020-05-01 19:44:45,940 INFO - training.ea.ea_trainer - Iteration 1, Batch 182/600
2020-05-01 19:44:46,008 INFO - training.ea.ea_trainer - Iteration 1, Batch 183/600
2020-05-01 19:44:46,149 INFO - training.ea.ea_trainer - Iteration 1, Batch 184/600
2020-05-01 19:44:46,187 INFO - training.ea.ea_trainer - Iteration 1, Batch 185/600
2020-05-01 19:44:46,340 INFO - training.ea.ea_trainer - Iteration 1, Batch 186/600
2020-05-01 19:44:46,364 INFO - training.ea.ea_trainer - Iteration 1, Batch 187/600
2020-05-01 19:44:46,496 INFO - training.ea.ea_trainer - Iteration 1, Batch 188/600
2020-05-01 19:44:46,559 INFO - training.ea.ea_trainer - Iteration 1, Batch 189/600
2020-05-01 19:44:46,670 INFO - training.ea.ea_trainer - Iteration 1, Batch 190/600
2020-05-01 19:44:46,744 INFO - training.ea.ea_trainer - Iteration 1, Batch 191/600
2020-05-01 19:44:46,855 INFO - training.ea.ea_trainer - Iteration 1, Batch 192/600
2020-05-01 19:44:46,884 INFO - training.ea.ea_trainer - Iteration 1, Batch 193/600
2020-05-01 19:44:47,016 INFO - training.ea.ea_trainer - Iteration 1, Batch 194/600
2020-05-01 19:44:47,065 INFO - training.ea.ea_trainer - Iteration 1, Batch 195/600
2020-05-01 19:44:47,196 INFO - training.ea.ea_trainer - Iteration 1, Batch 196/600
2020-05-01 19:44:47,255 INFO - training.ea.ea_trainer - Iteration 1, Batch 197/600
2020-05-01 19:44:47,352 INFO - training.ea.ea_trainer - Iteration 1, Batch 198/600
2020-05-01 19:44:47,429 INFO - training.ea.ea_trainer - Iteration 1, Batch 199/600
2020-05-01 19:44:47,622 INFO - training.ea.ea_trainer - Iteration 1, Batch 200/600
2020-05-01 19:44:47,676 INFO - training.ea.ea_trainer - Iteration 1, Batch 201/600
2020-05-01 19:44:47,837 INFO - training.ea.ea_trainer - Iteration 1, Batch 202/600
2020-05-01 19:44:47,881 INFO - training.ea.ea_trainer - Iteration 1, Batch 203/600
2020-05-01 19:44:48,043 INFO - training.ea.ea_trainer - Iteration 1, Batch 204/600
2020-05-01 19:44:48,096 INFO - training.ea.ea_trainer - Iteration 1, Batch 205/600
2020-05-01 19:44:48,212 INFO - training.ea.ea_trainer - Iteration 1, Batch 206/600
2020-05-01 19:44:48,263 INFO - training.ea.ea_trainer - Iteration 1, Batch 207/600
2020-05-01 19:44:48,420 INFO - training.ea.ea_trainer - Iteration 1, Batch 208/600
2020-05-01 19:44:48,481 INFO - training.ea.ea_trainer - Iteration 1, Batch 209/600
2020-05-01 19:44:48,572 INFO - training.ea.ea_trainer - Iteration 1, Batch 210/600
2020-05-01 19:44:48,616 INFO - training.ea.ea_trainer - Iteration 1, Batch 211/600
2020-05-01 19:44:48,752 INFO - training.ea.ea_trainer - Iteration 1, Batch 212/600
2020-05-01 19:44:48,803 INFO - training.ea.ea_trainer - Iteration 1, Batch 213/600
2020-05-01 19:44:48,904 INFO - training.ea.ea_trainer - Iteration 1, Batch 214/600
2020-05-01 19:44:48,971 INFO - training.ea.ea_trainer - Iteration 1, Batch 215/600
2020-05-01 19:44:49,098 INFO - training.ea.ea_trainer - Iteration 1, Batch 216/600
2020-05-01 19:44:49,194 INFO - training.ea.ea_trainer - Iteration 1, Batch 217/600
2020-05-01 19:44:49,344 INFO - training.ea.ea_trainer - Iteration 1, Batch 218/600
2020-05-01 19:44:49,399 INFO - training.ea.ea_trainer - Iteration 1, Batch 219/600
2020-05-01 19:44:49,547 INFO - training.ea.ea_trainer - Iteration 1, Batch 220/600
2020-05-01 19:44:49,617 INFO - training.ea.ea_trainer - Iteration 1, Batch 221/600
2020-05-01 19:44:49,756 INFO - training.ea.ea_trainer - Iteration 1, Batch 222/600
2020-05-01 19:44:49,807 INFO - training.ea.ea_trainer - Iteration 1, Batch 223/600
2020-05-01 19:44:49,929 INFO - training.ea.ea_trainer - Iteration 1, Batch 224/600
2020-05-01 19:44:49,971 INFO - training.ea.ea_trainer - Iteration 1, Batch 225/600
2020-05-01 19:44:50,119 INFO - training.ea.ea_trainer - Iteration 1, Batch 226/600
2020-05-01 19:44:50,216 INFO - training.ea.ea_trainer - Iteration 1, Batch 227/600
2020-05-01 19:44:50,351 INFO - training.ea.ea_trainer - Iteration 1, Batch 228/600
2020-05-01 19:44:50,428 INFO - training.ea.ea_trainer - Iteration 1, Batch 229/600
2020-05-01 19:44:50,566 INFO - training.ea.ea_trainer - Iteration 1, Batch 230/600
2020-05-01 19:44:50,631 INFO - training.ea.ea_trainer - Iteration 1, Batch 231/600
2020-05-01 19:44:50,715 INFO - training.ea.ea_trainer - Iteration 1, Batch 232/600
2020-05-01 19:44:50,778 INFO - training.ea.ea_trainer - Iteration 1, Batch 233/600
2020-05-01 19:44:50,883 INFO - training.ea.ea_trainer - Iteration 1, Batch 234/600
2020-05-01 19:44:50,958 INFO - training.ea.ea_trainer - Iteration 1, Batch 235/600
2020-05-01 19:44:51,112 INFO - training.ea.ea_trainer - Iteration 1, Batch 236/600
2020-05-01 19:44:51,166 INFO - training.ea.ea_trainer - Iteration 1, Batch 237/600
2020-05-01 19:44:51,328 INFO - training.ea.ea_trainer - Iteration 1, Batch 238/600
2020-05-01 19:44:51,370 INFO - training.ea.ea_trainer - Iteration 1, Batch 239/600
2020-05-01 19:44:51,439 INFO - training.ea.ea_trainer - Iteration 1, Batch 240/600
2020-05-01 19:44:51,492 INFO - training.ea.ea_trainer - Iteration 1, Batch 241/600
2020-05-01 19:44:51,615 INFO - training.ea.ea_trainer - Iteration 1, Batch 242/600
2020-05-01 19:44:51,689 INFO - training.ea.ea_trainer - Iteration 1, Batch 243/600
2020-05-01 19:44:51,813 INFO - training.ea.ea_trainer - Iteration 1, Batch 244/600
2020-05-01 19:44:51,894 INFO - training.ea.ea_trainer - Iteration 1, Batch 245/600
2020-05-01 19:44:51,998 INFO - training.ea.ea_trainer - Iteration 1, Batch 246/600
2020-05-01 19:44:52,061 INFO - training.ea.ea_trainer - Iteration 1, Batch 247/600
2020-05-01 19:44:52,148 INFO - training.ea.ea_trainer - Iteration 1, Batch 248/600
2020-05-01 19:44:52,202 INFO - training.ea.ea_trainer - Iteration 1, Batch 249/600
2020-05-01 19:44:52,296 INFO - training.ea.ea_trainer - Iteration 1, Batch 250/600
2020-05-01 19:44:52,374 INFO - training.ea.ea_trainer - Iteration 1, Batch 251/600
2020-05-01 19:44:52,512 INFO - training.ea.ea_trainer - Iteration 1, Batch 252/600
2020-05-01 19:44:52,554 INFO - training.ea.ea_trainer - Iteration 1, Batch 253/600
2020-05-01 19:44:52,653 INFO - training.ea.ea_trainer - Iteration 1, Batch 254/600
2020-05-01 19:44:52,754 INFO - training.ea.ea_trainer - Iteration 1, Batch 255/600
2020-05-01 19:44:52,869 INFO - training.ea.ea_trainer - Iteration 1, Batch 256/600
2020-05-01 19:44:52,927 INFO - training.ea.ea_trainer - Iteration 1, Batch 257/600
2020-05-01 19:44:53,086 INFO - training.ea.ea_trainer - Iteration 1, Batch 258/600
2020-05-01 19:44:53,157 INFO - training.ea.ea_trainer - Iteration 1, Batch 259/600
2020-05-01 19:44:53,241 INFO - training.ea.ea_trainer - Iteration 1, Batch 260/600
2020-05-01 19:44:53,311 INFO - training.ea.ea_trainer - Iteration 1, Batch 261/600
2020-05-01 19:44:53,391 INFO - training.ea.ea_trainer - Iteration 1, Batch 262/600
2020-05-01 19:44:53,470 INFO - training.ea.ea_trainer - Iteration 1, Batch 263/600
2020-05-01 19:44:53,608 INFO - training.ea.ea_trainer - Iteration 1, Batch 264/600
2020-05-01 19:44:53,697 INFO - training.ea.ea_trainer - Iteration 1, Batch 265/600
2020-05-01 19:44:53,800 INFO - training.ea.ea_trainer - Iteration 1, Batch 266/600
2020-05-01 19:44:53,860 INFO - training.ea.ea_trainer - Iteration 1, Batch 267/600
2020-05-01 19:44:53,977 INFO - training.ea.ea_trainer - Iteration 1, Batch 268/600
2020-05-01 19:44:54,072 INFO - training.ea.ea_trainer - Iteration 1, Batch 269/600
2020-05-01 19:44:54,187 INFO - training.ea.ea_trainer - Iteration 1, Batch 270/600
2020-05-01 19:44:54,211 INFO - training.ea.ea_trainer - Iteration 1, Batch 271/600
2020-05-01 19:44:54,322 INFO - training.ea.ea_trainer - Iteration 1, Batch 272/600
2020-05-01 19:44:54,424 INFO - training.ea.ea_trainer - Iteration 1, Batch 273/600
2020-05-01 19:44:54,510 INFO - training.ea.ea_trainer - Iteration 1, Batch 274/600
2020-05-01 19:44:54,561 INFO - training.ea.ea_trainer - Iteration 1, Batch 275/600
2020-05-01 19:44:54,688 INFO - training.ea.ea_trainer - Iteration 1, Batch 276/600
2020-05-01 19:44:54,745 INFO - training.ea.ea_trainer - Iteration 1, Batch 277/600
2020-05-01 19:44:54,871 INFO - training.ea.ea_trainer - Iteration 1, Batch 278/600
2020-05-01 19:44:54,937 INFO - training.ea.ea_trainer - Iteration 1, Batch 279/600
2020-05-01 19:44:55,072 INFO - training.ea.ea_trainer - Iteration 1, Batch 280/600
2020-05-01 19:44:55,160 INFO - training.ea.ea_trainer - Iteration 1, Batch 281/600
2020-05-01 19:44:55,277 INFO - training.ea.ea_trainer - Iteration 1, Batch 282/600
2020-05-01 19:44:55,356 INFO - training.ea.ea_trainer - Iteration 1, Batch 283/600
2020-05-01 19:44:55,429 INFO - training.ea.ea_trainer - Iteration 1, Batch 284/600
2020-05-01 19:44:55,465 INFO - training.ea.ea_trainer - Iteration 1, Batch 285/600
2020-05-01 19:44:55,557 INFO - training.ea.ea_trainer - Iteration 1, Batch 286/600
2020-05-01 19:44:55,590 INFO - training.ea.ea_trainer - Iteration 1, Batch 287/600
2020-05-01 19:44:55,720 INFO - training.ea.ea_trainer - Iteration 1, Batch 288/600
2020-05-01 19:44:55,760 INFO - training.ea.ea_trainer - Iteration 1, Batch 289/600
2020-05-01 19:44:55,863 INFO - training.ea.ea_trainer - Iteration 1, Batch 290/600
2020-05-01 19:44:55,942 INFO - training.ea.ea_trainer - Iteration 1, Batch 291/600
2020-05-01 19:44:56,096 INFO - training.ea.ea_trainer - Iteration 1, Batch 292/600
2020-05-01 19:44:56,150 INFO - training.ea.ea_trainer - Iteration 1, Batch 293/600
2020-05-01 19:44:56,313 INFO - training.ea.ea_trainer - Iteration 1, Batch 294/600
2020-05-01 19:44:56,373 INFO - training.ea.ea_trainer - Iteration 1, Batch 295/600
2020-05-01 19:44:56,461 INFO - training.ea.ea_trainer - Iteration 1, Batch 296/600
2020-05-01 19:44:56,532 INFO - training.ea.ea_trainer - Iteration 1, Batch 297/600
2020-05-01 19:44:56,663 INFO - training.ea.ea_trainer - Iteration 1, Batch 298/600
2020-05-01 19:44:56,724 INFO - training.ea.ea_trainer - Iteration 1, Batch 299/600
2020-05-01 19:44:56,796 INFO - training.ea.ea_trainer - Iteration 1, Batch 300/600
2020-05-01 19:44:56,867 INFO - training.ea.ea_trainer - Iteration 1, Batch 301/600
2020-05-01 19:44:56,974 INFO - training.ea.ea_trainer - Iteration 1, Batch 302/600
2020-05-01 19:44:57,018 INFO - training.ea.ea_trainer - Iteration 1, Batch 303/600
2020-05-01 19:44:57,155 INFO - training.ea.ea_trainer - Iteration 1, Batch 304/600
2020-05-01 19:44:57,220 INFO - training.ea.ea_trainer - Iteration 1, Batch 305/600
2020-05-01 19:44:57,355 INFO - training.ea.ea_trainer - Iteration 1, Batch 306/600
2020-05-01 19:44:57,421 INFO - training.ea.ea_trainer - Iteration 1, Batch 307/600
2020-05-01 19:44:57,527 INFO - training.ea.ea_trainer - Iteration 1, Batch 308/600
2020-05-01 19:44:57,610 INFO - training.ea.ea_trainer - Iteration 1, Batch 309/600
2020-05-01 19:44:57,775 INFO - training.ea.ea_trainer - Iteration 1, Batch 310/600
2020-05-01 19:44:57,843 INFO - training.ea.ea_trainer - Iteration 1, Batch 311/600
2020-05-01 19:44:57,945 INFO - training.ea.ea_trainer - Iteration 1, Batch 312/600
2020-05-01 19:44:58,021 INFO - training.ea.ea_trainer - Iteration 1, Batch 313/600
2020-05-01 19:44:58,114 INFO - training.ea.ea_trainer - Iteration 1, Batch 314/600
2020-05-01 19:44:58,222 INFO - training.ea.ea_trainer - Iteration 1, Batch 315/600
2020-05-01 19:44:58,340 INFO - training.ea.ea_trainer - Iteration 1, Batch 316/600
2020-05-01 19:44:58,400 INFO - training.ea.ea_trainer - Iteration 1, Batch 317/600
2020-05-01 19:44:58,525 INFO - training.ea.ea_trainer - Iteration 1, Batch 318/600
2020-05-01 19:44:58,578 INFO - training.ea.ea_trainer - Iteration 1, Batch 319/600
2020-05-01 19:44:58,715 INFO - training.ea.ea_trainer - Iteration 1, Batch 320/600
2020-05-01 19:44:58,792 INFO - training.ea.ea_trainer - Iteration 1, Batch 321/600
2020-05-01 19:44:58,909 INFO - training.ea.ea_trainer - Iteration 1, Batch 322/600
2020-05-01 19:44:58,973 INFO - training.ea.ea_trainer - Iteration 1, Batch 323/600
2020-05-01 19:44:59,085 INFO - training.ea.ea_trainer - Iteration 1, Batch 324/600
2020-05-01 19:44:59,121 INFO - training.ea.ea_trainer - Iteration 1, Batch 325/600
2020-05-01 19:44:59,246 INFO - training.ea.ea_trainer - Iteration 1, Batch 326/600
2020-05-01 19:44:59,299 INFO - training.ea.ea_trainer - Iteration 1, Batch 327/600
2020-05-01 19:44:59,404 INFO - training.ea.ea_trainer - Iteration 1, Batch 328/600
2020-05-01 19:44:59,460 INFO - training.ea.ea_trainer - Iteration 1, Batch 329/600
2020-05-01 19:44:59,635 INFO - training.ea.ea_trainer - Iteration 1, Batch 330/600
2020-05-01 19:44:59,685 INFO - training.ea.ea_trainer - Iteration 1, Batch 331/600
2020-05-01 19:44:59,764 INFO - training.ea.ea_trainer - Iteration 1, Batch 332/600
2020-05-01 19:44:59,839 INFO - training.ea.ea_trainer - Iteration 1, Batch 333/600
2020-05-01 19:44:59,957 INFO - training.ea.ea_trainer - Iteration 1, Batch 334/600
2020-05-01 19:45:00,019 INFO - training.ea.ea_trainer - Iteration 1, Batch 335/600
2020-05-01 19:45:00,131 INFO - training.ea.ea_trainer - Iteration 1, Batch 336/600
2020-05-01 19:45:00,196 INFO - training.ea.ea_trainer - Iteration 1, Batch 337/600
2020-05-01 19:45:00,332 INFO - training.ea.ea_trainer - Iteration 1, Batch 338/600
2020-05-01 19:45:00,416 INFO - training.ea.ea_trainer - Iteration 1, Batch 339/600
2020-05-01 19:45:00,527 INFO - training.ea.ea_trainer - Iteration 1, Batch 340/600
2020-05-01 19:45:00,603 INFO - training.ea.ea_trainer - Iteration 1, Batch 341/600
2020-05-01 19:45:00,715 INFO - training.ea.ea_trainer - Iteration 1, Batch 342/600
2020-05-01 19:45:00,793 INFO - training.ea.ea_trainer - Iteration 1, Batch 343/600
2020-05-01 19:45:00,905 INFO - training.ea.ea_trainer - Iteration 1, Batch 344/600
2020-05-01 19:45:00,959 INFO - training.ea.ea_trainer - Iteration 1, Batch 345/600
2020-05-01 19:45:01,092 INFO - training.ea.ea_trainer - Iteration 1, Batch 346/600
2020-05-01 19:45:01,147 INFO - training.ea.ea_trainer - Iteration 1, Batch 347/600
2020-05-01 19:45:01,224 INFO - training.ea.ea_trainer - Iteration 1, Batch 348/600
2020-05-01 19:45:01,280 INFO - training.ea.ea_trainer - Iteration 1, Batch 349/600
2020-05-01 19:45:01,445 INFO - training.ea.ea_trainer - Iteration 1, Batch 350/600
2020-05-01 19:45:01,520 INFO - training.ea.ea_trainer - Iteration 1, Batch 351/600
2020-05-01 19:45:01,618 INFO - training.ea.ea_trainer - Iteration 1, Batch 352/600
2020-05-01 19:45:01,669 INFO - training.ea.ea_trainer - Iteration 1, Batch 353/600
2020-05-01 19:45:01,781 INFO - training.ea.ea_trainer - Iteration 1, Batch 354/600
2020-05-01 19:45:01,840 INFO - training.ea.ea_trainer - Iteration 1, Batch 355/600
2020-05-01 19:45:01,948 INFO - training.ea.ea_trainer - Iteration 1, Batch 356/600
2020-05-01 19:45:02,022 INFO - training.ea.ea_trainer - Iteration 1, Batch 357/600
2020-05-01 19:45:02,143 INFO - training.ea.ea_trainer - Iteration 1, Batch 358/600
2020-05-01 19:45:02,208 INFO - training.ea.ea_trainer - Iteration 1, Batch 359/600
2020-05-01 19:45:02,319 INFO - training.ea.ea_trainer - Iteration 1, Batch 360/600
2020-05-01 19:45:02,380 INFO - training.ea.ea_trainer - Iteration 1, Batch 361/600
2020-05-01 19:45:02,494 INFO - training.ea.ea_trainer - Iteration 1, Batch 362/600
2020-05-01 19:45:02,548 INFO - training.ea.ea_trainer - Iteration 1, Batch 363/600
2020-05-01 19:45:02,715 INFO - training.ea.ea_trainer - Iteration 1, Batch 364/600
2020-05-01 19:45:02,761 INFO - training.ea.ea_trainer - Iteration 1, Batch 365/600
2020-05-01 19:45:02,884 INFO - training.ea.ea_trainer - Iteration 1, Batch 366/600
2020-05-01 19:45:02,962 INFO - training.ea.ea_trainer - Iteration 1, Batch 367/600
2020-05-01 19:45:03,062 INFO - training.ea.ea_trainer - Iteration 1, Batch 368/600
2020-05-01 19:45:03,135 INFO - training.ea.ea_trainer - Iteration 1, Batch 369/600
2020-05-01 19:45:03,268 INFO - training.ea.ea_trainer - Iteration 1, Batch 370/600
2020-05-01 19:45:03,326 INFO - training.ea.ea_trainer - Iteration 1, Batch 371/600
2020-05-01 19:45:03,441 INFO - training.ea.ea_trainer - Iteration 1, Batch 372/600
2020-05-01 19:45:03,501 INFO - training.ea.ea_trainer - Iteration 1, Batch 373/600
2020-05-01 19:45:03,621 INFO - training.ea.ea_trainer - Iteration 1, Batch 374/600
2020-05-01 19:45:03,662 INFO - training.ea.ea_trainer - Iteration 1, Batch 375/600
2020-05-01 19:45:03,782 INFO - training.ea.ea_trainer - Iteration 1, Batch 376/600
2020-05-01 19:45:03,825 INFO - training.ea.ea_trainer - Iteration 1, Batch 377/600
2020-05-01 19:45:03,962 INFO - training.ea.ea_trainer - Iteration 1, Batch 378/600
2020-05-01 19:45:04,021 INFO - training.ea.ea_trainer - Iteration 1, Batch 379/600
2020-05-01 19:45:04,165 INFO - training.ea.ea_trainer - Iteration 1, Batch 380/600
2020-05-01 19:45:04,227 INFO - training.ea.ea_trainer - Iteration 1, Batch 381/600
2020-05-01 19:45:04,365 INFO - training.ea.ea_trainer - Iteration 1, Batch 382/600
2020-05-01 19:45:04,422 INFO - training.ea.ea_trainer - Iteration 1, Batch 383/600
2020-05-01 19:45:04,572 INFO - training.ea.ea_trainer - Iteration 1, Batch 384/600
2020-05-01 19:45:04,647 INFO - training.ea.ea_trainer - Iteration 1, Batch 385/600
2020-05-01 19:45:04,793 INFO - training.ea.ea_trainer - Iteration 1, Batch 386/600
2020-05-01 19:45:04,863 INFO - training.ea.ea_trainer - Iteration 1, Batch 387/600
2020-05-01 19:45:04,999 INFO - training.ea.ea_trainer - Iteration 1, Batch 388/600
2020-05-01 19:45:05,078 INFO - training.ea.ea_trainer - Iteration 1, Batch 389/600
2020-05-01 19:45:05,196 INFO - training.ea.ea_trainer - Iteration 1, Batch 390/600
2020-05-01 19:45:05,262 INFO - training.ea.ea_trainer - Iteration 1, Batch 391/600
2020-05-01 19:45:05,394 INFO - training.ea.ea_trainer - Iteration 1, Batch 392/600
2020-05-01 19:45:05,460 INFO - training.ea.ea_trainer - Iteration 1, Batch 393/600
2020-05-01 19:45:05,594 INFO - training.ea.ea_trainer - Iteration 1, Batch 394/600
2020-05-01 19:45:05,642 INFO - training.ea.ea_trainer - Iteration 1, Batch 395/600
2020-05-01 19:45:05,776 INFO - training.ea.ea_trainer - Iteration 1, Batch 396/600
2020-05-01 19:45:05,853 INFO - training.ea.ea_trainer - Iteration 1, Batch 397/600
2020-05-01 19:45:05,987 INFO - training.ea.ea_trainer - Iteration 1, Batch 398/600
2020-05-01 19:45:06,043 INFO - training.ea.ea_trainer - Iteration 1, Batch 399/600
2020-05-01 19:45:06,154 INFO - training.ea.ea_trainer - Iteration 1, Batch 400/600
2020-05-01 19:45:06,210 INFO - training.ea.ea_trainer - Iteration 1, Batch 401/600
2020-05-01 19:45:06,315 INFO - training.ea.ea_trainer - Iteration 1, Batch 402/600
2020-05-01 19:45:06,387 INFO - training.ea.ea_trainer - Iteration 1, Batch 403/600
2020-05-01 19:45:06,479 INFO - training.ea.ea_trainer - Iteration 1, Batch 404/600
2020-05-01 19:45:06,552 INFO - training.ea.ea_trainer - Iteration 1, Batch 405/600
2020-05-01 19:45:06,673 INFO - training.ea.ea_trainer - Iteration 1, Batch 406/600
2020-05-01 19:45:06,729 INFO - training.ea.ea_trainer - Iteration 1, Batch 407/600
2020-05-01 19:45:06,867 INFO - training.ea.ea_trainer - Iteration 1, Batch 408/600
2020-05-01 19:45:06,910 INFO - training.ea.ea_trainer - Iteration 1, Batch 409/600
2020-05-01 19:45:07,045 INFO - training.ea.ea_trainer - Iteration 1, Batch 410/600
2020-05-01 19:45:07,112 INFO - training.ea.ea_trainer - Iteration 1, Batch 411/600
2020-05-01 19:45:07,243 INFO - training.ea.ea_trainer - Iteration 1, Batch 412/600
2020-05-01 19:45:07,288 INFO - training.ea.ea_trainer - Iteration 1, Batch 413/600
2020-05-01 19:45:07,428 INFO - training.ea.ea_trainer - Iteration 1, Batch 414/600
2020-05-01 19:45:07,467 INFO - training.ea.ea_trainer - Iteration 1, Batch 415/600
2020-05-01 19:45:07,586 INFO - training.ea.ea_trainer - Iteration 1, Batch 416/600
2020-05-01 19:45:07,659 INFO - training.ea.ea_trainer - Iteration 1, Batch 417/600
2020-05-01 19:45:07,796 INFO - training.ea.ea_trainer - Iteration 1, Batch 418/600
2020-05-01 19:45:07,848 INFO - training.ea.ea_trainer - Iteration 1, Batch 419/600
2020-05-01 19:45:07,955 INFO - training.ea.ea_trainer - Iteration 1, Batch 420/600
2020-05-01 19:45:08,038 INFO - training.ea.ea_trainer - Iteration 1, Batch 421/600
2020-05-01 19:45:08,184 INFO - training.ea.ea_trainer - Iteration 1, Batch 422/600
2020-05-01 19:45:08,240 INFO - training.ea.ea_trainer - Iteration 1, Batch 423/600
2020-05-01 19:45:08,334 INFO - training.ea.ea_trainer - Iteration 1, Batch 424/600
2020-05-01 19:45:08,374 INFO - training.ea.ea_trainer - Iteration 1, Batch 425/600
2020-05-01 19:45:08,481 INFO - training.ea.ea_trainer - Iteration 1, Batch 426/600
2020-05-01 19:45:08,550 INFO - training.ea.ea_trainer - Iteration 1, Batch 427/600
2020-05-01 19:45:08,696 INFO - training.ea.ea_trainer - Iteration 1, Batch 428/600
2020-05-01 19:45:08,757 INFO - training.ea.ea_trainer - Iteration 1, Batch 429/600
2020-05-01 19:45:08,858 INFO - training.ea.ea_trainer - Iteration 1, Batch 430/600
2020-05-01 19:45:08,909 INFO - training.ea.ea_trainer - Iteration 1, Batch 431/600
2020-05-01 19:45:09,021 INFO - training.ea.ea_trainer - Iteration 1, Batch 432/600
2020-05-01 19:45:09,116 INFO - training.ea.ea_trainer - Iteration 1, Batch 433/600
2020-05-01 19:45:09,201 INFO - training.ea.ea_trainer - Iteration 1, Batch 434/600
2020-05-01 19:45:09,284 INFO - training.ea.ea_trainer - Iteration 1, Batch 435/600
2020-05-01 19:45:09,407 INFO - training.ea.ea_trainer - Iteration 1, Batch 436/600
2020-05-01 19:45:09,458 INFO - training.ea.ea_trainer - Iteration 1, Batch 437/600
2020-05-01 19:45:09,573 INFO - training.ea.ea_trainer - Iteration 1, Batch 438/600
2020-05-01 19:45:09,618 INFO - training.ea.ea_trainer - Iteration 1, Batch 439/600
2020-05-01 19:45:09,756 INFO - training.ea.ea_trainer - Iteration 1, Batch 440/600
2020-05-01 19:45:09,821 INFO - training.ea.ea_trainer - Iteration 1, Batch 441/600
2020-05-01 19:45:09,989 INFO - training.ea.ea_trainer - Iteration 1, Batch 442/600
2020-05-01 19:45:10,059 INFO - training.ea.ea_trainer - Iteration 1, Batch 443/600
2020-05-01 19:45:10,190 INFO - training.ea.ea_trainer - Iteration 1, Batch 444/600
2020-05-01 19:45:10,245 INFO - training.ea.ea_trainer - Iteration 1, Batch 445/600
2020-05-01 19:45:10,374 INFO - training.ea.ea_trainer - Iteration 1, Batch 446/600
2020-05-01 19:45:10,431 INFO - training.ea.ea_trainer - Iteration 1, Batch 447/600
2020-05-01 19:45:10,575 INFO - training.ea.ea_trainer - Iteration 1, Batch 448/600
2020-05-01 19:45:10,669 INFO - training.ea.ea_trainer - Iteration 1, Batch 449/600
2020-05-01 19:45:10,789 INFO - training.ea.ea_trainer - Iteration 1, Batch 450/600
2020-05-01 19:45:10,855 INFO - training.ea.ea_trainer - Iteration 1, Batch 451/600
2020-05-01 19:45:10,933 INFO - training.ea.ea_trainer - Iteration 1, Batch 452/600
2020-05-01 19:45:10,974 INFO - training.ea.ea_trainer - Iteration 1, Batch 453/600
2020-05-01 19:45:11,083 INFO - training.ea.ea_trainer - Iteration 1, Batch 454/600
2020-05-01 19:45:11,121 INFO - training.ea.ea_trainer - Iteration 1, Batch 455/600
2020-05-01 19:45:11,216 INFO - training.ea.ea_trainer - Iteration 1, Batch 456/600
2020-05-01 19:45:11,256 INFO - training.ea.ea_trainer - Iteration 1, Batch 457/600
2020-05-01 19:45:11,367 INFO - training.ea.ea_trainer - Iteration 1, Batch 458/600
2020-05-01 19:45:11,398 INFO - training.ea.ea_trainer - Iteration 1, Batch 459/600
2020-05-01 19:45:11,519 INFO - training.ea.ea_trainer - Iteration 1, Batch 460/600
2020-05-01 19:45:11,570 INFO - training.ea.ea_trainer - Iteration 1, Batch 461/600
2020-05-01 19:45:11,725 INFO - training.ea.ea_trainer - Iteration 1, Batch 462/600
2020-05-01 19:45:11,788 INFO - training.ea.ea_trainer - Iteration 1, Batch 463/600
2020-05-01 19:45:11,910 INFO - training.ea.ea_trainer - Iteration 1, Batch 464/600
2020-05-01 19:45:11,957 INFO - training.ea.ea_trainer - Iteration 1, Batch 465/600
2020-05-01 19:45:12,057 INFO - training.ea.ea_trainer - Iteration 1, Batch 466/600
2020-05-01 19:45:12,116 INFO - training.ea.ea_trainer - Iteration 1, Batch 467/600
2020-05-01 19:45:12,232 INFO - training.ea.ea_trainer - Iteration 1, Batch 468/600
2020-05-01 19:45:12,278 INFO - training.ea.ea_trainer - Iteration 1, Batch 469/600
2020-05-01 19:45:12,345 INFO - training.ea.ea_trainer - Iteration 1, Batch 470/600
2020-05-01 19:45:12,444 INFO - training.ea.ea_trainer - Iteration 1, Batch 471/600
2020-05-01 19:45:12,561 INFO - training.ea.ea_trainer - Iteration 1, Batch 472/600
2020-05-01 19:45:12,640 INFO - training.ea.ea_trainer - Iteration 1, Batch 473/600
2020-05-01 19:45:12,779 INFO - training.ea.ea_trainer - Iteration 1, Batch 474/600
2020-05-01 19:45:12,886 INFO - training.ea.ea_trainer - Iteration 1, Batch 475/600
2020-05-01 19:45:13,014 INFO - training.ea.ea_trainer - Iteration 1, Batch 476/600
2020-05-01 19:45:13,101 INFO - training.ea.ea_trainer - Iteration 1, Batch 477/600
2020-05-01 19:45:13,233 INFO - training.ea.ea_trainer - Iteration 1, Batch 478/600
2020-05-01 19:45:13,316 INFO - training.ea.ea_trainer - Iteration 1, Batch 479/600
2020-05-01 19:45:13,447 INFO - training.ea.ea_trainer - Iteration 1, Batch 480/600
2020-05-01 19:45:13,518 INFO - training.ea.ea_trainer - Iteration 1, Batch 481/600
2020-05-01 19:45:13,623 INFO - training.ea.ea_trainer - Iteration 1, Batch 482/600
2020-05-01 19:45:13,721 INFO - training.ea.ea_trainer - Iteration 1, Batch 483/600
2020-05-01 19:45:13,868 INFO - training.ea.ea_trainer - Iteration 1, Batch 484/600
2020-05-01 19:45:13,943 INFO - training.ea.ea_trainer - Iteration 1, Batch 485/600
2020-05-01 19:45:14,093 INFO - training.ea.ea_trainer - Iteration 1, Batch 486/600
2020-05-01 19:45:14,139 INFO - training.ea.ea_trainer - Iteration 1, Batch 487/600
2020-05-01 19:45:14,275 INFO - training.ea.ea_trainer - Iteration 1, Batch 488/600
2020-05-01 19:45:14,321 INFO - training.ea.ea_trainer - Iteration 1, Batch 489/600
2020-05-01 19:45:14,455 INFO - training.ea.ea_trainer - Iteration 1, Batch 490/600
2020-05-01 19:45:14,503 INFO - training.ea.ea_trainer - Iteration 1, Batch 491/600
2020-05-01 19:45:14,592 INFO - training.ea.ea_trainer - Iteration 1, Batch 492/600
2020-05-01 19:45:14,640 INFO - training.ea.ea_trainer - Iteration 1, Batch 493/600
2020-05-01 19:45:14,755 INFO - training.ea.ea_trainer - Iteration 1, Batch 494/600
2020-05-01 19:45:14,818 INFO - training.ea.ea_trainer - Iteration 1, Batch 495/600
2020-05-01 19:45:14,939 INFO - training.ea.ea_trainer - Iteration 1, Batch 496/600
2020-05-01 19:45:14,993 INFO - training.ea.ea_trainer - Iteration 1, Batch 497/600
2020-05-01 19:45:15,114 INFO - training.ea.ea_trainer - Iteration 1, Batch 498/600
2020-05-01 19:45:15,176 INFO - training.ea.ea_trainer - Iteration 1, Batch 499/600
2020-05-01 19:45:15,268 INFO - training.ea.ea_trainer - Iteration 1, Batch 500/600
2020-05-01 19:45:15,323 INFO - training.ea.ea_trainer - Iteration 1, Batch 501/600
2020-05-01 19:45:15,457 INFO - training.ea.ea_trainer - Iteration 1, Batch 502/600
2020-05-01 19:45:15,512 INFO - training.ea.ea_trainer - Iteration 1, Batch 503/600
2020-05-01 19:45:15,620 INFO - training.ea.ea_trainer - Iteration 1, Batch 504/600
2020-05-01 19:45:15,683 INFO - training.ea.ea_trainer - Iteration 1, Batch 505/600
2020-05-01 19:45:15,795 INFO - training.ea.ea_trainer - Iteration 1, Batch 506/600
2020-05-01 19:45:15,881 INFO - training.ea.ea_trainer - Iteration 1, Batch 507/600
2020-05-01 19:45:15,967 INFO - training.ea.ea_trainer - Iteration 1, Batch 508/600
2020-05-01 19:45:16,062 INFO - training.ea.ea_trainer - Iteration 1, Batch 509/600
2020-05-01 19:45:16,170 INFO - training.ea.ea_trainer - Iteration 1, Batch 510/600
2020-05-01 19:45:16,253 INFO - training.ea.ea_trainer - Iteration 1, Batch 511/600
2020-05-01 19:45:16,389 INFO - training.ea.ea_trainer - Iteration 1, Batch 512/600
2020-05-01 19:45:16,450 INFO - training.ea.ea_trainer - Iteration 1, Batch 513/600
2020-05-01 19:45:16,596 INFO - training.ea.ea_trainer - Iteration 1, Batch 514/600
2020-05-01 19:45:16,639 INFO - training.ea.ea_trainer - Iteration 1, Batch 515/600
2020-05-01 19:45:16,714 INFO - training.ea.ea_trainer - Iteration 1, Batch 516/600
2020-05-01 19:45:16,761 INFO - training.ea.ea_trainer - Iteration 1, Batch 517/600
2020-05-01 19:45:16,899 INFO - training.ea.ea_trainer - Iteration 1, Batch 518/600
2020-05-01 19:45:16,952 INFO - training.ea.ea_trainer - Iteration 1, Batch 519/600
2020-05-01 19:45:17,070 INFO - training.ea.ea_trainer - Iteration 1, Batch 520/600
2020-05-01 19:45:17,119 INFO - training.ea.ea_trainer - Iteration 1, Batch 521/600
2020-05-01 19:45:17,247 INFO - training.ea.ea_trainer - Iteration 1, Batch 522/600
2020-05-01 19:45:17,296 INFO - training.ea.ea_trainer - Iteration 1, Batch 523/600
2020-05-01 19:45:17,407 INFO - training.ea.ea_trainer - Iteration 1, Batch 524/600
2020-05-01 19:45:17,466 INFO - training.ea.ea_trainer - Iteration 1, Batch 525/600
2020-05-01 19:45:17,585 INFO - training.ea.ea_trainer - Iteration 1, Batch 526/600
2020-05-01 19:45:17,658 INFO - training.ea.ea_trainer - Iteration 1, Batch 527/600
2020-05-01 19:45:17,751 INFO - training.ea.ea_trainer - Iteration 1, Batch 528/600
2020-05-01 19:45:17,854 INFO - training.ea.ea_trainer - Iteration 1, Batch 529/600
2020-05-01 19:45:17,950 INFO - training.ea.ea_trainer - Iteration 1, Batch 530/600
2020-05-01 19:45:18,010 INFO - training.ea.ea_trainer - Iteration 1, Batch 531/600
2020-05-01 19:45:18,144 INFO - training.ea.ea_trainer - Iteration 1, Batch 532/600
2020-05-01 19:45:18,202 INFO - training.ea.ea_trainer - Iteration 1, Batch 533/600
2020-05-01 19:45:18,312 INFO - training.ea.ea_trainer - Iteration 1, Batch 534/600
2020-05-01 19:45:18,351 INFO - training.ea.ea_trainer - Iteration 1, Batch 535/600
2020-05-01 19:45:18,469 INFO - training.ea.ea_trainer - Iteration 1, Batch 536/600
2020-05-01 19:45:18,506 INFO - training.ea.ea_trainer - Iteration 1, Batch 537/600
2020-05-01 19:45:18,648 INFO - training.ea.ea_trainer - Iteration 1, Batch 538/600
2020-05-01 19:45:18,710 INFO - training.ea.ea_trainer - Iteration 1, Batch 539/600
2020-05-01 19:45:18,851 INFO - training.ea.ea_trainer - Iteration 1, Batch 540/600
2020-05-01 19:45:18,900 INFO - training.ea.ea_trainer - Iteration 1, Batch 541/600
2020-05-01 19:45:19,025 INFO - training.ea.ea_trainer - Iteration 1, Batch 542/600
2020-05-01 19:45:19,079 INFO - training.ea.ea_trainer - Iteration 1, Batch 543/600
2020-05-01 19:45:19,178 INFO - training.ea.ea_trainer - Iteration 1, Batch 544/600
2020-05-01 19:45:19,236 INFO - training.ea.ea_trainer - Iteration 1, Batch 545/600
2020-05-01 19:45:19,339 INFO - training.ea.ea_trainer - Iteration 1, Batch 546/600
2020-05-01 19:45:19,405 INFO - training.ea.ea_trainer - Iteration 1, Batch 547/600
2020-05-01 19:45:19,526 INFO - training.ea.ea_trainer - Iteration 1, Batch 548/600
2020-05-01 19:45:19,588 INFO - training.ea.ea_trainer - Iteration 1, Batch 549/600
2020-05-01 19:45:19,713 INFO - training.ea.ea_trainer - Iteration 1, Batch 550/600
2020-05-01 19:45:19,776 INFO - training.ea.ea_trainer - Iteration 1, Batch 551/600
2020-05-01 19:45:19,871 INFO - training.ea.ea_trainer - Iteration 1, Batch 552/600
2020-05-01 19:45:19,935 INFO - training.ea.ea_trainer - Iteration 1, Batch 553/600
2020-05-01 19:45:20,057 INFO - training.ea.ea_trainer - Iteration 1, Batch 554/600
2020-05-01 19:45:20,108 INFO - training.ea.ea_trainer - Iteration 1, Batch 555/600
2020-05-01 19:45:20,249 INFO - training.ea.ea_trainer - Iteration 1, Batch 556/600
2020-05-01 19:45:20,301 INFO - training.ea.ea_trainer - Iteration 1, Batch 557/600
2020-05-01 19:45:20,395 INFO - training.ea.ea_trainer - Iteration 1, Batch 558/600
2020-05-01 19:45:20,454 INFO - training.ea.ea_trainer - Iteration 1, Batch 559/600
2020-05-01 19:45:20,614 INFO - training.ea.ea_trainer - Iteration 1, Batch 560/600
2020-05-01 19:45:20,678 INFO - training.ea.ea_trainer - Iteration 1, Batch 561/600
2020-05-01 19:45:20,837 INFO - training.ea.ea_trainer - Iteration 1, Batch 562/600
2020-05-01 19:45:20,901 INFO - training.ea.ea_trainer - Iteration 1, Batch 563/600
2020-05-01 19:45:21,031 INFO - training.ea.ea_trainer - Iteration 1, Batch 564/600
2020-05-01 19:45:21,097 INFO - training.ea.ea_trainer - Iteration 1, Batch 565/600
2020-05-01 19:45:21,214 INFO - training.ea.ea_trainer - Iteration 1, Batch 566/600
2020-05-01 19:45:21,269 INFO - training.ea.ea_trainer - Iteration 1, Batch 567/600
2020-05-01 19:45:21,380 INFO - training.ea.ea_trainer - Iteration 1, Batch 568/600
2020-05-01 19:45:21,482 INFO - training.ea.ea_trainer - Iteration 1, Batch 569/600
2020-05-01 19:45:21,555 INFO - training.ea.ea_trainer - Iteration 1, Batch 570/600
2020-05-01 19:45:21,620 INFO - training.ea.ea_trainer - Iteration 1, Batch 571/600
2020-05-01 19:45:21,705 INFO - training.ea.ea_trainer - Iteration 1, Batch 572/600
2020-05-01 19:45:21,770 INFO - training.ea.ea_trainer - Iteration 1, Batch 573/600
2020-05-01 19:45:21,903 INFO - training.ea.ea_trainer - Iteration 1, Batch 574/600
2020-05-01 19:45:21,953 INFO - training.ea.ea_trainer - Iteration 1, Batch 575/600
2020-05-01 19:45:22,083 INFO - training.ea.ea_trainer - Iteration 1, Batch 576/600
2020-05-01 19:45:22,153 INFO - training.ea.ea_trainer - Iteration 1, Batch 577/600
2020-05-01 19:45:22,293 INFO - training.ea.ea_trainer - Iteration 1, Batch 578/600
2020-05-01 19:45:22,389 INFO - training.ea.ea_trainer - Iteration 1, Batch 579/600
2020-05-01 19:45:22,511 INFO - training.ea.ea_trainer - Iteration 1, Batch 580/600
2020-05-01 19:45:22,598 INFO - training.ea.ea_trainer - Iteration 1, Batch 581/600
2020-05-01 19:45:22,713 INFO - training.ea.ea_trainer - Iteration 1, Batch 582/600
2020-05-01 19:45:22,791 INFO - training.ea.ea_trainer - Iteration 1, Batch 583/600
2020-05-01 19:45:22,888 INFO - training.ea.ea_trainer - Iteration 1, Batch 584/600
2020-05-01 19:45:22,958 INFO - training.ea.ea_trainer - Iteration 1, Batch 585/600
2020-05-01 19:45:23,053 INFO - training.ea.ea_trainer - Iteration 1, Batch 586/600
2020-05-01 19:45:23,106 INFO - training.ea.ea_trainer - Iteration 1, Batch 587/600
2020-05-01 19:45:23,208 INFO - training.ea.ea_trainer - Iteration 1, Batch 588/600
2020-05-01 19:45:23,251 INFO - training.ea.ea_trainer - Iteration 1, Batch 589/600
2020-05-01 19:45:23,407 INFO - training.ea.ea_trainer - Iteration 1, Batch 590/600
2020-05-01 19:45:23,455 INFO - training.ea.ea_trainer - Iteration 1, Batch 591/600
2020-05-01 19:45:23,553 INFO - training.ea.ea_trainer - Iteration 1, Batch 592/600
2020-05-01 19:45:23,588 INFO - training.ea.ea_trainer - Iteration 1, Batch 593/600
2020-05-01 19:45:23,697 INFO - training.ea.ea_trainer - Iteration 1, Batch 594/600
2020-05-01 19:45:23,741 INFO - training.ea.ea_trainer - Iteration 1, Batch 595/600
2020-05-01 19:45:23,827 INFO - training.ea.ea_trainer - Iteration 1, Batch 596/600
2020-05-01 19:45:23,856 INFO - training.ea.ea_trainer - Iteration 1, Batch 597/600
2020-05-01 19:45:23,961 INFO - training.ea.ea_trainer - Iteration 1, Batch 598/600
2020-05-01 19:45:24,011 INFO - training.ea.ea_trainer - Iteration 1, Batch 599/600
2020-05-01 19:45:24,521 WARNING - distribution.client_api - Received stop signal from master, experiment will be quit.
2020-05-01 19:45:24,580 INFO - requests.packages.urllib3.connectionpool - Starting new HTTP connection (1): 127.0.0.1
2020-05-01 19:45:24,598 INFO - requests.packages.urllib3.connectionpool - Starting new HTTP connection (1): 127.0.0.1
2020-05-01 19:45:24,774 INFO - distribution.node_client - Loading parameters from endpoint http://127.0.0.1:5002/parameters/generators/best took 0.18551254272460938 seconds
2020-05-01 19:45:24,826 INFO - distribution.node_client - Loading parameters from endpoint http://127.0.0.1:5001/parameters/generators/best took 0.2481250762939453 seconds
2020-05-01 19:45:25,005 CRITICAL - distribution.client_api - An unhandled error occured while running Lipizzaner: 'LipizzanerGANTrainer' object has no attribute 'score_sample_size'
2020-05-01 19:45:25,006 INFO - distribution.client_api - Finished experiment, waiting for new requests.
