2020-05-01 19:38:46,465 INFO - distribution.client_api - Distributed training recognized, set log directory to ./output/lipizzaner_gan/distributed/mnist/2020-05-01_19-38-46/2409
2020-05-01 19:38:46,706 INFO - lipizzaner - Parameters: {'master': {'score_sample_size': 50000, 'cuda': True, 'calculate_score': False}, 'network': {'loss': 'bceloss', 'name': 'four_layer_perceptron'}, 'dataloader': {'dataset_name': 'mnist', 'use_batch': True, 'n_batches': 0, 'shuffle': True, 'batch_size': 100}, 'trainer': {'calculate_net_weights_dist': True, 'n_iterations': 5, 'mixture_generator_samples_mode': 'exact_proportion', 'params': {'population_size': 1, 'enable_selection': False, 'mixture_sigma': 0.01, 'fitness': {'fitness_sample_size': 1000, 'fitness_mode': 'average'}, 'discriminator_skip_each_nth_step': 1, 'tournament_size': 2, 'default_adam_learning_rate': 0.0002, 'score': {'enabled': True, 'score_sample_size': 1000, 'cuda': True, 'type': 'fid'}, 'n_replacements': 1, 'mutation_probability': 0.5, 'alpha': 0.0001}, 'name': 'lipizzaner_gan'}, 'general': {'seed': 1, 'num_workers': 4, 'output_dir': './output', 'logging': {'enabled': True, 'print_discriminator': False, 'image_format': 'jpg', 'log_level': 'INFO', 'log_server': None}, 'losswise': {'enabled': False, 'api_key': '3T1CKALG6'}, 'distribution': {'start_time': '2020-05-01_19-38-46', 'master_node': {'exit_clients_on_disconnect': True}, 'client_nodes': [{'port': 5000, 'address': '127.0.0.1'}, {'port': 5001, 'address': '127.0.0.1'}, {'port': 5002, 'address': '127.0.0.1'}, {'port': 5003, 'address': '127.0.0.1'}], 'auto_discover': False}}}
2020-05-01 19:38:46,707 INFO - lipizzaner - CUDA is not supported on this device.
2020-05-01 19:38:46,709 INFO - lipizzaner - Seed used: 6013804
2020-05-01 19:38:46,710 INFO - lipizzaner - Starting training for 5 iterations/epochs.
2020-05-01 19:38:46,892 INFO - requests.packages.urllib3.connectionpool - Starting new HTTP connection (1): 127.0.0.1
2020-05-01 19:38:46,906 INFO - requests.packages.urllib3.connectionpool - Starting new HTTP connection (1): 127.0.0.1
2020-05-01 19:38:47,132 INFO - distribution.node_client - Loading parameters from endpoint http://127.0.0.1:5002/parameters/generators took 0.23477411270141602 seconds
2020-05-01 19:38:47,147 INFO - distribution.node_client - Loading parameters from endpoint http://127.0.0.1:5001/parameters/generators took 0.26554012298583984 seconds
2020-05-01 19:38:47,191 INFO - requests.packages.urllib3.connectionpool - Starting new HTTP connection (1): 127.0.0.1
2020-05-01 19:38:47,200 INFO - requests.packages.urllib3.connectionpool - Starting new HTTP connection (1): 127.0.0.1
2020-05-01 19:38:47,270 INFO - distribution.node_client - Loading parameters from endpoint http://127.0.0.1:5001/parameters/discriminators took 0.08097600936889648 seconds
2020-05-01 19:38:47,308 INFO - distribution.node_client - Loading parameters from endpoint http://127.0.0.1:5002/parameters/discriminators took 0.10900020599365234 seconds
2020-05-01 19:38:47,340 INFO - training.ea.ea_trainer - Generators in current neighborhood are ['Iteration0:127.0.0.1:5002:2/G0', 'Iteration0:127.0.0.1:5001:1/G0', 'Iteration0:127.0.0.1:5000:0/G0']
2020-05-01 19:38:47,341 INFO - training.ea.ea_trainer - Discriminators in current neighborhood are ['Iteration0:127.0.0.1:5001:1/D0', 'Iteration0:127.0.0.1:5002:2/D0', 'Iteration0:127.0.0.1:5000:0/D0']
2020-05-01 19:38:47,349 INFO - training.ea.ea_trainer - L2 distance between all generators weights: [('Iteration0:127.0.0.1:5002:2/G0', 'Iteration0:127.0.0.1:5001:1/G0', array(29.509138, dtype=float32)), ('Iteration0:127.0.0.1:5002:2/G0', 'Iteration0:127.0.0.1:5000:0/G0', array(29.50566, dtype=float32)), ('Iteration0:127.0.0.1:5001:1/G0', 'Iteration0:127.0.0.1:5000:0/G0', array(29.492472, dtype=float32))]
2020-05-01 19:38:47,354 INFO - training.ea.ea_trainer - L2 distance between all discriminators weights: [('Iteration0:127.0.0.1:5001:1/D0', 'Iteration0:127.0.0.1:5002:2/D0', array(18.521915, dtype=float32)), ('Iteration0:127.0.0.1:5001:1/D0', 'Iteration0:127.0.0.1:5000:0/D0', array(18.564009, dtype=float32)), ('Iteration0:127.0.0.1:5002:2/D0', 'Iteration0:127.0.0.1:5000:0/D0', array(18.51303, dtype=float32))]
2020-05-01 19:38:49,484 INFO - training.ea.ea_trainer - Iteration 1, Batch 0/600
2020-05-01 19:38:49,597 INFO - training.ea.ea_trainer - Iteration 1, Batch 1/600
2020-05-01 19:38:49,782 INFO - training.ea.ea_trainer - Iteration 1, Batch 2/600
2020-05-01 19:38:49,866 INFO - training.ea.ea_trainer - Iteration 1, Batch 3/600
2020-05-01 19:38:49,982 INFO - training.ea.ea_trainer - Iteration 1, Batch 4/600
2020-05-01 19:38:50,054 INFO - training.ea.ea_trainer - Iteration 1, Batch 5/600
2020-05-01 19:38:50,138 INFO - training.ea.ea_trainer - Iteration 1, Batch 6/600
2020-05-01 19:38:50,193 INFO - training.ea.ea_trainer - Iteration 1, Batch 7/600
2020-05-01 19:38:50,309 INFO - training.ea.ea_trainer - Iteration 1, Batch 8/600
2020-05-01 19:38:50,379 INFO - training.ea.ea_trainer - Iteration 1, Batch 9/600
2020-05-01 19:38:50,499 INFO - training.ea.ea_trainer - Iteration 1, Batch 10/600
2020-05-01 19:38:50,561 INFO - training.ea.ea_trainer - Iteration 1, Batch 11/600
2020-05-01 19:38:50,693 INFO - training.ea.ea_trainer - Iteration 1, Batch 12/600
2020-05-01 19:38:50,747 INFO - training.ea.ea_trainer - Iteration 1, Batch 13/600
2020-05-01 19:38:50,855 INFO - training.ea.ea_trainer - Iteration 1, Batch 14/600
2020-05-01 19:38:50,899 INFO - training.ea.ea_trainer - Iteration 1, Batch 15/600
2020-05-01 19:38:51,039 INFO - training.ea.ea_trainer - Iteration 1, Batch 16/600
2020-05-01 19:38:51,113 INFO - training.ea.ea_trainer - Iteration 1, Batch 17/600
2020-05-01 19:38:51,227 INFO - training.ea.ea_trainer - Iteration 1, Batch 18/600
2020-05-01 19:38:51,301 INFO - training.ea.ea_trainer - Iteration 1, Batch 19/600
2020-05-01 19:38:51,436 INFO - training.ea.ea_trainer - Iteration 1, Batch 20/600
2020-05-01 19:38:51,504 INFO - training.ea.ea_trainer - Iteration 1, Batch 21/600
2020-05-01 19:38:51,652 INFO - training.ea.ea_trainer - Iteration 1, Batch 22/600
2020-05-01 19:38:51,717 INFO - training.ea.ea_trainer - Iteration 1, Batch 23/600
2020-05-01 19:38:51,850 INFO - training.ea.ea_trainer - Iteration 1, Batch 24/600
2020-05-01 19:38:51,920 INFO - training.ea.ea_trainer - Iteration 1, Batch 25/600
2020-05-01 19:38:52,044 INFO - training.ea.ea_trainer - Iteration 1, Batch 26/600
2020-05-01 19:38:52,106 INFO - training.ea.ea_trainer - Iteration 1, Batch 27/600
2020-05-01 19:38:52,256 INFO - training.ea.ea_trainer - Iteration 1, Batch 28/600
2020-05-01 19:38:52,293 INFO - training.ea.ea_trainer - Iteration 1, Batch 29/600
2020-05-01 19:38:52,418 INFO - training.ea.ea_trainer - Iteration 1, Batch 30/600
2020-05-01 19:38:52,516 INFO - training.ea.ea_trainer - Iteration 1, Batch 31/600
2020-05-01 19:38:52,670 INFO - training.ea.ea_trainer - Iteration 1, Batch 32/600
2020-05-01 19:38:52,733 INFO - training.ea.ea_trainer - Iteration 1, Batch 33/600
2020-05-01 19:38:52,833 INFO - training.ea.ea_trainer - Iteration 1, Batch 34/600
2020-05-01 19:38:52,911 INFO - training.ea.ea_trainer - Iteration 1, Batch 35/600
2020-05-01 19:38:53,055 INFO - training.ea.ea_trainer - Iteration 1, Batch 36/600
2020-05-01 19:38:53,101 INFO - training.ea.ea_trainer - Iteration 1, Batch 37/600
2020-05-01 19:38:53,221 INFO - training.ea.ea_trainer - Iteration 1, Batch 38/600
2020-05-01 19:38:53,274 INFO - training.ea.ea_trainer - Iteration 1, Batch 39/600
2020-05-01 19:38:53,395 INFO - training.ea.ea_trainer - Iteration 1, Batch 40/600
2020-05-01 19:38:53,502 INFO - training.ea.ea_trainer - Iteration 1, Batch 41/600
2020-05-01 19:38:53,616 INFO - training.ea.ea_trainer - Iteration 1, Batch 42/600
2020-05-01 19:38:53,687 INFO - training.ea.ea_trainer - Iteration 1, Batch 43/600
2020-05-01 19:38:53,820 INFO - training.ea.ea_trainer - Iteration 1, Batch 44/600
2020-05-01 19:38:53,871 INFO - training.ea.ea_trainer - Iteration 1, Batch 45/600
2020-05-01 19:38:54,004 INFO - training.ea.ea_trainer - Iteration 1, Batch 46/600
2020-05-01 19:38:54,070 INFO - training.ea.ea_trainer - Iteration 1, Batch 47/600
2020-05-01 19:38:54,200 INFO - training.ea.ea_trainer - Iteration 1, Batch 48/600
2020-05-01 19:38:54,241 INFO - training.ea.ea_trainer - Iteration 1, Batch 49/600
2020-05-01 19:38:54,370 INFO - training.ea.ea_trainer - Iteration 1, Batch 50/600
2020-05-01 19:38:54,415 INFO - training.ea.ea_trainer - Iteration 1, Batch 51/600
2020-05-01 19:38:54,525 INFO - training.ea.ea_trainer - Iteration 1, Batch 52/600
2020-05-01 19:38:54,598 INFO - training.ea.ea_trainer - Iteration 1, Batch 53/600
2020-05-01 19:38:54,720 INFO - training.ea.ea_trainer - Iteration 1, Batch 54/600
2020-05-01 19:38:54,806 INFO - training.ea.ea_trainer - Iteration 1, Batch 55/600
2020-05-01 19:38:54,926 INFO - training.ea.ea_trainer - Iteration 1, Batch 56/600
2020-05-01 19:38:54,988 INFO - training.ea.ea_trainer - Iteration 1, Batch 57/600
2020-05-01 19:38:55,105 INFO - training.ea.ea_trainer - Iteration 1, Batch 58/600
2020-05-01 19:38:55,167 INFO - training.ea.ea_trainer - Iteration 1, Batch 59/600
2020-05-01 19:38:55,266 INFO - training.ea.ea_trainer - Iteration 1, Batch 60/600
2020-05-01 19:38:55,328 INFO - training.ea.ea_trainer - Iteration 1, Batch 61/600
2020-05-01 19:38:55,415 INFO - training.ea.ea_trainer - Iteration 1, Batch 62/600
2020-05-01 19:38:55,480 INFO - training.ea.ea_trainer - Iteration 1, Batch 63/600
2020-05-01 19:38:55,626 INFO - training.ea.ea_trainer - Iteration 1, Batch 64/600
2020-05-01 19:38:55,691 INFO - training.ea.ea_trainer - Iteration 1, Batch 65/600
2020-05-01 19:38:55,811 INFO - training.ea.ea_trainer - Iteration 1, Batch 66/600
2020-05-01 19:38:55,852 INFO - training.ea.ea_trainer - Iteration 1, Batch 67/600
2020-05-01 19:38:55,927 INFO - training.ea.ea_trainer - Iteration 1, Batch 68/600
2020-05-01 19:38:55,989 INFO - training.ea.ea_trainer - Iteration 1, Batch 69/600
2020-05-01 19:38:56,105 INFO - training.ea.ea_trainer - Iteration 1, Batch 70/600
2020-05-01 19:38:56,149 INFO - training.ea.ea_trainer - Iteration 1, Batch 71/600
2020-05-01 19:38:56,284 INFO - training.ea.ea_trainer - Iteration 1, Batch 72/600
2020-05-01 19:38:56,317 INFO - training.ea.ea_trainer - Iteration 1, Batch 73/600
2020-05-01 19:38:56,451 INFO - training.ea.ea_trainer - Iteration 1, Batch 74/600
2020-05-01 19:38:56,484 INFO - training.ea.ea_trainer - Iteration 1, Batch 75/600
2020-05-01 19:38:56,634 INFO - training.ea.ea_trainer - Iteration 1, Batch 76/600
2020-05-01 19:38:56,674 INFO - training.ea.ea_trainer - Iteration 1, Batch 77/600
2020-05-01 19:38:56,800 INFO - training.ea.ea_trainer - Iteration 1, Batch 78/600
2020-05-01 19:38:56,865 INFO - training.ea.ea_trainer - Iteration 1, Batch 79/600
2020-05-01 19:38:56,978 INFO - training.ea.ea_trainer - Iteration 1, Batch 80/600
2020-05-01 19:38:57,014 INFO - training.ea.ea_trainer - Iteration 1, Batch 81/600
2020-05-01 19:38:57,116 INFO - training.ea.ea_trainer - Iteration 1, Batch 82/600
2020-05-01 19:38:57,189 INFO - training.ea.ea_trainer - Iteration 1, Batch 83/600
2020-05-01 19:38:57,282 INFO - training.ea.ea_trainer - Iteration 1, Batch 84/600
2020-05-01 19:38:57,355 INFO - training.ea.ea_trainer - Iteration 1, Batch 85/600
2020-05-01 19:38:57,463 INFO - training.ea.ea_trainer - Iteration 1, Batch 86/600
2020-05-01 19:38:57,517 INFO - training.ea.ea_trainer - Iteration 1, Batch 87/600
2020-05-01 19:38:57,649 INFO - training.ea.ea_trainer - Iteration 1, Batch 88/600
2020-05-01 19:38:57,706 INFO - training.ea.ea_trainer - Iteration 1, Batch 89/600
2020-05-01 19:38:57,808 INFO - training.ea.ea_trainer - Iteration 1, Batch 90/600
2020-05-01 19:38:57,859 INFO - training.ea.ea_trainer - Iteration 1, Batch 91/600
2020-05-01 19:38:57,933 INFO - training.ea.ea_trainer - Iteration 1, Batch 92/600
2020-05-01 19:38:57,963 INFO - training.ea.ea_trainer - Iteration 1, Batch 93/600
2020-05-01 19:38:58,115 INFO - training.ea.ea_trainer - Iteration 1, Batch 94/600
2020-05-01 19:38:58,193 INFO - training.ea.ea_trainer - Iteration 1, Batch 95/600
2020-05-01 19:38:58,337 INFO - training.ea.ea_trainer - Iteration 1, Batch 96/600
2020-05-01 19:38:58,376 INFO - training.ea.ea_trainer - Iteration 1, Batch 97/600
2020-05-01 19:38:58,505 INFO - training.ea.ea_trainer - Iteration 1, Batch 98/600
2020-05-01 19:38:58,570 INFO - training.ea.ea_trainer - Iteration 1, Batch 99/600
2020-05-01 19:38:58,699 INFO - training.ea.ea_trainer - Iteration 1, Batch 100/600
2020-05-01 19:38:58,766 INFO - training.ea.ea_trainer - Iteration 1, Batch 101/600
2020-05-01 19:38:58,910 INFO - training.ea.ea_trainer - Iteration 1, Batch 102/600
2020-05-01 19:38:58,973 INFO - training.ea.ea_trainer - Iteration 1, Batch 103/600
2020-05-01 19:38:59,095 INFO - training.ea.ea_trainer - Iteration 1, Batch 104/600
2020-05-01 19:38:59,148 INFO - training.ea.ea_trainer - Iteration 1, Batch 105/600
2020-05-01 19:38:59,275 INFO - training.ea.ea_trainer - Iteration 1, Batch 106/600
2020-05-01 19:38:59,370 INFO - training.ea.ea_trainer - Iteration 1, Batch 107/600
2020-05-01 19:38:59,513 INFO - training.ea.ea_trainer - Iteration 1, Batch 108/600
2020-05-01 19:38:59,566 INFO - training.ea.ea_trainer - Iteration 1, Batch 109/600
2020-05-01 19:38:59,679 INFO - training.ea.ea_trainer - Iteration 1, Batch 110/600
2020-05-01 19:38:59,752 INFO - training.ea.ea_trainer - Iteration 1, Batch 111/600
2020-05-01 19:38:59,843 INFO - training.ea.ea_trainer - Iteration 1, Batch 112/600
2020-05-01 19:38:59,895 INFO - training.ea.ea_trainer - Iteration 1, Batch 113/600
2020-05-01 19:38:59,990 INFO - training.ea.ea_trainer - Iteration 1, Batch 114/600
2020-05-01 19:39:00,068 INFO - training.ea.ea_trainer - Iteration 1, Batch 115/600
2020-05-01 19:39:00,184 INFO - training.ea.ea_trainer - Iteration 1, Batch 116/600
2020-05-01 19:39:00,206 INFO - training.ea.ea_trainer - Iteration 1, Batch 117/600
2020-05-01 19:39:00,340 INFO - training.ea.ea_trainer - Iteration 1, Batch 118/600
2020-05-01 19:39:00,387 INFO - training.ea.ea_trainer - Iteration 1, Batch 119/600
2020-05-01 19:39:00,477 INFO - training.ea.ea_trainer - Iteration 1, Batch 120/600
2020-05-01 19:39:00,514 INFO - training.ea.ea_trainer - Iteration 1, Batch 121/600
2020-05-01 19:39:00,653 INFO - training.ea.ea_trainer - Iteration 1, Batch 122/600
2020-05-01 19:39:00,702 INFO - training.ea.ea_trainer - Iteration 1, Batch 123/600
2020-05-01 19:39:00,832 INFO - training.ea.ea_trainer - Iteration 1, Batch 124/600
2020-05-01 19:39:00,864 INFO - training.ea.ea_trainer - Iteration 1, Batch 125/600
2020-05-01 19:39:00,993 INFO - training.ea.ea_trainer - Iteration 1, Batch 126/600
2020-05-01 19:39:01,052 INFO - training.ea.ea_trainer - Iteration 1, Batch 127/600
2020-05-01 19:39:01,131 INFO - training.ea.ea_trainer - Iteration 1, Batch 128/600
2020-05-01 19:39:01,182 INFO - training.ea.ea_trainer - Iteration 1, Batch 129/600
2020-05-01 19:39:01,306 INFO - training.ea.ea_trainer - Iteration 1, Batch 130/600
2020-05-01 19:39:01,364 INFO - training.ea.ea_trainer - Iteration 1, Batch 131/600
2020-05-01 19:39:01,500 INFO - training.ea.ea_trainer - Iteration 1, Batch 132/600
2020-05-01 19:39:01,537 INFO - training.ea.ea_trainer - Iteration 1, Batch 133/600
2020-05-01 19:39:01,664 INFO - training.ea.ea_trainer - Iteration 1, Batch 134/600
2020-05-01 19:39:01,724 INFO - training.ea.ea_trainer - Iteration 1, Batch 135/600
2020-05-01 19:39:01,846 INFO - training.ea.ea_trainer - Iteration 1, Batch 136/600
2020-05-01 19:39:01,911 INFO - training.ea.ea_trainer - Iteration 1, Batch 137/600
2020-05-01 19:39:02,019 INFO - training.ea.ea_trainer - Iteration 1, Batch 138/600
2020-05-01 19:39:02,129 INFO - training.ea.ea_trainer - Iteration 1, Batch 139/600
2020-05-01 19:39:02,261 INFO - training.ea.ea_trainer - Iteration 1, Batch 140/600
2020-05-01 19:39:02,324 INFO - training.ea.ea_trainer - Iteration 1, Batch 141/600
2020-05-01 19:39:02,451 INFO - training.ea.ea_trainer - Iteration 1, Batch 142/600
2020-05-01 19:39:02,487 INFO - training.ea.ea_trainer - Iteration 1, Batch 143/600
2020-05-01 19:39:02,579 INFO - training.ea.ea_trainer - Iteration 1, Batch 144/600
2020-05-01 19:39:02,631 INFO - training.ea.ea_trainer - Iteration 1, Batch 145/600
2020-05-01 19:39:02,760 INFO - training.ea.ea_trainer - Iteration 1, Batch 146/600
2020-05-01 19:39:02,829 INFO - training.ea.ea_trainer - Iteration 1, Batch 147/600
2020-05-01 19:39:02,918 INFO - training.ea.ea_trainer - Iteration 1, Batch 148/600
2020-05-01 19:39:03,006 INFO - training.ea.ea_trainer - Iteration 1, Batch 149/600
2020-05-01 19:39:03,151 INFO - training.ea.ea_trainer - Iteration 1, Batch 150/600
2020-05-01 19:39:03,211 INFO - training.ea.ea_trainer - Iteration 1, Batch 151/600
2020-05-01 19:39:03,329 INFO - training.ea.ea_trainer - Iteration 1, Batch 152/600
2020-05-01 19:39:03,396 INFO - training.ea.ea_trainer - Iteration 1, Batch 153/600
2020-05-01 19:39:03,491 INFO - training.ea.ea_trainer - Iteration 1, Batch 154/600
2020-05-01 19:39:03,585 INFO - training.ea.ea_trainer - Iteration 1, Batch 155/600
2020-05-01 19:39:03,716 INFO - training.ea.ea_trainer - Iteration 1, Batch 156/600
2020-05-01 19:39:03,748 INFO - training.ea.ea_trainer - Iteration 1, Batch 157/600
2020-05-01 19:39:03,884 INFO - training.ea.ea_trainer - Iteration 1, Batch 158/600
2020-05-01 19:39:03,926 INFO - training.ea.ea_trainer - Iteration 1, Batch 159/600
2020-05-01 19:39:04,046 INFO - training.ea.ea_trainer - Iteration 1, Batch 160/600
2020-05-01 19:39:04,108 INFO - training.ea.ea_trainer - Iteration 1, Batch 161/600
2020-05-01 19:39:04,234 INFO - training.ea.ea_trainer - Iteration 1, Batch 162/600
2020-05-01 19:39:04,306 INFO - training.ea.ea_trainer - Iteration 1, Batch 163/600
2020-05-01 19:39:04,412 INFO - training.ea.ea_trainer - Iteration 1, Batch 164/600
2020-05-01 19:39:04,490 INFO - training.ea.ea_trainer - Iteration 1, Batch 165/600
2020-05-01 19:39:04,617 INFO - training.ea.ea_trainer - Iteration 1, Batch 166/600
2020-05-01 19:39:04,671 INFO - training.ea.ea_trainer - Iteration 1, Batch 167/600
2020-05-01 19:39:04,814 INFO - training.ea.ea_trainer - Iteration 1, Batch 168/600
2020-05-01 19:39:04,879 INFO - training.ea.ea_trainer - Iteration 1, Batch 169/600
2020-05-01 19:39:04,979 INFO - training.ea.ea_trainer - Iteration 1, Batch 170/600
2020-05-01 19:39:05,026 INFO - training.ea.ea_trainer - Iteration 1, Batch 171/600
2020-05-01 19:39:05,160 INFO - training.ea.ea_trainer - Iteration 1, Batch 172/600
2020-05-01 19:39:05,228 INFO - training.ea.ea_trainer - Iteration 1, Batch 173/600
2020-05-01 19:39:05,347 INFO - training.ea.ea_trainer - Iteration 1, Batch 174/600
2020-05-01 19:39:05,385 INFO - training.ea.ea_trainer - Iteration 1, Batch 175/600
2020-05-01 19:39:05,513 INFO - training.ea.ea_trainer - Iteration 1, Batch 176/600
2020-05-01 19:39:05,572 INFO - training.ea.ea_trainer - Iteration 1, Batch 177/600
2020-05-01 19:39:05,704 INFO - training.ea.ea_trainer - Iteration 1, Batch 178/600
2020-05-01 19:39:05,791 INFO - training.ea.ea_trainer - Iteration 1, Batch 179/600
2020-05-01 19:39:05,895 INFO - training.ea.ea_trainer - Iteration 1, Batch 180/600
2020-05-01 19:39:05,982 INFO - training.ea.ea_trainer - Iteration 1, Batch 181/600
2020-05-01 19:39:06,095 INFO - training.ea.ea_trainer - Iteration 1, Batch 182/600
2020-05-01 19:39:06,160 INFO - training.ea.ea_trainer - Iteration 1, Batch 183/600
2020-05-01 19:39:06,265 INFO - training.ea.ea_trainer - Iteration 1, Batch 184/600
2020-05-01 19:39:06,317 INFO - training.ea.ea_trainer - Iteration 1, Batch 185/600
2020-05-01 19:39:06,443 INFO - training.ea.ea_trainer - Iteration 1, Batch 186/600
2020-05-01 19:39:06,524 INFO - training.ea.ea_trainer - Iteration 1, Batch 187/600
2020-05-01 19:39:06,731 INFO - training.ea.ea_trainer - Iteration 1, Batch 188/600
2020-05-01 19:39:06,770 INFO - training.ea.ea_trainer - Iteration 1, Batch 189/600
2020-05-01 19:39:06,899 INFO - training.ea.ea_trainer - Iteration 1, Batch 190/600
2020-05-01 19:39:06,984 INFO - training.ea.ea_trainer - Iteration 1, Batch 191/600
2020-05-01 19:39:07,122 INFO - training.ea.ea_trainer - Iteration 1, Batch 192/600
2020-05-01 19:39:07,198 INFO - training.ea.ea_trainer - Iteration 1, Batch 193/600
2020-05-01 19:39:07,313 INFO - training.ea.ea_trainer - Iteration 1, Batch 194/600
2020-05-01 19:39:07,384 INFO - training.ea.ea_trainer - Iteration 1, Batch 195/600
2020-05-01 19:39:07,520 INFO - training.ea.ea_trainer - Iteration 1, Batch 196/600
2020-05-01 19:39:07,585 INFO - training.ea.ea_trainer - Iteration 1, Batch 197/600
2020-05-01 19:39:07,716 INFO - training.ea.ea_trainer - Iteration 1, Batch 198/600
2020-05-01 19:39:07,766 INFO - training.ea.ea_trainer - Iteration 1, Batch 199/600
2020-05-01 19:39:07,872 INFO - training.ea.ea_trainer - Iteration 1, Batch 200/600
2020-05-01 19:39:07,939 INFO - training.ea.ea_trainer - Iteration 1, Batch 201/600
2020-05-01 19:39:08,039 INFO - training.ea.ea_trainer - Iteration 1, Batch 202/600
2020-05-01 19:39:08,099 INFO - training.ea.ea_trainer - Iteration 1, Batch 203/600
2020-05-01 19:39:08,210 INFO - training.ea.ea_trainer - Iteration 1, Batch 204/600
2020-05-01 19:39:08,261 INFO - training.ea.ea_trainer - Iteration 1, Batch 205/600
2020-05-01 19:39:08,368 INFO - training.ea.ea_trainer - Iteration 1, Batch 206/600
2020-05-01 19:39:08,473 INFO - training.ea.ea_trainer - Iteration 1, Batch 207/600
2020-05-01 19:39:08,604 INFO - training.ea.ea_trainer - Iteration 1, Batch 208/600
2020-05-01 19:39:08,675 INFO - training.ea.ea_trainer - Iteration 1, Batch 209/600
2020-05-01 19:39:08,795 INFO - training.ea.ea_trainer - Iteration 1, Batch 210/600
2020-05-01 19:39:08,867 INFO - training.ea.ea_trainer - Iteration 1, Batch 211/600
2020-05-01 19:39:08,988 INFO - training.ea.ea_trainer - Iteration 1, Batch 212/600
2020-05-01 19:39:09,064 INFO - training.ea.ea_trainer - Iteration 1, Batch 213/600
2020-05-01 19:39:09,200 INFO - training.ea.ea_trainer - Iteration 1, Batch 214/600
2020-05-01 19:39:09,260 INFO - training.ea.ea_trainer - Iteration 1, Batch 215/600
2020-05-01 19:39:09,383 INFO - training.ea.ea_trainer - Iteration 1, Batch 216/600
2020-05-01 19:39:09,459 INFO - training.ea.ea_trainer - Iteration 1, Batch 217/600
2020-05-01 19:39:09,563 INFO - training.ea.ea_trainer - Iteration 1, Batch 218/600
2020-05-01 19:39:09,632 INFO - training.ea.ea_trainer - Iteration 1, Batch 219/600
2020-05-01 19:39:09,763 INFO - training.ea.ea_trainer - Iteration 1, Batch 220/600
2020-05-01 19:39:09,807 INFO - training.ea.ea_trainer - Iteration 1, Batch 221/600
2020-05-01 19:39:09,954 INFO - training.ea.ea_trainer - Iteration 1, Batch 222/600
2020-05-01 19:39:10,004 INFO - training.ea.ea_trainer - Iteration 1, Batch 223/600
2020-05-01 19:39:10,095 INFO - training.ea.ea_trainer - Iteration 1, Batch 224/600
2020-05-01 19:39:10,165 INFO - training.ea.ea_trainer - Iteration 1, Batch 225/600
2020-05-01 19:39:10,297 INFO - training.ea.ea_trainer - Iteration 1, Batch 226/600
2020-05-01 19:39:10,388 INFO - training.ea.ea_trainer - Iteration 1, Batch 227/600
2020-05-01 19:39:10,481 INFO - training.ea.ea_trainer - Iteration 1, Batch 228/600
2020-05-01 19:39:10,527 INFO - training.ea.ea_trainer - Iteration 1, Batch 229/600
2020-05-01 19:39:10,637 INFO - training.ea.ea_trainer - Iteration 1, Batch 230/600
2020-05-01 19:39:10,698 INFO - training.ea.ea_trainer - Iteration 1, Batch 231/600
2020-05-01 19:39:10,815 INFO - training.ea.ea_trainer - Iteration 1, Batch 232/600
2020-05-01 19:39:10,884 INFO - training.ea.ea_trainer - Iteration 1, Batch 233/600
2020-05-01 19:39:10,985 INFO - training.ea.ea_trainer - Iteration 1, Batch 234/600
2020-05-01 19:39:11,058 INFO - training.ea.ea_trainer - Iteration 1, Batch 235/600
2020-05-01 19:39:11,156 INFO - training.ea.ea_trainer - Iteration 1, Batch 236/600
2020-05-01 19:39:11,241 INFO - training.ea.ea_trainer - Iteration 1, Batch 237/600
2020-05-01 19:39:11,407 INFO - training.ea.ea_trainer - Iteration 1, Batch 238/600
2020-05-01 19:39:11,445 INFO - training.ea.ea_trainer - Iteration 1, Batch 239/600
2020-05-01 19:39:11,620 INFO - training.ea.ea_trainer - Iteration 1, Batch 240/600
2020-05-01 19:39:11,690 INFO - training.ea.ea_trainer - Iteration 1, Batch 241/600
2020-05-01 19:39:11,860 INFO - training.ea.ea_trainer - Iteration 1, Batch 242/600
2020-05-01 19:39:11,907 INFO - training.ea.ea_trainer - Iteration 1, Batch 243/600
2020-05-01 19:39:12,018 INFO - training.ea.ea_trainer - Iteration 1, Batch 244/600
2020-05-01 19:39:12,080 INFO - training.ea.ea_trainer - Iteration 1, Batch 245/600
2020-05-01 19:39:12,211 INFO - training.ea.ea_trainer - Iteration 1, Batch 246/600
2020-05-01 19:39:12,259 INFO - training.ea.ea_trainer - Iteration 1, Batch 247/600
2020-05-01 19:39:12,453 INFO - training.ea.ea_trainer - Iteration 1, Batch 248/600
2020-05-01 19:39:12,548 INFO - training.ea.ea_trainer - Iteration 1, Batch 249/600
2020-05-01 19:39:12,659 INFO - training.ea.ea_trainer - Iteration 1, Batch 250/600
2020-05-01 19:39:12,708 INFO - training.ea.ea_trainer - Iteration 1, Batch 251/600
2020-05-01 19:39:12,802 INFO - training.ea.ea_trainer - Iteration 1, Batch 252/600
2020-05-01 19:39:12,847 INFO - training.ea.ea_trainer - Iteration 1, Batch 253/600
2020-05-01 19:39:12,966 INFO - training.ea.ea_trainer - Iteration 1, Batch 254/600
2020-05-01 19:39:13,016 INFO - training.ea.ea_trainer - Iteration 1, Batch 255/600
2020-05-01 19:39:13,143 INFO - training.ea.ea_trainer - Iteration 1, Batch 256/600
2020-05-01 19:39:13,222 INFO - training.ea.ea_trainer - Iteration 1, Batch 257/600
2020-05-01 19:39:13,318 INFO - training.ea.ea_trainer - Iteration 1, Batch 258/600
2020-05-01 19:39:13,385 INFO - training.ea.ea_trainer - Iteration 1, Batch 259/600
2020-05-01 19:39:13,456 INFO - training.ea.ea_trainer - Iteration 1, Batch 260/600
2020-05-01 19:39:13,563 INFO - training.ea.ea_trainer - Iteration 1, Batch 261/600
2020-05-01 19:39:13,679 INFO - training.ea.ea_trainer - Iteration 1, Batch 262/600
2020-05-01 19:39:13,742 INFO - training.ea.ea_trainer - Iteration 1, Batch 263/600
2020-05-01 19:39:13,887 INFO - training.ea.ea_trainer - Iteration 1, Batch 264/600
2020-05-01 19:39:13,937 INFO - training.ea.ea_trainer - Iteration 1, Batch 265/600
2020-05-01 19:39:14,084 INFO - training.ea.ea_trainer - Iteration 1, Batch 266/600
2020-05-01 19:39:14,149 INFO - training.ea.ea_trainer - Iteration 1, Batch 267/600
2020-05-01 19:39:14,242 INFO - training.ea.ea_trainer - Iteration 1, Batch 268/600
2020-05-01 19:39:14,301 INFO - training.ea.ea_trainer - Iteration 1, Batch 269/600
2020-05-01 19:39:14,427 INFO - training.ea.ea_trainer - Iteration 1, Batch 270/600
2020-05-01 19:39:14,499 INFO - training.ea.ea_trainer - Iteration 1, Batch 271/600
2020-05-01 19:39:14,611 INFO - training.ea.ea_trainer - Iteration 1, Batch 272/600
2020-05-01 19:39:14,670 INFO - training.ea.ea_trainer - Iteration 1, Batch 273/600
2020-05-01 19:39:14,785 INFO - training.ea.ea_trainer - Iteration 1, Batch 274/600
2020-05-01 19:39:14,859 INFO - training.ea.ea_trainer - Iteration 1, Batch 275/600
2020-05-01 19:39:14,964 INFO - training.ea.ea_trainer - Iteration 1, Batch 276/600
2020-05-01 19:39:14,999 INFO - training.ea.ea_trainer - Iteration 1, Batch 277/600
2020-05-01 19:39:15,111 INFO - training.ea.ea_trainer - Iteration 1, Batch 278/600
2020-05-01 19:39:15,146 INFO - training.ea.ea_trainer - Iteration 1, Batch 279/600
2020-05-01 19:39:15,292 INFO - training.ea.ea_trainer - Iteration 1, Batch 280/600
2020-05-01 19:39:15,322 INFO - training.ea.ea_trainer - Iteration 1, Batch 281/600
2020-05-01 19:39:15,461 INFO - training.ea.ea_trainer - Iteration 1, Batch 282/600
2020-05-01 19:39:15,512 INFO - training.ea.ea_trainer - Iteration 1, Batch 283/600
2020-05-01 19:39:15,649 INFO - training.ea.ea_trainer - Iteration 1, Batch 284/600
2020-05-01 19:39:15,731 INFO - training.ea.ea_trainer - Iteration 1, Batch 285/600
2020-05-01 19:39:15,856 INFO - training.ea.ea_trainer - Iteration 1, Batch 286/600
2020-05-01 19:39:15,935 INFO - training.ea.ea_trainer - Iteration 1, Batch 287/600
2020-05-01 19:39:16,032 INFO - training.ea.ea_trainer - Iteration 1, Batch 288/600
2020-05-01 19:39:16,113 INFO - training.ea.ea_trainer - Iteration 1, Batch 289/600
2020-05-01 19:39:16,254 INFO - training.ea.ea_trainer - Iteration 1, Batch 290/600
2020-05-01 19:39:16,329 INFO - training.ea.ea_trainer - Iteration 1, Batch 291/600
2020-05-01 19:39:16,453 INFO - training.ea.ea_trainer - Iteration 1, Batch 292/600
2020-05-01 19:39:16,513 INFO - training.ea.ea_trainer - Iteration 1, Batch 293/600
2020-05-01 19:39:16,618 INFO - training.ea.ea_trainer - Iteration 1, Batch 294/600
2020-05-01 19:39:16,678 INFO - training.ea.ea_trainer - Iteration 1, Batch 295/600
2020-05-01 19:39:16,793 INFO - training.ea.ea_trainer - Iteration 1, Batch 296/600
2020-05-01 19:39:16,872 INFO - training.ea.ea_trainer - Iteration 1, Batch 297/600
2020-05-01 19:39:16,972 INFO - training.ea.ea_trainer - Iteration 1, Batch 298/600
2020-05-01 19:39:17,045 INFO - training.ea.ea_trainer - Iteration 1, Batch 299/600
2020-05-01 19:39:17,144 INFO - training.ea.ea_trainer - Iteration 1, Batch 300/600
2020-05-01 19:39:17,211 INFO - training.ea.ea_trainer - Iteration 1, Batch 301/600
2020-05-01 19:39:17,322 INFO - training.ea.ea_trainer - Iteration 1, Batch 302/600
2020-05-01 19:39:17,383 INFO - training.ea.ea_trainer - Iteration 1, Batch 303/600
2020-05-01 19:39:17,492 INFO - training.ea.ea_trainer - Iteration 1, Batch 304/600
2020-05-01 19:39:17,549 INFO - training.ea.ea_trainer - Iteration 1, Batch 305/600
2020-05-01 19:39:17,718 INFO - training.ea.ea_trainer - Iteration 1, Batch 306/600
2020-05-01 19:39:17,762 INFO - training.ea.ea_trainer - Iteration 1, Batch 307/600
2020-05-01 19:39:17,919 INFO - training.ea.ea_trainer - Iteration 1, Batch 308/600
2020-05-01 19:39:17,971 INFO - training.ea.ea_trainer - Iteration 1, Batch 309/600
2020-05-01 19:39:18,098 INFO - training.ea.ea_trainer - Iteration 1, Batch 310/600
2020-05-01 19:39:18,151 INFO - training.ea.ea_trainer - Iteration 1, Batch 311/600
2020-05-01 19:39:18,282 INFO - training.ea.ea_trainer - Iteration 1, Batch 312/600
2020-05-01 19:39:18,318 INFO - training.ea.ea_trainer - Iteration 1, Batch 313/600
2020-05-01 19:39:18,450 INFO - training.ea.ea_trainer - Iteration 1, Batch 314/600
2020-05-01 19:39:18,527 INFO - training.ea.ea_trainer - Iteration 1, Batch 315/600
2020-05-01 19:39:18,670 INFO - training.ea.ea_trainer - Iteration 1, Batch 316/600
2020-05-01 19:39:18,715 INFO - training.ea.ea_trainer - Iteration 1, Batch 317/600
2020-05-01 19:39:18,802 INFO - training.ea.ea_trainer - Iteration 1, Batch 318/600
2020-05-01 19:39:18,867 INFO - training.ea.ea_trainer - Iteration 1, Batch 319/600
2020-05-01 19:39:18,981 INFO - training.ea.ea_trainer - Iteration 1, Batch 320/600
2020-05-01 19:39:19,071 INFO - training.ea.ea_trainer - Iteration 1, Batch 321/600
2020-05-01 19:39:19,166 INFO - training.ea.ea_trainer - Iteration 1, Batch 322/600
2020-05-01 19:39:19,255 INFO - training.ea.ea_trainer - Iteration 1, Batch 323/600
2020-05-01 19:39:19,347 INFO - training.ea.ea_trainer - Iteration 1, Batch 324/600
2020-05-01 19:39:19,404 INFO - training.ea.ea_trainer - Iteration 1, Batch 325/600
2020-05-01 19:39:19,521 INFO - training.ea.ea_trainer - Iteration 1, Batch 326/600
2020-05-01 19:39:19,557 INFO - training.ea.ea_trainer - Iteration 1, Batch 327/600
2020-05-01 19:39:19,698 INFO - training.ea.ea_trainer - Iteration 1, Batch 328/600
2020-05-01 19:39:19,777 INFO - training.ea.ea_trainer - Iteration 1, Batch 329/600
2020-05-01 19:39:19,900 INFO - training.ea.ea_trainer - Iteration 1, Batch 330/600
2020-05-01 19:39:19,933 INFO - training.ea.ea_trainer - Iteration 1, Batch 331/600
2020-05-01 19:39:20,092 INFO - training.ea.ea_trainer - Iteration 1, Batch 332/600
2020-05-01 19:39:20,143 INFO - training.ea.ea_trainer - Iteration 1, Batch 333/600
2020-05-01 19:39:20,264 INFO - training.ea.ea_trainer - Iteration 1, Batch 334/600
2020-05-01 19:39:20,317 INFO - training.ea.ea_trainer - Iteration 1, Batch 335/600
2020-05-01 19:39:20,426 INFO - training.ea.ea_trainer - Iteration 1, Batch 336/600
2020-05-01 19:39:20,498 INFO - training.ea.ea_trainer - Iteration 1, Batch 337/600
2020-05-01 19:39:20,590 INFO - training.ea.ea_trainer - Iteration 1, Batch 338/600
2020-05-01 19:39:20,683 INFO - training.ea.ea_trainer - Iteration 1, Batch 339/600
2020-05-01 19:39:20,783 INFO - training.ea.ea_trainer - Iteration 1, Batch 340/600
2020-05-01 19:39:20,853 INFO - training.ea.ea_trainer - Iteration 1, Batch 341/600
2020-05-01 19:39:20,975 INFO - training.ea.ea_trainer - Iteration 1, Batch 342/600
2020-05-01 19:39:21,030 INFO - training.ea.ea_trainer - Iteration 1, Batch 343/600
2020-05-01 19:39:21,142 INFO - training.ea.ea_trainer - Iteration 1, Batch 344/600
2020-05-01 19:39:21,195 INFO - training.ea.ea_trainer - Iteration 1, Batch 345/600
2020-05-01 19:39:21,285 INFO - training.ea.ea_trainer - Iteration 1, Batch 346/600
2020-05-01 19:39:21,338 INFO - training.ea.ea_trainer - Iteration 1, Batch 347/600
2020-05-01 19:39:21,447 INFO - training.ea.ea_trainer - Iteration 1, Batch 348/600
2020-05-01 19:39:21,515 INFO - training.ea.ea_trainer - Iteration 1, Batch 349/600
2020-05-01 19:39:21,634 INFO - training.ea.ea_trainer - Iteration 1, Batch 350/600
2020-05-01 19:39:21,706 INFO - training.ea.ea_trainer - Iteration 1, Batch 351/600
2020-05-01 19:39:21,788 INFO - training.ea.ea_trainer - Iteration 1, Batch 352/600
2020-05-01 19:39:21,843 INFO - training.ea.ea_trainer - Iteration 1, Batch 353/600
2020-05-01 19:39:21,953 INFO - training.ea.ea_trainer - Iteration 1, Batch 354/600
2020-05-01 19:39:22,004 INFO - training.ea.ea_trainer - Iteration 1, Batch 355/600
2020-05-01 19:39:22,107 INFO - training.ea.ea_trainer - Iteration 1, Batch 356/600
2020-05-01 19:39:22,174 INFO - training.ea.ea_trainer - Iteration 1, Batch 357/600
2020-05-01 19:39:22,300 INFO - training.ea.ea_trainer - Iteration 1, Batch 358/600
2020-05-01 19:39:22,380 INFO - training.ea.ea_trainer - Iteration 1, Batch 359/600
2020-05-01 19:39:22,445 INFO - training.ea.ea_trainer - Iteration 1, Batch 360/600
2020-05-01 19:39:22,507 INFO - training.ea.ea_trainer - Iteration 1, Batch 361/600
2020-05-01 19:39:22,659 INFO - training.ea.ea_trainer - Iteration 1, Batch 362/600
2020-05-01 19:39:22,723 INFO - training.ea.ea_trainer - Iteration 1, Batch 363/600
2020-05-01 19:39:22,847 INFO - training.ea.ea_trainer - Iteration 1, Batch 364/600
2020-05-01 19:39:22,903 INFO - training.ea.ea_trainer - Iteration 1, Batch 365/600
2020-05-01 19:39:22,982 INFO - training.ea.ea_trainer - Iteration 1, Batch 366/600
2020-05-01 19:39:23,061 INFO - training.ea.ea_trainer - Iteration 1, Batch 367/600
2020-05-01 19:39:23,193 INFO - training.ea.ea_trainer - Iteration 1, Batch 368/600
2020-05-01 19:39:23,232 INFO - training.ea.ea_trainer - Iteration 1, Batch 369/600
2020-05-01 19:39:23,320 INFO - training.ea.ea_trainer - Iteration 1, Batch 370/600
2020-05-01 19:39:23,375 INFO - training.ea.ea_trainer - Iteration 1, Batch 371/600
2020-05-01 19:39:23,471 INFO - training.ea.ea_trainer - Iteration 1, Batch 372/600
2020-05-01 19:39:23,536 INFO - training.ea.ea_trainer - Iteration 1, Batch 373/600
2020-05-01 19:39:23,633 INFO - training.ea.ea_trainer - Iteration 1, Batch 374/600
2020-05-01 19:39:23,693 INFO - training.ea.ea_trainer - Iteration 1, Batch 375/600
2020-05-01 19:39:23,796 INFO - training.ea.ea_trainer - Iteration 1, Batch 376/600
2020-05-01 19:39:23,847 INFO - training.ea.ea_trainer - Iteration 1, Batch 377/600
2020-05-01 19:39:23,975 INFO - training.ea.ea_trainer - Iteration 1, Batch 378/600
2020-05-01 19:39:24,031 INFO - training.ea.ea_trainer - Iteration 1, Batch 379/600
2020-05-01 19:39:24,140 INFO - training.ea.ea_trainer - Iteration 1, Batch 380/600
2020-05-01 19:39:24,213 INFO - training.ea.ea_trainer - Iteration 1, Batch 381/600
2020-05-01 19:39:24,315 INFO - training.ea.ea_trainer - Iteration 1, Batch 382/600
2020-05-01 19:39:24,371 INFO - training.ea.ea_trainer - Iteration 1, Batch 383/600
2020-05-01 19:39:24,466 INFO - training.ea.ea_trainer - Iteration 1, Batch 384/600
2020-05-01 19:39:24,525 INFO - training.ea.ea_trainer - Iteration 1, Batch 385/600
2020-05-01 19:39:24,637 INFO - training.ea.ea_trainer - Iteration 1, Batch 386/600
2020-05-01 19:39:24,711 INFO - training.ea.ea_trainer - Iteration 1, Batch 387/600
2020-05-01 19:39:24,837 INFO - training.ea.ea_trainer - Iteration 1, Batch 388/600
2020-05-01 19:39:24,884 INFO - training.ea.ea_trainer - Iteration 1, Batch 389/600
2020-05-01 19:39:24,986 INFO - training.ea.ea_trainer - Iteration 1, Batch 390/600
2020-05-01 19:39:25,042 INFO - training.ea.ea_trainer - Iteration 1, Batch 391/600
2020-05-01 19:39:25,183 INFO - training.ea.ea_trainer - Iteration 1, Batch 392/600
2020-05-01 19:39:25,228 INFO - training.ea.ea_trainer - Iteration 1, Batch 393/600
2020-05-01 19:39:25,359 INFO - training.ea.ea_trainer - Iteration 1, Batch 394/600
2020-05-01 19:39:25,402 INFO - training.ea.ea_trainer - Iteration 1, Batch 395/600
2020-05-01 19:39:25,550 INFO - training.ea.ea_trainer - Iteration 1, Batch 396/600
2020-05-01 19:39:25,608 INFO - training.ea.ea_trainer - Iteration 1, Batch 397/600
2020-05-01 19:39:25,711 INFO - training.ea.ea_trainer - Iteration 1, Batch 398/600
2020-05-01 19:39:25,744 INFO - training.ea.ea_trainer - Iteration 1, Batch 399/600
2020-05-01 19:39:25,853 INFO - training.ea.ea_trainer - Iteration 1, Batch 400/600
2020-05-01 19:39:25,902 INFO - training.ea.ea_trainer - Iteration 1, Batch 401/600
2020-05-01 19:39:26,024 INFO - training.ea.ea_trainer - Iteration 1, Batch 402/600
2020-05-01 19:39:26,067 INFO - training.ea.ea_trainer - Iteration 1, Batch 403/600
2020-05-01 19:39:26,214 INFO - training.ea.ea_trainer - Iteration 1, Batch 404/600
2020-05-01 19:39:26,265 INFO - training.ea.ea_trainer - Iteration 1, Batch 405/600
2020-05-01 19:39:26,389 INFO - training.ea.ea_trainer - Iteration 1, Batch 406/600
2020-05-01 19:39:26,464 INFO - training.ea.ea_trainer - Iteration 1, Batch 407/600
2020-05-01 19:39:26,605 INFO - training.ea.ea_trainer - Iteration 1, Batch 408/600
2020-05-01 19:39:26,669 INFO - training.ea.ea_trainer - Iteration 1, Batch 409/600
2020-05-01 19:39:26,775 INFO - training.ea.ea_trainer - Iteration 1, Batch 410/600
2020-05-01 19:39:26,847 INFO - training.ea.ea_trainer - Iteration 1, Batch 411/600
2020-05-01 19:39:26,954 INFO - training.ea.ea_trainer - Iteration 1, Batch 412/600
2020-05-01 19:39:27,028 INFO - training.ea.ea_trainer - Iteration 1, Batch 413/600
2020-05-01 19:39:27,144 INFO - training.ea.ea_trainer - Iteration 1, Batch 414/600
2020-05-01 19:39:27,235 INFO - training.ea.ea_trainer - Iteration 1, Batch 415/600
2020-05-01 19:39:27,374 INFO - training.ea.ea_trainer - Iteration 1, Batch 416/600
2020-05-01 19:39:27,431 INFO - training.ea.ea_trainer - Iteration 1, Batch 417/600
2020-05-01 19:39:27,555 INFO - training.ea.ea_trainer - Iteration 1, Batch 418/600
2020-05-01 19:39:27,611 INFO - training.ea.ea_trainer - Iteration 1, Batch 419/600
2020-05-01 19:39:27,722 INFO - training.ea.ea_trainer - Iteration 1, Batch 420/600
2020-05-01 19:39:27,787 INFO - training.ea.ea_trainer - Iteration 1, Batch 421/600
2020-05-01 19:39:27,928 INFO - training.ea.ea_trainer - Iteration 1, Batch 422/600
2020-05-01 19:39:28,000 INFO - training.ea.ea_trainer - Iteration 1, Batch 423/600
2020-05-01 19:39:28,146 INFO - training.ea.ea_trainer - Iteration 1, Batch 424/600
2020-05-01 19:39:28,203 INFO - training.ea.ea_trainer - Iteration 1, Batch 425/600
2020-05-01 19:39:28,304 INFO - training.ea.ea_trainer - Iteration 1, Batch 426/600
2020-05-01 19:39:28,375 INFO - training.ea.ea_trainer - Iteration 1, Batch 427/600
2020-05-01 19:39:28,486 INFO - training.ea.ea_trainer - Iteration 1, Batch 428/600
2020-05-01 19:39:28,546 INFO - training.ea.ea_trainer - Iteration 1, Batch 429/600
2020-05-01 19:39:28,672 INFO - training.ea.ea_trainer - Iteration 1, Batch 430/600
2020-05-01 19:39:28,743 INFO - training.ea.ea_trainer - Iteration 1, Batch 431/600
2020-05-01 19:39:28,898 INFO - training.ea.ea_trainer - Iteration 1, Batch 432/600
2020-05-01 19:39:28,970 INFO - training.ea.ea_trainer - Iteration 1, Batch 433/600
2020-05-01 19:39:29,061 INFO - training.ea.ea_trainer - Iteration 1, Batch 434/600
2020-05-01 19:39:29,167 INFO - training.ea.ea_trainer - Iteration 1, Batch 435/600
2020-05-01 19:39:29,275 INFO - training.ea.ea_trainer - Iteration 1, Batch 436/600
2020-05-01 19:39:29,328 INFO - training.ea.ea_trainer - Iteration 1, Batch 437/600
2020-05-01 19:39:29,423 INFO - training.ea.ea_trainer - Iteration 1, Batch 438/600
2020-05-01 19:39:29,481 INFO - training.ea.ea_trainer - Iteration 1, Batch 439/600
2020-05-01 19:39:29,584 INFO - training.ea.ea_trainer - Iteration 1, Batch 440/600
2020-05-01 19:39:29,651 INFO - training.ea.ea_trainer - Iteration 1, Batch 441/600
2020-05-01 19:39:29,763 INFO - training.ea.ea_trainer - Iteration 1, Batch 442/600
2020-05-01 19:39:29,829 INFO - training.ea.ea_trainer - Iteration 1, Batch 443/600
2020-05-01 19:39:29,959 INFO - training.ea.ea_trainer - Iteration 1, Batch 444/600
2020-05-01 19:39:30,022 INFO - training.ea.ea_trainer - Iteration 1, Batch 445/600
2020-05-01 19:39:30,148 INFO - training.ea.ea_trainer - Iteration 1, Batch 446/600
2020-05-01 19:39:30,194 INFO - training.ea.ea_trainer - Iteration 1, Batch 447/600
2020-05-01 19:39:30,292 INFO - training.ea.ea_trainer - Iteration 1, Batch 448/600
2020-05-01 19:39:30,345 INFO - training.ea.ea_trainer - Iteration 1, Batch 449/600
2020-05-01 19:39:30,449 INFO - training.ea.ea_trainer - Iteration 1, Batch 450/600
2020-05-01 19:39:30,489 INFO - training.ea.ea_trainer - Iteration 1, Batch 451/600
2020-05-01 19:39:30,593 INFO - training.ea.ea_trainer - Iteration 1, Batch 452/600
2020-05-01 19:39:30,661 INFO - training.ea.ea_trainer - Iteration 1, Batch 453/600
2020-05-01 19:39:30,795 INFO - training.ea.ea_trainer - Iteration 1, Batch 454/600
2020-05-01 19:39:30,883 INFO - training.ea.ea_trainer - Iteration 1, Batch 455/600
2020-05-01 19:39:31,006 INFO - training.ea.ea_trainer - Iteration 1, Batch 456/600
2020-05-01 19:39:31,091 INFO - training.ea.ea_trainer - Iteration 1, Batch 457/600
2020-05-01 19:39:31,178 INFO - training.ea.ea_trainer - Iteration 1, Batch 458/600
2020-05-01 19:39:31,267 INFO - training.ea.ea_trainer - Iteration 1, Batch 459/600
2020-05-01 19:39:31,401 INFO - training.ea.ea_trainer - Iteration 1, Batch 460/600
2020-05-01 19:39:31,475 INFO - training.ea.ea_trainer - Iteration 1, Batch 461/600
2020-05-01 19:39:31,580 INFO - training.ea.ea_trainer - Iteration 1, Batch 462/600
2020-05-01 19:39:31,658 INFO - training.ea.ea_trainer - Iteration 1, Batch 463/600
2020-05-01 19:39:31,788 INFO - training.ea.ea_trainer - Iteration 1, Batch 464/600
2020-05-01 19:39:31,842 INFO - training.ea.ea_trainer - Iteration 1, Batch 465/600
2020-05-01 19:39:31,956 INFO - training.ea.ea_trainer - Iteration 1, Batch 466/600
2020-05-01 19:39:32,017 INFO - training.ea.ea_trainer - Iteration 1, Batch 467/600
2020-05-01 19:39:32,131 INFO - training.ea.ea_trainer - Iteration 1, Batch 468/600
2020-05-01 19:39:32,195 INFO - training.ea.ea_trainer - Iteration 1, Batch 469/600
2020-05-01 19:39:32,318 INFO - training.ea.ea_trainer - Iteration 1, Batch 470/600
2020-05-01 19:39:32,359 INFO - training.ea.ea_trainer - Iteration 1, Batch 471/600
2020-05-01 19:39:32,479 INFO - training.ea.ea_trainer - Iteration 1, Batch 472/600
2020-05-01 19:39:32,536 INFO - training.ea.ea_trainer - Iteration 1, Batch 473/600
2020-05-01 19:39:32,701 INFO - training.ea.ea_trainer - Iteration 1, Batch 474/600
2020-05-01 19:39:32,762 INFO - training.ea.ea_trainer - Iteration 1, Batch 475/600
2020-05-01 19:39:32,858 INFO - training.ea.ea_trainer - Iteration 1, Batch 476/600
2020-05-01 19:39:32,934 INFO - training.ea.ea_trainer - Iteration 1, Batch 477/600
2020-05-01 19:39:33,030 INFO - training.ea.ea_trainer - Iteration 1, Batch 478/600
2020-05-01 19:39:33,089 INFO - training.ea.ea_trainer - Iteration 1, Batch 479/600
2020-05-01 19:39:33,209 INFO - training.ea.ea_trainer - Iteration 1, Batch 480/600
2020-05-01 19:39:33,256 INFO - training.ea.ea_trainer - Iteration 1, Batch 481/600
2020-05-01 19:39:33,351 INFO - training.ea.ea_trainer - Iteration 1, Batch 482/600
2020-05-01 19:39:33,390 INFO - training.ea.ea_trainer - Iteration 1, Batch 483/600
2020-05-01 19:39:33,520 INFO - training.ea.ea_trainer - Iteration 1, Batch 484/600
2020-05-01 19:39:33,594 INFO - training.ea.ea_trainer - Iteration 1, Batch 485/600
2020-05-01 19:39:33,713 INFO - training.ea.ea_trainer - Iteration 1, Batch 486/600
2020-05-01 19:39:33,769 INFO - training.ea.ea_trainer - Iteration 1, Batch 487/600
2020-05-01 19:39:33,878 INFO - training.ea.ea_trainer - Iteration 1, Batch 488/600
2020-05-01 19:39:33,946 INFO - training.ea.ea_trainer - Iteration 1, Batch 489/600
2020-05-01 19:39:34,052 INFO - training.ea.ea_trainer - Iteration 1, Batch 490/600
2020-05-01 19:39:34,109 INFO - training.ea.ea_trainer - Iteration 1, Batch 491/600
2020-05-01 19:39:34,231 INFO - training.ea.ea_trainer - Iteration 1, Batch 492/600
2020-05-01 19:39:34,312 INFO - training.ea.ea_trainer - Iteration 1, Batch 493/600
2020-05-01 19:39:34,427 INFO - training.ea.ea_trainer - Iteration 1, Batch 494/600
2020-05-01 19:39:34,494 INFO - training.ea.ea_trainer - Iteration 1, Batch 495/600
2020-05-01 19:39:34,601 INFO - training.ea.ea_trainer - Iteration 1, Batch 496/600
2020-05-01 19:39:34,655 INFO - training.ea.ea_trainer - Iteration 1, Batch 497/600
2020-05-01 19:39:34,816 INFO - training.ea.ea_trainer - Iteration 1, Batch 498/600
2020-05-01 19:39:34,888 INFO - training.ea.ea_trainer - Iteration 1, Batch 499/600
2020-05-01 19:39:34,968 INFO - training.ea.ea_trainer - Iteration 1, Batch 500/600
2020-05-01 19:39:35,016 INFO - training.ea.ea_trainer - Iteration 1, Batch 501/600
2020-05-01 19:39:35,159 INFO - training.ea.ea_trainer - Iteration 1, Batch 502/600
2020-05-01 19:39:35,223 INFO - training.ea.ea_trainer - Iteration 1, Batch 503/600
2020-05-01 19:39:35,328 INFO - training.ea.ea_trainer - Iteration 1, Batch 504/600
2020-05-01 19:39:35,390 INFO - training.ea.ea_trainer - Iteration 1, Batch 505/600
2020-05-01 19:39:35,551 INFO - training.ea.ea_trainer - Iteration 1, Batch 506/600
2020-05-01 19:39:35,603 INFO - training.ea.ea_trainer - Iteration 1, Batch 507/600
2020-05-01 19:39:35,718 INFO - training.ea.ea_trainer - Iteration 1, Batch 508/600
2020-05-01 19:39:35,766 INFO - training.ea.ea_trainer - Iteration 1, Batch 509/600
2020-05-01 19:39:35,849 INFO - training.ea.ea_trainer - Iteration 1, Batch 510/600
2020-05-01 19:39:35,923 INFO - training.ea.ea_trainer - Iteration 1, Batch 511/600
2020-05-01 19:39:36,025 INFO - training.ea.ea_trainer - Iteration 1, Batch 512/600
2020-05-01 19:39:36,072 INFO - training.ea.ea_trainer - Iteration 1, Batch 513/600
2020-05-01 19:39:36,219 INFO - training.ea.ea_trainer - Iteration 1, Batch 514/600
2020-05-01 19:39:36,267 INFO - training.ea.ea_trainer - Iteration 1, Batch 515/600
2020-05-01 19:39:36,360 INFO - training.ea.ea_trainer - Iteration 1, Batch 516/600
2020-05-01 19:39:36,435 INFO - training.ea.ea_trainer - Iteration 1, Batch 517/600
2020-05-01 19:39:36,545 INFO - training.ea.ea_trainer - Iteration 1, Batch 518/600
2020-05-01 19:39:36,612 INFO - training.ea.ea_trainer - Iteration 1, Batch 519/600
2020-05-01 19:39:36,716 INFO - training.ea.ea_trainer - Iteration 1, Batch 520/600
2020-05-01 19:39:36,787 INFO - training.ea.ea_trainer - Iteration 1, Batch 521/600
2020-05-01 19:39:36,908 INFO - training.ea.ea_trainer - Iteration 1, Batch 522/600
2020-05-01 19:39:36,988 INFO - training.ea.ea_trainer - Iteration 1, Batch 523/600
2020-05-01 19:39:37,130 INFO - training.ea.ea_trainer - Iteration 1, Batch 524/600
2020-05-01 19:39:37,187 INFO - training.ea.ea_trainer - Iteration 1, Batch 525/600
2020-05-01 19:39:37,324 INFO - training.ea.ea_trainer - Iteration 1, Batch 526/600
2020-05-01 19:39:37,366 INFO - training.ea.ea_trainer - Iteration 1, Batch 527/600
2020-05-01 19:39:37,455 INFO - training.ea.ea_trainer - Iteration 1, Batch 528/600
2020-05-01 19:39:37,524 INFO - training.ea.ea_trainer - Iteration 1, Batch 529/600
2020-05-01 19:39:37,629 INFO - training.ea.ea_trainer - Iteration 1, Batch 530/600
2020-05-01 19:39:37,675 INFO - training.ea.ea_trainer - Iteration 1, Batch 531/600
2020-05-01 19:39:37,776 INFO - training.ea.ea_trainer - Iteration 1, Batch 532/600
2020-05-01 19:39:37,837 INFO - training.ea.ea_trainer - Iteration 1, Batch 533/600
2020-05-01 19:39:37,941 INFO - training.ea.ea_trainer - Iteration 1, Batch 534/600
2020-05-01 19:39:38,015 INFO - training.ea.ea_trainer - Iteration 1, Batch 535/600
2020-05-01 19:39:38,113 INFO - training.ea.ea_trainer - Iteration 1, Batch 536/600
2020-05-01 19:39:38,208 INFO - training.ea.ea_trainer - Iteration 1, Batch 537/600
2020-05-01 19:39:38,355 INFO - training.ea.ea_trainer - Iteration 1, Batch 538/600
2020-05-01 19:39:38,403 INFO - training.ea.ea_trainer - Iteration 1, Batch 539/600
2020-05-01 19:39:38,547 INFO - training.ea.ea_trainer - Iteration 1, Batch 540/600
2020-05-01 19:39:38,588 INFO - training.ea.ea_trainer - Iteration 1, Batch 541/600
2020-05-01 19:39:38,701 INFO - training.ea.ea_trainer - Iteration 1, Batch 542/600
2020-05-01 19:39:38,751 INFO - training.ea.ea_trainer - Iteration 1, Batch 543/600
2020-05-01 19:39:38,863 INFO - training.ea.ea_trainer - Iteration 1, Batch 544/600
2020-05-01 19:39:38,973 INFO - training.ea.ea_trainer - Iteration 1, Batch 545/600
2020-05-01 19:39:39,154 INFO - training.ea.ea_trainer - Iteration 1, Batch 546/600
2020-05-01 19:39:39,205 INFO - training.ea.ea_trainer - Iteration 1, Batch 547/600
2020-05-01 19:39:39,319 INFO - training.ea.ea_trainer - Iteration 1, Batch 548/600
2020-05-01 19:39:39,398 INFO - training.ea.ea_trainer - Iteration 1, Batch 549/600
2020-05-01 19:39:39,535 INFO - training.ea.ea_trainer - Iteration 1, Batch 550/600
2020-05-01 19:39:39,586 INFO - training.ea.ea_trainer - Iteration 1, Batch 551/600
2020-05-01 19:39:39,706 INFO - training.ea.ea_trainer - Iteration 1, Batch 552/600
2020-05-01 19:39:39,756 INFO - training.ea.ea_trainer - Iteration 1, Batch 553/600
2020-05-01 19:39:39,861 INFO - training.ea.ea_trainer - Iteration 1, Batch 554/600
2020-05-01 19:39:39,934 INFO - training.ea.ea_trainer - Iteration 1, Batch 555/600
2020-05-01 19:39:40,047 INFO - training.ea.ea_trainer - Iteration 1, Batch 556/600
2020-05-01 19:39:40,094 INFO - training.ea.ea_trainer - Iteration 1, Batch 557/600
2020-05-01 19:39:40,241 INFO - training.ea.ea_trainer - Iteration 1, Batch 558/600
2020-05-01 19:39:40,307 INFO - training.ea.ea_trainer - Iteration 1, Batch 559/600
2020-05-01 19:39:40,421 INFO - training.ea.ea_trainer - Iteration 1, Batch 560/600
2020-05-01 19:39:40,487 INFO - training.ea.ea_trainer - Iteration 1, Batch 561/600
2020-05-01 19:39:40,603 INFO - training.ea.ea_trainer - Iteration 1, Batch 562/600
2020-05-01 19:39:40,670 INFO - training.ea.ea_trainer - Iteration 1, Batch 563/600
2020-05-01 19:39:40,758 INFO - training.ea.ea_trainer - Iteration 1, Batch 564/600
2020-05-01 19:39:40,805 INFO - training.ea.ea_trainer - Iteration 1, Batch 565/600
2020-05-01 19:39:40,945 INFO - training.ea.ea_trainer - Iteration 1, Batch 566/600
2020-05-01 19:39:41,012 INFO - training.ea.ea_trainer - Iteration 1, Batch 567/600
2020-05-01 19:39:41,155 INFO - training.ea.ea_trainer - Iteration 1, Batch 568/600
2020-05-01 19:39:41,227 INFO - training.ea.ea_trainer - Iteration 1, Batch 569/600
2020-05-01 19:39:41,362 INFO - training.ea.ea_trainer - Iteration 1, Batch 570/600
2020-05-01 19:39:41,412 INFO - training.ea.ea_trainer - Iteration 1, Batch 571/600
2020-05-01 19:39:41,538 INFO - training.ea.ea_trainer - Iteration 1, Batch 572/600
2020-05-01 19:39:41,593 INFO - training.ea.ea_trainer - Iteration 1, Batch 573/600
2020-05-01 19:39:41,703 INFO - training.ea.ea_trainer - Iteration 1, Batch 574/600
2020-05-01 19:39:41,770 INFO - training.ea.ea_trainer - Iteration 1, Batch 575/600
2020-05-01 19:39:41,874 INFO - training.ea.ea_trainer - Iteration 1, Batch 576/600
2020-05-01 19:39:41,953 INFO - training.ea.ea_trainer - Iteration 1, Batch 577/600
2020-05-01 19:39:42,086 INFO - training.ea.ea_trainer - Iteration 1, Batch 578/600
2020-05-01 19:39:42,165 INFO - training.ea.ea_trainer - Iteration 1, Batch 579/600
2020-05-01 19:39:42,291 INFO - training.ea.ea_trainer - Iteration 1, Batch 580/600
2020-05-01 19:39:42,346 INFO - training.ea.ea_trainer - Iteration 1, Batch 581/600
2020-05-01 19:39:42,491 INFO - training.ea.ea_trainer - Iteration 1, Batch 582/600
2020-05-01 19:39:42,547 INFO - training.ea.ea_trainer - Iteration 1, Batch 583/600
2020-05-01 19:39:42,685 INFO - training.ea.ea_trainer - Iteration 1, Batch 584/600
2020-05-01 19:39:42,757 INFO - training.ea.ea_trainer - Iteration 1, Batch 585/600
2020-05-01 19:39:42,833 INFO - training.ea.ea_trainer - Iteration 1, Batch 586/600
2020-05-01 19:39:42,892 INFO - training.ea.ea_trainer - Iteration 1, Batch 587/600
2020-05-01 19:39:43,016 INFO - training.ea.ea_trainer - Iteration 1, Batch 588/600
2020-05-01 19:39:43,094 INFO - training.ea.ea_trainer - Iteration 1, Batch 589/600
2020-05-01 19:39:43,195 INFO - training.ea.ea_trainer - Iteration 1, Batch 590/600
2020-05-01 19:39:43,270 INFO - training.ea.ea_trainer - Iteration 1, Batch 591/600
2020-05-01 19:39:43,371 INFO - training.ea.ea_trainer - Iteration 1, Batch 592/600
2020-05-01 19:39:43,412 INFO - training.ea.ea_trainer - Iteration 1, Batch 593/600
2020-05-01 19:39:43,493 INFO - training.ea.ea_trainer - Iteration 1, Batch 594/600
2020-05-01 19:39:43,513 INFO - training.ea.ea_trainer - Iteration 1, Batch 595/600
2020-05-01 19:39:43,613 INFO - training.ea.ea_trainer - Iteration 1, Batch 596/600
2020-05-01 19:39:43,657 INFO - training.ea.ea_trainer - Iteration 1, Batch 597/600
2020-05-01 19:39:43,734 INFO - training.ea.ea_trainer - Iteration 1, Batch 598/600
2020-05-01 19:39:43,771 INFO - training.ea.ea_trainer - Iteration 1, Batch 599/600
2020-05-01 19:39:44,316 INFO - requests.packages.urllib3.connectionpool - Starting new HTTP connection (1): 127.0.0.1
2020-05-01 19:39:44,319 INFO - requests.packages.urllib3.connectionpool - Starting new HTTP connection (1): 127.0.0.1
2020-05-01 19:39:44,499 INFO - distribution.node_client - Loading parameters from endpoint http://127.0.0.1:5001/parameters/generators/best took 0.18505358695983887 seconds
2020-05-01 19:39:44,539 INFO - distribution.node_client - Loading parameters from endpoint http://127.0.0.1:5002/parameters/generators/best took 0.22240567207336426 seconds
2020-05-01 19:39:44,655 INFO - training.ea.ea_trainer - Calculating FID/inception score.
2020-05-01 19:39:44,657 CRITICAL - distribution.client_api - An unhandled error occured while running Lipizzaner: [Errno 2] No such file or directory: './networks/mnist_cnn/mnist_cnn.pkl'
2020-05-01 19:39:44,658 INFO - distribution.client_api - Finished experiment, waiting for new requests.
2020-05-01 19:39:47,726 WARNING - distribution.client_api - Received stop signal from master, but no experiment is running.
