2020-05-01 20:08:51,121 INFO - distribution.client_api - Distributed training recognized, set log directory to ./output/lipizzaner_gan/distributed/mnist/2020-05-01_20-08-51/2437
2020-05-01 20:08:51,438 INFO - lipizzaner - Parameters: {'trainer': {'n_iterations': 5, 'params': {'discriminator_skip_each_nth_step': 1, 'default_adam_learning_rate': 0.0002, 'enable_selection': False, 'mutation_probability': 0.5, 'alpha': 0.0001, 'score': {'score_sample_size': 1000, 'cuda': True, 'type': 'fid', 'enabled': True}, 'tournament_size': 2, 'population_size': 1, 'fitness': {'fitness_sample_size': 1000, 'fitness_mode': 'average'}, 'mixture_sigma': 0.01, 'n_replacements': 1}, 'name': 'lipizzaner_gan', 'calculate_net_weights_dist': True, 'mixture_generator_samples_mode': 'exact_proportion'}, 'network': {'name': 'four_layer_perceptron', 'loss': 'bceloss'}, 'general': {'output_dir': './output', 'distribution': {'master_node': {'exit_clients_on_disconnect': True}, 'client_nodes': [{'port': 5000, 'address': '127.0.0.1'}, {'port': 5001, 'address': '127.0.0.1'}, {'port': 5002, 'address': '127.0.0.1'}, {'port': 5003, 'address': '127.0.0.1'}], 'auto_discover': False, 'start_time': '2020-05-01_20-08-51'}, 'losswise': {'api_key': '3T1CKALG6', 'enabled': False}, 'logging': {'log_server': None, 'image_format': 'jpg', 'print_discriminator': False, 'enabled': True, 'log_level': 'INFO'}, 'num_workers': 4, 'seed': 1}, 'dataloader': {'batch_size': 100, 'n_batches': 0, 'shuffle': True, 'use_batch': True, 'dataset_name': 'mnist'}, 'master': {'score_sample_size': 50000, 'cuda': True, 'calculate_score': True}}
2020-05-01 20:08:51,439 INFO - lipizzaner - CUDA is not supported on this device.
2020-05-01 20:08:51,440 INFO - lipizzaner - Seed used: 6016804
2020-05-01 20:08:51,441 INFO - lipizzaner - Starting training for 5 iterations/epochs.
2020-05-01 20:08:51,670 INFO - requests.packages.urllib3.connectionpool - Starting new HTTP connection (1): 127.0.0.1
2020-05-01 20:08:51,712 INFO - requests.packages.urllib3.connectionpool - Starting new HTTP connection (1): 127.0.0.1
2020-05-01 20:08:51,804 INFO - distribution.node_client - Loading parameters from endpoint http://127.0.0.1:5002/parameters/generators took 0.0956733226776123 seconds
2020-05-01 20:08:51,823 INFO - distribution.node_client - Loading parameters from endpoint http://127.0.0.1:5001/parameters/generators took 0.16198301315307617 seconds
2020-05-01 20:08:51,865 INFO - requests.packages.urllib3.connectionpool - Starting new HTTP connection (1): 127.0.0.1
2020-05-01 20:08:51,869 INFO - requests.packages.urllib3.connectionpool - Starting new HTTP connection (1): 127.0.0.1
2020-05-01 20:08:51,990 INFO - distribution.node_client - Loading parameters from endpoint http://127.0.0.1:5002/parameters/discriminators took 0.12305545806884766 seconds
2020-05-01 20:08:51,991 INFO - distribution.node_client - Loading parameters from endpoint http://127.0.0.1:5001/parameters/discriminators took 0.12766051292419434 seconds
2020-05-01 20:08:52,127 INFO - training.ea.ea_trainer - Generators in current neighborhood are ['Iteration0:127.0.0.1:5002:2/G0', 'Iteration0:127.0.0.1:5001:1/G0', 'Iteration0:127.0.0.1:5003:3/G0']
2020-05-01 20:08:52,128 INFO - training.ea.ea_trainer - Discriminators in current neighborhood are ['Iteration0:127.0.0.1:5002:2/D0', 'Iteration0:127.0.0.1:5001:1/D0', 'Iteration0:127.0.0.1:5003:3/D0']
2020-05-01 20:08:52,144 INFO - training.ea.ea_trainer - L2 distance between all generators weights: [('Iteration0:127.0.0.1:5002:2/G0', 'Iteration0:127.0.0.1:5001:1/G0', array(29.412437, dtype=float32)), ('Iteration0:127.0.0.1:5002:2/G0', 'Iteration0:127.0.0.1:5003:3/G0', array(29.50634, dtype=float32)), ('Iteration0:127.0.0.1:5001:1/G0', 'Iteration0:127.0.0.1:5003:3/G0', array(29.483654, dtype=float32))]
2020-05-01 20:08:52,173 INFO - training.ea.ea_trainer - L2 distance between all discriminators weights: [('Iteration0:127.0.0.1:5002:2/D0', 'Iteration0:127.0.0.1:5001:1/D0', array(18.512152, dtype=float32)), ('Iteration0:127.0.0.1:5002:2/D0', 'Iteration0:127.0.0.1:5003:3/D0', array(18.521162, dtype=float32)), ('Iteration0:127.0.0.1:5001:1/D0', 'Iteration0:127.0.0.1:5003:3/D0', array(18.536324, dtype=float32))]
2020-05-01 20:08:54,345 INFO - training.ea.ea_trainer - Iteration 1, Batch 0/600
2020-05-01 20:08:54,425 INFO - training.ea.ea_trainer - Iteration 1, Batch 1/600
2020-05-01 20:08:54,568 INFO - training.ea.ea_trainer - Iteration 1, Batch 2/600
2020-05-01 20:08:54,632 INFO - training.ea.ea_trainer - Iteration 1, Batch 3/600
2020-05-01 20:08:54,759 INFO - training.ea.ea_trainer - Iteration 1, Batch 4/600
2020-05-01 20:08:54,817 INFO - training.ea.ea_trainer - Iteration 1, Batch 5/600
2020-05-01 20:08:54,928 INFO - training.ea.ea_trainer - Iteration 1, Batch 6/600
2020-05-01 20:08:54,992 INFO - training.ea.ea_trainer - Iteration 1, Batch 7/600
2020-05-01 20:08:55,115 INFO - training.ea.ea_trainer - Iteration 1, Batch 8/600
2020-05-01 20:08:55,185 INFO - training.ea.ea_trainer - Iteration 1, Batch 9/600
2020-05-01 20:08:55,305 INFO - training.ea.ea_trainer - Iteration 1, Batch 10/600
2020-05-01 20:08:55,354 INFO - training.ea.ea_trainer - Iteration 1, Batch 11/600
2020-05-01 20:08:55,466 INFO - training.ea.ea_trainer - Iteration 1, Batch 12/600
2020-05-01 20:08:55,532 INFO - training.ea.ea_trainer - Iteration 1, Batch 13/600
2020-05-01 20:08:55,626 INFO - training.ea.ea_trainer - Iteration 1, Batch 14/600
2020-05-01 20:08:55,704 INFO - training.ea.ea_trainer - Iteration 1, Batch 15/600
2020-05-01 20:08:55,834 INFO - training.ea.ea_trainer - Iteration 1, Batch 16/600
2020-05-01 20:08:55,906 INFO - training.ea.ea_trainer - Iteration 1, Batch 17/600
2020-05-01 20:08:56,017 INFO - training.ea.ea_trainer - Iteration 1, Batch 18/600
2020-05-01 20:08:56,080 INFO - training.ea.ea_trainer - Iteration 1, Batch 19/600
2020-05-01 20:08:56,172 INFO - training.ea.ea_trainer - Iteration 1, Batch 20/600
2020-05-01 20:08:56,229 INFO - training.ea.ea_trainer - Iteration 1, Batch 21/600
2020-05-01 20:08:56,341 INFO - training.ea.ea_trainer - Iteration 1, Batch 22/600
2020-05-01 20:08:56,401 INFO - training.ea.ea_trainer - Iteration 1, Batch 23/600
2020-05-01 20:08:56,534 INFO - training.ea.ea_trainer - Iteration 1, Batch 24/600
2020-05-01 20:08:56,588 INFO - training.ea.ea_trainer - Iteration 1, Batch 25/600
2020-05-01 20:08:56,708 INFO - training.ea.ea_trainer - Iteration 1, Batch 26/600
2020-05-01 20:08:56,767 INFO - training.ea.ea_trainer - Iteration 1, Batch 27/600
2020-05-01 20:08:56,905 INFO - training.ea.ea_trainer - Iteration 1, Batch 28/600
2020-05-01 20:08:56,958 INFO - training.ea.ea_trainer - Iteration 1, Batch 29/600
2020-05-01 20:08:57,055 INFO - training.ea.ea_trainer - Iteration 1, Batch 30/600
2020-05-01 20:08:57,128 INFO - training.ea.ea_trainer - Iteration 1, Batch 31/600
2020-05-01 20:08:57,212 INFO - training.ea.ea_trainer - Iteration 1, Batch 32/600
2020-05-01 20:08:57,247 INFO - training.ea.ea_trainer - Iteration 1, Batch 33/600
2020-05-01 20:08:57,344 INFO - training.ea.ea_trainer - Iteration 1, Batch 34/600
2020-05-01 20:08:57,399 INFO - training.ea.ea_trainer - Iteration 1, Batch 35/600
2020-05-01 20:08:57,532 INFO - training.ea.ea_trainer - Iteration 1, Batch 36/600
2020-05-01 20:08:57,625 INFO - training.ea.ea_trainer - Iteration 1, Batch 37/600
2020-05-01 20:08:57,752 INFO - training.ea.ea_trainer - Iteration 1, Batch 38/600
2020-05-01 20:08:57,821 INFO - training.ea.ea_trainer - Iteration 1, Batch 39/600
2020-05-01 20:08:57,921 INFO - training.ea.ea_trainer - Iteration 1, Batch 40/600
2020-05-01 20:08:57,984 INFO - training.ea.ea_trainer - Iteration 1, Batch 41/600
2020-05-01 20:08:58,095 INFO - training.ea.ea_trainer - Iteration 1, Batch 42/600
2020-05-01 20:08:58,160 INFO - training.ea.ea_trainer - Iteration 1, Batch 43/600
2020-05-01 20:08:58,268 INFO - training.ea.ea_trainer - Iteration 1, Batch 44/600
2020-05-01 20:08:58,307 INFO - training.ea.ea_trainer - Iteration 1, Batch 45/600
2020-05-01 20:08:58,387 INFO - training.ea.ea_trainer - Iteration 1, Batch 46/600
2020-05-01 20:08:58,487 INFO - training.ea.ea_trainer - Iteration 1, Batch 47/600
2020-05-01 20:08:58,614 INFO - training.ea.ea_trainer - Iteration 1, Batch 48/600
2020-05-01 20:08:58,667 INFO - training.ea.ea_trainer - Iteration 1, Batch 49/600
2020-05-01 20:08:58,799 INFO - training.ea.ea_trainer - Iteration 1, Batch 50/600
2020-05-01 20:08:58,864 INFO - training.ea.ea_trainer - Iteration 1, Batch 51/600
2020-05-01 20:08:59,000 INFO - training.ea.ea_trainer - Iteration 1, Batch 52/600
2020-05-01 20:08:59,072 INFO - training.ea.ea_trainer - Iteration 1, Batch 53/600
2020-05-01 20:08:59,180 INFO - training.ea.ea_trainer - Iteration 1, Batch 54/600
2020-05-01 20:08:59,243 INFO - training.ea.ea_trainer - Iteration 1, Batch 55/600
2020-05-01 20:08:59,336 INFO - training.ea.ea_trainer - Iteration 1, Batch 56/600
2020-05-01 20:08:59,416 INFO - training.ea.ea_trainer - Iteration 1, Batch 57/600
2020-05-01 20:08:59,537 INFO - training.ea.ea_trainer - Iteration 1, Batch 58/600
2020-05-01 20:08:59,604 INFO - training.ea.ea_trainer - Iteration 1, Batch 59/600
2020-05-01 20:08:59,719 INFO - training.ea.ea_trainer - Iteration 1, Batch 60/600
2020-05-01 20:08:59,768 INFO - training.ea.ea_trainer - Iteration 1, Batch 61/600
2020-05-01 20:08:59,892 INFO - training.ea.ea_trainer - Iteration 1, Batch 62/600
2020-05-01 20:08:59,982 INFO - training.ea.ea_trainer - Iteration 1, Batch 63/600
2020-05-01 20:09:00,103 INFO - training.ea.ea_trainer - Iteration 1, Batch 64/600
2020-05-01 20:09:00,181 INFO - training.ea.ea_trainer - Iteration 1, Batch 65/600
2020-05-01 20:09:00,278 INFO - training.ea.ea_trainer - Iteration 1, Batch 66/600
2020-05-01 20:09:00,356 INFO - training.ea.ea_trainer - Iteration 1, Batch 67/600
2020-05-01 20:09:00,496 INFO - training.ea.ea_trainer - Iteration 1, Batch 68/600
2020-05-01 20:09:00,571 INFO - training.ea.ea_trainer - Iteration 1, Batch 69/600
2020-05-01 20:09:00,661 INFO - training.ea.ea_trainer - Iteration 1, Batch 70/600
2020-05-01 20:09:00,747 INFO - training.ea.ea_trainer - Iteration 1, Batch 71/600
2020-05-01 20:09:00,830 INFO - training.ea.ea_trainer - Iteration 1, Batch 72/600
2020-05-01 20:09:00,886 INFO - training.ea.ea_trainer - Iteration 1, Batch 73/600
2020-05-01 20:09:00,996 INFO - training.ea.ea_trainer - Iteration 1, Batch 74/600
2020-05-01 20:09:01,028 INFO - training.ea.ea_trainer - Iteration 1, Batch 75/600
2020-05-01 20:09:01,201 INFO - training.ea.ea_trainer - Iteration 1, Batch 76/600
2020-05-01 20:09:01,276 INFO - training.ea.ea_trainer - Iteration 1, Batch 77/600
2020-05-01 20:09:01,396 INFO - training.ea.ea_trainer - Iteration 1, Batch 78/600
2020-05-01 20:09:01,517 INFO - training.ea.ea_trainer - Iteration 1, Batch 79/600
2020-05-01 20:09:01,632 INFO - training.ea.ea_trainer - Iteration 1, Batch 80/600
2020-05-01 20:09:01,691 INFO - training.ea.ea_trainer - Iteration 1, Batch 81/600
2020-05-01 20:09:01,793 INFO - training.ea.ea_trainer - Iteration 1, Batch 82/600
2020-05-01 20:09:01,865 INFO - training.ea.ea_trainer - Iteration 1, Batch 83/600
2020-05-01 20:09:01,936 INFO - training.ea.ea_trainer - Iteration 1, Batch 84/600
2020-05-01 20:09:01,991 INFO - training.ea.ea_trainer - Iteration 1, Batch 85/600
2020-05-01 20:09:02,114 INFO - training.ea.ea_trainer - Iteration 1, Batch 86/600
2020-05-01 20:09:02,171 INFO - training.ea.ea_trainer - Iteration 1, Batch 87/600
2020-05-01 20:09:02,327 INFO - training.ea.ea_trainer - Iteration 1, Batch 88/600
2020-05-01 20:09:02,369 INFO - training.ea.ea_trainer - Iteration 1, Batch 89/600
2020-05-01 20:09:02,478 INFO - training.ea.ea_trainer - Iteration 1, Batch 90/600
2020-05-01 20:09:02,550 INFO - training.ea.ea_trainer - Iteration 1, Batch 91/600
2020-05-01 20:09:02,652 INFO - training.ea.ea_trainer - Iteration 1, Batch 92/600
2020-05-01 20:09:02,692 INFO - training.ea.ea_trainer - Iteration 1, Batch 93/600
2020-05-01 20:09:02,816 INFO - training.ea.ea_trainer - Iteration 1, Batch 94/600
2020-05-01 20:09:02,902 INFO - training.ea.ea_trainer - Iteration 1, Batch 95/600
2020-05-01 20:09:03,021 INFO - training.ea.ea_trainer - Iteration 1, Batch 96/600
2020-05-01 20:09:03,050 INFO - training.ea.ea_trainer - Iteration 1, Batch 97/600
2020-05-01 20:09:03,168 INFO - training.ea.ea_trainer - Iteration 1, Batch 98/600
2020-05-01 20:09:03,256 INFO - training.ea.ea_trainer - Iteration 1, Batch 99/600
2020-05-01 20:09:03,375 INFO - training.ea.ea_trainer - Iteration 1, Batch 100/600
2020-05-01 20:09:03,447 INFO - training.ea.ea_trainer - Iteration 1, Batch 101/600
2020-05-01 20:09:03,553 INFO - training.ea.ea_trainer - Iteration 1, Batch 102/600
2020-05-01 20:09:03,637 INFO - training.ea.ea_trainer - Iteration 1, Batch 103/600
2020-05-01 20:09:03,727 INFO - training.ea.ea_trainer - Iteration 1, Batch 104/600
2020-05-01 20:09:03,793 INFO - training.ea.ea_trainer - Iteration 1, Batch 105/600
2020-05-01 20:09:03,917 INFO - training.ea.ea_trainer - Iteration 1, Batch 106/600
2020-05-01 20:09:03,992 INFO - training.ea.ea_trainer - Iteration 1, Batch 107/600
2020-05-01 20:09:04,077 INFO - training.ea.ea_trainer - Iteration 1, Batch 108/600
2020-05-01 20:09:04,161 INFO - training.ea.ea_trainer - Iteration 1, Batch 109/600
2020-05-01 20:09:04,313 INFO - training.ea.ea_trainer - Iteration 1, Batch 110/600
2020-05-01 20:09:04,381 INFO - training.ea.ea_trainer - Iteration 1, Batch 111/600
2020-05-01 20:09:04,468 INFO - training.ea.ea_trainer - Iteration 1, Batch 112/600
2020-05-01 20:09:04,537 INFO - training.ea.ea_trainer - Iteration 1, Batch 113/600
2020-05-01 20:09:04,635 INFO - training.ea.ea_trainer - Iteration 1, Batch 114/600
2020-05-01 20:09:04,684 INFO - training.ea.ea_trainer - Iteration 1, Batch 115/600
2020-05-01 20:09:04,770 INFO - training.ea.ea_trainer - Iteration 1, Batch 116/600
2020-05-01 20:09:04,819 INFO - training.ea.ea_trainer - Iteration 1, Batch 117/600
2020-05-01 20:09:04,913 INFO - training.ea.ea_trainer - Iteration 1, Batch 118/600
2020-05-01 20:09:04,953 INFO - training.ea.ea_trainer - Iteration 1, Batch 119/600
2020-05-01 20:09:05,073 INFO - training.ea.ea_trainer - Iteration 1, Batch 120/600
2020-05-01 20:09:05,125 INFO - training.ea.ea_trainer - Iteration 1, Batch 121/600
2020-05-01 20:09:05,232 INFO - training.ea.ea_trainer - Iteration 1, Batch 122/600
2020-05-01 20:09:05,287 INFO - training.ea.ea_trainer - Iteration 1, Batch 123/600
2020-05-01 20:09:05,372 INFO - training.ea.ea_trainer - Iteration 1, Batch 124/600
2020-05-01 20:09:05,418 INFO - training.ea.ea_trainer - Iteration 1, Batch 125/600
2020-05-01 20:09:05,564 INFO - training.ea.ea_trainer - Iteration 1, Batch 126/600
2020-05-01 20:09:05,629 INFO - training.ea.ea_trainer - Iteration 1, Batch 127/600
2020-05-01 20:09:05,777 INFO - training.ea.ea_trainer - Iteration 1, Batch 128/600
2020-05-01 20:09:05,889 INFO - training.ea.ea_trainer - Iteration 1, Batch 129/600
2020-05-01 20:09:06,011 INFO - training.ea.ea_trainer - Iteration 1, Batch 130/600
2020-05-01 20:09:06,050 INFO - training.ea.ea_trainer - Iteration 1, Batch 131/600
2020-05-01 20:09:06,203 INFO - training.ea.ea_trainer - Iteration 1, Batch 132/600
2020-05-01 20:09:06,278 INFO - training.ea.ea_trainer - Iteration 1, Batch 133/600
2020-05-01 20:09:06,403 INFO - training.ea.ea_trainer - Iteration 1, Batch 134/600
2020-05-01 20:09:06,477 INFO - training.ea.ea_trainer - Iteration 1, Batch 135/600
2020-05-01 20:09:06,558 INFO - training.ea.ea_trainer - Iteration 1, Batch 136/600
2020-05-01 20:09:06,619 INFO - training.ea.ea_trainer - Iteration 1, Batch 137/600
2020-05-01 20:09:06,704 INFO - training.ea.ea_trainer - Iteration 1, Batch 138/600
2020-05-01 20:09:06,755 INFO - training.ea.ea_trainer - Iteration 1, Batch 139/600
2020-05-01 20:09:06,927 INFO - training.ea.ea_trainer - Iteration 1, Batch 140/600
2020-05-01 20:09:07,001 INFO - training.ea.ea_trainer - Iteration 1, Batch 141/600
2020-05-01 20:09:07,142 INFO - training.ea.ea_trainer - Iteration 1, Batch 142/600
2020-05-01 20:09:07,190 INFO - training.ea.ea_trainer - Iteration 1, Batch 143/600
2020-05-01 20:09:07,300 INFO - training.ea.ea_trainer - Iteration 1, Batch 144/600
2020-05-01 20:09:07,352 INFO - training.ea.ea_trainer - Iteration 1, Batch 145/600
2020-05-01 20:09:07,456 INFO - training.ea.ea_trainer - Iteration 1, Batch 146/600
2020-05-01 20:09:07,495 INFO - training.ea.ea_trainer - Iteration 1, Batch 147/600
2020-05-01 20:09:07,648 INFO - training.ea.ea_trainer - Iteration 1, Batch 148/600
2020-05-01 20:09:07,705 INFO - training.ea.ea_trainer - Iteration 1, Batch 149/600
2020-05-01 20:09:07,839 INFO - training.ea.ea_trainer - Iteration 1, Batch 150/600
2020-05-01 20:09:07,885 INFO - training.ea.ea_trainer - Iteration 1, Batch 151/600
2020-05-01 20:09:08,000 INFO - training.ea.ea_trainer - Iteration 1, Batch 152/600
2020-05-01 20:09:08,055 INFO - training.ea.ea_trainer - Iteration 1, Batch 153/600
2020-05-01 20:09:08,180 INFO - training.ea.ea_trainer - Iteration 1, Batch 154/600
2020-05-01 20:09:08,249 INFO - training.ea.ea_trainer - Iteration 1, Batch 155/600
2020-05-01 20:09:08,335 INFO - training.ea.ea_trainer - Iteration 1, Batch 156/600
2020-05-01 20:09:08,380 INFO - training.ea.ea_trainer - Iteration 1, Batch 157/600
2020-05-01 20:09:08,557 INFO - training.ea.ea_trainer - Iteration 1, Batch 158/600
2020-05-01 20:09:08,616 INFO - training.ea.ea_trainer - Iteration 1, Batch 159/600
2020-05-01 20:09:08,733 INFO - training.ea.ea_trainer - Iteration 1, Batch 160/600
2020-05-01 20:09:08,800 INFO - training.ea.ea_trainer - Iteration 1, Batch 161/600
2020-05-01 20:09:08,908 INFO - training.ea.ea_trainer - Iteration 1, Batch 162/600
2020-05-01 20:09:08,952 INFO - training.ea.ea_trainer - Iteration 1, Batch 163/600
2020-05-01 20:09:09,034 INFO - training.ea.ea_trainer - Iteration 1, Batch 164/600
2020-05-01 20:09:09,088 INFO - training.ea.ea_trainer - Iteration 1, Batch 165/600
2020-05-01 20:09:09,237 INFO - training.ea.ea_trainer - Iteration 1, Batch 166/600
2020-05-01 20:09:09,288 INFO - training.ea.ea_trainer - Iteration 1, Batch 167/600
2020-05-01 20:09:09,422 INFO - training.ea.ea_trainer - Iteration 1, Batch 168/600
2020-05-01 20:09:09,476 INFO - training.ea.ea_trainer - Iteration 1, Batch 169/600
2020-05-01 20:09:09,591 INFO - training.ea.ea_trainer - Iteration 1, Batch 170/600
2020-05-01 20:09:09,647 INFO - training.ea.ea_trainer - Iteration 1, Batch 171/600
2020-05-01 20:09:09,803 INFO - training.ea.ea_trainer - Iteration 1, Batch 172/600
2020-05-01 20:09:09,840 INFO - training.ea.ea_trainer - Iteration 1, Batch 173/600
2020-05-01 20:09:09,946 INFO - training.ea.ea_trainer - Iteration 1, Batch 174/600
2020-05-01 20:09:09,996 INFO - training.ea.ea_trainer - Iteration 1, Batch 175/600
2020-05-01 20:09:10,087 INFO - training.ea.ea_trainer - Iteration 1, Batch 176/600
2020-05-01 20:09:10,136 INFO - training.ea.ea_trainer - Iteration 1, Batch 177/600
2020-05-01 20:09:10,275 INFO - training.ea.ea_trainer - Iteration 1, Batch 178/600
2020-05-01 20:09:10,330 INFO - training.ea.ea_trainer - Iteration 1, Batch 179/600
2020-05-01 20:09:10,418 INFO - training.ea.ea_trainer - Iteration 1, Batch 180/600
2020-05-01 20:09:10,468 INFO - training.ea.ea_trainer - Iteration 1, Batch 181/600
2020-05-01 20:09:10,573 INFO - training.ea.ea_trainer - Iteration 1, Batch 182/600
2020-05-01 20:09:10,656 INFO - training.ea.ea_trainer - Iteration 1, Batch 183/600
2020-05-01 20:09:10,842 INFO - training.ea.ea_trainer - Iteration 1, Batch 184/600
2020-05-01 20:09:10,920 INFO - training.ea.ea_trainer - Iteration 1, Batch 185/600
2020-05-01 20:09:11,050 INFO - training.ea.ea_trainer - Iteration 1, Batch 186/600
2020-05-01 20:09:11,121 INFO - training.ea.ea_trainer - Iteration 1, Batch 187/600
2020-05-01 20:09:11,233 INFO - training.ea.ea_trainer - Iteration 1, Batch 188/600
2020-05-01 20:09:11,307 INFO - training.ea.ea_trainer - Iteration 1, Batch 189/600
2020-05-01 20:09:11,416 INFO - training.ea.ea_trainer - Iteration 1, Batch 190/600
2020-05-01 20:09:11,466 INFO - training.ea.ea_trainer - Iteration 1, Batch 191/600
2020-05-01 20:09:11,608 INFO - training.ea.ea_trainer - Iteration 1, Batch 192/600
2020-05-01 20:09:11,650 INFO - training.ea.ea_trainer - Iteration 1, Batch 193/600
2020-05-01 20:09:11,764 INFO - training.ea.ea_trainer - Iteration 1, Batch 194/600
2020-05-01 20:09:11,834 INFO - training.ea.ea_trainer - Iteration 1, Batch 195/600
2020-05-01 20:09:11,965 INFO - training.ea.ea_trainer - Iteration 1, Batch 196/600
2020-05-01 20:09:12,023 INFO - training.ea.ea_trainer - Iteration 1, Batch 197/600
2020-05-01 20:09:12,149 INFO - training.ea.ea_trainer - Iteration 1, Batch 198/600
2020-05-01 20:09:12,203 INFO - training.ea.ea_trainer - Iteration 1, Batch 199/600
2020-05-01 20:09:12,308 INFO - training.ea.ea_trainer - Iteration 1, Batch 200/600
2020-05-01 20:09:12,407 INFO - training.ea.ea_trainer - Iteration 1, Batch 201/600
2020-05-01 20:09:12,550 INFO - training.ea.ea_trainer - Iteration 1, Batch 202/600
2020-05-01 20:09:12,634 INFO - training.ea.ea_trainer - Iteration 1, Batch 203/600
2020-05-01 20:09:12,735 INFO - training.ea.ea_trainer - Iteration 1, Batch 204/600
2020-05-01 20:09:12,792 INFO - training.ea.ea_trainer - Iteration 1, Batch 205/600
2020-05-01 20:09:12,914 INFO - training.ea.ea_trainer - Iteration 1, Batch 206/600
2020-05-01 20:09:12,961 INFO - training.ea.ea_trainer - Iteration 1, Batch 207/600
2020-05-01 20:09:13,085 INFO - training.ea.ea_trainer - Iteration 1, Batch 208/600
2020-05-01 20:09:13,142 INFO - training.ea.ea_trainer - Iteration 1, Batch 209/600
2020-05-01 20:09:13,287 INFO - training.ea.ea_trainer - Iteration 1, Batch 210/600
2020-05-01 20:09:13,329 INFO - training.ea.ea_trainer - Iteration 1, Batch 211/600
2020-05-01 20:09:13,454 INFO - training.ea.ea_trainer - Iteration 1, Batch 212/600
2020-05-01 20:09:13,514 INFO - training.ea.ea_trainer - Iteration 1, Batch 213/600
2020-05-01 20:09:13,630 INFO - training.ea.ea_trainer - Iteration 1, Batch 214/600
2020-05-01 20:09:13,723 INFO - training.ea.ea_trainer - Iteration 1, Batch 215/600
2020-05-01 20:09:13,883 INFO - training.ea.ea_trainer - Iteration 1, Batch 216/600
2020-05-01 20:09:13,923 INFO - training.ea.ea_trainer - Iteration 1, Batch 217/600
2020-05-01 20:09:14,054 INFO - training.ea.ea_trainer - Iteration 1, Batch 218/600
2020-05-01 20:09:14,100 INFO - training.ea.ea_trainer - Iteration 1, Batch 219/600
2020-05-01 20:09:14,199 INFO - training.ea.ea_trainer - Iteration 1, Batch 220/600
2020-05-01 20:09:14,257 INFO - training.ea.ea_trainer - Iteration 1, Batch 221/600
2020-05-01 20:09:14,404 INFO - training.ea.ea_trainer - Iteration 1, Batch 222/600
2020-05-01 20:09:14,459 INFO - training.ea.ea_trainer - Iteration 1, Batch 223/600
2020-05-01 20:09:14,563 INFO - training.ea.ea_trainer - Iteration 1, Batch 224/600
2020-05-01 20:09:14,627 INFO - training.ea.ea_trainer - Iteration 1, Batch 225/600
2020-05-01 20:09:14,771 INFO - training.ea.ea_trainer - Iteration 1, Batch 226/600
2020-05-01 20:09:14,821 INFO - training.ea.ea_trainer - Iteration 1, Batch 227/600
2020-05-01 20:09:14,967 INFO - training.ea.ea_trainer - Iteration 1, Batch 228/600
2020-05-01 20:09:15,024 INFO - training.ea.ea_trainer - Iteration 1, Batch 229/600
2020-05-01 20:09:15,114 INFO - training.ea.ea_trainer - Iteration 1, Batch 230/600
2020-05-01 20:09:15,175 INFO - training.ea.ea_trainer - Iteration 1, Batch 231/600
2020-05-01 20:09:15,264 INFO - training.ea.ea_trainer - Iteration 1, Batch 232/600
2020-05-01 20:09:15,342 INFO - training.ea.ea_trainer - Iteration 1, Batch 233/600
2020-05-01 20:09:15,491 INFO - training.ea.ea_trainer - Iteration 1, Batch 234/600
2020-05-01 20:09:15,560 INFO - training.ea.ea_trainer - Iteration 1, Batch 235/600
2020-05-01 20:09:15,660 INFO - training.ea.ea_trainer - Iteration 1, Batch 236/600
2020-05-01 20:09:15,728 INFO - training.ea.ea_trainer - Iteration 1, Batch 237/600
2020-05-01 20:09:15,835 INFO - training.ea.ea_trainer - Iteration 1, Batch 238/600
2020-05-01 20:09:15,879 INFO - training.ea.ea_trainer - Iteration 1, Batch 239/600
2020-05-01 20:09:15,971 INFO - training.ea.ea_trainer - Iteration 1, Batch 240/600
2020-05-01 20:09:16,030 INFO - training.ea.ea_trainer - Iteration 1, Batch 241/600
2020-05-01 20:09:16,168 INFO - training.ea.ea_trainer - Iteration 1, Batch 242/600
2020-05-01 20:09:16,217 INFO - training.ea.ea_trainer - Iteration 1, Batch 243/600
2020-05-01 20:09:16,340 INFO - training.ea.ea_trainer - Iteration 1, Batch 244/600
2020-05-01 20:09:16,403 INFO - training.ea.ea_trainer - Iteration 1, Batch 245/600
2020-05-01 20:09:16,520 INFO - training.ea.ea_trainer - Iteration 1, Batch 246/600
2020-05-01 20:09:16,584 INFO - training.ea.ea_trainer - Iteration 1, Batch 247/600
2020-05-01 20:09:16,709 INFO - training.ea.ea_trainer - Iteration 1, Batch 248/600
2020-05-01 20:09:16,783 INFO - training.ea.ea_trainer - Iteration 1, Batch 249/600
2020-05-01 20:09:16,881 INFO - training.ea.ea_trainer - Iteration 1, Batch 250/600
2020-05-01 20:09:16,962 INFO - training.ea.ea_trainer - Iteration 1, Batch 251/600
2020-05-01 20:09:17,064 INFO - training.ea.ea_trainer - Iteration 1, Batch 252/600
2020-05-01 20:09:17,140 INFO - training.ea.ea_trainer - Iteration 1, Batch 253/600
2020-05-01 20:09:17,264 INFO - training.ea.ea_trainer - Iteration 1, Batch 254/600
2020-05-01 20:09:17,312 INFO - training.ea.ea_trainer - Iteration 1, Batch 255/600
2020-05-01 20:09:17,404 INFO - training.ea.ea_trainer - Iteration 1, Batch 256/600
2020-05-01 20:09:17,466 INFO - training.ea.ea_trainer - Iteration 1, Batch 257/600
2020-05-01 20:09:17,610 INFO - training.ea.ea_trainer - Iteration 1, Batch 258/600
2020-05-01 20:09:17,665 INFO - training.ea.ea_trainer - Iteration 1, Batch 259/600
2020-05-01 20:09:17,784 INFO - training.ea.ea_trainer - Iteration 1, Batch 260/600
2020-05-01 20:09:17,844 INFO - training.ea.ea_trainer - Iteration 1, Batch 261/600
2020-05-01 20:09:17,955 INFO - training.ea.ea_trainer - Iteration 1, Batch 262/600
2020-05-01 20:09:18,052 INFO - training.ea.ea_trainer - Iteration 1, Batch 263/600
2020-05-01 20:09:18,194 INFO - training.ea.ea_trainer - Iteration 1, Batch 264/600
2020-05-01 20:09:18,255 INFO - training.ea.ea_trainer - Iteration 1, Batch 265/600
2020-05-01 20:09:18,394 INFO - training.ea.ea_trainer - Iteration 1, Batch 266/600
2020-05-01 20:09:18,453 INFO - training.ea.ea_trainer - Iteration 1, Batch 267/600
2020-05-01 20:09:18,578 INFO - training.ea.ea_trainer - Iteration 1, Batch 268/600
2020-05-01 20:09:18,692 INFO - training.ea.ea_trainer - Iteration 1, Batch 269/600
2020-05-01 20:09:18,798 INFO - training.ea.ea_trainer - Iteration 1, Batch 270/600
2020-05-01 20:09:18,842 INFO - training.ea.ea_trainer - Iteration 1, Batch 271/600
2020-05-01 20:09:18,958 INFO - training.ea.ea_trainer - Iteration 1, Batch 272/600
2020-05-01 20:09:19,039 INFO - training.ea.ea_trainer - Iteration 1, Batch 273/600
2020-05-01 20:09:19,152 INFO - training.ea.ea_trainer - Iteration 1, Batch 274/600
2020-05-01 20:09:19,210 INFO - training.ea.ea_trainer - Iteration 1, Batch 275/600
2020-05-01 20:09:19,358 INFO - training.ea.ea_trainer - Iteration 1, Batch 276/600
2020-05-01 20:09:19,426 INFO - training.ea.ea_trainer - Iteration 1, Batch 277/600
2020-05-01 20:09:19,584 INFO - training.ea.ea_trainer - Iteration 1, Batch 278/600
2020-05-01 20:09:19,650 INFO - training.ea.ea_trainer - Iteration 1, Batch 279/600
2020-05-01 20:09:19,820 INFO - training.ea.ea_trainer - Iteration 1, Batch 280/600
2020-05-01 20:09:19,896 INFO - training.ea.ea_trainer - Iteration 1, Batch 281/600
2020-05-01 20:09:20,003 INFO - training.ea.ea_trainer - Iteration 1, Batch 282/600
2020-05-01 20:09:20,052 INFO - training.ea.ea_trainer - Iteration 1, Batch 283/600
2020-05-01 20:09:20,176 INFO - training.ea.ea_trainer - Iteration 1, Batch 284/600
2020-05-01 20:09:20,230 INFO - training.ea.ea_trainer - Iteration 1, Batch 285/600
2020-05-01 20:09:20,367 INFO - training.ea.ea_trainer - Iteration 1, Batch 286/600
2020-05-01 20:09:20,486 INFO - training.ea.ea_trainer - Iteration 1, Batch 287/600
2020-05-01 20:09:20,639 INFO - training.ea.ea_trainer - Iteration 1, Batch 288/600
2020-05-01 20:09:20,689 INFO - training.ea.ea_trainer - Iteration 1, Batch 289/600
2020-05-01 20:09:20,818 INFO - training.ea.ea_trainer - Iteration 1, Batch 290/600
2020-05-01 20:09:20,875 INFO - training.ea.ea_trainer - Iteration 1, Batch 291/600
2020-05-01 20:09:20,973 INFO - training.ea.ea_trainer - Iteration 1, Batch 292/600
2020-05-01 20:09:21,012 INFO - training.ea.ea_trainer - Iteration 1, Batch 293/600
2020-05-01 20:09:21,129 INFO - training.ea.ea_trainer - Iteration 1, Batch 294/600
2020-05-01 20:09:21,169 INFO - training.ea.ea_trainer - Iteration 1, Batch 295/600
2020-05-01 20:09:21,333 INFO - training.ea.ea_trainer - Iteration 1, Batch 296/600
2020-05-01 20:09:21,371 INFO - training.ea.ea_trainer - Iteration 1, Batch 297/600
2020-05-01 20:09:21,460 INFO - training.ea.ea_trainer - Iteration 1, Batch 298/600
2020-05-01 20:09:21,530 INFO - training.ea.ea_trainer - Iteration 1, Batch 299/600
2020-05-01 20:09:21,721 INFO - training.ea.ea_trainer - Iteration 1, Batch 300/600
2020-05-01 20:09:21,753 INFO - training.ea.ea_trainer - Iteration 1, Batch 301/600
2020-05-01 20:09:21,905 INFO - training.ea.ea_trainer - Iteration 1, Batch 302/600
2020-05-01 20:09:21,984 INFO - training.ea.ea_trainer - Iteration 1, Batch 303/600
2020-05-01 20:09:22,094 INFO - training.ea.ea_trainer - Iteration 1, Batch 304/600
2020-05-01 20:09:22,173 INFO - training.ea.ea_trainer - Iteration 1, Batch 305/600
2020-05-01 20:09:22,294 INFO - training.ea.ea_trainer - Iteration 1, Batch 306/600
2020-05-01 20:09:22,386 INFO - training.ea.ea_trainer - Iteration 1, Batch 307/600
2020-05-01 20:09:22,510 INFO - training.ea.ea_trainer - Iteration 1, Batch 308/600
2020-05-01 20:09:22,574 INFO - training.ea.ea_trainer - Iteration 1, Batch 309/600
2020-05-01 20:09:22,652 INFO - training.ea.ea_trainer - Iteration 1, Batch 310/600
2020-05-01 20:09:22,708 INFO - training.ea.ea_trainer - Iteration 1, Batch 311/600
2020-05-01 20:09:22,821 INFO - training.ea.ea_trainer - Iteration 1, Batch 312/600
2020-05-01 20:09:22,879 INFO - training.ea.ea_trainer - Iteration 1, Batch 313/600
2020-05-01 20:09:23,003 INFO - training.ea.ea_trainer - Iteration 1, Batch 314/600
2020-05-01 20:09:23,072 INFO - training.ea.ea_trainer - Iteration 1, Batch 315/600
2020-05-01 20:09:23,221 INFO - training.ea.ea_trainer - Iteration 1, Batch 316/600
2020-05-01 20:09:23,273 INFO - training.ea.ea_trainer - Iteration 1, Batch 317/600
2020-05-01 20:09:23,391 INFO - training.ea.ea_trainer - Iteration 1, Batch 318/600
2020-05-01 20:09:23,493 INFO - training.ea.ea_trainer - Iteration 1, Batch 319/600
2020-05-01 20:09:23,583 INFO - training.ea.ea_trainer - Iteration 1, Batch 320/600
2020-05-01 20:09:23,640 INFO - training.ea.ea_trainer - Iteration 1, Batch 321/600
2020-05-01 20:09:23,768 INFO - training.ea.ea_trainer - Iteration 1, Batch 322/600
2020-05-01 20:09:23,869 INFO - training.ea.ea_trainer - Iteration 1, Batch 323/600
2020-05-01 20:09:24,012 INFO - training.ea.ea_trainer - Iteration 1, Batch 324/600
2020-05-01 20:09:24,084 INFO - training.ea.ea_trainer - Iteration 1, Batch 325/600
2020-05-01 20:09:24,198 INFO - training.ea.ea_trainer - Iteration 1, Batch 326/600
2020-05-01 20:09:24,272 INFO - training.ea.ea_trainer - Iteration 1, Batch 327/600
2020-05-01 20:09:24,432 INFO - training.ea.ea_trainer - Iteration 1, Batch 328/600
2020-05-01 20:09:24,500 INFO - training.ea.ea_trainer - Iteration 1, Batch 329/600
2020-05-01 20:09:24,605 INFO - training.ea.ea_trainer - Iteration 1, Batch 330/600
2020-05-01 20:09:24,708 INFO - training.ea.ea_trainer - Iteration 1, Batch 331/600
2020-05-01 20:09:24,880 INFO - training.ea.ea_trainer - Iteration 1, Batch 332/600
2020-05-01 20:09:24,960 INFO - training.ea.ea_trainer - Iteration 1, Batch 333/600
2020-05-01 20:09:25,092 INFO - training.ea.ea_trainer - Iteration 1, Batch 334/600
2020-05-01 20:09:25,144 INFO - training.ea.ea_trainer - Iteration 1, Batch 335/600
2020-05-01 20:09:25,259 INFO - training.ea.ea_trainer - Iteration 1, Batch 336/600
2020-05-01 20:09:25,306 INFO - training.ea.ea_trainer - Iteration 1, Batch 337/600
2020-05-01 20:09:25,436 INFO - training.ea.ea_trainer - Iteration 1, Batch 338/600
2020-05-01 20:09:25,500 INFO - training.ea.ea_trainer - Iteration 1, Batch 339/600
2020-05-01 20:09:25,581 INFO - training.ea.ea_trainer - Iteration 1, Batch 340/600
2020-05-01 20:09:25,646 INFO - training.ea.ea_trainer - Iteration 1, Batch 341/600
2020-05-01 20:09:25,784 INFO - training.ea.ea_trainer - Iteration 1, Batch 342/600
2020-05-01 20:09:25,836 INFO - training.ea.ea_trainer - Iteration 1, Batch 343/600
2020-05-01 20:09:25,980 INFO - training.ea.ea_trainer - Iteration 1, Batch 344/600
2020-05-01 20:09:26,036 INFO - training.ea.ea_trainer - Iteration 1, Batch 345/600
2020-05-01 20:09:26,176 INFO - training.ea.ea_trainer - Iteration 1, Batch 346/600
2020-05-01 20:09:26,236 INFO - training.ea.ea_trainer - Iteration 1, Batch 347/600
2020-05-01 20:09:26,330 INFO - training.ea.ea_trainer - Iteration 1, Batch 348/600
2020-05-01 20:09:26,404 INFO - training.ea.ea_trainer - Iteration 1, Batch 349/600
2020-05-01 20:09:26,536 INFO - training.ea.ea_trainer - Iteration 1, Batch 350/600
2020-05-01 20:09:26,598 INFO - training.ea.ea_trainer - Iteration 1, Batch 351/600
2020-05-01 20:09:26,711 INFO - training.ea.ea_trainer - Iteration 1, Batch 352/600
2020-05-01 20:09:26,773 INFO - training.ea.ea_trainer - Iteration 1, Batch 353/600
2020-05-01 20:09:26,887 INFO - training.ea.ea_trainer - Iteration 1, Batch 354/600
2020-05-01 20:09:26,962 INFO - training.ea.ea_trainer - Iteration 1, Batch 355/600
2020-05-01 20:09:27,067 INFO - training.ea.ea_trainer - Iteration 1, Batch 356/600
2020-05-01 20:09:27,102 INFO - training.ea.ea_trainer - Iteration 1, Batch 357/600
2020-05-01 20:09:27,234 INFO - training.ea.ea_trainer - Iteration 1, Batch 358/600
2020-05-01 20:09:27,276 INFO - training.ea.ea_trainer - Iteration 1, Batch 359/600
2020-05-01 20:09:27,421 INFO - training.ea.ea_trainer - Iteration 1, Batch 360/600
2020-05-01 20:09:27,488 INFO - training.ea.ea_trainer - Iteration 1, Batch 361/600
2020-05-01 20:09:27,598 INFO - training.ea.ea_trainer - Iteration 1, Batch 362/600
2020-05-01 20:09:27,664 INFO - training.ea.ea_trainer - Iteration 1, Batch 363/600
2020-05-01 20:09:27,795 INFO - training.ea.ea_trainer - Iteration 1, Batch 364/600
2020-05-01 20:09:27,840 INFO - training.ea.ea_trainer - Iteration 1, Batch 365/600
2020-05-01 20:09:27,967 INFO - training.ea.ea_trainer - Iteration 1, Batch 366/600
2020-05-01 20:09:28,032 INFO - training.ea.ea_trainer - Iteration 1, Batch 367/600
2020-05-01 20:09:28,119 INFO - training.ea.ea_trainer - Iteration 1, Batch 368/600
2020-05-01 20:09:28,172 INFO - training.ea.ea_trainer - Iteration 1, Batch 369/600
2020-05-01 20:09:28,290 INFO - training.ea.ea_trainer - Iteration 1, Batch 370/600
2020-05-01 20:09:28,358 INFO - training.ea.ea_trainer - Iteration 1, Batch 371/600
2020-05-01 20:09:28,458 INFO - training.ea.ea_trainer - Iteration 1, Batch 372/600
2020-05-01 20:09:28,531 INFO - training.ea.ea_trainer - Iteration 1, Batch 373/600
2020-05-01 20:09:28,644 INFO - training.ea.ea_trainer - Iteration 1, Batch 374/600
2020-05-01 20:09:28,691 INFO - training.ea.ea_trainer - Iteration 1, Batch 375/600
2020-05-01 20:09:28,845 INFO - training.ea.ea_trainer - Iteration 1, Batch 376/600
2020-05-01 20:09:28,924 INFO - training.ea.ea_trainer - Iteration 1, Batch 377/600
2020-05-01 20:09:29,020 INFO - training.ea.ea_trainer - Iteration 1, Batch 378/600
2020-05-01 20:09:29,071 INFO - training.ea.ea_trainer - Iteration 1, Batch 379/600
2020-05-01 20:09:29,162 INFO - training.ea.ea_trainer - Iteration 1, Batch 380/600
2020-05-01 20:09:29,222 INFO - training.ea.ea_trainer - Iteration 1, Batch 381/600
2020-05-01 20:09:29,309 INFO - training.ea.ea_trainer - Iteration 1, Batch 382/600
2020-05-01 20:09:29,357 INFO - training.ea.ea_trainer - Iteration 1, Batch 383/600
2020-05-01 20:09:29,467 INFO - training.ea.ea_trainer - Iteration 1, Batch 384/600
2020-05-01 20:09:29,533 INFO - training.ea.ea_trainer - Iteration 1, Batch 385/600
2020-05-01 20:09:29,631 INFO - training.ea.ea_trainer - Iteration 1, Batch 386/600
2020-05-01 20:09:29,704 INFO - training.ea.ea_trainer - Iteration 1, Batch 387/600
2020-05-01 20:09:29,799 INFO - training.ea.ea_trainer - Iteration 1, Batch 388/600
2020-05-01 20:09:29,859 INFO - training.ea.ea_trainer - Iteration 1, Batch 389/600
2020-05-01 20:09:29,998 INFO - training.ea.ea_trainer - Iteration 1, Batch 390/600
2020-05-01 20:09:30,086 INFO - training.ea.ea_trainer - Iteration 1, Batch 391/600
2020-05-01 20:09:30,205 INFO - training.ea.ea_trainer - Iteration 1, Batch 392/600
2020-05-01 20:09:30,256 INFO - training.ea.ea_trainer - Iteration 1, Batch 393/600
2020-05-01 20:09:30,391 INFO - training.ea.ea_trainer - Iteration 1, Batch 394/600
2020-05-01 20:09:30,471 INFO - training.ea.ea_trainer - Iteration 1, Batch 395/600
2020-05-01 20:09:30,588 INFO - training.ea.ea_trainer - Iteration 1, Batch 396/600
2020-05-01 20:09:30,610 INFO - training.ea.ea_trainer - Iteration 1, Batch 397/600
2020-05-01 20:09:30,700 INFO - training.ea.ea_trainer - Iteration 1, Batch 398/600
2020-05-01 20:09:30,759 INFO - training.ea.ea_trainer - Iteration 1, Batch 399/600
2020-05-01 20:09:30,951 INFO - training.ea.ea_trainer - Iteration 1, Batch 400/600
2020-05-01 20:09:31,014 INFO - training.ea.ea_trainer - Iteration 1, Batch 401/600
2020-05-01 20:09:31,133 INFO - training.ea.ea_trainer - Iteration 1, Batch 402/600
2020-05-01 20:09:31,205 INFO - training.ea.ea_trainer - Iteration 1, Batch 403/600
2020-05-01 20:09:31,321 INFO - training.ea.ea_trainer - Iteration 1, Batch 404/600
2020-05-01 20:09:31,382 INFO - training.ea.ea_trainer - Iteration 1, Batch 405/600
2020-05-01 20:09:31,533 INFO - training.ea.ea_trainer - Iteration 1, Batch 406/600
2020-05-01 20:09:31,590 INFO - training.ea.ea_trainer - Iteration 1, Batch 407/600
2020-05-01 20:09:31,728 INFO - training.ea.ea_trainer - Iteration 1, Batch 408/600
2020-05-01 20:09:31,786 INFO - training.ea.ea_trainer - Iteration 1, Batch 409/600
2020-05-01 20:09:31,908 INFO - training.ea.ea_trainer - Iteration 1, Batch 410/600
2020-05-01 20:09:31,948 INFO - training.ea.ea_trainer - Iteration 1, Batch 411/600
2020-05-01 20:09:32,072 INFO - training.ea.ea_trainer - Iteration 1, Batch 412/600
2020-05-01 20:09:32,114 INFO - training.ea.ea_trainer - Iteration 1, Batch 413/600
2020-05-01 20:09:32,188 INFO - training.ea.ea_trainer - Iteration 1, Batch 414/600
2020-05-01 20:09:32,231 INFO - training.ea.ea_trainer - Iteration 1, Batch 415/600
2020-05-01 20:09:32,314 INFO - training.ea.ea_trainer - Iteration 1, Batch 416/600
2020-05-01 20:09:32,368 INFO - training.ea.ea_trainer - Iteration 1, Batch 417/600
2020-05-01 20:09:32,487 INFO - training.ea.ea_trainer - Iteration 1, Batch 418/600
2020-05-01 20:09:32,548 INFO - training.ea.ea_trainer - Iteration 1, Batch 419/600
2020-05-01 20:09:32,663 INFO - training.ea.ea_trainer - Iteration 1, Batch 420/600
2020-05-01 20:09:32,716 INFO - training.ea.ea_trainer - Iteration 1, Batch 421/600
2020-05-01 20:09:32,819 INFO - training.ea.ea_trainer - Iteration 1, Batch 422/600
2020-05-01 20:09:32,878 INFO - training.ea.ea_trainer - Iteration 1, Batch 423/600
2020-05-01 20:09:32,980 INFO - training.ea.ea_trainer - Iteration 1, Batch 424/600
2020-05-01 20:09:33,041 INFO - training.ea.ea_trainer - Iteration 1, Batch 425/600
2020-05-01 20:09:33,129 INFO - training.ea.ea_trainer - Iteration 1, Batch 426/600
2020-05-01 20:09:33,176 INFO - training.ea.ea_trainer - Iteration 1, Batch 427/600
2020-05-01 20:09:33,291 INFO - training.ea.ea_trainer - Iteration 1, Batch 428/600
2020-05-01 20:09:33,352 INFO - training.ea.ea_trainer - Iteration 1, Batch 429/600
2020-05-01 20:09:33,442 INFO - training.ea.ea_trainer - Iteration 1, Batch 430/600
2020-05-01 20:09:33,523 INFO - training.ea.ea_trainer - Iteration 1, Batch 431/600
2020-05-01 20:09:33,667 INFO - training.ea.ea_trainer - Iteration 1, Batch 432/600
2020-05-01 20:09:33,701 INFO - training.ea.ea_trainer - Iteration 1, Batch 433/600
2020-05-01 20:09:33,832 INFO - training.ea.ea_trainer - Iteration 1, Batch 434/600
2020-05-01 20:09:33,879 INFO - training.ea.ea_trainer - Iteration 1, Batch 435/600
2020-05-01 20:09:34,033 INFO - training.ea.ea_trainer - Iteration 1, Batch 436/600
2020-05-01 20:09:34,099 INFO - training.ea.ea_trainer - Iteration 1, Batch 437/600
2020-05-01 20:09:34,208 INFO - training.ea.ea_trainer - Iteration 1, Batch 438/600
2020-05-01 20:09:34,269 INFO - training.ea.ea_trainer - Iteration 1, Batch 439/600
2020-05-01 20:09:34,358 INFO - training.ea.ea_trainer - Iteration 1, Batch 440/600
2020-05-01 20:09:34,394 INFO - training.ea.ea_trainer - Iteration 1, Batch 441/600
2020-05-01 20:09:34,488 INFO - training.ea.ea_trainer - Iteration 1, Batch 442/600
2020-05-01 20:09:34,544 INFO - training.ea.ea_trainer - Iteration 1, Batch 443/600
2020-05-01 20:09:34,680 INFO - training.ea.ea_trainer - Iteration 1, Batch 444/600
2020-05-01 20:09:34,788 INFO - training.ea.ea_trainer - Iteration 1, Batch 445/600
2020-05-01 20:09:34,918 INFO - training.ea.ea_trainer - Iteration 1, Batch 446/600
2020-05-01 20:09:34,973 INFO - training.ea.ea_trainer - Iteration 1, Batch 447/600
2020-05-01 20:09:35,124 INFO - training.ea.ea_trainer - Iteration 1, Batch 448/600
2020-05-01 20:09:35,185 INFO - training.ea.ea_trainer - Iteration 1, Batch 449/600
2020-05-01 20:09:35,293 INFO - training.ea.ea_trainer - Iteration 1, Batch 450/600
2020-05-01 20:09:35,338 INFO - training.ea.ea_trainer - Iteration 1, Batch 451/600
2020-05-01 20:09:35,443 INFO - training.ea.ea_trainer - Iteration 1, Batch 452/600
2020-05-01 20:09:35,505 INFO - training.ea.ea_trainer - Iteration 1, Batch 453/600
2020-05-01 20:09:35,616 INFO - training.ea.ea_trainer - Iteration 1, Batch 454/600
2020-05-01 20:09:35,673 INFO - training.ea.ea_trainer - Iteration 1, Batch 455/600
2020-05-01 20:09:35,791 INFO - training.ea.ea_trainer - Iteration 1, Batch 456/600
2020-05-01 20:09:35,856 INFO - training.ea.ea_trainer - Iteration 1, Batch 457/600
2020-05-01 20:09:35,970 INFO - training.ea.ea_trainer - Iteration 1, Batch 458/600
2020-05-01 20:09:36,008 INFO - training.ea.ea_trainer - Iteration 1, Batch 459/600
2020-05-01 20:09:36,115 INFO - training.ea.ea_trainer - Iteration 1, Batch 460/600
2020-05-01 20:09:36,179 INFO - training.ea.ea_trainer - Iteration 1, Batch 461/600
2020-05-01 20:09:36,306 INFO - training.ea.ea_trainer - Iteration 1, Batch 462/600
2020-05-01 20:09:36,339 INFO - training.ea.ea_trainer - Iteration 1, Batch 463/600
2020-05-01 20:09:36,439 INFO - training.ea.ea_trainer - Iteration 1, Batch 464/600
2020-05-01 20:09:36,511 INFO - training.ea.ea_trainer - Iteration 1, Batch 465/600
2020-05-01 20:09:36,652 INFO - training.ea.ea_trainer - Iteration 1, Batch 466/600
2020-05-01 20:09:36,714 INFO - training.ea.ea_trainer - Iteration 1, Batch 467/600
2020-05-01 20:09:36,814 INFO - training.ea.ea_trainer - Iteration 1, Batch 468/600
2020-05-01 20:09:36,886 INFO - training.ea.ea_trainer - Iteration 1, Batch 469/600
2020-05-01 20:09:37,040 INFO - training.ea.ea_trainer - Iteration 1, Batch 470/600
2020-05-01 20:09:37,105 INFO - training.ea.ea_trainer - Iteration 1, Batch 471/600
2020-05-01 20:09:37,254 INFO - training.ea.ea_trainer - Iteration 1, Batch 472/600
2020-05-01 20:09:37,315 INFO - training.ea.ea_trainer - Iteration 1, Batch 473/600
2020-05-01 20:09:37,432 INFO - training.ea.ea_trainer - Iteration 1, Batch 474/600
2020-05-01 20:09:37,510 INFO - training.ea.ea_trainer - Iteration 1, Batch 475/600
2020-05-01 20:09:37,606 INFO - training.ea.ea_trainer - Iteration 1, Batch 476/600
2020-05-01 20:09:37,642 INFO - training.ea.ea_trainer - Iteration 1, Batch 477/600
2020-05-01 20:09:37,733 INFO - training.ea.ea_trainer - Iteration 1, Batch 478/600
2020-05-01 20:09:37,790 INFO - training.ea.ea_trainer - Iteration 1, Batch 479/600
2020-05-01 20:09:37,872 INFO - training.ea.ea_trainer - Iteration 1, Batch 480/600
2020-05-01 20:09:37,959 INFO - training.ea.ea_trainer - Iteration 1, Batch 481/600
2020-05-01 20:09:38,087 INFO - training.ea.ea_trainer - Iteration 1, Batch 482/600
2020-05-01 20:09:38,160 INFO - training.ea.ea_trainer - Iteration 1, Batch 483/600
2020-05-01 20:09:38,300 INFO - training.ea.ea_trainer - Iteration 1, Batch 484/600
2020-05-01 20:09:38,361 INFO - training.ea.ea_trainer - Iteration 1, Batch 485/600
2020-05-01 20:09:38,500 INFO - training.ea.ea_trainer - Iteration 1, Batch 486/600
2020-05-01 20:09:38,568 INFO - training.ea.ea_trainer - Iteration 1, Batch 487/600
2020-05-01 20:09:38,659 INFO - training.ea.ea_trainer - Iteration 1, Batch 488/600
2020-05-01 20:09:38,749 INFO - training.ea.ea_trainer - Iteration 1, Batch 489/600
2020-05-01 20:09:38,844 INFO - training.ea.ea_trainer - Iteration 1, Batch 490/600
2020-05-01 20:09:38,898 INFO - training.ea.ea_trainer - Iteration 1, Batch 491/600
2020-05-01 20:09:39,032 INFO - training.ea.ea_trainer - Iteration 1, Batch 492/600
2020-05-01 20:09:39,091 INFO - training.ea.ea_trainer - Iteration 1, Batch 493/600
2020-05-01 20:09:39,187 INFO - training.ea.ea_trainer - Iteration 1, Batch 494/600
2020-05-01 20:09:39,258 INFO - training.ea.ea_trainer - Iteration 1, Batch 495/600
2020-05-01 20:09:39,416 INFO - training.ea.ea_trainer - Iteration 1, Batch 496/600
2020-05-01 20:09:39,458 INFO - training.ea.ea_trainer - Iteration 1, Batch 497/600
2020-05-01 20:09:39,552 INFO - training.ea.ea_trainer - Iteration 1, Batch 498/600
2020-05-01 20:09:39,620 INFO - training.ea.ea_trainer - Iteration 1, Batch 499/600
2020-05-01 20:09:39,750 INFO - training.ea.ea_trainer - Iteration 1, Batch 500/600
2020-05-01 20:09:39,823 INFO - training.ea.ea_trainer - Iteration 1, Batch 501/600
2020-05-01 20:09:39,977 INFO - training.ea.ea_trainer - Iteration 1, Batch 502/600
2020-05-01 20:09:40,043 INFO - training.ea.ea_trainer - Iteration 1, Batch 503/600
2020-05-01 20:09:40,179 INFO - training.ea.ea_trainer - Iteration 1, Batch 504/600
2020-05-01 20:09:40,237 INFO - training.ea.ea_trainer - Iteration 1, Batch 505/600
2020-05-01 20:09:40,343 INFO - training.ea.ea_trainer - Iteration 1, Batch 506/600
2020-05-01 20:09:40,408 INFO - training.ea.ea_trainer - Iteration 1, Batch 507/600
2020-05-01 20:09:40,535 INFO - training.ea.ea_trainer - Iteration 1, Batch 508/600
2020-05-01 20:09:40,609 INFO - training.ea.ea_trainer - Iteration 1, Batch 509/600
2020-05-01 20:09:40,730 INFO - training.ea.ea_trainer - Iteration 1, Batch 510/600
2020-05-01 20:09:40,794 INFO - training.ea.ea_trainer - Iteration 1, Batch 511/600
2020-05-01 20:09:40,898 INFO - training.ea.ea_trainer - Iteration 1, Batch 512/600
2020-05-01 20:09:40,965 INFO - training.ea.ea_trainer - Iteration 1, Batch 513/600
2020-05-01 20:09:41,084 INFO - training.ea.ea_trainer - Iteration 1, Batch 514/600
2020-05-01 20:09:41,185 INFO - training.ea.ea_trainer - Iteration 1, Batch 515/600
2020-05-01 20:09:41,283 INFO - training.ea.ea_trainer - Iteration 1, Batch 516/600
2020-05-01 20:09:41,334 INFO - training.ea.ea_trainer - Iteration 1, Batch 517/600
2020-05-01 20:09:41,471 INFO - training.ea.ea_trainer - Iteration 1, Batch 518/600
2020-05-01 20:09:41,522 INFO - training.ea.ea_trainer - Iteration 1, Batch 519/600
2020-05-01 20:09:41,603 INFO - training.ea.ea_trainer - Iteration 1, Batch 520/600
2020-05-01 20:09:41,657 INFO - training.ea.ea_trainer - Iteration 1, Batch 521/600
2020-05-01 20:09:41,768 INFO - training.ea.ea_trainer - Iteration 1, Batch 522/600
2020-05-01 20:09:41,826 INFO - training.ea.ea_trainer - Iteration 1, Batch 523/600
2020-05-01 20:09:41,939 INFO - training.ea.ea_trainer - Iteration 1, Batch 524/600
2020-05-01 20:09:41,982 INFO - training.ea.ea_trainer - Iteration 1, Batch 525/600
2020-05-01 20:09:42,134 INFO - training.ea.ea_trainer - Iteration 1, Batch 526/600
2020-05-01 20:09:42,192 INFO - training.ea.ea_trainer - Iteration 1, Batch 527/600
2020-05-01 20:09:42,316 INFO - training.ea.ea_trainer - Iteration 1, Batch 528/600
2020-05-01 20:09:42,358 INFO - training.ea.ea_trainer - Iteration 1, Batch 529/600
2020-05-01 20:09:42,492 INFO - training.ea.ea_trainer - Iteration 1, Batch 530/600
2020-05-01 20:09:42,583 INFO - training.ea.ea_trainer - Iteration 1, Batch 531/600
2020-05-01 20:09:42,739 INFO - training.ea.ea_trainer - Iteration 1, Batch 532/600
2020-05-01 20:09:42,786 INFO - training.ea.ea_trainer - Iteration 1, Batch 533/600
2020-05-01 20:09:42,902 INFO - training.ea.ea_trainer - Iteration 1, Batch 534/600
2020-05-01 20:09:42,964 INFO - training.ea.ea_trainer - Iteration 1, Batch 535/600
2020-05-01 20:09:43,100 INFO - training.ea.ea_trainer - Iteration 1, Batch 536/600
2020-05-01 20:09:43,190 INFO - training.ea.ea_trainer - Iteration 1, Batch 537/600
2020-05-01 20:09:43,283 INFO - training.ea.ea_trainer - Iteration 1, Batch 538/600
2020-05-01 20:09:43,344 INFO - training.ea.ea_trainer - Iteration 1, Batch 539/600
2020-05-01 20:09:43,476 INFO - training.ea.ea_trainer - Iteration 1, Batch 540/600
2020-05-01 20:09:43,542 INFO - training.ea.ea_trainer - Iteration 1, Batch 541/600
2020-05-01 20:09:43,662 INFO - training.ea.ea_trainer - Iteration 1, Batch 542/600
2020-05-01 20:09:43,738 INFO - training.ea.ea_trainer - Iteration 1, Batch 543/600
2020-05-01 20:09:43,851 INFO - training.ea.ea_trainer - Iteration 1, Batch 544/600
2020-05-01 20:09:43,963 INFO - training.ea.ea_trainer - Iteration 1, Batch 545/600
2020-05-01 20:09:44,051 INFO - training.ea.ea_trainer - Iteration 1, Batch 546/600
2020-05-01 20:09:44,116 INFO - training.ea.ea_trainer - Iteration 1, Batch 547/600
2020-05-01 20:09:44,235 INFO - training.ea.ea_trainer - Iteration 1, Batch 548/600
2020-05-01 20:09:44,304 INFO - training.ea.ea_trainer - Iteration 1, Batch 549/600
2020-05-01 20:09:44,422 INFO - training.ea.ea_trainer - Iteration 1, Batch 550/600
2020-05-01 20:09:44,501 INFO - training.ea.ea_trainer - Iteration 1, Batch 551/600
2020-05-01 20:09:44,630 INFO - training.ea.ea_trainer - Iteration 1, Batch 552/600
2020-05-01 20:09:44,698 INFO - training.ea.ea_trainer - Iteration 1, Batch 553/600
2020-05-01 20:09:44,790 INFO - training.ea.ea_trainer - Iteration 1, Batch 554/600
2020-05-01 20:09:44,854 INFO - training.ea.ea_trainer - Iteration 1, Batch 555/600
2020-05-01 20:09:44,958 INFO - training.ea.ea_trainer - Iteration 1, Batch 556/600
2020-05-01 20:09:45,028 INFO - training.ea.ea_trainer - Iteration 1, Batch 557/600
2020-05-01 20:09:45,169 INFO - training.ea.ea_trainer - Iteration 1, Batch 558/600
2020-05-01 20:09:45,225 INFO - training.ea.ea_trainer - Iteration 1, Batch 559/600
2020-05-01 20:09:45,366 INFO - training.ea.ea_trainer - Iteration 1, Batch 560/600
2020-05-01 20:09:45,408 INFO - training.ea.ea_trainer - Iteration 1, Batch 561/600
2020-05-01 20:09:45,531 INFO - training.ea.ea_trainer - Iteration 1, Batch 562/600
2020-05-01 20:09:45,592 INFO - training.ea.ea_trainer - Iteration 1, Batch 563/600
2020-05-01 20:09:45,710 INFO - training.ea.ea_trainer - Iteration 1, Batch 564/600
2020-05-01 20:09:45,738 INFO - training.ea.ea_trainer - Iteration 1, Batch 565/600
2020-05-01 20:09:45,881 INFO - training.ea.ea_trainer - Iteration 1, Batch 566/600
2020-05-01 20:09:45,920 INFO - training.ea.ea_trainer - Iteration 1, Batch 567/600
2020-05-01 20:09:46,022 INFO - training.ea.ea_trainer - Iteration 1, Batch 568/600
2020-05-01 20:09:46,074 INFO - training.ea.ea_trainer - Iteration 1, Batch 569/600
2020-05-01 20:09:46,196 INFO - training.ea.ea_trainer - Iteration 1, Batch 570/600
2020-05-01 20:09:46,252 INFO - training.ea.ea_trainer - Iteration 1, Batch 571/600
2020-05-01 20:09:46,346 INFO - training.ea.ea_trainer - Iteration 1, Batch 572/600
2020-05-01 20:09:46,399 INFO - training.ea.ea_trainer - Iteration 1, Batch 573/600
2020-05-01 20:09:46,507 INFO - training.ea.ea_trainer - Iteration 1, Batch 574/600
2020-05-01 20:09:46,552 INFO - training.ea.ea_trainer - Iteration 1, Batch 575/600
2020-05-01 20:09:46,678 INFO - training.ea.ea_trainer - Iteration 1, Batch 576/600
2020-05-01 20:09:46,743 INFO - training.ea.ea_trainer - Iteration 1, Batch 577/600
2020-05-01 20:09:46,849 INFO - training.ea.ea_trainer - Iteration 1, Batch 578/600
2020-05-01 20:09:46,905 INFO - training.ea.ea_trainer - Iteration 1, Batch 579/600
2020-05-01 20:09:47,027 INFO - training.ea.ea_trainer - Iteration 1, Batch 580/600
2020-05-01 20:09:47,066 INFO - training.ea.ea_trainer - Iteration 1, Batch 581/600
2020-05-01 20:09:47,195 INFO - training.ea.ea_trainer - Iteration 1, Batch 582/600
2020-05-01 20:09:47,240 INFO - training.ea.ea_trainer - Iteration 1, Batch 583/600
2020-05-01 20:09:47,357 INFO - training.ea.ea_trainer - Iteration 1, Batch 584/600
2020-05-01 20:09:47,394 INFO - training.ea.ea_trainer - Iteration 1, Batch 585/600
2020-05-01 20:09:47,494 INFO - training.ea.ea_trainer - Iteration 1, Batch 586/600
2020-05-01 20:09:47,571 INFO - training.ea.ea_trainer - Iteration 1, Batch 587/600
2020-05-01 20:09:47,685 INFO - training.ea.ea_trainer - Iteration 1, Batch 588/600
2020-05-01 20:09:47,737 INFO - training.ea.ea_trainer - Iteration 1, Batch 589/600
2020-05-01 20:09:47,846 INFO - training.ea.ea_trainer - Iteration 1, Batch 590/600
2020-05-01 20:09:47,908 INFO - training.ea.ea_trainer - Iteration 1, Batch 591/600
2020-05-01 20:09:48,045 INFO - training.ea.ea_trainer - Iteration 1, Batch 592/600
2020-05-01 20:09:48,095 INFO - training.ea.ea_trainer - Iteration 1, Batch 593/600
2020-05-01 20:09:48,178 INFO - training.ea.ea_trainer - Iteration 1, Batch 594/600
2020-05-01 20:09:48,224 INFO - training.ea.ea_trainer - Iteration 1, Batch 595/600
2020-05-01 20:09:48,309 INFO - training.ea.ea_trainer - Iteration 1, Batch 596/600
2020-05-01 20:09:48,346 INFO - training.ea.ea_trainer - Iteration 1, Batch 597/600
2020-05-01 20:09:48,481 INFO - training.ea.ea_trainer - Iteration 1, Batch 598/600
2020-05-01 20:09:48,514 INFO - training.ea.ea_trainer - Iteration 1, Batch 599/600
2020-05-01 20:09:48,987 INFO - requests.packages.urllib3.connectionpool - Starting new HTTP connection (1): 127.0.0.1
2020-05-01 20:09:48,990 INFO - requests.packages.urllib3.connectionpool - Starting new HTTP connection (1): 127.0.0.1
2020-05-01 20:09:49,216 INFO - distribution.node_client - Loading parameters from endpoint http://127.0.0.1:5001/parameters/generators/best took 0.23349499702453613 seconds
2020-05-01 20:09:49,261 INFO - distribution.node_client - Loading parameters from endpoint http://127.0.0.1:5002/parameters/generators/best took 0.2767367362976074 seconds
2020-05-01 20:09:49,382 INFO - training.ea.ea_trainer - Calculating FID/inception score.
2020-05-01 20:09:49,465 CRITICAL - distribution.client_api - An unhandled error occured while running Lipizzaner: 
Found no NVIDIA driver on your system. Please check that you
have an NVIDIA GPU and installed a driver from
http://www.nvidia.com/Download/index.aspx
2020-05-01 20:09:49,478 INFO - distribution.client_api - Finished experiment, waiting for new requests.
2020-05-01 20:09:52,246 WARNING - distribution.client_api - Received stop signal from master, but no experiment is running.
