2020-05-01 19:38:46,474 INFO - distribution.client_api - Distributed training recognized, set log directory to ./output/lipizzaner_gan/distributed/mnist/2020-05-01_19-38-46/2428
2020-05-01 19:38:46,730 INFO - lipizzaner - Parameters: {'trainer': {'params': {'tournament_size': 2, 'fitness': {'fitness_sample_size': 1000, 'fitness_mode': 'average'}, 'population_size': 1, 'mixture_sigma': 0.01, 'discriminator_skip_each_nth_step': 1, 'enable_selection': False, 'score': {'cuda': True, 'enabled': True, 'score_sample_size': 1000, 'type': 'fid'}, 'alpha': 0.0001, 'n_replacements': 1, 'default_adam_learning_rate': 0.0002, 'mutation_probability': 0.5}, 'mixture_generator_samples_mode': 'exact_proportion', 'calculate_net_weights_dist': True, 'n_iterations': 5, 'name': 'lipizzaner_gan'}, 'network': {'name': 'four_layer_perceptron', 'loss': 'bceloss'}, 'dataloader': {'n_batches': 0, 'dataset_name': 'mnist', 'batch_size': 100, 'shuffle': True, 'use_batch': True}, 'general': {'losswise': {'api_key': '3T1CKALG6', 'enabled': False}, 'distribution': {'client_nodes': [{'address': '127.0.0.1', 'port': 5000}, {'address': '127.0.0.1', 'port': 5001}, {'address': '127.0.0.1', 'port': 5002}, {'address': '127.0.0.1', 'port': 5003}], 'start_time': '2020-05-01_19-38-46', 'auto_discover': False, 'master_node': {'exit_clients_on_disconnect': True}}, 'num_workers': 4, 'seed': 1, 'logging': {'log_server': None, 'image_format': 'jpg', 'enabled': True, 'log_level': 'INFO', 'print_discriminator': False}, 'output_dir': './output'}, 'master': {'calculate_score': False, 'cuda': True, 'score_sample_size': 50000}}
2020-05-01 19:38:46,731 INFO - lipizzaner - CUDA is not supported on this device.
2020-05-01 19:38:46,733 INFO - lipizzaner - Seed used: 6015804
2020-05-01 19:38:46,734 INFO - lipizzaner - Starting training for 5 iterations/epochs.
2020-05-01 19:38:46,890 INFO - requests.packages.urllib3.connectionpool - Starting new HTTP connection (1): 127.0.0.1
2020-05-01 19:38:46,905 INFO - requests.packages.urllib3.connectionpool - Starting new HTTP connection (1): 127.0.0.1
2020-05-01 19:38:47,118 INFO - distribution.node_client - Loading parameters from endpoint http://127.0.0.1:5000/parameters/generators took 0.23309111595153809 seconds
2020-05-01 19:38:47,132 INFO - distribution.node_client - Loading parameters from endpoint http://127.0.0.1:5003/parameters/generators took 0.23432493209838867 seconds
2020-05-01 19:38:47,184 INFO - requests.packages.urllib3.connectionpool - Starting new HTTP connection (1): 127.0.0.1
2020-05-01 19:38:47,188 INFO - requests.packages.urllib3.connectionpool - Starting new HTTP connection (1): 127.0.0.1
2020-05-01 19:38:47,252 INFO - distribution.node_client - Loading parameters from endpoint http://127.0.0.1:5003/parameters/discriminators took 0.06618285179138184 seconds
2020-05-01 19:38:47,272 INFO - distribution.node_client - Loading parameters from endpoint http://127.0.0.1:5000/parameters/discriminators took 0.09045076370239258 seconds
2020-05-01 19:38:47,363 INFO - training.ea.ea_trainer - Generators in current neighborhood are ['Iteration0:127.0.0.1:5000:0/G0', 'Iteration0:127.0.0.1:5003:3/G0', 'Iteration0:127.0.0.1:5002:2/G0']
2020-05-01 19:38:47,363 INFO - training.ea.ea_trainer - Discriminators in current neighborhood are ['Iteration0:127.0.0.1:5003:3/D0', 'Iteration0:127.0.0.1:5000:0/D0', 'Iteration0:127.0.0.1:5002:2/D0']
2020-05-01 19:38:47,373 INFO - training.ea.ea_trainer - L2 distance between all generators weights: [('Iteration0:127.0.0.1:5000:0/G0', 'Iteration0:127.0.0.1:5003:3/G0', array(29.420944, dtype=float32)), ('Iteration0:127.0.0.1:5000:0/G0', 'Iteration0:127.0.0.1:5002:2/G0', array(29.50566, dtype=float32)), ('Iteration0:127.0.0.1:5003:3/G0', 'Iteration0:127.0.0.1:5002:2/G0', array(29.516949, dtype=float32))]
2020-05-01 19:38:47,384 INFO - training.ea.ea_trainer - L2 distance between all discriminators weights: [('Iteration0:127.0.0.1:5003:3/D0', 'Iteration0:127.0.0.1:5000:0/D0', array(18.491697, dtype=float32)), ('Iteration0:127.0.0.1:5003:3/D0', 'Iteration0:127.0.0.1:5002:2/D0', array(18.522278, dtype=float32)), ('Iteration0:127.0.0.1:5000:0/D0', 'Iteration0:127.0.0.1:5002:2/D0', array(18.51303, dtype=float32))]
2020-05-01 19:38:49,579 INFO - training.ea.ea_trainer - Iteration 1, Batch 0/600
2020-05-01 19:38:49,666 INFO - training.ea.ea_trainer - Iteration 1, Batch 1/600
2020-05-01 19:38:49,818 INFO - training.ea.ea_trainer - Iteration 1, Batch 2/600
2020-05-01 19:38:49,865 INFO - training.ea.ea_trainer - Iteration 1, Batch 3/600
2020-05-01 19:38:49,990 INFO - training.ea.ea_trainer - Iteration 1, Batch 4/600
2020-05-01 19:38:50,043 INFO - training.ea.ea_trainer - Iteration 1, Batch 5/600
2020-05-01 19:38:50,138 INFO - training.ea.ea_trainer - Iteration 1, Batch 6/600
2020-05-01 19:38:50,198 INFO - training.ea.ea_trainer - Iteration 1, Batch 7/600
2020-05-01 19:38:50,336 INFO - training.ea.ea_trainer - Iteration 1, Batch 8/600
2020-05-01 19:38:50,386 INFO - training.ea.ea_trainer - Iteration 1, Batch 9/600
2020-05-01 19:38:50,469 INFO - training.ea.ea_trainer - Iteration 1, Batch 10/600
2020-05-01 19:38:50,521 INFO - training.ea.ea_trainer - Iteration 1, Batch 11/600
2020-05-01 19:38:50,610 INFO - training.ea.ea_trainer - Iteration 1, Batch 12/600
2020-05-01 19:38:50,683 INFO - training.ea.ea_trainer - Iteration 1, Batch 13/600
2020-05-01 19:38:50,773 INFO - training.ea.ea_trainer - Iteration 1, Batch 14/600
2020-05-01 19:38:50,860 INFO - training.ea.ea_trainer - Iteration 1, Batch 15/600
2020-05-01 19:38:51,024 INFO - training.ea.ea_trainer - Iteration 1, Batch 16/600
2020-05-01 19:38:51,087 INFO - training.ea.ea_trainer - Iteration 1, Batch 17/600
2020-05-01 19:38:51,221 INFO - training.ea.ea_trainer - Iteration 1, Batch 18/600
2020-05-01 19:38:51,308 INFO - training.ea.ea_trainer - Iteration 1, Batch 19/600
2020-05-01 19:38:51,383 INFO - training.ea.ea_trainer - Iteration 1, Batch 20/600
2020-05-01 19:38:51,428 INFO - training.ea.ea_trainer - Iteration 1, Batch 21/600
2020-05-01 19:38:51,543 INFO - training.ea.ea_trainer - Iteration 1, Batch 22/600
2020-05-01 19:38:51,577 INFO - training.ea.ea_trainer - Iteration 1, Batch 23/600
2020-05-01 19:38:51,670 INFO - training.ea.ea_trainer - Iteration 1, Batch 24/600
2020-05-01 19:38:51,725 INFO - training.ea.ea_trainer - Iteration 1, Batch 25/600
2020-05-01 19:38:51,846 INFO - training.ea.ea_trainer - Iteration 1, Batch 26/600
2020-05-01 19:38:51,892 INFO - training.ea.ea_trainer - Iteration 1, Batch 27/600
2020-05-01 19:38:52,009 INFO - training.ea.ea_trainer - Iteration 1, Batch 28/600
2020-05-01 19:38:52,114 INFO - training.ea.ea_trainer - Iteration 1, Batch 29/600
2020-05-01 19:38:52,224 INFO - training.ea.ea_trainer - Iteration 1, Batch 30/600
2020-05-01 19:38:52,306 INFO - training.ea.ea_trainer - Iteration 1, Batch 31/600
2020-05-01 19:38:52,409 INFO - training.ea.ea_trainer - Iteration 1, Batch 32/600
2020-05-01 19:38:52,469 INFO - training.ea.ea_trainer - Iteration 1, Batch 33/600
2020-05-01 19:38:52,594 INFO - training.ea.ea_trainer - Iteration 1, Batch 34/600
2020-05-01 19:38:52,646 INFO - training.ea.ea_trainer - Iteration 1, Batch 35/600
2020-05-01 19:38:52,780 INFO - training.ea.ea_trainer - Iteration 1, Batch 36/600
2020-05-01 19:38:52,825 INFO - training.ea.ea_trainer - Iteration 1, Batch 37/600
2020-05-01 19:38:52,939 INFO - training.ea.ea_trainer - Iteration 1, Batch 38/600
2020-05-01 19:38:53,000 INFO - training.ea.ea_trainer - Iteration 1, Batch 39/600
2020-05-01 19:38:53,124 INFO - training.ea.ea_trainer - Iteration 1, Batch 40/600
2020-05-01 19:38:53,165 INFO - training.ea.ea_trainer - Iteration 1, Batch 41/600
2020-05-01 19:38:53,267 INFO - training.ea.ea_trainer - Iteration 1, Batch 42/600
2020-05-01 19:38:53,323 INFO - training.ea.ea_trainer - Iteration 1, Batch 43/600
2020-05-01 19:38:53,417 INFO - training.ea.ea_trainer - Iteration 1, Batch 44/600
2020-05-01 19:38:53,487 INFO - training.ea.ea_trainer - Iteration 1, Batch 45/600
2020-05-01 19:38:53,586 INFO - training.ea.ea_trainer - Iteration 1, Batch 46/600
2020-05-01 19:38:53,615 INFO - training.ea.ea_trainer - Iteration 1, Batch 47/600
2020-05-01 19:38:53,744 INFO - training.ea.ea_trainer - Iteration 1, Batch 48/600
2020-05-01 19:38:53,835 INFO - training.ea.ea_trainer - Iteration 1, Batch 49/600
2020-05-01 19:38:53,957 INFO - training.ea.ea_trainer - Iteration 1, Batch 50/600
2020-05-01 19:38:53,998 INFO - training.ea.ea_trainer - Iteration 1, Batch 51/600
2020-05-01 19:38:54,164 INFO - training.ea.ea_trainer - Iteration 1, Batch 52/600
2020-05-01 19:38:54,249 INFO - training.ea.ea_trainer - Iteration 1, Batch 53/600
2020-05-01 19:38:54,348 INFO - training.ea.ea_trainer - Iteration 1, Batch 54/600
2020-05-01 19:38:54,387 INFO - training.ea.ea_trainer - Iteration 1, Batch 55/600
2020-05-01 19:38:54,513 INFO - training.ea.ea_trainer - Iteration 1, Batch 56/600
2020-05-01 19:38:54,594 INFO - training.ea.ea_trainer - Iteration 1, Batch 57/600
2020-05-01 19:38:54,701 INFO - training.ea.ea_trainer - Iteration 1, Batch 58/600
2020-05-01 19:38:54,774 INFO - training.ea.ea_trainer - Iteration 1, Batch 59/600
2020-05-01 19:38:54,914 INFO - training.ea.ea_trainer - Iteration 1, Batch 60/600
2020-05-01 19:38:54,945 INFO - training.ea.ea_trainer - Iteration 1, Batch 61/600
2020-05-01 19:38:55,051 INFO - training.ea.ea_trainer - Iteration 1, Batch 62/600
2020-05-01 19:38:55,114 INFO - training.ea.ea_trainer - Iteration 1, Batch 63/600
2020-05-01 19:38:55,212 INFO - training.ea.ea_trainer - Iteration 1, Batch 64/600
2020-05-01 19:38:55,250 INFO - training.ea.ea_trainer - Iteration 1, Batch 65/600
2020-05-01 19:38:55,360 INFO - training.ea.ea_trainer - Iteration 1, Batch 66/600
2020-05-01 19:38:55,409 INFO - training.ea.ea_trainer - Iteration 1, Batch 67/600
2020-05-01 19:38:55,568 INFO - training.ea.ea_trainer - Iteration 1, Batch 68/600
2020-05-01 19:38:55,668 INFO - training.ea.ea_trainer - Iteration 1, Batch 69/600
2020-05-01 19:38:55,826 INFO - training.ea.ea_trainer - Iteration 1, Batch 70/600
2020-05-01 19:38:55,882 INFO - training.ea.ea_trainer - Iteration 1, Batch 71/600
2020-05-01 19:38:55,991 INFO - training.ea.ea_trainer - Iteration 1, Batch 72/600
2020-05-01 19:38:56,056 INFO - training.ea.ea_trainer - Iteration 1, Batch 73/600
2020-05-01 19:38:56,168 INFO - training.ea.ea_trainer - Iteration 1, Batch 74/600
2020-05-01 19:38:56,229 INFO - training.ea.ea_trainer - Iteration 1, Batch 75/600
2020-05-01 19:38:56,348 INFO - training.ea.ea_trainer - Iteration 1, Batch 76/600
2020-05-01 19:38:56,408 INFO - training.ea.ea_trainer - Iteration 1, Batch 77/600
2020-05-01 19:38:56,497 INFO - training.ea.ea_trainer - Iteration 1, Batch 78/600
2020-05-01 19:38:56,557 INFO - training.ea.ea_trainer - Iteration 1, Batch 79/600
2020-05-01 19:38:56,719 INFO - training.ea.ea_trainer - Iteration 1, Batch 80/600
2020-05-01 19:38:56,798 INFO - training.ea.ea_trainer - Iteration 1, Batch 81/600
2020-05-01 19:38:56,922 INFO - training.ea.ea_trainer - Iteration 1, Batch 82/600
2020-05-01 19:38:56,978 INFO - training.ea.ea_trainer - Iteration 1, Batch 83/600
2020-05-01 19:38:57,086 INFO - training.ea.ea_trainer - Iteration 1, Batch 84/600
2020-05-01 19:38:57,127 INFO - training.ea.ea_trainer - Iteration 1, Batch 85/600
2020-05-01 19:38:57,279 INFO - training.ea.ea_trainer - Iteration 1, Batch 86/600
2020-05-01 19:38:57,317 INFO - training.ea.ea_trainer - Iteration 1, Batch 87/600
2020-05-01 19:38:57,468 INFO - training.ea.ea_trainer - Iteration 1, Batch 88/600
2020-05-01 19:38:57,521 INFO - training.ea.ea_trainer - Iteration 1, Batch 89/600
2020-05-01 19:38:57,650 INFO - training.ea.ea_trainer - Iteration 1, Batch 90/600
2020-05-01 19:38:57,766 INFO - training.ea.ea_trainer - Iteration 1, Batch 91/600
2020-05-01 19:38:57,948 INFO - training.ea.ea_trainer - Iteration 1, Batch 92/600
2020-05-01 19:38:58,040 INFO - training.ea.ea_trainer - Iteration 1, Batch 93/600
2020-05-01 19:38:58,139 INFO - training.ea.ea_trainer - Iteration 1, Batch 94/600
2020-05-01 19:38:58,195 INFO - training.ea.ea_trainer - Iteration 1, Batch 95/600
2020-05-01 19:38:58,306 INFO - training.ea.ea_trainer - Iteration 1, Batch 96/600
2020-05-01 19:38:58,378 INFO - training.ea.ea_trainer - Iteration 1, Batch 97/600
2020-05-01 19:38:58,470 INFO - training.ea.ea_trainer - Iteration 1, Batch 98/600
2020-05-01 19:38:58,509 INFO - training.ea.ea_trainer - Iteration 1, Batch 99/600
2020-05-01 19:38:58,652 INFO - training.ea.ea_trainer - Iteration 1, Batch 100/600
2020-05-01 19:38:58,728 INFO - training.ea.ea_trainer - Iteration 1, Batch 101/600
2020-05-01 19:38:58,852 INFO - training.ea.ea_trainer - Iteration 1, Batch 102/600
2020-05-01 19:38:58,891 INFO - training.ea.ea_trainer - Iteration 1, Batch 103/600
2020-05-01 19:38:59,051 INFO - training.ea.ea_trainer - Iteration 1, Batch 104/600
2020-05-01 19:38:59,112 INFO - training.ea.ea_trainer - Iteration 1, Batch 105/600
2020-05-01 19:38:59,268 INFO - training.ea.ea_trainer - Iteration 1, Batch 106/600
2020-05-01 19:38:59,340 INFO - training.ea.ea_trainer - Iteration 1, Batch 107/600
2020-05-01 19:38:59,484 INFO - training.ea.ea_trainer - Iteration 1, Batch 108/600
2020-05-01 19:38:59,524 INFO - training.ea.ea_trainer - Iteration 1, Batch 109/600
2020-05-01 19:38:59,661 INFO - training.ea.ea_trainer - Iteration 1, Batch 110/600
2020-05-01 19:38:59,703 INFO - training.ea.ea_trainer - Iteration 1, Batch 111/600
2020-05-01 19:38:59,841 INFO - training.ea.ea_trainer - Iteration 1, Batch 112/600
2020-05-01 19:38:59,922 INFO - training.ea.ea_trainer - Iteration 1, Batch 113/600
2020-05-01 19:39:00,059 INFO - training.ea.ea_trainer - Iteration 1, Batch 114/600
2020-05-01 19:39:00,119 INFO - training.ea.ea_trainer - Iteration 1, Batch 115/600
2020-05-01 19:39:00,231 INFO - training.ea.ea_trainer - Iteration 1, Batch 116/600
2020-05-01 19:39:00,286 INFO - training.ea.ea_trainer - Iteration 1, Batch 117/600
2020-05-01 19:39:00,447 INFO - training.ea.ea_trainer - Iteration 1, Batch 118/600
2020-05-01 19:39:00,531 INFO - training.ea.ea_trainer - Iteration 1, Batch 119/600
2020-05-01 19:39:00,643 INFO - training.ea.ea_trainer - Iteration 1, Batch 120/600
2020-05-01 19:39:00,731 INFO - training.ea.ea_trainer - Iteration 1, Batch 121/600
2020-05-01 19:39:00,863 INFO - training.ea.ea_trainer - Iteration 1, Batch 122/600
2020-05-01 19:39:00,944 INFO - training.ea.ea_trainer - Iteration 1, Batch 123/600
2020-05-01 19:39:01,074 INFO - training.ea.ea_trainer - Iteration 1, Batch 124/600
2020-05-01 19:39:01,150 INFO - training.ea.ea_trainer - Iteration 1, Batch 125/600
2020-05-01 19:39:01,263 INFO - training.ea.ea_trainer - Iteration 1, Batch 126/600
2020-05-01 19:39:01,299 INFO - training.ea.ea_trainer - Iteration 1, Batch 127/600
2020-05-01 19:39:01,415 INFO - training.ea.ea_trainer - Iteration 1, Batch 128/600
2020-05-01 19:39:01,450 INFO - training.ea.ea_trainer - Iteration 1, Batch 129/600
2020-05-01 19:39:01,618 INFO - training.ea.ea_trainer - Iteration 1, Batch 130/600
2020-05-01 19:39:01,646 INFO - training.ea.ea_trainer - Iteration 1, Batch 131/600
2020-05-01 19:39:01,749 INFO - training.ea.ea_trainer - Iteration 1, Batch 132/600
2020-05-01 19:39:01,834 INFO - training.ea.ea_trainer - Iteration 1, Batch 133/600
2020-05-01 19:39:01,971 INFO - training.ea.ea_trainer - Iteration 1, Batch 134/600
2020-05-01 19:39:02,029 INFO - training.ea.ea_trainer - Iteration 1, Batch 135/600
2020-05-01 19:39:02,160 INFO - training.ea.ea_trainer - Iteration 1, Batch 136/600
2020-05-01 19:39:02,212 INFO - training.ea.ea_trainer - Iteration 1, Batch 137/600
2020-05-01 19:39:02,328 INFO - training.ea.ea_trainer - Iteration 1, Batch 138/600
2020-05-01 19:39:02,398 INFO - training.ea.ea_trainer - Iteration 1, Batch 139/600
2020-05-01 19:39:02,559 INFO - training.ea.ea_trainer - Iteration 1, Batch 140/600
2020-05-01 19:39:02,623 INFO - training.ea.ea_trainer - Iteration 1, Batch 141/600
2020-05-01 19:39:02,713 INFO - training.ea.ea_trainer - Iteration 1, Batch 142/600
2020-05-01 19:39:02,778 INFO - training.ea.ea_trainer - Iteration 1, Batch 143/600
2020-05-01 19:39:02,920 INFO - training.ea.ea_trainer - Iteration 1, Batch 144/600
2020-05-01 19:39:02,986 INFO - training.ea.ea_trainer - Iteration 1, Batch 145/600
2020-05-01 19:39:03,078 INFO - training.ea.ea_trainer - Iteration 1, Batch 146/600
2020-05-01 19:39:03,127 INFO - training.ea.ea_trainer - Iteration 1, Batch 147/600
2020-05-01 19:39:03,244 INFO - training.ea.ea_trainer - Iteration 1, Batch 148/600
2020-05-01 19:39:03,294 INFO - training.ea.ea_trainer - Iteration 1, Batch 149/600
2020-05-01 19:39:03,408 INFO - training.ea.ea_trainer - Iteration 1, Batch 150/600
2020-05-01 19:39:03,465 INFO - training.ea.ea_trainer - Iteration 1, Batch 151/600
2020-05-01 19:39:03,566 INFO - training.ea.ea_trainer - Iteration 1, Batch 152/600
2020-05-01 19:39:03,649 INFO - training.ea.ea_trainer - Iteration 1, Batch 153/600
2020-05-01 19:39:03,749 INFO - training.ea.ea_trainer - Iteration 1, Batch 154/600
2020-05-01 19:39:03,798 INFO - training.ea.ea_trainer - Iteration 1, Batch 155/600
2020-05-01 19:39:03,903 INFO - training.ea.ea_trainer - Iteration 1, Batch 156/600
2020-05-01 19:39:03,946 INFO - training.ea.ea_trainer - Iteration 1, Batch 157/600
2020-05-01 19:39:04,052 INFO - training.ea.ea_trainer - Iteration 1, Batch 158/600
2020-05-01 19:39:04,139 INFO - training.ea.ea_trainer - Iteration 1, Batch 159/600
2020-05-01 19:39:04,257 INFO - training.ea.ea_trainer - Iteration 1, Batch 160/600
2020-05-01 19:39:04,338 INFO - training.ea.ea_trainer - Iteration 1, Batch 161/600
2020-05-01 19:39:04,438 INFO - training.ea.ea_trainer - Iteration 1, Batch 162/600
2020-05-01 19:39:04,466 INFO - training.ea.ea_trainer - Iteration 1, Batch 163/600
2020-05-01 19:39:04,585 INFO - training.ea.ea_trainer - Iteration 1, Batch 164/600
2020-05-01 19:39:04,664 INFO - training.ea.ea_trainer - Iteration 1, Batch 165/600
2020-05-01 19:39:04,763 INFO - training.ea.ea_trainer - Iteration 1, Batch 166/600
2020-05-01 19:39:04,838 INFO - training.ea.ea_trainer - Iteration 1, Batch 167/600
2020-05-01 19:39:04,976 INFO - training.ea.ea_trainer - Iteration 1, Batch 168/600
2020-05-01 19:39:05,025 INFO - training.ea.ea_trainer - Iteration 1, Batch 169/600
2020-05-01 19:39:05,160 INFO - training.ea.ea_trainer - Iteration 1, Batch 170/600
2020-05-01 19:39:05,255 INFO - training.ea.ea_trainer - Iteration 1, Batch 171/600
2020-05-01 19:39:05,361 INFO - training.ea.ea_trainer - Iteration 1, Batch 172/600
2020-05-01 19:39:05,418 INFO - training.ea.ea_trainer - Iteration 1, Batch 173/600
2020-05-01 19:39:05,513 INFO - training.ea.ea_trainer - Iteration 1, Batch 174/600
2020-05-01 19:39:05,581 INFO - training.ea.ea_trainer - Iteration 1, Batch 175/600
2020-05-01 19:39:05,683 INFO - training.ea.ea_trainer - Iteration 1, Batch 176/600
2020-05-01 19:39:05,725 INFO - training.ea.ea_trainer - Iteration 1, Batch 177/600
2020-05-01 19:39:05,869 INFO - training.ea.ea_trainer - Iteration 1, Batch 178/600
2020-05-01 19:39:05,906 INFO - training.ea.ea_trainer - Iteration 1, Batch 179/600
2020-05-01 19:39:06,047 INFO - training.ea.ea_trainer - Iteration 1, Batch 180/600
2020-05-01 19:39:06,093 INFO - training.ea.ea_trainer - Iteration 1, Batch 181/600
2020-05-01 19:39:06,210 INFO - training.ea.ea_trainer - Iteration 1, Batch 182/600
2020-05-01 19:39:06,263 INFO - training.ea.ea_trainer - Iteration 1, Batch 183/600
2020-05-01 19:39:06,378 INFO - training.ea.ea_trainer - Iteration 1, Batch 184/600
2020-05-01 19:39:06,443 INFO - training.ea.ea_trainer - Iteration 1, Batch 185/600
2020-05-01 19:39:06,510 INFO - training.ea.ea_trainer - Iteration 1, Batch 186/600
2020-05-01 19:39:06,595 INFO - training.ea.ea_trainer - Iteration 1, Batch 187/600
2020-05-01 19:39:06,688 INFO - training.ea.ea_trainer - Iteration 1, Batch 188/600
2020-05-01 19:39:06,731 INFO - training.ea.ea_trainer - Iteration 1, Batch 189/600
2020-05-01 19:39:06,838 INFO - training.ea.ea_trainer - Iteration 1, Batch 190/600
2020-05-01 19:39:06,898 INFO - training.ea.ea_trainer - Iteration 1, Batch 191/600
2020-05-01 19:39:06,995 INFO - training.ea.ea_trainer - Iteration 1, Batch 192/600
2020-05-01 19:39:07,045 INFO - training.ea.ea_trainer - Iteration 1, Batch 193/600
2020-05-01 19:39:07,149 INFO - training.ea.ea_trainer - Iteration 1, Batch 194/600
2020-05-01 19:39:07,225 INFO - training.ea.ea_trainer - Iteration 1, Batch 195/600
2020-05-01 19:39:07,326 INFO - training.ea.ea_trainer - Iteration 1, Batch 196/600
2020-05-01 19:39:07,381 INFO - training.ea.ea_trainer - Iteration 1, Batch 197/600
2020-05-01 19:39:07,489 INFO - training.ea.ea_trainer - Iteration 1, Batch 198/600
2020-05-01 19:39:07,558 INFO - training.ea.ea_trainer - Iteration 1, Batch 199/600
2020-05-01 19:39:07,684 INFO - training.ea.ea_trainer - Iteration 1, Batch 200/600
2020-05-01 19:39:07,724 INFO - training.ea.ea_trainer - Iteration 1, Batch 201/600
2020-05-01 19:39:07,913 INFO - training.ea.ea_trainer - Iteration 1, Batch 202/600
2020-05-01 19:39:07,966 INFO - training.ea.ea_trainer - Iteration 1, Batch 203/600
2020-05-01 19:39:08,126 INFO - training.ea.ea_trainer - Iteration 1, Batch 204/600
2020-05-01 19:39:08,199 INFO - training.ea.ea_trainer - Iteration 1, Batch 205/600
2020-05-01 19:39:08,368 INFO - training.ea.ea_trainer - Iteration 1, Batch 206/600
2020-05-01 19:39:08,415 INFO - training.ea.ea_trainer - Iteration 1, Batch 207/600
2020-05-01 19:39:08,496 INFO - training.ea.ea_trainer - Iteration 1, Batch 208/600
2020-05-01 19:39:08,582 INFO - training.ea.ea_trainer - Iteration 1, Batch 209/600
2020-05-01 19:39:08,713 INFO - training.ea.ea_trainer - Iteration 1, Batch 210/600
2020-05-01 19:39:08,748 INFO - training.ea.ea_trainer - Iteration 1, Batch 211/600
2020-05-01 19:39:08,866 INFO - training.ea.ea_trainer - Iteration 1, Batch 212/600
2020-05-01 19:39:08,916 INFO - training.ea.ea_trainer - Iteration 1, Batch 213/600
2020-05-01 19:39:09,043 INFO - training.ea.ea_trainer - Iteration 1, Batch 214/600
2020-05-01 19:39:09,089 INFO - training.ea.ea_trainer - Iteration 1, Batch 215/600
2020-05-01 19:39:09,199 INFO - training.ea.ea_trainer - Iteration 1, Batch 216/600
2020-05-01 19:39:09,327 INFO - training.ea.ea_trainer - Iteration 1, Batch 217/600
2020-05-01 19:39:09,470 INFO - training.ea.ea_trainer - Iteration 1, Batch 218/600
2020-05-01 19:39:09,511 INFO - training.ea.ea_trainer - Iteration 1, Batch 219/600
2020-05-01 19:39:09,647 INFO - training.ea.ea_trainer - Iteration 1, Batch 220/600
2020-05-01 19:39:09,691 INFO - training.ea.ea_trainer - Iteration 1, Batch 221/600
2020-05-01 19:39:09,833 INFO - training.ea.ea_trainer - Iteration 1, Batch 222/600
2020-05-01 19:39:09,893 INFO - training.ea.ea_trainer - Iteration 1, Batch 223/600
2020-05-01 19:39:10,028 INFO - training.ea.ea_trainer - Iteration 1, Batch 224/600
2020-05-01 19:39:10,110 INFO - training.ea.ea_trainer - Iteration 1, Batch 225/600
2020-05-01 19:39:10,225 INFO - training.ea.ea_trainer - Iteration 1, Batch 226/600
2020-05-01 19:39:10,311 INFO - training.ea.ea_trainer - Iteration 1, Batch 227/600
2020-05-01 19:39:10,403 INFO - training.ea.ea_trainer - Iteration 1, Batch 228/600
2020-05-01 19:39:10,481 INFO - training.ea.ea_trainer - Iteration 1, Batch 229/600
2020-05-01 19:39:10,606 INFO - training.ea.ea_trainer - Iteration 1, Batch 230/600
2020-05-01 19:39:10,681 INFO - training.ea.ea_trainer - Iteration 1, Batch 231/600
2020-05-01 19:39:10,814 INFO - training.ea.ea_trainer - Iteration 1, Batch 232/600
2020-05-01 19:39:10,910 INFO - training.ea.ea_trainer - Iteration 1, Batch 233/600
2020-05-01 19:39:11,019 INFO - training.ea.ea_trainer - Iteration 1, Batch 234/600
2020-05-01 19:39:11,065 INFO - training.ea.ea_trainer - Iteration 1, Batch 235/600
2020-05-01 19:39:11,162 INFO - training.ea.ea_trainer - Iteration 1, Batch 236/600
2020-05-01 19:39:11,227 INFO - training.ea.ea_trainer - Iteration 1, Batch 237/600
2020-05-01 19:39:11,328 INFO - training.ea.ea_trainer - Iteration 1, Batch 238/600
2020-05-01 19:39:11,390 INFO - training.ea.ea_trainer - Iteration 1, Batch 239/600
2020-05-01 19:39:11,541 INFO - training.ea.ea_trainer - Iteration 1, Batch 240/600
2020-05-01 19:39:11,609 INFO - training.ea.ea_trainer - Iteration 1, Batch 241/600
2020-05-01 19:39:11,697 INFO - training.ea.ea_trainer - Iteration 1, Batch 242/600
2020-05-01 19:39:11,755 INFO - training.ea.ea_trainer - Iteration 1, Batch 243/600
2020-05-01 19:39:11,843 INFO - training.ea.ea_trainer - Iteration 1, Batch 244/600
2020-05-01 19:39:11,942 INFO - training.ea.ea_trainer - Iteration 1, Batch 245/600
2020-05-01 19:39:12,078 INFO - training.ea.ea_trainer - Iteration 1, Batch 246/600
2020-05-01 19:39:12,144 INFO - training.ea.ea_trainer - Iteration 1, Batch 247/600
2020-05-01 19:39:12,274 INFO - training.ea.ea_trainer - Iteration 1, Batch 248/600
2020-05-01 19:39:12,317 INFO - training.ea.ea_trainer - Iteration 1, Batch 249/600
2020-05-01 19:39:12,421 INFO - training.ea.ea_trainer - Iteration 1, Batch 250/600
2020-05-01 19:39:12,477 INFO - training.ea.ea_trainer - Iteration 1, Batch 251/600
2020-05-01 19:39:12,564 INFO - training.ea.ea_trainer - Iteration 1, Batch 252/600
2020-05-01 19:39:12,633 INFO - training.ea.ea_trainer - Iteration 1, Batch 253/600
2020-05-01 19:39:12,780 INFO - training.ea.ea_trainer - Iteration 1, Batch 254/600
2020-05-01 19:39:12,832 INFO - training.ea.ea_trainer - Iteration 1, Batch 255/600
2020-05-01 19:39:12,970 INFO - training.ea.ea_trainer - Iteration 1, Batch 256/600
2020-05-01 19:39:13,027 INFO - training.ea.ea_trainer - Iteration 1, Batch 257/600
2020-05-01 19:39:13,134 INFO - training.ea.ea_trainer - Iteration 1, Batch 258/600
2020-05-01 19:39:13,189 INFO - training.ea.ea_trainer - Iteration 1, Batch 259/600
2020-05-01 19:39:13,305 INFO - training.ea.ea_trainer - Iteration 1, Batch 260/600
2020-05-01 19:39:13,372 INFO - training.ea.ea_trainer - Iteration 1, Batch 261/600
2020-05-01 19:39:13,489 INFO - training.ea.ea_trainer - Iteration 1, Batch 262/600
2020-05-01 19:39:13,563 INFO - training.ea.ea_trainer - Iteration 1, Batch 263/600
2020-05-01 19:39:13,664 INFO - training.ea.ea_trainer - Iteration 1, Batch 264/600
2020-05-01 19:39:13,718 INFO - training.ea.ea_trainer - Iteration 1, Batch 265/600
2020-05-01 19:39:13,832 INFO - training.ea.ea_trainer - Iteration 1, Batch 266/600
2020-05-01 19:39:13,862 INFO - training.ea.ea_trainer - Iteration 1, Batch 267/600
2020-05-01 19:39:14,011 INFO - training.ea.ea_trainer - Iteration 1, Batch 268/600
2020-05-01 19:39:14,059 INFO - training.ea.ea_trainer - Iteration 1, Batch 269/600
2020-05-01 19:39:14,175 INFO - training.ea.ea_trainer - Iteration 1, Batch 270/600
2020-05-01 19:39:14,242 INFO - training.ea.ea_trainer - Iteration 1, Batch 271/600
2020-05-01 19:39:14,397 INFO - training.ea.ea_trainer - Iteration 1, Batch 272/600
2020-05-01 19:39:14,428 INFO - training.ea.ea_trainer - Iteration 1, Batch 273/600
2020-05-01 19:39:14,529 INFO - training.ea.ea_trainer - Iteration 1, Batch 274/600
2020-05-01 19:39:14,613 INFO - training.ea.ea_trainer - Iteration 1, Batch 275/600
2020-05-01 19:39:14,762 INFO - training.ea.ea_trainer - Iteration 1, Batch 276/600
2020-05-01 19:39:14,809 INFO - training.ea.ea_trainer - Iteration 1, Batch 277/600
2020-05-01 19:39:14,931 INFO - training.ea.ea_trainer - Iteration 1, Batch 278/600
2020-05-01 19:39:15,041 INFO - training.ea.ea_trainer - Iteration 1, Batch 279/600
2020-05-01 19:39:15,172 INFO - training.ea.ea_trainer - Iteration 1, Batch 280/600
2020-05-01 19:39:15,204 INFO - training.ea.ea_trainer - Iteration 1, Batch 281/600
2020-05-01 19:39:15,330 INFO - training.ea.ea_trainer - Iteration 1, Batch 282/600
2020-05-01 19:39:15,383 INFO - training.ea.ea_trainer - Iteration 1, Batch 283/600
2020-05-01 19:39:15,512 INFO - training.ea.ea_trainer - Iteration 1, Batch 284/600
2020-05-01 19:39:15,571 INFO - training.ea.ea_trainer - Iteration 1, Batch 285/600
2020-05-01 19:39:15,713 INFO - training.ea.ea_trainer - Iteration 1, Batch 286/600
2020-05-01 19:39:15,774 INFO - training.ea.ea_trainer - Iteration 1, Batch 287/600
2020-05-01 19:39:15,853 INFO - training.ea.ea_trainer - Iteration 1, Batch 288/600
2020-05-01 19:39:15,912 INFO - training.ea.ea_trainer - Iteration 1, Batch 289/600
2020-05-01 19:39:16,047 INFO - training.ea.ea_trainer - Iteration 1, Batch 290/600
2020-05-01 19:39:16,110 INFO - training.ea.ea_trainer - Iteration 1, Batch 291/600
2020-05-01 19:39:16,257 INFO - training.ea.ea_trainer - Iteration 1, Batch 292/600
2020-05-01 19:39:16,297 INFO - training.ea.ea_trainer - Iteration 1, Batch 293/600
2020-05-01 19:39:16,402 INFO - training.ea.ea_trainer - Iteration 1, Batch 294/600
2020-05-01 19:39:16,480 INFO - training.ea.ea_trainer - Iteration 1, Batch 295/600
2020-05-01 19:39:16,594 INFO - training.ea.ea_trainer - Iteration 1, Batch 296/600
2020-05-01 19:39:16,680 INFO - training.ea.ea_trainer - Iteration 1, Batch 297/600
2020-05-01 19:39:16,768 INFO - training.ea.ea_trainer - Iteration 1, Batch 298/600
2020-05-01 19:39:16,795 INFO - training.ea.ea_trainer - Iteration 1, Batch 299/600
2020-05-01 19:39:16,939 INFO - training.ea.ea_trainer - Iteration 1, Batch 300/600
2020-05-01 19:39:16,989 INFO - training.ea.ea_trainer - Iteration 1, Batch 301/600
2020-05-01 19:39:17,133 INFO - training.ea.ea_trainer - Iteration 1, Batch 302/600
2020-05-01 19:39:17,209 INFO - training.ea.ea_trainer - Iteration 1, Batch 303/600
2020-05-01 19:39:17,320 INFO - training.ea.ea_trainer - Iteration 1, Batch 304/600
2020-05-01 19:39:17,384 INFO - training.ea.ea_trainer - Iteration 1, Batch 305/600
2020-05-01 19:39:17,469 INFO - training.ea.ea_trainer - Iteration 1, Batch 306/600
2020-05-01 19:39:17,529 INFO - training.ea.ea_trainer - Iteration 1, Batch 307/600
2020-05-01 19:39:17,628 INFO - training.ea.ea_trainer - Iteration 1, Batch 308/600
2020-05-01 19:39:17,678 INFO - training.ea.ea_trainer - Iteration 1, Batch 309/600
2020-05-01 19:39:17,756 INFO - training.ea.ea_trainer - Iteration 1, Batch 310/600
2020-05-01 19:39:17,849 INFO - training.ea.ea_trainer - Iteration 1, Batch 311/600
2020-05-01 19:39:17,945 INFO - training.ea.ea_trainer - Iteration 1, Batch 312/600
2020-05-01 19:39:17,995 INFO - training.ea.ea_trainer - Iteration 1, Batch 313/600
2020-05-01 19:39:18,104 INFO - training.ea.ea_trainer - Iteration 1, Batch 314/600
2020-05-01 19:39:18,170 INFO - training.ea.ea_trainer - Iteration 1, Batch 315/600
2020-05-01 19:39:18,300 INFO - training.ea.ea_trainer - Iteration 1, Batch 316/600
2020-05-01 19:39:18,344 INFO - training.ea.ea_trainer - Iteration 1, Batch 317/600
2020-05-01 19:39:18,476 INFO - training.ea.ea_trainer - Iteration 1, Batch 318/600
2020-05-01 19:39:18,528 INFO - training.ea.ea_trainer - Iteration 1, Batch 319/600
2020-05-01 19:39:18,666 INFO - training.ea.ea_trainer - Iteration 1, Batch 320/600
2020-05-01 19:39:18,749 INFO - training.ea.ea_trainer - Iteration 1, Batch 321/600
2020-05-01 19:39:18,842 INFO - training.ea.ea_trainer - Iteration 1, Batch 322/600
2020-05-01 19:39:18,921 INFO - training.ea.ea_trainer - Iteration 1, Batch 323/600
2020-05-01 19:39:19,040 INFO - training.ea.ea_trainer - Iteration 1, Batch 324/600
2020-05-01 19:39:19,073 INFO - training.ea.ea_trainer - Iteration 1, Batch 325/600
2020-05-01 19:39:19,195 INFO - training.ea.ea_trainer - Iteration 1, Batch 326/600
2020-05-01 19:39:19,272 INFO - training.ea.ea_trainer - Iteration 1, Batch 327/600
2020-05-01 19:39:19,388 INFO - training.ea.ea_trainer - Iteration 1, Batch 328/600
2020-05-01 19:39:19,454 INFO - training.ea.ea_trainer - Iteration 1, Batch 329/600
2020-05-01 19:39:19,546 INFO - training.ea.ea_trainer - Iteration 1, Batch 330/600
2020-05-01 19:39:19,597 INFO - training.ea.ea_trainer - Iteration 1, Batch 331/600
2020-05-01 19:39:19,692 INFO - training.ea.ea_trainer - Iteration 1, Batch 332/600
2020-05-01 19:39:19,744 INFO - training.ea.ea_trainer - Iteration 1, Batch 333/600
2020-05-01 19:39:19,844 INFO - training.ea.ea_trainer - Iteration 1, Batch 334/600
2020-05-01 19:39:19,893 INFO - training.ea.ea_trainer - Iteration 1, Batch 335/600
2020-05-01 19:39:20,003 INFO - training.ea.ea_trainer - Iteration 1, Batch 336/600
2020-05-01 19:39:20,061 INFO - training.ea.ea_trainer - Iteration 1, Batch 337/600
2020-05-01 19:39:20,181 INFO - training.ea.ea_trainer - Iteration 1, Batch 338/600
2020-05-01 19:39:20,257 INFO - training.ea.ea_trainer - Iteration 1, Batch 339/600
2020-05-01 19:39:20,360 INFO - training.ea.ea_trainer - Iteration 1, Batch 340/600
2020-05-01 19:39:20,439 INFO - training.ea.ea_trainer - Iteration 1, Batch 341/600
2020-05-01 19:39:20,565 INFO - training.ea.ea_trainer - Iteration 1, Batch 342/600
2020-05-01 19:39:20,621 INFO - training.ea.ea_trainer - Iteration 1, Batch 343/600
2020-05-01 19:39:20,780 INFO - training.ea.ea_trainer - Iteration 1, Batch 344/600
2020-05-01 19:39:20,892 INFO - training.ea.ea_trainer - Iteration 1, Batch 345/600
2020-05-01 19:39:21,023 INFO - training.ea.ea_trainer - Iteration 1, Batch 346/600
2020-05-01 19:39:21,072 INFO - training.ea.ea_trainer - Iteration 1, Batch 347/600
2020-05-01 19:39:21,171 INFO - training.ea.ea_trainer - Iteration 1, Batch 348/600
2020-05-01 19:39:21,219 INFO - training.ea.ea_trainer - Iteration 1, Batch 349/600
2020-05-01 19:39:21,370 INFO - training.ea.ea_trainer - Iteration 1, Batch 350/600
2020-05-01 19:39:21,439 INFO - training.ea.ea_trainer - Iteration 1, Batch 351/600
2020-05-01 19:39:21,559 INFO - training.ea.ea_trainer - Iteration 1, Batch 352/600
2020-05-01 19:39:21,618 INFO - training.ea.ea_trainer - Iteration 1, Batch 353/600
2020-05-01 19:39:21,699 INFO - training.ea.ea_trainer - Iteration 1, Batch 354/600
2020-05-01 19:39:21,767 INFO - training.ea.ea_trainer - Iteration 1, Batch 355/600
2020-05-01 19:39:21,933 INFO - training.ea.ea_trainer - Iteration 1, Batch 356/600
2020-05-01 19:39:22,006 INFO - training.ea.ea_trainer - Iteration 1, Batch 357/600
2020-05-01 19:39:22,123 INFO - training.ea.ea_trainer - Iteration 1, Batch 358/600
2020-05-01 19:39:22,186 INFO - training.ea.ea_trainer - Iteration 1, Batch 359/600
2020-05-01 19:39:22,288 INFO - training.ea.ea_trainer - Iteration 1, Batch 360/600
2020-05-01 19:39:22,358 INFO - training.ea.ea_trainer - Iteration 1, Batch 361/600
2020-05-01 19:39:22,473 INFO - training.ea.ea_trainer - Iteration 1, Batch 362/600
2020-05-01 19:39:22,531 INFO - training.ea.ea_trainer - Iteration 1, Batch 363/600
2020-05-01 19:39:22,638 INFO - training.ea.ea_trainer - Iteration 1, Batch 364/600
2020-05-01 19:39:22,700 INFO - training.ea.ea_trainer - Iteration 1, Batch 365/600
2020-05-01 19:39:22,808 INFO - training.ea.ea_trainer - Iteration 1, Batch 366/600
2020-05-01 19:39:22,887 INFO - training.ea.ea_trainer - Iteration 1, Batch 367/600
2020-05-01 19:39:23,004 INFO - training.ea.ea_trainer - Iteration 1, Batch 368/600
2020-05-01 19:39:23,059 INFO - training.ea.ea_trainer - Iteration 1, Batch 369/600
2020-05-01 19:39:23,163 INFO - training.ea.ea_trainer - Iteration 1, Batch 370/600
2020-05-01 19:39:23,254 INFO - training.ea.ea_trainer - Iteration 1, Batch 371/600
2020-05-01 19:39:23,411 INFO - training.ea.ea_trainer - Iteration 1, Batch 372/600
2020-05-01 19:39:23,482 INFO - training.ea.ea_trainer - Iteration 1, Batch 373/600
2020-05-01 19:39:23,608 INFO - training.ea.ea_trainer - Iteration 1, Batch 374/600
2020-05-01 19:39:23,660 INFO - training.ea.ea_trainer - Iteration 1, Batch 375/600
2020-05-01 19:39:23,792 INFO - training.ea.ea_trainer - Iteration 1, Batch 376/600
2020-05-01 19:39:23,852 INFO - training.ea.ea_trainer - Iteration 1, Batch 377/600
2020-05-01 19:39:23,966 INFO - training.ea.ea_trainer - Iteration 1, Batch 378/600
2020-05-01 19:39:24,015 INFO - training.ea.ea_trainer - Iteration 1, Batch 379/600
2020-05-01 19:39:24,119 INFO - training.ea.ea_trainer - Iteration 1, Batch 380/600
2020-05-01 19:39:24,183 INFO - training.ea.ea_trainer - Iteration 1, Batch 381/600
2020-05-01 19:39:24,322 INFO - training.ea.ea_trainer - Iteration 1, Batch 382/600
2020-05-01 19:39:24,377 INFO - training.ea.ea_trainer - Iteration 1, Batch 383/600
2020-05-01 19:39:24,491 INFO - training.ea.ea_trainer - Iteration 1, Batch 384/600
2020-05-01 19:39:24,572 INFO - training.ea.ea_trainer - Iteration 1, Batch 385/600
2020-05-01 19:39:24,692 INFO - training.ea.ea_trainer - Iteration 1, Batch 386/600
2020-05-01 19:39:24,761 INFO - training.ea.ea_trainer - Iteration 1, Batch 387/600
2020-05-01 19:39:24,855 INFO - training.ea.ea_trainer - Iteration 1, Batch 388/600
2020-05-01 19:39:24,937 INFO - training.ea.ea_trainer - Iteration 1, Batch 389/600
2020-05-01 19:39:25,033 INFO - training.ea.ea_trainer - Iteration 1, Batch 390/600
2020-05-01 19:39:25,074 INFO - training.ea.ea_trainer - Iteration 1, Batch 391/600
2020-05-01 19:39:25,221 INFO - training.ea.ea_trainer - Iteration 1, Batch 392/600
2020-05-01 19:39:25,276 INFO - training.ea.ea_trainer - Iteration 1, Batch 393/600
2020-05-01 19:39:25,430 INFO - training.ea.ea_trainer - Iteration 1, Batch 394/600
2020-05-01 19:39:25,482 INFO - training.ea.ea_trainer - Iteration 1, Batch 395/600
2020-05-01 19:39:25,575 INFO - training.ea.ea_trainer - Iteration 1, Batch 396/600
2020-05-01 19:39:25,656 INFO - training.ea.ea_trainer - Iteration 1, Batch 397/600
2020-05-01 19:39:25,746 INFO - training.ea.ea_trainer - Iteration 1, Batch 398/600
2020-05-01 19:39:25,805 INFO - training.ea.ea_trainer - Iteration 1, Batch 399/600
2020-05-01 19:39:25,942 INFO - training.ea.ea_trainer - Iteration 1, Batch 400/600
2020-05-01 19:39:25,981 INFO - training.ea.ea_trainer - Iteration 1, Batch 401/600
2020-05-01 19:39:26,110 INFO - training.ea.ea_trainer - Iteration 1, Batch 402/600
2020-05-01 19:39:26,159 INFO - training.ea.ea_trainer - Iteration 1, Batch 403/600
2020-05-01 19:39:26,283 INFO - training.ea.ea_trainer - Iteration 1, Batch 404/600
2020-05-01 19:39:26,341 INFO - training.ea.ea_trainer - Iteration 1, Batch 405/600
2020-05-01 19:39:26,490 INFO - training.ea.ea_trainer - Iteration 1, Batch 406/600
2020-05-01 19:39:26,543 INFO - training.ea.ea_trainer - Iteration 1, Batch 407/600
2020-05-01 19:39:26,628 INFO - training.ea.ea_trainer - Iteration 1, Batch 408/600
2020-05-01 19:39:26,700 INFO - training.ea.ea_trainer - Iteration 1, Batch 409/600
2020-05-01 19:39:26,822 INFO - training.ea.ea_trainer - Iteration 1, Batch 410/600
2020-05-01 19:39:26,886 INFO - training.ea.ea_trainer - Iteration 1, Batch 411/600
2020-05-01 19:39:26,985 INFO - training.ea.ea_trainer - Iteration 1, Batch 412/600
2020-05-01 19:39:27,030 INFO - training.ea.ea_trainer - Iteration 1, Batch 413/600
2020-05-01 19:39:27,180 INFO - training.ea.ea_trainer - Iteration 1, Batch 414/600
2020-05-01 19:39:27,244 INFO - training.ea.ea_trainer - Iteration 1, Batch 415/600
2020-05-01 19:39:27,393 INFO - training.ea.ea_trainer - Iteration 1, Batch 416/600
2020-05-01 19:39:27,455 INFO - training.ea.ea_trainer - Iteration 1, Batch 417/600
2020-05-01 19:39:27,577 INFO - training.ea.ea_trainer - Iteration 1, Batch 418/600
2020-05-01 19:39:27,620 INFO - training.ea.ea_trainer - Iteration 1, Batch 419/600
2020-05-01 19:39:27,741 INFO - training.ea.ea_trainer - Iteration 1, Batch 420/600
2020-05-01 19:39:27,791 INFO - training.ea.ea_trainer - Iteration 1, Batch 421/600
2020-05-01 19:39:27,911 INFO - training.ea.ea_trainer - Iteration 1, Batch 422/600
2020-05-01 19:39:27,957 INFO - training.ea.ea_trainer - Iteration 1, Batch 423/600
2020-05-01 19:39:28,081 INFO - training.ea.ea_trainer - Iteration 1, Batch 424/600
2020-05-01 19:39:28,168 INFO - training.ea.ea_trainer - Iteration 1, Batch 425/600
2020-05-01 19:39:28,293 INFO - training.ea.ea_trainer - Iteration 1, Batch 426/600
2020-05-01 19:39:28,377 INFO - training.ea.ea_trainer - Iteration 1, Batch 427/600
2020-05-01 19:39:28,494 INFO - training.ea.ea_trainer - Iteration 1, Batch 428/600
2020-05-01 19:39:28,593 INFO - training.ea.ea_trainer - Iteration 1, Batch 429/600
2020-05-01 19:39:28,711 INFO - training.ea.ea_trainer - Iteration 1, Batch 430/600
2020-05-01 19:39:28,764 INFO - training.ea.ea_trainer - Iteration 1, Batch 431/600
2020-05-01 19:39:28,855 INFO - training.ea.ea_trainer - Iteration 1, Batch 432/600
2020-05-01 19:39:28,940 INFO - training.ea.ea_trainer - Iteration 1, Batch 433/600
2020-05-01 19:39:29,060 INFO - training.ea.ea_trainer - Iteration 1, Batch 434/600
2020-05-01 19:39:29,139 INFO - training.ea.ea_trainer - Iteration 1, Batch 435/600
2020-05-01 19:39:29,258 INFO - training.ea.ea_trainer - Iteration 1, Batch 436/600
2020-05-01 19:39:29,332 INFO - training.ea.ea_trainer - Iteration 1, Batch 437/600
2020-05-01 19:39:29,478 INFO - training.ea.ea_trainer - Iteration 1, Batch 438/600
2020-05-01 19:39:29,581 INFO - training.ea.ea_trainer - Iteration 1, Batch 439/600
2020-05-01 19:39:29,741 INFO - training.ea.ea_trainer - Iteration 1, Batch 440/600
2020-05-01 19:39:29,793 INFO - training.ea.ea_trainer - Iteration 1, Batch 441/600
2020-05-01 19:39:29,890 INFO - training.ea.ea_trainer - Iteration 1, Batch 442/600
2020-05-01 19:39:29,919 INFO - training.ea.ea_trainer - Iteration 1, Batch 443/600
2020-05-01 19:39:30,052 INFO - training.ea.ea_trainer - Iteration 1, Batch 444/600
2020-05-01 19:39:30,109 INFO - training.ea.ea_trainer - Iteration 1, Batch 445/600
2020-05-01 19:39:30,259 INFO - training.ea.ea_trainer - Iteration 1, Batch 446/600
2020-05-01 19:39:30,320 INFO - training.ea.ea_trainer - Iteration 1, Batch 447/600
2020-05-01 19:39:30,432 INFO - training.ea.ea_trainer - Iteration 1, Batch 448/600
2020-05-01 19:39:30,508 INFO - training.ea.ea_trainer - Iteration 1, Batch 449/600
2020-05-01 19:39:30,614 INFO - training.ea.ea_trainer - Iteration 1, Batch 450/600
2020-05-01 19:39:30,671 INFO - training.ea.ea_trainer - Iteration 1, Batch 451/600
2020-05-01 19:39:30,776 INFO - training.ea.ea_trainer - Iteration 1, Batch 452/600
2020-05-01 19:39:30,831 INFO - training.ea.ea_trainer - Iteration 1, Batch 453/600
2020-05-01 19:39:30,914 INFO - training.ea.ea_trainer - Iteration 1, Batch 454/600
2020-05-01 19:39:30,963 INFO - training.ea.ea_trainer - Iteration 1, Batch 455/600
2020-05-01 19:39:31,112 INFO - training.ea.ea_trainer - Iteration 1, Batch 456/600
2020-05-01 19:39:31,178 INFO - training.ea.ea_trainer - Iteration 1, Batch 457/600
2020-05-01 19:39:31,310 INFO - training.ea.ea_trainer - Iteration 1, Batch 458/600
2020-05-01 19:39:31,415 INFO - training.ea.ea_trainer - Iteration 1, Batch 459/600
2020-05-01 19:39:31,525 INFO - training.ea.ea_trainer - Iteration 1, Batch 460/600
2020-05-01 19:39:31,583 INFO - training.ea.ea_trainer - Iteration 1, Batch 461/600
2020-05-01 19:39:31,682 INFO - training.ea.ea_trainer - Iteration 1, Batch 462/600
2020-05-01 19:39:31,727 INFO - training.ea.ea_trainer - Iteration 1, Batch 463/600
2020-05-01 19:39:31,842 INFO - training.ea.ea_trainer - Iteration 1, Batch 464/600
2020-05-01 19:39:31,924 INFO - training.ea.ea_trainer - Iteration 1, Batch 465/600
2020-05-01 19:39:32,017 INFO - training.ea.ea_trainer - Iteration 1, Batch 466/600
2020-05-01 19:39:32,102 INFO - training.ea.ea_trainer - Iteration 1, Batch 467/600
2020-05-01 19:39:32,219 INFO - training.ea.ea_trainer - Iteration 1, Batch 468/600
2020-05-01 19:39:32,286 INFO - training.ea.ea_trainer - Iteration 1, Batch 469/600
2020-05-01 19:39:32,402 INFO - training.ea.ea_trainer - Iteration 1, Batch 470/600
2020-05-01 19:39:32,480 INFO - training.ea.ea_trainer - Iteration 1, Batch 471/600
2020-05-01 19:39:32,551 INFO - training.ea.ea_trainer - Iteration 1, Batch 472/600
2020-05-01 19:39:32,611 INFO - training.ea.ea_trainer - Iteration 1, Batch 473/600
2020-05-01 19:39:32,699 INFO - training.ea.ea_trainer - Iteration 1, Batch 474/600
2020-05-01 19:39:32,767 INFO - training.ea.ea_trainer - Iteration 1, Batch 475/600
2020-05-01 19:39:32,868 INFO - training.ea.ea_trainer - Iteration 1, Batch 476/600
2020-05-01 19:39:32,936 INFO - training.ea.ea_trainer - Iteration 1, Batch 477/600
2020-05-01 19:39:33,062 INFO - training.ea.ea_trainer - Iteration 1, Batch 478/600
2020-05-01 19:39:33,116 INFO - training.ea.ea_trainer - Iteration 1, Batch 479/600
2020-05-01 19:39:33,232 INFO - training.ea.ea_trainer - Iteration 1, Batch 480/600
2020-05-01 19:39:33,299 INFO - training.ea.ea_trainer - Iteration 1, Batch 481/600
2020-05-01 19:39:33,386 INFO - training.ea.ea_trainer - Iteration 1, Batch 482/600
2020-05-01 19:39:33,454 INFO - training.ea.ea_trainer - Iteration 1, Batch 483/600
2020-05-01 19:39:33,530 INFO - training.ea.ea_trainer - Iteration 1, Batch 484/600
2020-05-01 19:39:33,592 INFO - training.ea.ea_trainer - Iteration 1, Batch 485/600
2020-05-01 19:39:33,712 INFO - training.ea.ea_trainer - Iteration 1, Batch 486/600
2020-05-01 19:39:33,741 INFO - training.ea.ea_trainer - Iteration 1, Batch 487/600
2020-05-01 19:39:33,851 INFO - training.ea.ea_trainer - Iteration 1, Batch 488/600
2020-05-01 19:39:33,902 INFO - training.ea.ea_trainer - Iteration 1, Batch 489/600
2020-05-01 19:39:34,021 INFO - training.ea.ea_trainer - Iteration 1, Batch 490/600
2020-05-01 19:39:34,083 INFO - training.ea.ea_trainer - Iteration 1, Batch 491/600
2020-05-01 19:39:34,220 INFO - training.ea.ea_trainer - Iteration 1, Batch 492/600
2020-05-01 19:39:34,272 INFO - training.ea.ea_trainer - Iteration 1, Batch 493/600
2020-05-01 19:39:34,396 INFO - training.ea.ea_trainer - Iteration 1, Batch 494/600
2020-05-01 19:39:34,435 INFO - training.ea.ea_trainer - Iteration 1, Batch 495/600
2020-05-01 19:39:34,579 INFO - training.ea.ea_trainer - Iteration 1, Batch 496/600
2020-05-01 19:39:34,652 INFO - training.ea.ea_trainer - Iteration 1, Batch 497/600
2020-05-01 19:39:34,743 INFO - training.ea.ea_trainer - Iteration 1, Batch 498/600
2020-05-01 19:39:34,795 INFO - training.ea.ea_trainer - Iteration 1, Batch 499/600
2020-05-01 19:39:34,916 INFO - training.ea.ea_trainer - Iteration 1, Batch 500/600
2020-05-01 19:39:34,967 INFO - training.ea.ea_trainer - Iteration 1, Batch 501/600
2020-05-01 19:39:35,087 INFO - training.ea.ea_trainer - Iteration 1, Batch 502/600
2020-05-01 19:39:35,164 INFO - training.ea.ea_trainer - Iteration 1, Batch 503/600
2020-05-01 19:39:35,308 INFO - training.ea.ea_trainer - Iteration 1, Batch 504/600
2020-05-01 19:39:35,385 INFO - training.ea.ea_trainer - Iteration 1, Batch 505/600
2020-05-01 19:39:35,497 INFO - training.ea.ea_trainer - Iteration 1, Batch 506/600
2020-05-01 19:39:35,539 INFO - training.ea.ea_trainer - Iteration 1, Batch 507/600
2020-05-01 19:39:35,658 INFO - training.ea.ea_trainer - Iteration 1, Batch 508/600
2020-05-01 19:39:35,717 INFO - training.ea.ea_trainer - Iteration 1, Batch 509/600
2020-05-01 19:39:35,879 INFO - training.ea.ea_trainer - Iteration 1, Batch 510/600
2020-05-01 19:39:35,932 INFO - training.ea.ea_trainer - Iteration 1, Batch 511/600
2020-05-01 19:39:36,035 INFO - training.ea.ea_trainer - Iteration 1, Batch 512/600
2020-05-01 19:39:36,106 INFO - training.ea.ea_trainer - Iteration 1, Batch 513/600
2020-05-01 19:39:36,207 INFO - training.ea.ea_trainer - Iteration 1, Batch 514/600
2020-05-01 19:39:36,243 INFO - training.ea.ea_trainer - Iteration 1, Batch 515/600
2020-05-01 19:39:36,336 INFO - training.ea.ea_trainer - Iteration 1, Batch 516/600
2020-05-01 19:39:36,407 INFO - training.ea.ea_trainer - Iteration 1, Batch 517/600
2020-05-01 19:39:36,547 INFO - training.ea.ea_trainer - Iteration 1, Batch 518/600
2020-05-01 19:39:36,605 INFO - training.ea.ea_trainer - Iteration 1, Batch 519/600
2020-05-01 19:39:36,704 INFO - training.ea.ea_trainer - Iteration 1, Batch 520/600
2020-05-01 19:39:36,759 INFO - training.ea.ea_trainer - Iteration 1, Batch 521/600
2020-05-01 19:39:36,885 INFO - training.ea.ea_trainer - Iteration 1, Batch 522/600
2020-05-01 19:39:36,939 INFO - training.ea.ea_trainer - Iteration 1, Batch 523/600
2020-05-01 19:39:37,063 INFO - training.ea.ea_trainer - Iteration 1, Batch 524/600
2020-05-01 19:39:37,122 INFO - training.ea.ea_trainer - Iteration 1, Batch 525/600
2020-05-01 19:39:37,267 INFO - training.ea.ea_trainer - Iteration 1, Batch 526/600
2020-05-01 19:39:37,327 INFO - training.ea.ea_trainer - Iteration 1, Batch 527/600
2020-05-01 19:39:37,437 INFO - training.ea.ea_trainer - Iteration 1, Batch 528/600
2020-05-01 19:39:37,547 INFO - training.ea.ea_trainer - Iteration 1, Batch 529/600
2020-05-01 19:39:37,708 INFO - training.ea.ea_trainer - Iteration 1, Batch 530/600
2020-05-01 19:39:37,774 INFO - training.ea.ea_trainer - Iteration 1, Batch 531/600
2020-05-01 19:39:37,938 INFO - training.ea.ea_trainer - Iteration 1, Batch 532/600
2020-05-01 19:39:38,013 INFO - training.ea.ea_trainer - Iteration 1, Batch 533/600
2020-05-01 19:39:38,115 INFO - training.ea.ea_trainer - Iteration 1, Batch 534/600
2020-05-01 19:39:38,154 INFO - training.ea.ea_trainer - Iteration 1, Batch 535/600
2020-05-01 19:39:38,291 INFO - training.ea.ea_trainer - Iteration 1, Batch 536/600
2020-05-01 19:39:38,361 INFO - training.ea.ea_trainer - Iteration 1, Batch 537/600
2020-05-01 19:39:38,488 INFO - training.ea.ea_trainer - Iteration 1, Batch 538/600
2020-05-01 19:39:38,557 INFO - training.ea.ea_trainer - Iteration 1, Batch 539/600
2020-05-01 19:39:38,677 INFO - training.ea.ea_trainer - Iteration 1, Batch 540/600
2020-05-01 19:39:38,758 INFO - training.ea.ea_trainer - Iteration 1, Batch 541/600
2020-05-01 19:39:38,879 INFO - training.ea.ea_trainer - Iteration 1, Batch 542/600
2020-05-01 19:39:38,937 INFO - training.ea.ea_trainer - Iteration 1, Batch 543/600
2020-05-01 19:39:39,075 INFO - training.ea.ea_trainer - Iteration 1, Batch 544/600
2020-05-01 19:39:39,121 INFO - training.ea.ea_trainer - Iteration 1, Batch 545/600
2020-05-01 19:39:39,268 INFO - training.ea.ea_trainer - Iteration 1, Batch 546/600
2020-05-01 19:39:39,308 INFO - training.ea.ea_trainer - Iteration 1, Batch 547/600
2020-05-01 19:39:39,427 INFO - training.ea.ea_trainer - Iteration 1, Batch 548/600
2020-05-01 19:39:39,475 INFO - training.ea.ea_trainer - Iteration 1, Batch 549/600
2020-05-01 19:39:39,616 INFO - training.ea.ea_trainer - Iteration 1, Batch 550/600
2020-05-01 19:39:39,670 INFO - training.ea.ea_trainer - Iteration 1, Batch 551/600
2020-05-01 19:39:39,839 INFO - training.ea.ea_trainer - Iteration 1, Batch 552/600
2020-05-01 19:39:39,902 INFO - training.ea.ea_trainer - Iteration 1, Batch 553/600
2020-05-01 19:39:39,990 INFO - training.ea.ea_trainer - Iteration 1, Batch 554/600
2020-05-01 19:39:40,040 INFO - training.ea.ea_trainer - Iteration 1, Batch 555/600
2020-05-01 19:39:40,162 INFO - training.ea.ea_trainer - Iteration 1, Batch 556/600
2020-05-01 19:39:40,224 INFO - training.ea.ea_trainer - Iteration 1, Batch 557/600
2020-05-01 19:39:40,350 INFO - training.ea.ea_trainer - Iteration 1, Batch 558/600
2020-05-01 19:39:40,406 INFO - training.ea.ea_trainer - Iteration 1, Batch 559/600
2020-05-01 19:39:40,524 INFO - training.ea.ea_trainer - Iteration 1, Batch 560/600
2020-05-01 19:39:40,572 INFO - training.ea.ea_trainer - Iteration 1, Batch 561/600
2020-05-01 19:39:40,692 INFO - training.ea.ea_trainer - Iteration 1, Batch 562/600
2020-05-01 19:39:40,752 INFO - training.ea.ea_trainer - Iteration 1, Batch 563/600
2020-05-01 19:39:40,854 INFO - training.ea.ea_trainer - Iteration 1, Batch 564/600
2020-05-01 19:39:40,915 INFO - training.ea.ea_trainer - Iteration 1, Batch 565/600
2020-05-01 19:39:41,011 INFO - training.ea.ea_trainer - Iteration 1, Batch 566/600
2020-05-01 19:39:41,083 INFO - training.ea.ea_trainer - Iteration 1, Batch 567/600
2020-05-01 19:39:41,171 INFO - training.ea.ea_trainer - Iteration 1, Batch 568/600
2020-05-01 19:39:41,280 INFO - training.ea.ea_trainer - Iteration 1, Batch 569/600
2020-05-01 19:39:41,389 INFO - training.ea.ea_trainer - Iteration 1, Batch 570/600
2020-05-01 19:39:41,439 INFO - training.ea.ea_trainer - Iteration 1, Batch 571/600
2020-05-01 19:39:41,552 INFO - training.ea.ea_trainer - Iteration 1, Batch 572/600
2020-05-01 19:39:41,606 INFO - training.ea.ea_trainer - Iteration 1, Batch 573/600
2020-05-01 19:39:41,709 INFO - training.ea.ea_trainer - Iteration 1, Batch 574/600
2020-05-01 19:39:41,770 INFO - training.ea.ea_trainer - Iteration 1, Batch 575/600
2020-05-01 19:39:41,889 INFO - training.ea.ea_trainer - Iteration 1, Batch 576/600
2020-05-01 19:39:41,939 INFO - training.ea.ea_trainer - Iteration 1, Batch 577/600
2020-05-01 19:39:42,052 INFO - training.ea.ea_trainer - Iteration 1, Batch 578/600
2020-05-01 19:39:42,168 INFO - training.ea.ea_trainer - Iteration 1, Batch 579/600
2020-05-01 19:39:42,270 INFO - training.ea.ea_trainer - Iteration 1, Batch 580/600
2020-05-01 19:39:42,345 INFO - training.ea.ea_trainer - Iteration 1, Batch 581/600
2020-05-01 19:39:42,448 INFO - training.ea.ea_trainer - Iteration 1, Batch 582/600
2020-05-01 19:39:42,488 INFO - training.ea.ea_trainer - Iteration 1, Batch 583/600
2020-05-01 19:39:42,625 INFO - training.ea.ea_trainer - Iteration 1, Batch 584/600
2020-05-01 19:39:42,696 INFO - training.ea.ea_trainer - Iteration 1, Batch 585/600
2020-05-01 19:39:42,831 INFO - training.ea.ea_trainer - Iteration 1, Batch 586/600
2020-05-01 19:39:42,908 INFO - training.ea.ea_trainer - Iteration 1, Batch 587/600
2020-05-01 19:39:43,001 INFO - training.ea.ea_trainer - Iteration 1, Batch 588/600
2020-05-01 19:39:43,052 INFO - training.ea.ea_trainer - Iteration 1, Batch 589/600
2020-05-01 19:39:43,148 INFO - training.ea.ea_trainer - Iteration 1, Batch 590/600
2020-05-01 19:39:43,211 INFO - training.ea.ea_trainer - Iteration 1, Batch 591/600
2020-05-01 19:39:43,300 INFO - training.ea.ea_trainer - Iteration 1, Batch 592/600
2020-05-01 19:39:43,345 INFO - training.ea.ea_trainer - Iteration 1, Batch 593/600
2020-05-01 19:39:43,444 INFO - training.ea.ea_trainer - Iteration 1, Batch 594/600
2020-05-01 19:39:43,482 INFO - training.ea.ea_trainer - Iteration 1, Batch 595/600
2020-05-01 19:39:43,576 INFO - training.ea.ea_trainer - Iteration 1, Batch 596/600
2020-05-01 19:39:43,614 INFO - training.ea.ea_trainer - Iteration 1, Batch 597/600
2020-05-01 19:39:43,675 INFO - training.ea.ea_trainer - Iteration 1, Batch 598/600
2020-05-01 19:39:43,705 INFO - training.ea.ea_trainer - Iteration 1, Batch 599/600
2020-05-01 19:39:44,119 INFO - requests.packages.urllib3.connectionpool - Starting new HTTP connection (1): 127.0.0.1
2020-05-01 19:39:44,120 INFO - requests.packages.urllib3.connectionpool - Starting new HTTP connection (1): 127.0.0.1
2020-05-01 19:39:44,341 INFO - distribution.node_client - Loading parameters from endpoint http://127.0.0.1:5000/parameters/generators/best took 0.2330000400543213 seconds
2020-05-01 19:39:44,644 INFO - distribution.node_client - Loading parameters from endpoint http://127.0.0.1:5003/parameters/generators/best took 0.5262351036071777 seconds
2020-05-01 19:39:44,757 INFO - training.ea.ea_trainer - Calculating FID/inception score.
2020-05-01 19:39:44,759 CRITICAL - distribution.client_api - An unhandled error occured while running Lipizzaner: [Errno 2] No such file or directory: './networks/mnist_cnn/mnist_cnn.pkl'
2020-05-01 19:39:44,759 INFO - distribution.client_api - Finished experiment, waiting for new requests.
2020-05-01 19:39:47,732 WARNING - distribution.client_api - Received stop signal from master, but no experiment is running.
