2020-05-01 19:38:46,486 INFO - distribution.client_api - Distributed training recognized, set log directory to ./output/lipizzaner_gan/distributed/mnist/2020-05-01_19-38-46/2437
2020-05-01 19:38:46,756 INFO - lipizzaner - Parameters: {'trainer': {'n_iterations': 5, 'params': {'default_adam_learning_rate': 0.0002, 'population_size': 1, 'discriminator_skip_each_nth_step': 1, 'n_replacements': 1, 'mutation_probability': 0.5, 'alpha': 0.0001, 'score': {'score_sample_size': 1000, 'cuda': True, 'type': 'fid', 'enabled': True}, 'enable_selection': False, 'fitness': {'fitness_sample_size': 1000, 'fitness_mode': 'average'}, 'mixture_sigma': 0.01, 'tournament_size': 2}, 'name': 'lipizzaner_gan', 'calculate_net_weights_dist': True, 'mixture_generator_samples_mode': 'exact_proportion'}, 'general': {'output_dir': './output', 'distribution': {'master_node': {'exit_clients_on_disconnect': True}, 'client_nodes': [{'port': 5000, 'address': '127.0.0.1'}, {'port': 5001, 'address': '127.0.0.1'}, {'port': 5002, 'address': '127.0.0.1'}, {'port': 5003, 'address': '127.0.0.1'}], 'auto_discover': False, 'start_time': '2020-05-01_19-38-46'}, 'losswise': {'api_key': '3T1CKALG6', 'enabled': False}, 'logging': {'log_server': None, 'print_discriminator': False, 'log_level': 'INFO', 'image_format': 'jpg', 'enabled': True}, 'num_workers': 4, 'seed': 1}, 'network': {'name': 'four_layer_perceptron', 'loss': 'bceloss'}, 'master': {'score_sample_size': 50000, 'cuda': True, 'calculate_score': False}, 'dataloader': {'batch_size': 100, 'use_batch': True, 'shuffle': True, 'n_batches': 0, 'dataset_name': 'mnist'}}
2020-05-01 19:38:46,757 INFO - lipizzaner - CUDA is not supported on this device.
2020-05-01 19:38:46,758 INFO - lipizzaner - Seed used: 6016804
2020-05-01 19:38:46,759 INFO - lipizzaner - Starting training for 5 iterations/epochs.
2020-05-01 19:38:46,971 INFO - requests.packages.urllib3.connectionpool - Starting new HTTP connection (1): 127.0.0.1
2020-05-01 19:38:46,992 INFO - requests.packages.urllib3.connectionpool - Starting new HTTP connection (1): 127.0.0.1
2020-05-01 19:38:47,142 INFO - distribution.node_client - Loading parameters from endpoint http://127.0.0.1:5001/parameters/generators took 0.19275212287902832 seconds
2020-05-01 19:38:47,174 INFO - distribution.node_client - Loading parameters from endpoint http://127.0.0.1:5002/parameters/generators took 0.2012028694152832 seconds
2020-05-01 19:38:47,280 INFO - requests.packages.urllib3.connectionpool - Starting new HTTP connection (1): 127.0.0.1
2020-05-01 19:38:47,282 INFO - requests.packages.urllib3.connectionpool - Starting new HTTP connection (1): 127.0.0.1
2020-05-01 19:38:47,327 INFO - distribution.node_client - Loading parameters from endpoint http://127.0.0.1:5001/parameters/discriminators took 0.05013561248779297 seconds
2020-05-01 19:38:47,347 INFO - distribution.node_client - Loading parameters from endpoint http://127.0.0.1:5002/parameters/discriminators took 0.0663759708404541 seconds
2020-05-01 19:38:47,397 INFO - training.ea.ea_trainer - Generators in current neighborhood are ['Iteration0:127.0.0.1:5001:1/G0', 'Iteration0:127.0.0.1:5002:2/G0', 'Iteration0:127.0.0.1:5003:3/G0']
2020-05-01 19:38:47,398 INFO - training.ea.ea_trainer - Discriminators in current neighborhood are ['Iteration0:127.0.0.1:5001:1/D0', 'Iteration0:127.0.0.1:5002:2/D0', 'Iteration0:127.0.0.1:5003:3/D0']
2020-05-01 19:38:47,456 INFO - training.ea.ea_trainer - L2 distance between all generators weights: [('Iteration0:127.0.0.1:5001:1/G0', 'Iteration0:127.0.0.1:5002:2/G0', array(29.509138, dtype=float32)), ('Iteration0:127.0.0.1:5001:1/G0', 'Iteration0:127.0.0.1:5003:3/G0', array(29.499233, dtype=float32)), ('Iteration0:127.0.0.1:5002:2/G0', 'Iteration0:127.0.0.1:5003:3/G0', array(29.516949, dtype=float32))]
2020-05-01 19:38:47,483 INFO - training.ea.ea_trainer - L2 distance between all discriminators weights: [('Iteration0:127.0.0.1:5001:1/D0', 'Iteration0:127.0.0.1:5002:2/D0', array(18.521915, dtype=float32)), ('Iteration0:127.0.0.1:5001:1/D0', 'Iteration0:127.0.0.1:5003:3/D0', array(18.536097, dtype=float32)), ('Iteration0:127.0.0.1:5002:2/D0', 'Iteration0:127.0.0.1:5003:3/D0', array(18.522278, dtype=float32))]
2020-05-01 19:38:49,698 INFO - training.ea.ea_trainer - Iteration 1, Batch 0/600
2020-05-01 19:38:49,728 INFO - training.ea.ea_trainer - Iteration 1, Batch 1/600
2020-05-01 19:38:49,836 INFO - training.ea.ea_trainer - Iteration 1, Batch 2/600
2020-05-01 19:38:49,878 INFO - training.ea.ea_trainer - Iteration 1, Batch 3/600
2020-05-01 19:38:50,031 INFO - training.ea.ea_trainer - Iteration 1, Batch 4/600
2020-05-01 19:38:50,103 INFO - training.ea.ea_trainer - Iteration 1, Batch 5/600
2020-05-01 19:38:50,201 INFO - training.ea.ea_trainer - Iteration 1, Batch 6/600
2020-05-01 19:38:50,259 INFO - training.ea.ea_trainer - Iteration 1, Batch 7/600
2020-05-01 19:38:50,363 INFO - training.ea.ea_trainer - Iteration 1, Batch 8/600
2020-05-01 19:38:50,448 INFO - training.ea.ea_trainer - Iteration 1, Batch 9/600
2020-05-01 19:38:50,567 INFO - training.ea.ea_trainer - Iteration 1, Batch 10/600
2020-05-01 19:38:50,627 INFO - training.ea.ea_trainer - Iteration 1, Batch 11/600
2020-05-01 19:38:50,729 INFO - training.ea.ea_trainer - Iteration 1, Batch 12/600
2020-05-01 19:38:50,821 INFO - training.ea.ea_trainer - Iteration 1, Batch 13/600
2020-05-01 19:38:50,949 INFO - training.ea.ea_trainer - Iteration 1, Batch 14/600
2020-05-01 19:38:50,983 INFO - training.ea.ea_trainer - Iteration 1, Batch 15/600
2020-05-01 19:38:51,075 INFO - training.ea.ea_trainer - Iteration 1, Batch 16/600
2020-05-01 19:38:51,141 INFO - training.ea.ea_trainer - Iteration 1, Batch 17/600
2020-05-01 19:38:51,226 INFO - training.ea.ea_trainer - Iteration 1, Batch 18/600
2020-05-01 19:38:51,290 INFO - training.ea.ea_trainer - Iteration 1, Batch 19/600
2020-05-01 19:38:51,440 INFO - training.ea.ea_trainer - Iteration 1, Batch 20/600
2020-05-01 19:38:51,532 INFO - training.ea.ea_trainer - Iteration 1, Batch 21/600
2020-05-01 19:38:51,606 INFO - training.ea.ea_trainer - Iteration 1, Batch 22/600
2020-05-01 19:38:51,647 INFO - training.ea.ea_trainer - Iteration 1, Batch 23/600
2020-05-01 19:38:51,735 INFO - training.ea.ea_trainer - Iteration 1, Batch 24/600
2020-05-01 19:38:51,789 INFO - training.ea.ea_trainer - Iteration 1, Batch 25/600
2020-05-01 19:38:51,874 INFO - training.ea.ea_trainer - Iteration 1, Batch 26/600
2020-05-01 19:38:51,963 INFO - training.ea.ea_trainer - Iteration 1, Batch 27/600
2020-05-01 19:38:52,047 INFO - training.ea.ea_trainer - Iteration 1, Batch 28/600
2020-05-01 19:38:52,086 INFO - training.ea.ea_trainer - Iteration 1, Batch 29/600
2020-05-01 19:38:52,195 INFO - training.ea.ea_trainer - Iteration 1, Batch 30/600
2020-05-01 19:38:52,226 INFO - training.ea.ea_trainer - Iteration 1, Batch 31/600
2020-05-01 19:38:52,358 INFO - training.ea.ea_trainer - Iteration 1, Batch 32/600
2020-05-01 19:38:52,414 INFO - training.ea.ea_trainer - Iteration 1, Batch 33/600
2020-05-01 19:38:52,524 INFO - training.ea.ea_trainer - Iteration 1, Batch 34/600
2020-05-01 19:38:52,594 INFO - training.ea.ea_trainer - Iteration 1, Batch 35/600
2020-05-01 19:38:52,688 INFO - training.ea.ea_trainer - Iteration 1, Batch 36/600
2020-05-01 19:38:52,754 INFO - training.ea.ea_trainer - Iteration 1, Batch 37/600
2020-05-01 19:38:52,860 INFO - training.ea.ea_trainer - Iteration 1, Batch 38/600
2020-05-01 19:38:52,917 INFO - training.ea.ea_trainer - Iteration 1, Batch 39/600
2020-05-01 19:38:53,037 INFO - training.ea.ea_trainer - Iteration 1, Batch 40/600
2020-05-01 19:38:53,105 INFO - training.ea.ea_trainer - Iteration 1, Batch 41/600
2020-05-01 19:38:53,250 INFO - training.ea.ea_trainer - Iteration 1, Batch 42/600
2020-05-01 19:38:53,330 INFO - training.ea.ea_trainer - Iteration 1, Batch 43/600
2020-05-01 19:38:53,400 INFO - training.ea.ea_trainer - Iteration 1, Batch 44/600
2020-05-01 19:38:53,470 INFO - training.ea.ea_trainer - Iteration 1, Batch 45/600
2020-05-01 19:38:53,565 INFO - training.ea.ea_trainer - Iteration 1, Batch 46/600
2020-05-01 19:38:53,615 INFO - training.ea.ea_trainer - Iteration 1, Batch 47/600
2020-05-01 19:38:53,729 INFO - training.ea.ea_trainer - Iteration 1, Batch 48/600
2020-05-01 19:38:53,775 INFO - training.ea.ea_trainer - Iteration 1, Batch 49/600
2020-05-01 19:38:53,916 INFO - training.ea.ea_trainer - Iteration 1, Batch 50/600
2020-05-01 19:38:53,974 INFO - training.ea.ea_trainer - Iteration 1, Batch 51/600
2020-05-01 19:38:54,120 INFO - training.ea.ea_trainer - Iteration 1, Batch 52/600
2020-05-01 19:38:54,156 INFO - training.ea.ea_trainer - Iteration 1, Batch 53/600
2020-05-01 19:38:54,294 INFO - training.ea.ea_trainer - Iteration 1, Batch 54/600
2020-05-01 19:38:54,345 INFO - training.ea.ea_trainer - Iteration 1, Batch 55/600
2020-05-01 19:38:54,465 INFO - training.ea.ea_trainer - Iteration 1, Batch 56/600
2020-05-01 19:38:54,515 INFO - training.ea.ea_trainer - Iteration 1, Batch 57/600
2020-05-01 19:38:54,618 INFO - training.ea.ea_trainer - Iteration 1, Batch 58/600
2020-05-01 19:38:54,692 INFO - training.ea.ea_trainer - Iteration 1, Batch 59/600
2020-05-01 19:38:54,839 INFO - training.ea.ea_trainer - Iteration 1, Batch 60/600
2020-05-01 19:38:54,896 INFO - training.ea.ea_trainer - Iteration 1, Batch 61/600
2020-05-01 19:38:55,012 INFO - training.ea.ea_trainer - Iteration 1, Batch 62/600
2020-05-01 19:38:55,054 INFO - training.ea.ea_trainer - Iteration 1, Batch 63/600
2020-05-01 19:38:55,185 INFO - training.ea.ea_trainer - Iteration 1, Batch 64/600
2020-05-01 19:38:55,269 INFO - training.ea.ea_trainer - Iteration 1, Batch 65/600
2020-05-01 19:38:55,408 INFO - training.ea.ea_trainer - Iteration 1, Batch 66/600
2020-05-01 19:38:55,480 INFO - training.ea.ea_trainer - Iteration 1, Batch 67/600
2020-05-01 19:38:55,601 INFO - training.ea.ea_trainer - Iteration 1, Batch 68/600
2020-05-01 19:38:55,665 INFO - training.ea.ea_trainer - Iteration 1, Batch 69/600
2020-05-01 19:38:55,764 INFO - training.ea.ea_trainer - Iteration 1, Batch 70/600
2020-05-01 19:38:55,812 INFO - training.ea.ea_trainer - Iteration 1, Batch 71/600
2020-05-01 19:38:55,976 INFO - training.ea.ea_trainer - Iteration 1, Batch 72/600
2020-05-01 19:38:56,053 INFO - training.ea.ea_trainer - Iteration 1, Batch 73/600
2020-05-01 19:38:56,159 INFO - training.ea.ea_trainer - Iteration 1, Batch 74/600
2020-05-01 19:38:56,240 INFO - training.ea.ea_trainer - Iteration 1, Batch 75/600
2020-05-01 19:38:56,332 INFO - training.ea.ea_trainer - Iteration 1, Batch 76/600
2020-05-01 19:38:56,396 INFO - training.ea.ea_trainer - Iteration 1, Batch 77/600
2020-05-01 19:38:56,559 INFO - training.ea.ea_trainer - Iteration 1, Batch 78/600
2020-05-01 19:38:56,599 INFO - training.ea.ea_trainer - Iteration 1, Batch 79/600
2020-05-01 19:38:56,705 INFO - training.ea.ea_trainer - Iteration 1, Batch 80/600
2020-05-01 19:38:56,773 INFO - training.ea.ea_trainer - Iteration 1, Batch 81/600
2020-05-01 19:38:56,897 INFO - training.ea.ea_trainer - Iteration 1, Batch 82/600
2020-05-01 19:38:56,978 INFO - training.ea.ea_trainer - Iteration 1, Batch 83/600
2020-05-01 19:38:57,118 INFO - training.ea.ea_trainer - Iteration 1, Batch 84/600
2020-05-01 19:38:57,209 INFO - training.ea.ea_trainer - Iteration 1, Batch 85/600
2020-05-01 19:38:57,328 INFO - training.ea.ea_trainer - Iteration 1, Batch 86/600
2020-05-01 19:38:57,397 INFO - training.ea.ea_trainer - Iteration 1, Batch 87/600
2020-05-01 19:38:57,494 INFO - training.ea.ea_trainer - Iteration 1, Batch 88/600
2020-05-01 19:38:57,563 INFO - training.ea.ea_trainer - Iteration 1, Batch 89/600
2020-05-01 19:38:57,630 INFO - training.ea.ea_trainer - Iteration 1, Batch 90/600
2020-05-01 19:38:57,710 INFO - training.ea.ea_trainer - Iteration 1, Batch 91/600
2020-05-01 19:38:57,818 INFO - training.ea.ea_trainer - Iteration 1, Batch 92/600
2020-05-01 19:38:57,889 INFO - training.ea.ea_trainer - Iteration 1, Batch 93/600
2020-05-01 19:38:58,023 INFO - training.ea.ea_trainer - Iteration 1, Batch 94/600
2020-05-01 19:38:58,067 INFO - training.ea.ea_trainer - Iteration 1, Batch 95/600
2020-05-01 19:38:58,167 INFO - training.ea.ea_trainer - Iteration 1, Batch 96/600
2020-05-01 19:38:58,227 INFO - training.ea.ea_trainer - Iteration 1, Batch 97/600
2020-05-01 19:38:58,324 INFO - training.ea.ea_trainer - Iteration 1, Batch 98/600
2020-05-01 19:38:58,403 INFO - training.ea.ea_trainer - Iteration 1, Batch 99/600
2020-05-01 19:38:58,534 INFO - training.ea.ea_trainer - Iteration 1, Batch 100/600
2020-05-01 19:38:58,576 INFO - training.ea.ea_trainer - Iteration 1, Batch 101/600
2020-05-01 19:38:58,693 INFO - training.ea.ea_trainer - Iteration 1, Batch 102/600
2020-05-01 19:38:58,813 INFO - training.ea.ea_trainer - Iteration 1, Batch 103/600
2020-05-01 19:38:58,916 INFO - training.ea.ea_trainer - Iteration 1, Batch 104/600
2020-05-01 19:38:58,978 INFO - training.ea.ea_trainer - Iteration 1, Batch 105/600
2020-05-01 19:38:59,073 INFO - training.ea.ea_trainer - Iteration 1, Batch 106/600
2020-05-01 19:38:59,140 INFO - training.ea.ea_trainer - Iteration 1, Batch 107/600
2020-05-01 19:38:59,250 INFO - training.ea.ea_trainer - Iteration 1, Batch 108/600
2020-05-01 19:38:59,313 INFO - training.ea.ea_trainer - Iteration 1, Batch 109/600
2020-05-01 19:38:59,400 INFO - training.ea.ea_trainer - Iteration 1, Batch 110/600
2020-05-01 19:38:59,444 INFO - training.ea.ea_trainer - Iteration 1, Batch 111/600
2020-05-01 19:38:59,578 INFO - training.ea.ea_trainer - Iteration 1, Batch 112/600
2020-05-01 19:38:59,631 INFO - training.ea.ea_trainer - Iteration 1, Batch 113/600
2020-05-01 19:38:59,736 INFO - training.ea.ea_trainer - Iteration 1, Batch 114/600
2020-05-01 19:38:59,803 INFO - training.ea.ea_trainer - Iteration 1, Batch 115/600
2020-05-01 19:38:59,898 INFO - training.ea.ea_trainer - Iteration 1, Batch 116/600
2020-05-01 19:39:00,004 INFO - training.ea.ea_trainer - Iteration 1, Batch 117/600
2020-05-01 19:39:00,083 INFO - training.ea.ea_trainer - Iteration 1, Batch 118/600
2020-05-01 19:39:00,155 INFO - training.ea.ea_trainer - Iteration 1, Batch 119/600
2020-05-01 19:39:00,284 INFO - training.ea.ea_trainer - Iteration 1, Batch 120/600
2020-05-01 19:39:00,331 INFO - training.ea.ea_trainer - Iteration 1, Batch 121/600
2020-05-01 19:39:00,459 INFO - training.ea.ea_trainer - Iteration 1, Batch 122/600
2020-05-01 19:39:00,532 INFO - training.ea.ea_trainer - Iteration 1, Batch 123/600
2020-05-01 19:39:00,665 INFO - training.ea.ea_trainer - Iteration 1, Batch 124/600
2020-05-01 19:39:00,766 INFO - training.ea.ea_trainer - Iteration 1, Batch 125/600
2020-05-01 19:39:00,922 INFO - training.ea.ea_trainer - Iteration 1, Batch 126/600
2020-05-01 19:39:00,982 INFO - training.ea.ea_trainer - Iteration 1, Batch 127/600
2020-05-01 19:39:01,131 INFO - training.ea.ea_trainer - Iteration 1, Batch 128/600
2020-05-01 19:39:01,186 INFO - training.ea.ea_trainer - Iteration 1, Batch 129/600
2020-05-01 19:39:01,326 INFO - training.ea.ea_trainer - Iteration 1, Batch 130/600
2020-05-01 19:39:01,370 INFO - training.ea.ea_trainer - Iteration 1, Batch 131/600
2020-05-01 19:39:01,486 INFO - training.ea.ea_trainer - Iteration 1, Batch 132/600
2020-05-01 19:39:01,535 INFO - training.ea.ea_trainer - Iteration 1, Batch 133/600
2020-05-01 19:39:01,647 INFO - training.ea.ea_trainer - Iteration 1, Batch 134/600
2020-05-01 19:39:01,693 INFO - training.ea.ea_trainer - Iteration 1, Batch 135/600
2020-05-01 19:39:01,800 INFO - training.ea.ea_trainer - Iteration 1, Batch 136/600
2020-05-01 19:39:01,839 INFO - training.ea.ea_trainer - Iteration 1, Batch 137/600
2020-05-01 19:39:01,958 INFO - training.ea.ea_trainer - Iteration 1, Batch 138/600
2020-05-01 19:39:02,028 INFO - training.ea.ea_trainer - Iteration 1, Batch 139/600
2020-05-01 19:39:02,162 INFO - training.ea.ea_trainer - Iteration 1, Batch 140/600
2020-05-01 19:39:02,262 INFO - training.ea.ea_trainer - Iteration 1, Batch 141/600
2020-05-01 19:39:02,369 INFO - training.ea.ea_trainer - Iteration 1, Batch 142/600
2020-05-01 19:39:02,427 INFO - training.ea.ea_trainer - Iteration 1, Batch 143/600
2020-05-01 19:39:02,567 INFO - training.ea.ea_trainer - Iteration 1, Batch 144/600
2020-05-01 19:39:02,630 INFO - training.ea.ea_trainer - Iteration 1, Batch 145/600
2020-05-01 19:39:02,741 INFO - training.ea.ea_trainer - Iteration 1, Batch 146/600
2020-05-01 19:39:02,780 INFO - training.ea.ea_trainer - Iteration 1, Batch 147/600
2020-05-01 19:39:02,887 INFO - training.ea.ea_trainer - Iteration 1, Batch 148/600
2020-05-01 19:39:02,949 INFO - training.ea.ea_trainer - Iteration 1, Batch 149/600
2020-05-01 19:39:03,110 INFO - training.ea.ea_trainer - Iteration 1, Batch 150/600
2020-05-01 19:39:03,172 INFO - training.ea.ea_trainer - Iteration 1, Batch 151/600
2020-05-01 19:39:03,325 INFO - training.ea.ea_trainer - Iteration 1, Batch 152/600
2020-05-01 19:39:03,380 INFO - training.ea.ea_trainer - Iteration 1, Batch 153/600
2020-05-01 19:39:03,502 INFO - training.ea.ea_trainer - Iteration 1, Batch 154/600
2020-05-01 19:39:03,561 INFO - training.ea.ea_trainer - Iteration 1, Batch 155/600
2020-05-01 19:39:03,681 INFO - training.ea.ea_trainer - Iteration 1, Batch 156/600
2020-05-01 19:39:03,766 INFO - training.ea.ea_trainer - Iteration 1, Batch 157/600
2020-05-01 19:39:03,877 INFO - training.ea.ea_trainer - Iteration 1, Batch 158/600
2020-05-01 19:39:03,951 INFO - training.ea.ea_trainer - Iteration 1, Batch 159/600
2020-05-01 19:39:04,097 INFO - training.ea.ea_trainer - Iteration 1, Batch 160/600
2020-05-01 19:39:04,179 INFO - training.ea.ea_trainer - Iteration 1, Batch 161/600
2020-05-01 19:39:04,292 INFO - training.ea.ea_trainer - Iteration 1, Batch 162/600
2020-05-01 19:39:04,361 INFO - training.ea.ea_trainer - Iteration 1, Batch 163/600
2020-05-01 19:39:04,514 INFO - training.ea.ea_trainer - Iteration 1, Batch 164/600
2020-05-01 19:39:04,576 INFO - training.ea.ea_trainer - Iteration 1, Batch 165/600
2020-05-01 19:39:04,700 INFO - training.ea.ea_trainer - Iteration 1, Batch 166/600
2020-05-01 19:39:04,757 INFO - training.ea.ea_trainer - Iteration 1, Batch 167/600
2020-05-01 19:39:04,885 INFO - training.ea.ea_trainer - Iteration 1, Batch 168/600
2020-05-01 19:39:04,938 INFO - training.ea.ea_trainer - Iteration 1, Batch 169/600
2020-05-01 19:39:05,107 INFO - training.ea.ea_trainer - Iteration 1, Batch 170/600
2020-05-01 19:39:05,158 INFO - training.ea.ea_trainer - Iteration 1, Batch 171/600
2020-05-01 19:39:05,308 INFO - training.ea.ea_trainer - Iteration 1, Batch 172/600
2020-05-01 19:39:05,384 INFO - training.ea.ea_trainer - Iteration 1, Batch 173/600
2020-05-01 19:39:05,492 INFO - training.ea.ea_trainer - Iteration 1, Batch 174/600
2020-05-01 19:39:05,582 INFO - training.ea.ea_trainer - Iteration 1, Batch 175/600
2020-05-01 19:39:05,701 INFO - training.ea.ea_trainer - Iteration 1, Batch 176/600
2020-05-01 19:39:05,807 INFO - training.ea.ea_trainer - Iteration 1, Batch 177/600
2020-05-01 19:39:05,958 INFO - training.ea.ea_trainer - Iteration 1, Batch 178/600
2020-05-01 19:39:06,020 INFO - training.ea.ea_trainer - Iteration 1, Batch 179/600
2020-05-01 19:39:06,097 INFO - training.ea.ea_trainer - Iteration 1, Batch 180/600
2020-05-01 19:39:06,159 INFO - training.ea.ea_trainer - Iteration 1, Batch 181/600
2020-05-01 19:39:06,313 INFO - training.ea.ea_trainer - Iteration 1, Batch 182/600
2020-05-01 19:39:06,358 INFO - training.ea.ea_trainer - Iteration 1, Batch 183/600
2020-05-01 19:39:06,471 INFO - training.ea.ea_trainer - Iteration 1, Batch 184/600
2020-05-01 19:39:06,511 INFO - training.ea.ea_trainer - Iteration 1, Batch 185/600
2020-05-01 19:39:06,621 INFO - training.ea.ea_trainer - Iteration 1, Batch 186/600
2020-05-01 19:39:06,667 INFO - training.ea.ea_trainer - Iteration 1, Batch 187/600
2020-05-01 19:39:06,797 INFO - training.ea.ea_trainer - Iteration 1, Batch 188/600
2020-05-01 19:39:06,866 INFO - training.ea.ea_trainer - Iteration 1, Batch 189/600
2020-05-01 19:39:06,941 INFO - training.ea.ea_trainer - Iteration 1, Batch 190/600
2020-05-01 19:39:07,010 INFO - training.ea.ea_trainer - Iteration 1, Batch 191/600
2020-05-01 19:39:07,140 INFO - training.ea.ea_trainer - Iteration 1, Batch 192/600
2020-05-01 19:39:07,211 INFO - training.ea.ea_trainer - Iteration 1, Batch 193/600
2020-05-01 19:39:07,340 INFO - training.ea.ea_trainer - Iteration 1, Batch 194/600
2020-05-01 19:39:07,388 INFO - training.ea.ea_trainer - Iteration 1, Batch 195/600
2020-05-01 19:39:07,523 INFO - training.ea.ea_trainer - Iteration 1, Batch 196/600
2020-05-01 19:39:07,562 INFO - training.ea.ea_trainer - Iteration 1, Batch 197/600
2020-05-01 19:39:07,681 INFO - training.ea.ea_trainer - Iteration 1, Batch 198/600
2020-05-01 19:39:07,744 INFO - training.ea.ea_trainer - Iteration 1, Batch 199/600
2020-05-01 19:39:07,854 INFO - training.ea.ea_trainer - Iteration 1, Batch 200/600
2020-05-01 19:39:07,927 INFO - training.ea.ea_trainer - Iteration 1, Batch 201/600
2020-05-01 19:39:08,037 INFO - training.ea.ea_trainer - Iteration 1, Batch 202/600
2020-05-01 19:39:08,100 INFO - training.ea.ea_trainer - Iteration 1, Batch 203/600
2020-05-01 19:39:08,228 INFO - training.ea.ea_trainer - Iteration 1, Batch 204/600
2020-05-01 19:39:08,286 INFO - training.ea.ea_trainer - Iteration 1, Batch 205/600
2020-05-01 19:39:08,392 INFO - training.ea.ea_trainer - Iteration 1, Batch 206/600
2020-05-01 19:39:08,457 INFO - training.ea.ea_trainer - Iteration 1, Batch 207/600
2020-05-01 19:39:08,582 INFO - training.ea.ea_trainer - Iteration 1, Batch 208/600
2020-05-01 19:39:08,635 INFO - training.ea.ea_trainer - Iteration 1, Batch 209/600
2020-05-01 19:39:08,780 INFO - training.ea.ea_trainer - Iteration 1, Batch 210/600
2020-05-01 19:39:08,840 INFO - training.ea.ea_trainer - Iteration 1, Batch 211/600
2020-05-01 19:39:08,975 INFO - training.ea.ea_trainer - Iteration 1, Batch 212/600
2020-05-01 19:39:09,034 INFO - training.ea.ea_trainer - Iteration 1, Batch 213/600
2020-05-01 19:39:09,164 INFO - training.ea.ea_trainer - Iteration 1, Batch 214/600
2020-05-01 19:39:09,228 INFO - training.ea.ea_trainer - Iteration 1, Batch 215/600
2020-05-01 19:39:09,315 INFO - training.ea.ea_trainer - Iteration 1, Batch 216/600
2020-05-01 19:39:09,379 INFO - training.ea.ea_trainer - Iteration 1, Batch 217/600
2020-05-01 19:39:09,506 INFO - training.ea.ea_trainer - Iteration 1, Batch 218/600
2020-05-01 19:39:09,603 INFO - training.ea.ea_trainer - Iteration 1, Batch 219/600
2020-05-01 19:39:09,727 INFO - training.ea.ea_trainer - Iteration 1, Batch 220/600
2020-05-01 19:39:09,770 INFO - training.ea.ea_trainer - Iteration 1, Batch 221/600
2020-05-01 19:39:09,851 INFO - training.ea.ea_trainer - Iteration 1, Batch 222/600
2020-05-01 19:39:09,921 INFO - training.ea.ea_trainer - Iteration 1, Batch 223/600
2020-05-01 19:39:10,058 INFO - training.ea.ea_trainer - Iteration 1, Batch 224/600
2020-05-01 19:39:10,110 INFO - training.ea.ea_trainer - Iteration 1, Batch 225/600
2020-05-01 19:39:10,250 INFO - training.ea.ea_trainer - Iteration 1, Batch 226/600
2020-05-01 19:39:10,311 INFO - training.ea.ea_trainer - Iteration 1, Batch 227/600
2020-05-01 19:39:10,422 INFO - training.ea.ea_trainer - Iteration 1, Batch 228/600
2020-05-01 19:39:10,479 INFO - training.ea.ea_trainer - Iteration 1, Batch 229/600
2020-05-01 19:39:10,588 INFO - training.ea.ea_trainer - Iteration 1, Batch 230/600
2020-05-01 19:39:10,637 INFO - training.ea.ea_trainer - Iteration 1, Batch 231/600
2020-05-01 19:39:10,763 INFO - training.ea.ea_trainer - Iteration 1, Batch 232/600
2020-05-01 19:39:10,834 INFO - training.ea.ea_trainer - Iteration 1, Batch 233/600
2020-05-01 19:39:10,975 INFO - training.ea.ea_trainer - Iteration 1, Batch 234/600
2020-05-01 19:39:11,020 INFO - training.ea.ea_trainer - Iteration 1, Batch 235/600
2020-05-01 19:39:11,139 INFO - training.ea.ea_trainer - Iteration 1, Batch 236/600
2020-05-01 19:39:11,184 INFO - training.ea.ea_trainer - Iteration 1, Batch 237/600
2020-05-01 19:39:11,296 INFO - training.ea.ea_trainer - Iteration 1, Batch 238/600
2020-05-01 19:39:11,363 INFO - training.ea.ea_trainer - Iteration 1, Batch 239/600
2020-05-01 19:39:11,493 INFO - training.ea.ea_trainer - Iteration 1, Batch 240/600
2020-05-01 19:39:11,536 INFO - training.ea.ea_trainer - Iteration 1, Batch 241/600
2020-05-01 19:39:11,639 INFO - training.ea.ea_trainer - Iteration 1, Batch 242/600
2020-05-01 19:39:11,701 INFO - training.ea.ea_trainer - Iteration 1, Batch 243/600
2020-05-01 19:39:11,837 INFO - training.ea.ea_trainer - Iteration 1, Batch 244/600
2020-05-01 19:39:11,901 INFO - training.ea.ea_trainer - Iteration 1, Batch 245/600
2020-05-01 19:39:12,018 INFO - training.ea.ea_trainer - Iteration 1, Batch 246/600
2020-05-01 19:39:12,081 INFO - training.ea.ea_trainer - Iteration 1, Batch 247/600
2020-05-01 19:39:12,206 INFO - training.ea.ea_trainer - Iteration 1, Batch 248/600
2020-05-01 19:39:12,254 INFO - training.ea.ea_trainer - Iteration 1, Batch 249/600
2020-05-01 19:39:12,363 INFO - training.ea.ea_trainer - Iteration 1, Batch 250/600
2020-05-01 19:39:12,425 INFO - training.ea.ea_trainer - Iteration 1, Batch 251/600
2020-05-01 19:39:12,530 INFO - training.ea.ea_trainer - Iteration 1, Batch 252/600
2020-05-01 19:39:12,582 INFO - training.ea.ea_trainer - Iteration 1, Batch 253/600
2020-05-01 19:39:12,664 INFO - training.ea.ea_trainer - Iteration 1, Batch 254/600
2020-05-01 19:39:12,735 INFO - training.ea.ea_trainer - Iteration 1, Batch 255/600
2020-05-01 19:39:12,891 INFO - training.ea.ea_trainer - Iteration 1, Batch 256/600
2020-05-01 19:39:12,938 INFO - training.ea.ea_trainer - Iteration 1, Batch 257/600
2020-05-01 19:39:13,051 INFO - training.ea.ea_trainer - Iteration 1, Batch 258/600
2020-05-01 19:39:13,088 INFO - training.ea.ea_trainer - Iteration 1, Batch 259/600
2020-05-01 19:39:13,253 INFO - training.ea.ea_trainer - Iteration 1, Batch 260/600
2020-05-01 19:39:13,341 INFO - training.ea.ea_trainer - Iteration 1, Batch 261/600
2020-05-01 19:39:13,449 INFO - training.ea.ea_trainer - Iteration 1, Batch 262/600
2020-05-01 19:39:13,483 INFO - training.ea.ea_trainer - Iteration 1, Batch 263/600
2020-05-01 19:39:13,596 INFO - training.ea.ea_trainer - Iteration 1, Batch 264/600
2020-05-01 19:39:13,653 INFO - training.ea.ea_trainer - Iteration 1, Batch 265/600
2020-05-01 19:39:13,763 INFO - training.ea.ea_trainer - Iteration 1, Batch 266/600
2020-05-01 19:39:13,804 INFO - training.ea.ea_trainer - Iteration 1, Batch 267/600
2020-05-01 19:39:13,939 INFO - training.ea.ea_trainer - Iteration 1, Batch 268/600
2020-05-01 19:39:13,995 INFO - training.ea.ea_trainer - Iteration 1, Batch 269/600
2020-05-01 19:39:14,151 INFO - training.ea.ea_trainer - Iteration 1, Batch 270/600
2020-05-01 19:39:14,214 INFO - training.ea.ea_trainer - Iteration 1, Batch 271/600
2020-05-01 19:39:14,328 INFO - training.ea.ea_trainer - Iteration 1, Batch 272/600
2020-05-01 19:39:14,368 INFO - training.ea.ea_trainer - Iteration 1, Batch 273/600
2020-05-01 19:39:14,511 INFO - training.ea.ea_trainer - Iteration 1, Batch 274/600
2020-05-01 19:39:14,547 INFO - training.ea.ea_trainer - Iteration 1, Batch 275/600
2020-05-01 19:39:14,610 INFO - training.ea.ea_trainer - Iteration 1, Batch 276/600
2020-05-01 19:39:14,691 INFO - training.ea.ea_trainer - Iteration 1, Batch 277/600
2020-05-01 19:39:14,829 INFO - training.ea.ea_trainer - Iteration 1, Batch 278/600
2020-05-01 19:39:14,901 INFO - training.ea.ea_trainer - Iteration 1, Batch 279/600
2020-05-01 19:39:15,001 INFO - training.ea.ea_trainer - Iteration 1, Batch 280/600
2020-05-01 19:39:15,067 INFO - training.ea.ea_trainer - Iteration 1, Batch 281/600
2020-05-01 19:39:15,154 INFO - training.ea.ea_trainer - Iteration 1, Batch 282/600
2020-05-01 19:39:15,227 INFO - training.ea.ea_trainer - Iteration 1, Batch 283/600
2020-05-01 19:39:15,343 INFO - training.ea.ea_trainer - Iteration 1, Batch 284/600
2020-05-01 19:39:15,422 INFO - training.ea.ea_trainer - Iteration 1, Batch 285/600
2020-05-01 19:39:15,513 INFO - training.ea.ea_trainer - Iteration 1, Batch 286/600
2020-05-01 19:39:15,561 INFO - training.ea.ea_trainer - Iteration 1, Batch 287/600
2020-05-01 19:39:15,667 INFO - training.ea.ea_trainer - Iteration 1, Batch 288/600
2020-05-01 19:39:15,709 INFO - training.ea.ea_trainer - Iteration 1, Batch 289/600
2020-05-01 19:39:15,852 INFO - training.ea.ea_trainer - Iteration 1, Batch 290/600
2020-05-01 19:39:15,936 INFO - training.ea.ea_trainer - Iteration 1, Batch 291/600
2020-05-01 19:39:16,051 INFO - training.ea.ea_trainer - Iteration 1, Batch 292/600
2020-05-01 19:39:16,143 INFO - training.ea.ea_trainer - Iteration 1, Batch 293/600
2020-05-01 19:39:16,238 INFO - training.ea.ea_trainer - Iteration 1, Batch 294/600
2020-05-01 19:39:16,280 INFO - training.ea.ea_trainer - Iteration 1, Batch 295/600
2020-05-01 19:39:16,423 INFO - training.ea.ea_trainer - Iteration 1, Batch 296/600
2020-05-01 19:39:16,491 INFO - training.ea.ea_trainer - Iteration 1, Batch 297/600
2020-05-01 19:39:16,626 INFO - training.ea.ea_trainer - Iteration 1, Batch 298/600
2020-05-01 19:39:16,685 INFO - training.ea.ea_trainer - Iteration 1, Batch 299/600
2020-05-01 19:39:16,833 INFO - training.ea.ea_trainer - Iteration 1, Batch 300/600
2020-05-01 19:39:16,867 INFO - training.ea.ea_trainer - Iteration 1, Batch 301/600
2020-05-01 19:39:16,961 INFO - training.ea.ea_trainer - Iteration 1, Batch 302/600
2020-05-01 19:39:17,053 INFO - training.ea.ea_trainer - Iteration 1, Batch 303/600
2020-05-01 19:39:17,179 INFO - training.ea.ea_trainer - Iteration 1, Batch 304/600
2020-05-01 19:39:17,235 INFO - training.ea.ea_trainer - Iteration 1, Batch 305/600
2020-05-01 19:39:17,360 INFO - training.ea.ea_trainer - Iteration 1, Batch 306/600
2020-05-01 19:39:17,448 INFO - training.ea.ea_trainer - Iteration 1, Batch 307/600
2020-05-01 19:39:17,564 INFO - training.ea.ea_trainer - Iteration 1, Batch 308/600
2020-05-01 19:39:17,644 INFO - training.ea.ea_trainer - Iteration 1, Batch 309/600
2020-05-01 19:39:17,824 INFO - training.ea.ea_trainer - Iteration 1, Batch 310/600
2020-05-01 19:39:17,877 INFO - training.ea.ea_trainer - Iteration 1, Batch 311/600
2020-05-01 19:39:17,975 INFO - training.ea.ea_trainer - Iteration 1, Batch 312/600
2020-05-01 19:39:18,034 INFO - training.ea.ea_trainer - Iteration 1, Batch 313/600
2020-05-01 19:39:18,151 INFO - training.ea.ea_trainer - Iteration 1, Batch 314/600
2020-05-01 19:39:18,239 INFO - training.ea.ea_trainer - Iteration 1, Batch 315/600
2020-05-01 19:39:18,369 INFO - training.ea.ea_trainer - Iteration 1, Batch 316/600
2020-05-01 19:39:18,440 INFO - training.ea.ea_trainer - Iteration 1, Batch 317/600
2020-05-01 19:39:18,542 INFO - training.ea.ea_trainer - Iteration 1, Batch 318/600
2020-05-01 19:39:18,604 INFO - training.ea.ea_trainer - Iteration 1, Batch 319/600
2020-05-01 19:39:18,701 INFO - training.ea.ea_trainer - Iteration 1, Batch 320/600
2020-05-01 19:39:18,756 INFO - training.ea.ea_trainer - Iteration 1, Batch 321/600
2020-05-01 19:39:18,878 INFO - training.ea.ea_trainer - Iteration 1, Batch 322/600
2020-05-01 19:39:18,926 INFO - training.ea.ea_trainer - Iteration 1, Batch 323/600
2020-05-01 19:39:19,002 INFO - training.ea.ea_trainer - Iteration 1, Batch 324/600
2020-05-01 19:39:19,082 INFO - training.ea.ea_trainer - Iteration 1, Batch 325/600
2020-05-01 19:39:19,163 INFO - training.ea.ea_trainer - Iteration 1, Batch 326/600
2020-05-01 19:39:19,252 INFO - training.ea.ea_trainer - Iteration 1, Batch 327/600
2020-05-01 19:39:19,387 INFO - training.ea.ea_trainer - Iteration 1, Batch 328/600
2020-05-01 19:39:19,452 INFO - training.ea.ea_trainer - Iteration 1, Batch 329/600
2020-05-01 19:39:19,633 INFO - training.ea.ea_trainer - Iteration 1, Batch 330/600
2020-05-01 19:39:19,671 INFO - training.ea.ea_trainer - Iteration 1, Batch 331/600
2020-05-01 19:39:19,808 INFO - training.ea.ea_trainer - Iteration 1, Batch 332/600
2020-05-01 19:39:19,846 INFO - training.ea.ea_trainer - Iteration 1, Batch 333/600
2020-05-01 19:39:19,999 INFO - training.ea.ea_trainer - Iteration 1, Batch 334/600
2020-05-01 19:39:20,064 INFO - training.ea.ea_trainer - Iteration 1, Batch 335/600
2020-05-01 19:39:20,202 INFO - training.ea.ea_trainer - Iteration 1, Batch 336/600
2020-05-01 19:39:20,242 INFO - training.ea.ea_trainer - Iteration 1, Batch 337/600
2020-05-01 19:39:20,376 INFO - training.ea.ea_trainer - Iteration 1, Batch 338/600
2020-05-01 19:39:20,431 INFO - training.ea.ea_trainer - Iteration 1, Batch 339/600
2020-05-01 19:39:20,572 INFO - training.ea.ea_trainer - Iteration 1, Batch 340/600
2020-05-01 19:39:20,626 INFO - training.ea.ea_trainer - Iteration 1, Batch 341/600
2020-05-01 19:39:20,737 INFO - training.ea.ea_trainer - Iteration 1, Batch 342/600
2020-05-01 19:39:20,771 INFO - training.ea.ea_trainer - Iteration 1, Batch 343/600
2020-05-01 19:39:20,894 INFO - training.ea.ea_trainer - Iteration 1, Batch 344/600
2020-05-01 19:39:20,943 INFO - training.ea.ea_trainer - Iteration 1, Batch 345/600
2020-05-01 19:39:21,059 INFO - training.ea.ea_trainer - Iteration 1, Batch 346/600
2020-05-01 19:39:21,110 INFO - training.ea.ea_trainer - Iteration 1, Batch 347/600
2020-05-01 19:39:21,220 INFO - training.ea.ea_trainer - Iteration 1, Batch 348/600
2020-05-01 19:39:21,279 INFO - training.ea.ea_trainer - Iteration 1, Batch 349/600
2020-05-01 19:39:21,424 INFO - training.ea.ea_trainer - Iteration 1, Batch 350/600
2020-05-01 19:39:21,518 INFO - training.ea.ea_trainer - Iteration 1, Batch 351/600
2020-05-01 19:39:21,622 INFO - training.ea.ea_trainer - Iteration 1, Batch 352/600
2020-05-01 19:39:21,680 INFO - training.ea.ea_trainer - Iteration 1, Batch 353/600
2020-05-01 19:39:21,772 INFO - training.ea.ea_trainer - Iteration 1, Batch 354/600
2020-05-01 19:39:21,849 INFO - training.ea.ea_trainer - Iteration 1, Batch 355/600
2020-05-01 19:39:21,972 INFO - training.ea.ea_trainer - Iteration 1, Batch 356/600
2020-05-01 19:39:22,027 INFO - training.ea.ea_trainer - Iteration 1, Batch 357/600
2020-05-01 19:39:22,162 INFO - training.ea.ea_trainer - Iteration 1, Batch 358/600
2020-05-01 19:39:22,233 INFO - training.ea.ea_trainer - Iteration 1, Batch 359/600
2020-05-01 19:39:22,326 INFO - training.ea.ea_trainer - Iteration 1, Batch 360/600
2020-05-01 19:39:22,398 INFO - training.ea.ea_trainer - Iteration 1, Batch 361/600
2020-05-01 19:39:22,547 INFO - training.ea.ea_trainer - Iteration 1, Batch 362/600
2020-05-01 19:39:22,625 INFO - training.ea.ea_trainer - Iteration 1, Batch 363/600
2020-05-01 19:39:22,721 INFO - training.ea.ea_trainer - Iteration 1, Batch 364/600
2020-05-01 19:39:22,790 INFO - training.ea.ea_trainer - Iteration 1, Batch 365/600
2020-05-01 19:39:22,892 INFO - training.ea.ea_trainer - Iteration 1, Batch 366/600
2020-05-01 19:39:22,963 INFO - training.ea.ea_trainer - Iteration 1, Batch 367/600
2020-05-01 19:39:23,097 INFO - training.ea.ea_trainer - Iteration 1, Batch 368/600
2020-05-01 19:39:23,163 INFO - training.ea.ea_trainer - Iteration 1, Batch 369/600
2020-05-01 19:39:23,295 INFO - training.ea.ea_trainer - Iteration 1, Batch 370/600
2020-05-01 19:39:23,344 INFO - training.ea.ea_trainer - Iteration 1, Batch 371/600
2020-05-01 19:39:23,470 INFO - training.ea.ea_trainer - Iteration 1, Batch 372/600
2020-05-01 19:39:23,545 INFO - training.ea.ea_trainer - Iteration 1, Batch 373/600
2020-05-01 19:39:23,656 INFO - training.ea.ea_trainer - Iteration 1, Batch 374/600
2020-05-01 19:39:23,720 INFO - training.ea.ea_trainer - Iteration 1, Batch 375/600
2020-05-01 19:39:23,835 INFO - training.ea.ea_trainer - Iteration 1, Batch 376/600
2020-05-01 19:39:23,904 INFO - training.ea.ea_trainer - Iteration 1, Batch 377/600
2020-05-01 19:39:24,008 INFO - training.ea.ea_trainer - Iteration 1, Batch 378/600
2020-05-01 19:39:24,090 INFO - training.ea.ea_trainer - Iteration 1, Batch 379/600
2020-05-01 19:39:24,169 INFO - training.ea.ea_trainer - Iteration 1, Batch 380/600
2020-05-01 19:39:24,230 INFO - training.ea.ea_trainer - Iteration 1, Batch 381/600
2020-05-01 19:39:24,352 INFO - training.ea.ea_trainer - Iteration 1, Batch 382/600
2020-05-01 19:39:24,396 INFO - training.ea.ea_trainer - Iteration 1, Batch 383/600
2020-05-01 19:39:24,537 INFO - training.ea.ea_trainer - Iteration 1, Batch 384/600
2020-05-01 19:39:24,605 INFO - training.ea.ea_trainer - Iteration 1, Batch 385/600
2020-05-01 19:39:24,702 INFO - training.ea.ea_trainer - Iteration 1, Batch 386/600
2020-05-01 19:39:24,766 INFO - training.ea.ea_trainer - Iteration 1, Batch 387/600
2020-05-01 19:39:24,902 INFO - training.ea.ea_trainer - Iteration 1, Batch 388/600
2020-05-01 19:39:24,959 INFO - training.ea.ea_trainer - Iteration 1, Batch 389/600
2020-05-01 19:39:25,080 INFO - training.ea.ea_trainer - Iteration 1, Batch 390/600
2020-05-01 19:39:25,153 INFO - training.ea.ea_trainer - Iteration 1, Batch 391/600
2020-05-01 19:39:25,267 INFO - training.ea.ea_trainer - Iteration 1, Batch 392/600
2020-05-01 19:39:25,330 INFO - training.ea.ea_trainer - Iteration 1, Batch 393/600
2020-05-01 19:39:25,420 INFO - training.ea.ea_trainer - Iteration 1, Batch 394/600
2020-05-01 19:39:25,490 INFO - training.ea.ea_trainer - Iteration 1, Batch 395/600
2020-05-01 19:39:25,594 INFO - training.ea.ea_trainer - Iteration 1, Batch 396/600
2020-05-01 19:39:25,680 INFO - training.ea.ea_trainer - Iteration 1, Batch 397/600
2020-05-01 19:39:25,821 INFO - training.ea.ea_trainer - Iteration 1, Batch 398/600
2020-05-01 19:39:25,876 INFO - training.ea.ea_trainer - Iteration 1, Batch 399/600
2020-05-01 19:39:25,987 INFO - training.ea.ea_trainer - Iteration 1, Batch 400/600
2020-05-01 19:39:26,069 INFO - training.ea.ea_trainer - Iteration 1, Batch 401/600
2020-05-01 19:39:26,197 INFO - training.ea.ea_trainer - Iteration 1, Batch 402/600
2020-05-01 19:39:26,265 INFO - training.ea.ea_trainer - Iteration 1, Batch 403/600
2020-05-01 19:39:26,355 INFO - training.ea.ea_trainer - Iteration 1, Batch 404/600
2020-05-01 19:39:26,421 INFO - training.ea.ea_trainer - Iteration 1, Batch 405/600
2020-05-01 19:39:26,522 INFO - training.ea.ea_trainer - Iteration 1, Batch 406/600
2020-05-01 19:39:26,566 INFO - training.ea.ea_trainer - Iteration 1, Batch 407/600
2020-05-01 19:39:26,710 INFO - training.ea.ea_trainer - Iteration 1, Batch 408/600
2020-05-01 19:39:26,787 INFO - training.ea.ea_trainer - Iteration 1, Batch 409/600
2020-05-01 19:39:26,915 INFO - training.ea.ea_trainer - Iteration 1, Batch 410/600
2020-05-01 19:39:26,967 INFO - training.ea.ea_trainer - Iteration 1, Batch 411/600
2020-05-01 19:39:27,074 INFO - training.ea.ea_trainer - Iteration 1, Batch 412/600
2020-05-01 19:39:27,107 INFO - training.ea.ea_trainer - Iteration 1, Batch 413/600
2020-05-01 19:39:27,221 INFO - training.ea.ea_trainer - Iteration 1, Batch 414/600
2020-05-01 19:39:27,272 INFO - training.ea.ea_trainer - Iteration 1, Batch 415/600
2020-05-01 19:39:27,368 INFO - training.ea.ea_trainer - Iteration 1, Batch 416/600
2020-05-01 19:39:27,426 INFO - training.ea.ea_trainer - Iteration 1, Batch 417/600
2020-05-01 19:39:27,523 INFO - training.ea.ea_trainer - Iteration 1, Batch 418/600
2020-05-01 19:39:27,591 INFO - training.ea.ea_trainer - Iteration 1, Batch 419/600
2020-05-01 19:39:27,684 INFO - training.ea.ea_trainer - Iteration 1, Batch 420/600
2020-05-01 19:39:27,744 INFO - training.ea.ea_trainer - Iteration 1, Batch 421/600
2020-05-01 19:39:27,865 INFO - training.ea.ea_trainer - Iteration 1, Batch 422/600
2020-05-01 19:39:27,933 INFO - training.ea.ea_trainer - Iteration 1, Batch 423/600
2020-05-01 19:39:28,060 INFO - training.ea.ea_trainer - Iteration 1, Batch 424/600
2020-05-01 19:39:28,098 INFO - training.ea.ea_trainer - Iteration 1, Batch 425/600
2020-05-01 19:39:28,239 INFO - training.ea.ea_trainer - Iteration 1, Batch 426/600
2020-05-01 19:39:28,300 INFO - training.ea.ea_trainer - Iteration 1, Batch 427/600
2020-05-01 19:39:28,405 INFO - training.ea.ea_trainer - Iteration 1, Batch 428/600
2020-05-01 19:39:28,468 INFO - training.ea.ea_trainer - Iteration 1, Batch 429/600
2020-05-01 19:39:28,608 INFO - training.ea.ea_trainer - Iteration 1, Batch 430/600
2020-05-01 19:39:28,657 INFO - training.ea.ea_trainer - Iteration 1, Batch 431/600
2020-05-01 19:39:28,764 INFO - training.ea.ea_trainer - Iteration 1, Batch 432/600
2020-05-01 19:39:28,828 INFO - training.ea.ea_trainer - Iteration 1, Batch 433/600
2020-05-01 19:39:28,914 INFO - training.ea.ea_trainer - Iteration 1, Batch 434/600
2020-05-01 19:39:28,980 INFO - training.ea.ea_trainer - Iteration 1, Batch 435/600
2020-05-01 19:39:29,081 INFO - training.ea.ea_trainer - Iteration 1, Batch 436/600
2020-05-01 19:39:29,174 INFO - training.ea.ea_trainer - Iteration 1, Batch 437/600
2020-05-01 19:39:29,271 INFO - training.ea.ea_trainer - Iteration 1, Batch 438/600
2020-05-01 19:39:29,340 INFO - training.ea.ea_trainer - Iteration 1, Batch 439/600
2020-05-01 19:39:29,436 INFO - training.ea.ea_trainer - Iteration 1, Batch 440/600
2020-05-01 19:39:29,496 INFO - training.ea.ea_trainer - Iteration 1, Batch 441/600
2020-05-01 19:39:29,603 INFO - training.ea.ea_trainer - Iteration 1, Batch 442/600
2020-05-01 19:39:29,660 INFO - training.ea.ea_trainer - Iteration 1, Batch 443/600
2020-05-01 19:39:29,763 INFO - training.ea.ea_trainer - Iteration 1, Batch 444/600
2020-05-01 19:39:29,807 INFO - training.ea.ea_trainer - Iteration 1, Batch 445/600
2020-05-01 19:39:29,914 INFO - training.ea.ea_trainer - Iteration 1, Batch 446/600
2020-05-01 19:39:29,976 INFO - training.ea.ea_trainer - Iteration 1, Batch 447/600
2020-05-01 19:39:30,110 INFO - training.ea.ea_trainer - Iteration 1, Batch 448/600
2020-05-01 19:39:30,169 INFO - training.ea.ea_trainer - Iteration 1, Batch 449/600
2020-05-01 19:39:30,312 INFO - training.ea.ea_trainer - Iteration 1, Batch 450/600
2020-05-01 19:39:30,362 INFO - training.ea.ea_trainer - Iteration 1, Batch 451/600
2020-05-01 19:39:30,476 INFO - training.ea.ea_trainer - Iteration 1, Batch 452/600
2020-05-01 19:39:30,526 INFO - training.ea.ea_trainer - Iteration 1, Batch 453/600
2020-05-01 19:39:30,623 INFO - training.ea.ea_trainer - Iteration 1, Batch 454/600
2020-05-01 19:39:30,684 INFO - training.ea.ea_trainer - Iteration 1, Batch 455/600
2020-05-01 19:39:30,791 INFO - training.ea.ea_trainer - Iteration 1, Batch 456/600
2020-05-01 19:39:30,872 INFO - training.ea.ea_trainer - Iteration 1, Batch 457/600
2020-05-01 19:39:30,988 INFO - training.ea.ea_trainer - Iteration 1, Batch 458/600
2020-05-01 19:39:31,027 INFO - training.ea.ea_trainer - Iteration 1, Batch 459/600
2020-05-01 19:39:31,158 INFO - training.ea.ea_trainer - Iteration 1, Batch 460/600
2020-05-01 19:39:31,217 INFO - training.ea.ea_trainer - Iteration 1, Batch 461/600
2020-05-01 19:39:31,313 INFO - training.ea.ea_trainer - Iteration 1, Batch 462/600
2020-05-01 19:39:31,373 INFO - training.ea.ea_trainer - Iteration 1, Batch 463/600
2020-05-01 19:39:31,490 INFO - training.ea.ea_trainer - Iteration 1, Batch 464/600
2020-05-01 19:39:31,553 INFO - training.ea.ea_trainer - Iteration 1, Batch 465/600
2020-05-01 19:39:31,656 INFO - training.ea.ea_trainer - Iteration 1, Batch 466/600
2020-05-01 19:39:31,714 INFO - training.ea.ea_trainer - Iteration 1, Batch 467/600
2020-05-01 19:39:31,806 INFO - training.ea.ea_trainer - Iteration 1, Batch 468/600
2020-05-01 19:39:31,856 INFO - training.ea.ea_trainer - Iteration 1, Batch 469/600
2020-05-01 19:39:32,006 INFO - training.ea.ea_trainer - Iteration 1, Batch 470/600
2020-05-01 19:39:32,071 INFO - training.ea.ea_trainer - Iteration 1, Batch 471/600
2020-05-01 19:39:32,207 INFO - training.ea.ea_trainer - Iteration 1, Batch 472/600
2020-05-01 19:39:32,279 INFO - training.ea.ea_trainer - Iteration 1, Batch 473/600
2020-05-01 19:39:32,400 INFO - training.ea.ea_trainer - Iteration 1, Batch 474/600
2020-05-01 19:39:32,446 INFO - training.ea.ea_trainer - Iteration 1, Batch 475/600
2020-05-01 19:39:32,562 INFO - training.ea.ea_trainer - Iteration 1, Batch 476/600
2020-05-01 19:39:32,622 INFO - training.ea.ea_trainer - Iteration 1, Batch 477/600
2020-05-01 19:39:32,694 INFO - training.ea.ea_trainer - Iteration 1, Batch 478/600
2020-05-01 19:39:32,742 INFO - training.ea.ea_trainer - Iteration 1, Batch 479/600
2020-05-01 19:39:32,874 INFO - training.ea.ea_trainer - Iteration 1, Batch 480/600
2020-05-01 19:39:32,954 INFO - training.ea.ea_trainer - Iteration 1, Batch 481/600
2020-05-01 19:39:33,065 INFO - training.ea.ea_trainer - Iteration 1, Batch 482/600
2020-05-01 19:39:33,141 INFO - training.ea.ea_trainer - Iteration 1, Batch 483/600
2020-05-01 19:39:33,235 INFO - training.ea.ea_trainer - Iteration 1, Batch 484/600
2020-05-01 19:39:33,299 INFO - training.ea.ea_trainer - Iteration 1, Batch 485/600
2020-05-01 19:39:33,447 INFO - training.ea.ea_trainer - Iteration 1, Batch 486/600
2020-05-01 19:39:33,540 INFO - training.ea.ea_trainer - Iteration 1, Batch 487/600
2020-05-01 19:39:33,677 INFO - training.ea.ea_trainer - Iteration 1, Batch 488/600
2020-05-01 19:39:33,755 INFO - training.ea.ea_trainer - Iteration 1, Batch 489/600
2020-05-01 19:39:33,882 INFO - training.ea.ea_trainer - Iteration 1, Batch 490/600
2020-05-01 19:39:33,962 INFO - training.ea.ea_trainer - Iteration 1, Batch 491/600
2020-05-01 19:39:34,069 INFO - training.ea.ea_trainer - Iteration 1, Batch 492/600
2020-05-01 19:39:34,151 INFO - training.ea.ea_trainer - Iteration 1, Batch 493/600
2020-05-01 19:39:34,263 INFO - training.ea.ea_trainer - Iteration 1, Batch 494/600
2020-05-01 19:39:34,350 INFO - training.ea.ea_trainer - Iteration 1, Batch 495/600
2020-05-01 19:39:34,521 INFO - training.ea.ea_trainer - Iteration 1, Batch 496/600
2020-05-01 19:39:34,560 INFO - training.ea.ea_trainer - Iteration 1, Batch 497/600
2020-05-01 19:39:34,672 INFO - training.ea.ea_trainer - Iteration 1, Batch 498/600
2020-05-01 19:39:34,744 INFO - training.ea.ea_trainer - Iteration 1, Batch 499/600
2020-05-01 19:39:34,866 INFO - training.ea.ea_trainer - Iteration 1, Batch 500/600
2020-05-01 19:39:34,967 INFO - training.ea.ea_trainer - Iteration 1, Batch 501/600
2020-05-01 19:39:35,103 INFO - training.ea.ea_trainer - Iteration 1, Batch 502/600
2020-05-01 19:39:35,157 INFO - training.ea.ea_trainer - Iteration 1, Batch 503/600
2020-05-01 19:39:35,259 INFO - training.ea.ea_trainer - Iteration 1, Batch 504/600
2020-05-01 19:39:35,320 INFO - training.ea.ea_trainer - Iteration 1, Batch 505/600
2020-05-01 19:39:35,464 INFO - training.ea.ea_trainer - Iteration 1, Batch 506/600
2020-05-01 19:39:35,520 INFO - training.ea.ea_trainer - Iteration 1, Batch 507/600
2020-05-01 19:39:35,656 INFO - training.ea.ea_trainer - Iteration 1, Batch 508/600
2020-05-01 19:39:35,716 INFO - training.ea.ea_trainer - Iteration 1, Batch 509/600
2020-05-01 19:39:35,856 INFO - training.ea.ea_trainer - Iteration 1, Batch 510/600
2020-05-01 19:39:35,952 INFO - training.ea.ea_trainer - Iteration 1, Batch 511/600
2020-05-01 19:39:36,087 INFO - training.ea.ea_trainer - Iteration 1, Batch 512/600
2020-05-01 19:39:36,136 INFO - training.ea.ea_trainer - Iteration 1, Batch 513/600
2020-05-01 19:39:36,243 INFO - training.ea.ea_trainer - Iteration 1, Batch 514/600
2020-05-01 19:39:36,342 INFO - training.ea.ea_trainer - Iteration 1, Batch 515/600
2020-05-01 19:39:36,484 INFO - training.ea.ea_trainer - Iteration 1, Batch 516/600
2020-05-01 19:39:36,522 INFO - training.ea.ea_trainer - Iteration 1, Batch 517/600
2020-05-01 19:39:36,660 INFO - training.ea.ea_trainer - Iteration 1, Batch 518/600
2020-05-01 19:39:36,718 INFO - training.ea.ea_trainer - Iteration 1, Batch 519/600
2020-05-01 19:39:36,863 INFO - training.ea.ea_trainer - Iteration 1, Batch 520/600
2020-05-01 19:39:36,921 INFO - training.ea.ea_trainer - Iteration 1, Batch 521/600
2020-05-01 19:39:37,036 INFO - training.ea.ea_trainer - Iteration 1, Batch 522/600
2020-05-01 19:39:37,092 INFO - training.ea.ea_trainer - Iteration 1, Batch 523/600
2020-05-01 19:39:37,215 INFO - training.ea.ea_trainer - Iteration 1, Batch 524/600
2020-05-01 19:39:37,282 INFO - training.ea.ea_trainer - Iteration 1, Batch 525/600
2020-05-01 19:39:37,436 INFO - training.ea.ea_trainer - Iteration 1, Batch 526/600
2020-05-01 19:39:37,464 INFO - training.ea.ea_trainer - Iteration 1, Batch 527/600
2020-05-01 19:39:37,574 INFO - training.ea.ea_trainer - Iteration 1, Batch 528/600
2020-05-01 19:39:37,636 INFO - training.ea.ea_trainer - Iteration 1, Batch 529/600
2020-05-01 19:39:37,773 INFO - training.ea.ea_trainer - Iteration 1, Batch 530/600
2020-05-01 19:39:37,838 INFO - training.ea.ea_trainer - Iteration 1, Batch 531/600
2020-05-01 19:39:37,959 INFO - training.ea.ea_trainer - Iteration 1, Batch 532/600
2020-05-01 19:39:38,014 INFO - training.ea.ea_trainer - Iteration 1, Batch 533/600
2020-05-01 19:39:38,156 INFO - training.ea.ea_trainer - Iteration 1, Batch 534/600
2020-05-01 19:39:38,213 INFO - training.ea.ea_trainer - Iteration 1, Batch 535/600
2020-05-01 19:39:38,291 INFO - training.ea.ea_trainer - Iteration 1, Batch 536/600
2020-05-01 19:39:38,361 INFO - training.ea.ea_trainer - Iteration 1, Batch 537/600
2020-05-01 19:39:38,469 INFO - training.ea.ea_trainer - Iteration 1, Batch 538/600
2020-05-01 19:39:38,522 INFO - training.ea.ea_trainer - Iteration 1, Batch 539/600
2020-05-01 19:39:38,623 INFO - training.ea.ea_trainer - Iteration 1, Batch 540/600
2020-05-01 19:39:38,676 INFO - training.ea.ea_trainer - Iteration 1, Batch 541/600
2020-05-01 19:39:38,810 INFO - training.ea.ea_trainer - Iteration 1, Batch 542/600
2020-05-01 19:39:38,871 INFO - training.ea.ea_trainer - Iteration 1, Batch 543/600
2020-05-01 19:39:38,980 INFO - training.ea.ea_trainer - Iteration 1, Batch 544/600
2020-05-01 19:39:39,045 INFO - training.ea.ea_trainer - Iteration 1, Batch 545/600
2020-05-01 19:39:39,158 INFO - training.ea.ea_trainer - Iteration 1, Batch 546/600
2020-05-01 19:39:39,254 INFO - training.ea.ea_trainer - Iteration 1, Batch 547/600
2020-05-01 19:39:39,354 INFO - training.ea.ea_trainer - Iteration 1, Batch 548/600
2020-05-01 19:39:39,424 INFO - training.ea.ea_trainer - Iteration 1, Batch 549/600
2020-05-01 19:39:39,543 INFO - training.ea.ea_trainer - Iteration 1, Batch 550/600
2020-05-01 19:39:39,587 INFO - training.ea.ea_trainer - Iteration 1, Batch 551/600
2020-05-01 19:39:39,699 INFO - training.ea.ea_trainer - Iteration 1, Batch 552/600
2020-05-01 19:39:39,775 INFO - training.ea.ea_trainer - Iteration 1, Batch 553/600
2020-05-01 19:39:39,861 INFO - training.ea.ea_trainer - Iteration 1, Batch 554/600
2020-05-01 19:39:39,960 INFO - training.ea.ea_trainer - Iteration 1, Batch 555/600
2020-05-01 19:39:40,092 INFO - training.ea.ea_trainer - Iteration 1, Batch 556/600
2020-05-01 19:39:40,153 INFO - training.ea.ea_trainer - Iteration 1, Batch 557/600
2020-05-01 19:39:40,258 INFO - training.ea.ea_trainer - Iteration 1, Batch 558/600
2020-05-01 19:39:40,314 INFO - training.ea.ea_trainer - Iteration 1, Batch 559/600
2020-05-01 19:39:40,430 INFO - training.ea.ea_trainer - Iteration 1, Batch 560/600
2020-05-01 19:39:40,486 INFO - training.ea.ea_trainer - Iteration 1, Batch 561/600
2020-05-01 19:39:40,610 INFO - training.ea.ea_trainer - Iteration 1, Batch 562/600
2020-05-01 19:39:40,692 INFO - training.ea.ea_trainer - Iteration 1, Batch 563/600
2020-05-01 19:39:40,808 INFO - training.ea.ea_trainer - Iteration 1, Batch 564/600
2020-05-01 19:39:40,893 INFO - training.ea.ea_trainer - Iteration 1, Batch 565/600
2020-05-01 19:39:41,014 INFO - training.ea.ea_trainer - Iteration 1, Batch 566/600
2020-05-01 19:39:41,087 INFO - training.ea.ea_trainer - Iteration 1, Batch 567/600
2020-05-01 19:39:41,227 INFO - training.ea.ea_trainer - Iteration 1, Batch 568/600
2020-05-01 19:39:41,292 INFO - training.ea.ea_trainer - Iteration 1, Batch 569/600
2020-05-01 19:39:41,438 INFO - training.ea.ea_trainer - Iteration 1, Batch 570/600
2020-05-01 19:39:41,522 INFO - training.ea.ea_trainer - Iteration 1, Batch 571/600
2020-05-01 19:39:41,666 INFO - training.ea.ea_trainer - Iteration 1, Batch 572/600
2020-05-01 19:39:41,749 INFO - training.ea.ea_trainer - Iteration 1, Batch 573/600
2020-05-01 19:39:41,867 INFO - training.ea.ea_trainer - Iteration 1, Batch 574/600
2020-05-01 19:39:41,946 INFO - training.ea.ea_trainer - Iteration 1, Batch 575/600
2020-05-01 19:39:42,032 INFO - training.ea.ea_trainer - Iteration 1, Batch 576/600
2020-05-01 19:39:42,057 INFO - training.ea.ea_trainer - Iteration 1, Batch 577/600
2020-05-01 19:39:42,193 INFO - training.ea.ea_trainer - Iteration 1, Batch 578/600
2020-05-01 19:39:42,268 INFO - training.ea.ea_trainer - Iteration 1, Batch 579/600
2020-05-01 19:39:42,353 INFO - training.ea.ea_trainer - Iteration 1, Batch 580/600
2020-05-01 19:39:42,420 INFO - training.ea.ea_trainer - Iteration 1, Batch 581/600
2020-05-01 19:39:42,559 INFO - training.ea.ea_trainer - Iteration 1, Batch 582/600
2020-05-01 19:39:42,615 INFO - training.ea.ea_trainer - Iteration 1, Batch 583/600
2020-05-01 19:39:42,747 INFO - training.ea.ea_trainer - Iteration 1, Batch 584/600
2020-05-01 19:39:42,795 INFO - training.ea.ea_trainer - Iteration 1, Batch 585/600
2020-05-01 19:39:42,912 INFO - training.ea.ea_trainer - Iteration 1, Batch 586/600
2020-05-01 19:39:42,979 INFO - training.ea.ea_trainer - Iteration 1, Batch 587/600
2020-05-01 19:39:43,139 INFO - training.ea.ea_trainer - Iteration 1, Batch 588/600
2020-05-01 19:39:43,213 INFO - training.ea.ea_trainer - Iteration 1, Batch 589/600
2020-05-01 19:39:43,308 INFO - training.ea.ea_trainer - Iteration 1, Batch 590/600
2020-05-01 19:39:43,345 INFO - training.ea.ea_trainer - Iteration 1, Batch 591/600
2020-05-01 19:39:43,432 INFO - training.ea.ea_trainer - Iteration 1, Batch 592/600
2020-05-01 19:39:43,471 INFO - training.ea.ea_trainer - Iteration 1, Batch 593/600
2020-05-01 19:39:43,581 INFO - training.ea.ea_trainer - Iteration 1, Batch 594/600
2020-05-01 19:39:43,607 INFO - training.ea.ea_trainer - Iteration 1, Batch 595/600
2020-05-01 19:39:43,678 INFO - training.ea.ea_trainer - Iteration 1, Batch 596/600
2020-05-01 19:39:43,739 INFO - training.ea.ea_trainer - Iteration 1, Batch 597/600
2020-05-01 19:39:43,823 INFO - training.ea.ea_trainer - Iteration 1, Batch 598/600
2020-05-01 19:39:43,861 INFO - training.ea.ea_trainer - Iteration 1, Batch 599/600
2020-05-01 19:39:44,384 INFO - requests.packages.urllib3.connectionpool - Starting new HTTP connection (1): 127.0.0.1
2020-05-01 19:39:44,388 INFO - requests.packages.urllib3.connectionpool - Starting new HTTP connection (1): 127.0.0.1
2020-05-01 19:39:44,631 INFO - distribution.node_client - Loading parameters from endpoint http://127.0.0.1:5001/parameters/generators/best took 0.2509896755218506 seconds
2020-05-01 19:39:44,680 INFO - distribution.node_client - Loading parameters from endpoint http://127.0.0.1:5002/parameters/generators/best took 0.2953979969024658 seconds
2020-05-01 19:39:44,898 INFO - training.ea.ea_trainer - Calculating FID/inception score.
2020-05-01 19:39:44,900 CRITICAL - distribution.client_api - An unhandled error occured while running Lipizzaner: [Errno 2] No such file or directory: './networks/mnist_cnn/mnist_cnn.pkl'
2020-05-01 19:39:44,901 INFO - distribution.client_api - Finished experiment, waiting for new requests.
2020-05-01 19:39:47,735 WARNING - distribution.client_api - Received stop signal from master, but no experiment is running.
