2020-05-01 19:44:26,291 INFO - distribution.client_api - Distributed training recognized, set log directory to ./output/lipizzaner_gan/distributed/mnist/2020-05-01_19-44-26/2419
2020-05-01 19:44:26,456 INFO - lipizzaner - Parameters: {'trainer': {'name': 'lipizzaner_gan', 'calculate_net_weights_dist': True, 'mixture_generator_samples_mode': 'exact_proportion', 'params': {'alpha': 0.0001, 'discriminator_skip_each_nth_step': 1, 'fitness': {'fitness_mode': 'average', 'fitness_sample_size': 1000}, 'population_size': 1, 'mixture_sigma': 0.01, 'tournament_size': 2, 'score': {'type': 'fid', 'score_sample_size': 1000, 'cuda': True, 'enabled': False}, 'default_adam_learning_rate': 0.0002, 'mutation_probability': 0.5, 'enable_selection': False, 'n_replacements': 1}, 'n_iterations': 5}, 'general': {'distribution': {'auto_discover': False, 'start_time': '2020-05-01_19-44-26', 'client_nodes': [{'address': '127.0.0.1', 'port': 5000}, {'address': '127.0.0.1', 'port': 5001}, {'address': '127.0.0.1', 'port': 5002}, {'address': '127.0.0.1', 'port': 5003}], 'master_node': {'exit_clients_on_disconnect': True}}, 'logging': {'print_discriminator': False, 'enabled': True, 'log_level': 'INFO', 'image_format': 'jpg', 'log_server': None}, 'seed': 1, 'losswise': {'api_key': '3T1CKALG6', 'enabled': False}, 'output_dir': './output', 'num_workers': 4}, 'network': {'loss': 'bceloss', 'name': 'four_layer_perceptron'}, 'dataloader': {'batch_size': 100, 'n_batches': 0, 'dataset_name': 'mnist', 'use_batch': True, 'shuffle': True}, 'master': {'calculate_score': False, 'score_sample_size': 50000, 'cuda': True}}
2020-05-01 19:44:26,457 INFO - lipizzaner - CUDA is not supported on this device.
2020-05-01 19:44:26,458 INFO - lipizzaner - Seed used: 6014804
2020-05-01 19:44:26,459 INFO - lipizzaner - Starting training for 5 iterations/epochs.
2020-05-01 19:44:26,632 INFO - requests.packages.urllib3.connectionpool - Starting new HTTP connection (1): 127.0.0.1
2020-05-01 19:44:26,647 INFO - requests.packages.urllib3.connectionpool - Starting new HTTP connection (1): 127.0.0.1
2020-05-01 19:44:26,839 INFO - distribution.node_client - Loading parameters from endpoint http://127.0.0.1:5003/parameters/generators took 0.1980116367340088 seconds
2020-05-01 19:44:26,851 INFO - distribution.node_client - Loading parameters from endpoint http://127.0.0.1:5000/parameters/generators took 0.2280275821685791 seconds
2020-05-01 19:44:26,903 INFO - requests.packages.urllib3.connectionpool - Starting new HTTP connection (1): 127.0.0.1
2020-05-01 19:44:26,908 INFO - requests.packages.urllib3.connectionpool - Starting new HTTP connection (1): 127.0.0.1
2020-05-01 19:44:26,957 INFO - distribution.node_client - Loading parameters from endpoint http://127.0.0.1:5000/parameters/discriminators took 0.059262752532958984 seconds
2020-05-01 19:44:27,030 INFO - distribution.node_client - Loading parameters from endpoint http://127.0.0.1:5003/parameters/discriminators took 0.12437224388122559 seconds
2020-05-01 19:44:27,080 INFO - training.ea.ea_trainer - Generators in current neighborhood are ['Iteration0:127.0.0.1:5003:3/G0', 'Iteration0:127.0.0.1:5000:0/G0', 'Iteration0:127.0.0.1:5001:1/G0']
2020-05-01 19:44:27,080 INFO - training.ea.ea_trainer - Discriminators in current neighborhood are ['Iteration0:127.0.0.1:5000:0/D0', 'Iteration0:127.0.0.1:5003:3/D0', 'Iteration0:127.0.0.1:5001:1/D0']
2020-05-01 19:44:27,091 INFO - training.ea.ea_trainer - L2 distance between all generators weights: [('Iteration0:127.0.0.1:5003:3/G0', 'Iteration0:127.0.0.1:5000:0/G0', array(29.420944, dtype=float32)), ('Iteration0:127.0.0.1:5003:3/G0', 'Iteration0:127.0.0.1:5001:1/G0', array(29.499233, dtype=float32)), ('Iteration0:127.0.0.1:5000:0/G0', 'Iteration0:127.0.0.1:5001:1/G0', array(29.492472, dtype=float32))]
2020-05-01 19:44:27,101 INFO - training.ea.ea_trainer - L2 distance between all discriminators weights: [('Iteration0:127.0.0.1:5000:0/D0', 'Iteration0:127.0.0.1:5003:3/D0', array(18.491697, dtype=float32)), ('Iteration0:127.0.0.1:5000:0/D0', 'Iteration0:127.0.0.1:5001:1/D0', array(18.564009, dtype=float32)), ('Iteration0:127.0.0.1:5003:3/D0', 'Iteration0:127.0.0.1:5001:1/D0', array(18.536097, dtype=float32))]
2020-05-01 19:44:29,256 INFO - training.ea.ea_trainer - Iteration 1, Batch 0/600
2020-05-01 19:44:29,301 INFO - training.ea.ea_trainer - Iteration 1, Batch 1/600
2020-05-01 19:44:29,401 INFO - training.ea.ea_trainer - Iteration 1, Batch 2/600
2020-05-01 19:44:29,483 INFO - training.ea.ea_trainer - Iteration 1, Batch 3/600
2020-05-01 19:44:29,637 INFO - training.ea.ea_trainer - Iteration 1, Batch 4/600
2020-05-01 19:44:29,682 INFO - training.ea.ea_trainer - Iteration 1, Batch 5/600
2020-05-01 19:44:29,808 INFO - training.ea.ea_trainer - Iteration 1, Batch 6/600
2020-05-01 19:44:29,879 INFO - training.ea.ea_trainer - Iteration 1, Batch 7/600
2020-05-01 19:44:29,978 INFO - training.ea.ea_trainer - Iteration 1, Batch 8/600
2020-05-01 19:44:30,026 INFO - training.ea.ea_trainer - Iteration 1, Batch 9/600
2020-05-01 19:44:30,129 INFO - training.ea.ea_trainer - Iteration 1, Batch 10/600
2020-05-01 19:44:30,198 INFO - training.ea.ea_trainer - Iteration 1, Batch 11/600
2020-05-01 19:44:30,330 INFO - training.ea.ea_trainer - Iteration 1, Batch 12/600
2020-05-01 19:44:30,373 INFO - training.ea.ea_trainer - Iteration 1, Batch 13/600
2020-05-01 19:44:30,531 INFO - training.ea.ea_trainer - Iteration 1, Batch 14/600
2020-05-01 19:44:30,585 INFO - training.ea.ea_trainer - Iteration 1, Batch 15/600
2020-05-01 19:44:30,708 INFO - training.ea.ea_trainer - Iteration 1, Batch 16/600
2020-05-01 19:44:30,741 INFO - training.ea.ea_trainer - Iteration 1, Batch 17/600
2020-05-01 19:44:30,867 INFO - training.ea.ea_trainer - Iteration 1, Batch 18/600
2020-05-01 19:44:30,922 INFO - training.ea.ea_trainer - Iteration 1, Batch 19/600
2020-05-01 19:44:31,044 INFO - training.ea.ea_trainer - Iteration 1, Batch 20/600
2020-05-01 19:44:31,095 INFO - training.ea.ea_trainer - Iteration 1, Batch 21/600
2020-05-01 19:44:31,233 INFO - training.ea.ea_trainer - Iteration 1, Batch 22/600
2020-05-01 19:44:31,285 INFO - training.ea.ea_trainer - Iteration 1, Batch 23/600
2020-05-01 19:44:31,434 INFO - training.ea.ea_trainer - Iteration 1, Batch 24/600
2020-05-01 19:44:31,505 INFO - training.ea.ea_trainer - Iteration 1, Batch 25/600
2020-05-01 19:44:31,610 INFO - training.ea.ea_trainer - Iteration 1, Batch 26/600
2020-05-01 19:44:31,638 INFO - training.ea.ea_trainer - Iteration 1, Batch 27/600
2020-05-01 19:44:31,763 INFO - training.ea.ea_trainer - Iteration 1, Batch 28/600
2020-05-01 19:44:31,814 INFO - training.ea.ea_trainer - Iteration 1, Batch 29/600
2020-05-01 19:44:31,944 INFO - training.ea.ea_trainer - Iteration 1, Batch 30/600
2020-05-01 19:44:31,994 INFO - training.ea.ea_trainer - Iteration 1, Batch 31/600
2020-05-01 19:44:32,123 INFO - training.ea.ea_trainer - Iteration 1, Batch 32/600
2020-05-01 19:44:32,196 INFO - training.ea.ea_trainer - Iteration 1, Batch 33/600
2020-05-01 19:44:32,335 INFO - training.ea.ea_trainer - Iteration 1, Batch 34/600
2020-05-01 19:44:32,413 INFO - training.ea.ea_trainer - Iteration 1, Batch 35/600
2020-05-01 19:44:32,521 INFO - training.ea.ea_trainer - Iteration 1, Batch 36/600
2020-05-01 19:44:32,564 INFO - training.ea.ea_trainer - Iteration 1, Batch 37/600
2020-05-01 19:44:32,698 INFO - training.ea.ea_trainer - Iteration 1, Batch 38/600
2020-05-01 19:44:32,742 INFO - training.ea.ea_trainer - Iteration 1, Batch 39/600
2020-05-01 19:44:32,854 INFO - training.ea.ea_trainer - Iteration 1, Batch 40/600
2020-05-01 19:44:32,953 INFO - training.ea.ea_trainer - Iteration 1, Batch 41/600
2020-05-01 19:44:33,080 INFO - training.ea.ea_trainer - Iteration 1, Batch 42/600
2020-05-01 19:44:33,151 INFO - training.ea.ea_trainer - Iteration 1, Batch 43/600
2020-05-01 19:44:33,272 INFO - training.ea.ea_trainer - Iteration 1, Batch 44/600
2020-05-01 19:44:33,329 INFO - training.ea.ea_trainer - Iteration 1, Batch 45/600
2020-05-01 19:44:33,494 INFO - training.ea.ea_trainer - Iteration 1, Batch 46/600
2020-05-01 19:44:33,563 INFO - training.ea.ea_trainer - Iteration 1, Batch 47/600
2020-05-01 19:44:33,671 INFO - training.ea.ea_trainer - Iteration 1, Batch 48/600
2020-05-01 19:44:33,727 INFO - training.ea.ea_trainer - Iteration 1, Batch 49/600
2020-05-01 19:44:33,830 INFO - training.ea.ea_trainer - Iteration 1, Batch 50/600
2020-05-01 19:44:33,893 INFO - training.ea.ea_trainer - Iteration 1, Batch 51/600
2020-05-01 19:44:34,029 INFO - training.ea.ea_trainer - Iteration 1, Batch 52/600
2020-05-01 19:44:34,093 INFO - training.ea.ea_trainer - Iteration 1, Batch 53/600
2020-05-01 19:44:34,185 INFO - training.ea.ea_trainer - Iteration 1, Batch 54/600
2020-05-01 19:44:34,234 INFO - training.ea.ea_trainer - Iteration 1, Batch 55/600
2020-05-01 19:44:34,351 INFO - training.ea.ea_trainer - Iteration 1, Batch 56/600
2020-05-01 19:44:34,406 INFO - training.ea.ea_trainer - Iteration 1, Batch 57/600
2020-05-01 19:44:34,522 INFO - training.ea.ea_trainer - Iteration 1, Batch 58/600
2020-05-01 19:44:34,554 INFO - training.ea.ea_trainer - Iteration 1, Batch 59/600
2020-05-01 19:44:34,691 INFO - training.ea.ea_trainer - Iteration 1, Batch 60/600
2020-05-01 19:44:34,767 INFO - training.ea.ea_trainer - Iteration 1, Batch 61/600
2020-05-01 19:44:34,917 INFO - training.ea.ea_trainer - Iteration 1, Batch 62/600
2020-05-01 19:44:34,982 INFO - training.ea.ea_trainer - Iteration 1, Batch 63/600
2020-05-01 19:44:35,105 INFO - training.ea.ea_trainer - Iteration 1, Batch 64/600
2020-05-01 19:44:35,154 INFO - training.ea.ea_trainer - Iteration 1, Batch 65/600
2020-05-01 19:44:35,267 INFO - training.ea.ea_trainer - Iteration 1, Batch 66/600
2020-05-01 19:44:35,348 INFO - training.ea.ea_trainer - Iteration 1, Batch 67/600
2020-05-01 19:44:35,488 INFO - training.ea.ea_trainer - Iteration 1, Batch 68/600
2020-05-01 19:44:35,557 INFO - training.ea.ea_trainer - Iteration 1, Batch 69/600
2020-05-01 19:44:35,740 INFO - training.ea.ea_trainer - Iteration 1, Batch 70/600
2020-05-01 19:44:35,776 INFO - training.ea.ea_trainer - Iteration 1, Batch 71/600
2020-05-01 19:44:35,905 INFO - training.ea.ea_trainer - Iteration 1, Batch 72/600
2020-05-01 19:44:35,977 INFO - training.ea.ea_trainer - Iteration 1, Batch 73/600
2020-05-01 19:44:36,116 INFO - training.ea.ea_trainer - Iteration 1, Batch 74/600
2020-05-01 19:44:36,209 INFO - training.ea.ea_trainer - Iteration 1, Batch 75/600
2020-05-01 19:44:36,308 INFO - training.ea.ea_trainer - Iteration 1, Batch 76/600
2020-05-01 19:44:36,391 INFO - training.ea.ea_trainer - Iteration 1, Batch 77/600
2020-05-01 19:44:36,468 INFO - training.ea.ea_trainer - Iteration 1, Batch 78/600
2020-05-01 19:44:36,521 INFO - training.ea.ea_trainer - Iteration 1, Batch 79/600
2020-05-01 19:44:36,688 INFO - training.ea.ea_trainer - Iteration 1, Batch 80/600
2020-05-01 19:44:36,761 INFO - training.ea.ea_trainer - Iteration 1, Batch 81/600
2020-05-01 19:44:36,870 INFO - training.ea.ea_trainer - Iteration 1, Batch 82/600
2020-05-01 19:44:36,918 INFO - training.ea.ea_trainer - Iteration 1, Batch 83/600
2020-05-01 19:44:37,062 INFO - training.ea.ea_trainer - Iteration 1, Batch 84/600
2020-05-01 19:44:37,105 INFO - training.ea.ea_trainer - Iteration 1, Batch 85/600
2020-05-01 19:44:37,248 INFO - training.ea.ea_trainer - Iteration 1, Batch 86/600
2020-05-01 19:44:37,313 INFO - training.ea.ea_trainer - Iteration 1, Batch 87/600
2020-05-01 19:44:37,416 INFO - training.ea.ea_trainer - Iteration 1, Batch 88/600
2020-05-01 19:44:37,483 INFO - training.ea.ea_trainer - Iteration 1, Batch 89/600
2020-05-01 19:44:37,603 INFO - training.ea.ea_trainer - Iteration 1, Batch 90/600
2020-05-01 19:44:37,639 INFO - training.ea.ea_trainer - Iteration 1, Batch 91/600
2020-05-01 19:44:37,787 INFO - training.ea.ea_trainer - Iteration 1, Batch 92/600
2020-05-01 19:44:37,831 INFO - training.ea.ea_trainer - Iteration 1, Batch 93/600
2020-05-01 19:44:37,926 INFO - training.ea.ea_trainer - Iteration 1, Batch 94/600
2020-05-01 19:44:38,004 INFO - training.ea.ea_trainer - Iteration 1, Batch 95/600
2020-05-01 19:44:38,088 INFO - training.ea.ea_trainer - Iteration 1, Batch 96/600
2020-05-01 19:44:38,168 INFO - training.ea.ea_trainer - Iteration 1, Batch 97/600
2020-05-01 19:44:38,274 INFO - training.ea.ea_trainer - Iteration 1, Batch 98/600
2020-05-01 19:44:38,369 INFO - training.ea.ea_trainer - Iteration 1, Batch 99/600
2020-05-01 19:44:38,486 INFO - training.ea.ea_trainer - Iteration 1, Batch 100/600
2020-05-01 19:44:38,575 INFO - training.ea.ea_trainer - Iteration 1, Batch 101/600
2020-05-01 19:44:38,667 INFO - training.ea.ea_trainer - Iteration 1, Batch 102/600
2020-05-01 19:44:38,731 INFO - training.ea.ea_trainer - Iteration 1, Batch 103/600
2020-05-01 19:44:38,855 INFO - training.ea.ea_trainer - Iteration 1, Batch 104/600
2020-05-01 19:44:38,909 INFO - training.ea.ea_trainer - Iteration 1, Batch 105/600
2020-05-01 19:44:39,004 INFO - training.ea.ea_trainer - Iteration 1, Batch 106/600
2020-05-01 19:44:39,056 INFO - training.ea.ea_trainer - Iteration 1, Batch 107/600
2020-05-01 19:44:39,195 INFO - training.ea.ea_trainer - Iteration 1, Batch 108/600
2020-05-01 19:44:39,244 INFO - training.ea.ea_trainer - Iteration 1, Batch 109/600
2020-05-01 19:44:39,368 INFO - training.ea.ea_trainer - Iteration 1, Batch 110/600
2020-05-01 19:44:39,442 INFO - training.ea.ea_trainer - Iteration 1, Batch 111/600
2020-05-01 19:44:39,539 INFO - training.ea.ea_trainer - Iteration 1, Batch 112/600
2020-05-01 19:44:39,607 INFO - training.ea.ea_trainer - Iteration 1, Batch 113/600
2020-05-01 19:44:39,734 INFO - training.ea.ea_trainer - Iteration 1, Batch 114/600
2020-05-01 19:44:39,816 INFO - training.ea.ea_trainer - Iteration 1, Batch 115/600
2020-05-01 19:44:39,955 INFO - training.ea.ea_trainer - Iteration 1, Batch 116/600
2020-05-01 19:44:40,006 INFO - training.ea.ea_trainer - Iteration 1, Batch 117/600
2020-05-01 19:44:40,151 INFO - training.ea.ea_trainer - Iteration 1, Batch 118/600
2020-05-01 19:44:40,218 INFO - training.ea.ea_trainer - Iteration 1, Batch 119/600
2020-05-01 19:44:40,351 INFO - training.ea.ea_trainer - Iteration 1, Batch 120/600
2020-05-01 19:44:40,423 INFO - training.ea.ea_trainer - Iteration 1, Batch 121/600
2020-05-01 19:44:40,520 INFO - training.ea.ea_trainer - Iteration 1, Batch 122/600
2020-05-01 19:44:40,573 INFO - training.ea.ea_trainer - Iteration 1, Batch 123/600
2020-05-01 19:44:40,699 INFO - training.ea.ea_trainer - Iteration 1, Batch 124/600
2020-05-01 19:44:40,755 INFO - training.ea.ea_trainer - Iteration 1, Batch 125/600
2020-05-01 19:44:40,892 INFO - training.ea.ea_trainer - Iteration 1, Batch 126/600
2020-05-01 19:44:40,948 INFO - training.ea.ea_trainer - Iteration 1, Batch 127/600
2020-05-01 19:44:41,053 INFO - training.ea.ea_trainer - Iteration 1, Batch 128/600
2020-05-01 19:44:41,106 INFO - training.ea.ea_trainer - Iteration 1, Batch 129/600
2020-05-01 19:44:41,247 INFO - training.ea.ea_trainer - Iteration 1, Batch 130/600
2020-05-01 19:44:41,286 INFO - training.ea.ea_trainer - Iteration 1, Batch 131/600
2020-05-01 19:44:41,433 INFO - training.ea.ea_trainer - Iteration 1, Batch 132/600
2020-05-01 19:44:41,471 INFO - training.ea.ea_trainer - Iteration 1, Batch 133/600
2020-05-01 19:44:41,603 INFO - training.ea.ea_trainer - Iteration 1, Batch 134/600
2020-05-01 19:44:41,657 INFO - training.ea.ea_trainer - Iteration 1, Batch 135/600
2020-05-01 19:44:41,779 INFO - training.ea.ea_trainer - Iteration 1, Batch 136/600
2020-05-01 19:44:41,847 INFO - training.ea.ea_trainer - Iteration 1, Batch 137/600
2020-05-01 19:44:41,963 INFO - training.ea.ea_trainer - Iteration 1, Batch 138/600
2020-05-01 19:44:42,018 INFO - training.ea.ea_trainer - Iteration 1, Batch 139/600
2020-05-01 19:44:42,177 INFO - training.ea.ea_trainer - Iteration 1, Batch 140/600
2020-05-01 19:44:42,231 INFO - training.ea.ea_trainer - Iteration 1, Batch 141/600
2020-05-01 19:44:42,370 INFO - training.ea.ea_trainer - Iteration 1, Batch 142/600
2020-05-01 19:44:42,424 INFO - training.ea.ea_trainer - Iteration 1, Batch 143/600
2020-05-01 19:44:42,520 INFO - training.ea.ea_trainer - Iteration 1, Batch 144/600
2020-05-01 19:44:42,587 INFO - training.ea.ea_trainer - Iteration 1, Batch 145/600
2020-05-01 19:44:42,732 INFO - training.ea.ea_trainer - Iteration 1, Batch 146/600
2020-05-01 19:44:42,791 INFO - training.ea.ea_trainer - Iteration 1, Batch 147/600
2020-05-01 19:44:42,943 INFO - training.ea.ea_trainer - Iteration 1, Batch 148/600
2020-05-01 19:44:42,987 INFO - training.ea.ea_trainer - Iteration 1, Batch 149/600
2020-05-01 19:44:43,125 INFO - training.ea.ea_trainer - Iteration 1, Batch 150/600
2020-05-01 19:44:43,185 INFO - training.ea.ea_trainer - Iteration 1, Batch 151/600
2020-05-01 19:44:43,306 INFO - training.ea.ea_trainer - Iteration 1, Batch 152/600
2020-05-01 19:44:43,351 INFO - training.ea.ea_trainer - Iteration 1, Batch 153/600
2020-05-01 19:44:43,458 INFO - training.ea.ea_trainer - Iteration 1, Batch 154/600
2020-05-01 19:44:43,517 INFO - training.ea.ea_trainer - Iteration 1, Batch 155/600
2020-05-01 19:44:43,686 INFO - training.ea.ea_trainer - Iteration 1, Batch 156/600
2020-05-01 19:44:43,756 INFO - training.ea.ea_trainer - Iteration 1, Batch 157/600
2020-05-01 19:44:43,876 INFO - training.ea.ea_trainer - Iteration 1, Batch 158/600
2020-05-01 19:44:43,923 INFO - training.ea.ea_trainer - Iteration 1, Batch 159/600
2020-05-01 19:44:44,044 INFO - training.ea.ea_trainer - Iteration 1, Batch 160/600
2020-05-01 19:44:44,092 INFO - training.ea.ea_trainer - Iteration 1, Batch 161/600
2020-05-01 19:44:44,245 INFO - training.ea.ea_trainer - Iteration 1, Batch 162/600
2020-05-01 19:44:44,291 INFO - training.ea.ea_trainer - Iteration 1, Batch 163/600
2020-05-01 19:44:44,392 INFO - training.ea.ea_trainer - Iteration 1, Batch 164/600
2020-05-01 19:44:44,447 INFO - training.ea.ea_trainer - Iteration 1, Batch 165/600
2020-05-01 19:44:44,596 INFO - training.ea.ea_trainer - Iteration 1, Batch 166/600
2020-05-01 19:44:44,661 INFO - training.ea.ea_trainer - Iteration 1, Batch 167/600
2020-05-01 19:44:44,746 INFO - training.ea.ea_trainer - Iteration 1, Batch 168/600
2020-05-01 19:44:44,803 INFO - training.ea.ea_trainer - Iteration 1, Batch 169/600
2020-05-01 19:44:44,937 INFO - training.ea.ea_trainer - Iteration 1, Batch 170/600
2020-05-01 19:44:44,984 INFO - training.ea.ea_trainer - Iteration 1, Batch 171/600
2020-05-01 19:44:45,128 INFO - training.ea.ea_trainer - Iteration 1, Batch 172/600
2020-05-01 19:44:45,184 INFO - training.ea.ea_trainer - Iteration 1, Batch 173/600
2020-05-01 19:44:45,306 INFO - training.ea.ea_trainer - Iteration 1, Batch 174/600
2020-05-01 19:44:45,367 INFO - training.ea.ea_trainer - Iteration 1, Batch 175/600
2020-05-01 19:44:45,464 INFO - training.ea.ea_trainer - Iteration 1, Batch 176/600
2020-05-01 19:44:45,529 INFO - training.ea.ea_trainer - Iteration 1, Batch 177/600
2020-05-01 19:44:45,651 INFO - training.ea.ea_trainer - Iteration 1, Batch 178/600
2020-05-01 19:44:45,717 INFO - training.ea.ea_trainer - Iteration 1, Batch 179/600
2020-05-01 19:44:45,850 INFO - training.ea.ea_trainer - Iteration 1, Batch 180/600
2020-05-01 19:44:45,884 INFO - training.ea.ea_trainer - Iteration 1, Batch 181/600
2020-05-01 19:44:46,067 INFO - training.ea.ea_trainer - Iteration 1, Batch 182/600
2020-05-01 19:44:46,112 INFO - training.ea.ea_trainer - Iteration 1, Batch 183/600
2020-05-01 19:44:46,241 INFO - training.ea.ea_trainer - Iteration 1, Batch 184/600
2020-05-01 19:44:46,310 INFO - training.ea.ea_trainer - Iteration 1, Batch 185/600
2020-05-01 19:44:46,428 INFO - training.ea.ea_trainer - Iteration 1, Batch 186/600
2020-05-01 19:44:46,490 INFO - training.ea.ea_trainer - Iteration 1, Batch 187/600
2020-05-01 19:44:46,617 INFO - training.ea.ea_trainer - Iteration 1, Batch 188/600
2020-05-01 19:44:46,666 INFO - training.ea.ea_trainer - Iteration 1, Batch 189/600
2020-05-01 19:44:46,796 INFO - training.ea.ea_trainer - Iteration 1, Batch 190/600
2020-05-01 19:44:46,840 INFO - training.ea.ea_trainer - Iteration 1, Batch 191/600
2020-05-01 19:44:46,994 INFO - training.ea.ea_trainer - Iteration 1, Batch 192/600
2020-05-01 19:44:47,062 INFO - training.ea.ea_trainer - Iteration 1, Batch 193/600
2020-05-01 19:44:47,162 INFO - training.ea.ea_trainer - Iteration 1, Batch 194/600
2020-05-01 19:44:47,220 INFO - training.ea.ea_trainer - Iteration 1, Batch 195/600
2020-05-01 19:44:47,342 INFO - training.ea.ea_trainer - Iteration 1, Batch 196/600
2020-05-01 19:44:47,402 INFO - training.ea.ea_trainer - Iteration 1, Batch 197/600
2020-05-01 19:44:47,534 INFO - training.ea.ea_trainer - Iteration 1, Batch 198/600
2020-05-01 19:44:47,607 INFO - training.ea.ea_trainer - Iteration 1, Batch 199/600
2020-05-01 19:44:47,742 INFO - training.ea.ea_trainer - Iteration 1, Batch 200/600
2020-05-01 19:44:47,806 INFO - training.ea.ea_trainer - Iteration 1, Batch 201/600
2020-05-01 19:44:47,892 INFO - training.ea.ea_trainer - Iteration 1, Batch 202/600
2020-05-01 19:44:47,961 INFO - training.ea.ea_trainer - Iteration 1, Batch 203/600
2020-05-01 19:44:48,086 INFO - training.ea.ea_trainer - Iteration 1, Batch 204/600
2020-05-01 19:44:48,151 INFO - training.ea.ea_trainer - Iteration 1, Batch 205/600
2020-05-01 19:44:48,272 INFO - training.ea.ea_trainer - Iteration 1, Batch 206/600
2020-05-01 19:44:48,319 INFO - training.ea.ea_trainer - Iteration 1, Batch 207/600
2020-05-01 19:44:48,450 INFO - training.ea.ea_trainer - Iteration 1, Batch 208/600
2020-05-01 19:44:48,509 INFO - training.ea.ea_trainer - Iteration 1, Batch 209/600
2020-05-01 19:44:48,593 INFO - training.ea.ea_trainer - Iteration 1, Batch 210/600
2020-05-01 19:44:48,680 INFO - training.ea.ea_trainer - Iteration 1, Batch 211/600
2020-05-01 19:44:48,839 INFO - training.ea.ea_trainer - Iteration 1, Batch 212/600
2020-05-01 19:44:48,900 INFO - training.ea.ea_trainer - Iteration 1, Batch 213/600
2020-05-01 19:44:49,017 INFO - training.ea.ea_trainer - Iteration 1, Batch 214/600
2020-05-01 19:44:49,089 INFO - training.ea.ea_trainer - Iteration 1, Batch 215/600
2020-05-01 19:44:49,235 INFO - training.ea.ea_trainer - Iteration 1, Batch 216/600
2020-05-01 19:44:49,282 INFO - training.ea.ea_trainer - Iteration 1, Batch 217/600
2020-05-01 19:44:49,419 INFO - training.ea.ea_trainer - Iteration 1, Batch 218/600
2020-05-01 19:44:49,459 INFO - training.ea.ea_trainer - Iteration 1, Batch 219/600
2020-05-01 19:44:49,622 INFO - training.ea.ea_trainer - Iteration 1, Batch 220/600
2020-05-01 19:44:49,686 INFO - training.ea.ea_trainer - Iteration 1, Batch 221/600
2020-05-01 19:44:49,801 INFO - training.ea.ea_trainer - Iteration 1, Batch 222/600
2020-05-01 19:44:49,848 INFO - training.ea.ea_trainer - Iteration 1, Batch 223/600
2020-05-01 19:44:49,948 INFO - training.ea.ea_trainer - Iteration 1, Batch 224/600
2020-05-01 19:44:50,028 INFO - training.ea.ea_trainer - Iteration 1, Batch 225/600
2020-05-01 19:44:50,150 INFO - training.ea.ea_trainer - Iteration 1, Batch 226/600
2020-05-01 19:44:50,192 INFO - training.ea.ea_trainer - Iteration 1, Batch 227/600
2020-05-01 19:44:50,320 INFO - training.ea.ea_trainer - Iteration 1, Batch 228/600
2020-05-01 19:44:50,391 INFO - training.ea.ea_trainer - Iteration 1, Batch 229/600
2020-05-01 19:44:50,511 INFO - training.ea.ea_trainer - Iteration 1, Batch 230/600
2020-05-01 19:44:50,547 INFO - training.ea.ea_trainer - Iteration 1, Batch 231/600
2020-05-01 19:44:50,708 INFO - training.ea.ea_trainer - Iteration 1, Batch 232/600
2020-05-01 19:44:50,815 INFO - training.ea.ea_trainer - Iteration 1, Batch 233/600
2020-05-01 19:44:50,923 INFO - training.ea.ea_trainer - Iteration 1, Batch 234/600
2020-05-01 19:44:50,998 INFO - training.ea.ea_trainer - Iteration 1, Batch 235/600
2020-05-01 19:44:51,096 INFO - training.ea.ea_trainer - Iteration 1, Batch 236/600
2020-05-01 19:44:51,147 INFO - training.ea.ea_trainer - Iteration 1, Batch 237/600
2020-05-01 19:44:51,252 INFO - training.ea.ea_trainer - Iteration 1, Batch 238/600
2020-05-01 19:44:51,311 INFO - training.ea.ea_trainer - Iteration 1, Batch 239/600
2020-05-01 19:44:51,418 INFO - training.ea.ea_trainer - Iteration 1, Batch 240/600
2020-05-01 19:44:51,524 INFO - training.ea.ea_trainer - Iteration 1, Batch 241/600
2020-05-01 19:44:51,627 INFO - training.ea.ea_trainer - Iteration 1, Batch 242/600
2020-05-01 19:44:51,696 INFO - training.ea.ea_trainer - Iteration 1, Batch 243/600
2020-05-01 19:44:51,821 INFO - training.ea.ea_trainer - Iteration 1, Batch 244/600
2020-05-01 19:44:51,871 INFO - training.ea.ea_trainer - Iteration 1, Batch 245/600
2020-05-01 19:44:52,018 INFO - training.ea.ea_trainer - Iteration 1, Batch 246/600
2020-05-01 19:44:52,081 INFO - training.ea.ea_trainer - Iteration 1, Batch 247/600
2020-05-01 19:44:52,202 INFO - training.ea.ea_trainer - Iteration 1, Batch 248/600
2020-05-01 19:44:52,277 INFO - training.ea.ea_trainer - Iteration 1, Batch 249/600
2020-05-01 19:44:52,358 INFO - training.ea.ea_trainer - Iteration 1, Batch 250/600
2020-05-01 19:44:52,444 INFO - training.ea.ea_trainer - Iteration 1, Batch 251/600
2020-05-01 19:44:52,595 INFO - training.ea.ea_trainer - Iteration 1, Batch 252/600
2020-05-01 19:44:52,637 INFO - training.ea.ea_trainer - Iteration 1, Batch 253/600
2020-05-01 19:44:52,751 INFO - training.ea.ea_trainer - Iteration 1, Batch 254/600
2020-05-01 19:44:52,782 INFO - training.ea.ea_trainer - Iteration 1, Batch 255/600
2020-05-01 19:44:52,927 INFO - training.ea.ea_trainer - Iteration 1, Batch 256/600
2020-05-01 19:44:52,993 INFO - training.ea.ea_trainer - Iteration 1, Batch 257/600
2020-05-01 19:44:53,161 INFO - training.ea.ea_trainer - Iteration 1, Batch 258/600
2020-05-01 19:44:53,234 INFO - training.ea.ea_trainer - Iteration 1, Batch 259/600
2020-05-01 19:44:53,354 INFO - training.ea.ea_trainer - Iteration 1, Batch 260/600
2020-05-01 19:44:53,390 INFO - training.ea.ea_trainer - Iteration 1, Batch 261/600
2020-05-01 19:44:53,548 INFO - training.ea.ea_trainer - Iteration 1, Batch 262/600
2020-05-01 19:44:53,600 INFO - training.ea.ea_trainer - Iteration 1, Batch 263/600
2020-05-01 19:44:53,727 INFO - training.ea.ea_trainer - Iteration 1, Batch 264/600
2020-05-01 19:44:53,796 INFO - training.ea.ea_trainer - Iteration 1, Batch 265/600
2020-05-01 19:44:53,931 INFO - training.ea.ea_trainer - Iteration 1, Batch 266/600
2020-05-01 19:44:54,008 INFO - training.ea.ea_trainer - Iteration 1, Batch 267/600
2020-05-01 19:44:54,128 INFO - training.ea.ea_trainer - Iteration 1, Batch 268/600
2020-05-01 19:44:54,179 INFO - training.ea.ea_trainer - Iteration 1, Batch 269/600
2020-05-01 19:44:54,337 INFO - training.ea.ea_trainer - Iteration 1, Batch 270/600
2020-05-01 19:44:54,408 INFO - training.ea.ea_trainer - Iteration 1, Batch 271/600
2020-05-01 19:44:54,506 INFO - training.ea.ea_trainer - Iteration 1, Batch 272/600
2020-05-01 19:44:54,585 INFO - training.ea.ea_trainer - Iteration 1, Batch 273/600
2020-05-01 19:44:54,695 INFO - training.ea.ea_trainer - Iteration 1, Batch 274/600
2020-05-01 19:44:54,768 INFO - training.ea.ea_trainer - Iteration 1, Batch 275/600
2020-05-01 19:44:54,914 INFO - training.ea.ea_trainer - Iteration 1, Batch 276/600
2020-05-01 19:44:54,952 INFO - training.ea.ea_trainer - Iteration 1, Batch 277/600
2020-05-01 19:44:55,069 INFO - training.ea.ea_trainer - Iteration 1, Batch 278/600
2020-05-01 19:44:55,137 INFO - training.ea.ea_trainer - Iteration 1, Batch 279/600
2020-05-01 19:44:55,277 INFO - training.ea.ea_trainer - Iteration 1, Batch 280/600
2020-05-01 19:44:55,350 INFO - training.ea.ea_trainer - Iteration 1, Batch 281/600
2020-05-01 19:44:55,488 INFO - training.ea.ea_trainer - Iteration 1, Batch 282/600
2020-05-01 19:44:55,547 INFO - training.ea.ea_trainer - Iteration 1, Batch 283/600
2020-05-01 19:44:55,669 INFO - training.ea.ea_trainer - Iteration 1, Batch 284/600
2020-05-01 19:44:55,714 INFO - training.ea.ea_trainer - Iteration 1, Batch 285/600
2020-05-01 19:44:55,826 INFO - training.ea.ea_trainer - Iteration 1, Batch 286/600
2020-05-01 19:44:55,886 INFO - training.ea.ea_trainer - Iteration 1, Batch 287/600
2020-05-01 19:44:56,015 INFO - training.ea.ea_trainer - Iteration 1, Batch 288/600
2020-05-01 19:44:56,067 INFO - training.ea.ea_trainer - Iteration 1, Batch 289/600
2020-05-01 19:44:56,188 INFO - training.ea.ea_trainer - Iteration 1, Batch 290/600
2020-05-01 19:44:56,238 INFO - training.ea.ea_trainer - Iteration 1, Batch 291/600
2020-05-01 19:44:56,351 INFO - training.ea.ea_trainer - Iteration 1, Batch 292/600
2020-05-01 19:44:56,436 INFO - training.ea.ea_trainer - Iteration 1, Batch 293/600
2020-05-01 19:44:56,571 INFO - training.ea.ea_trainer - Iteration 1, Batch 294/600
2020-05-01 19:44:56,646 INFO - training.ea.ea_trainer - Iteration 1, Batch 295/600
2020-05-01 19:44:56,800 INFO - training.ea.ea_trainer - Iteration 1, Batch 296/600
2020-05-01 19:44:56,897 INFO - training.ea.ea_trainer - Iteration 1, Batch 297/600
2020-05-01 19:44:57,045 INFO - training.ea.ea_trainer - Iteration 1, Batch 298/600
2020-05-01 19:44:57,123 INFO - training.ea.ea_trainer - Iteration 1, Batch 299/600
2020-05-01 19:44:57,220 INFO - training.ea.ea_trainer - Iteration 1, Batch 300/600
2020-05-01 19:44:57,272 INFO - training.ea.ea_trainer - Iteration 1, Batch 301/600
2020-05-01 19:44:57,373 INFO - training.ea.ea_trainer - Iteration 1, Batch 302/600
2020-05-01 19:44:57,444 INFO - training.ea.ea_trainer - Iteration 1, Batch 303/600
2020-05-01 19:44:57,599 INFO - training.ea.ea_trainer - Iteration 1, Batch 304/600
2020-05-01 19:44:57,659 INFO - training.ea.ea_trainer - Iteration 1, Batch 305/600
2020-05-01 19:44:57,801 INFO - training.ea.ea_trainer - Iteration 1, Batch 306/600
2020-05-01 19:44:57,877 INFO - training.ea.ea_trainer - Iteration 1, Batch 307/600
2020-05-01 19:44:57,982 INFO - training.ea.ea_trainer - Iteration 1, Batch 308/600
2020-05-01 19:44:58,018 INFO - training.ea.ea_trainer - Iteration 1, Batch 309/600
2020-05-01 19:44:58,121 INFO - training.ea.ea_trainer - Iteration 1, Batch 310/600
2020-05-01 19:44:58,189 INFO - training.ea.ea_trainer - Iteration 1, Batch 311/600
2020-05-01 19:44:58,314 INFO - training.ea.ea_trainer - Iteration 1, Batch 312/600
2020-05-01 19:44:58,359 INFO - training.ea.ea_trainer - Iteration 1, Batch 313/600
2020-05-01 19:44:58,499 INFO - training.ea.ea_trainer - Iteration 1, Batch 314/600
2020-05-01 19:44:58,564 INFO - training.ea.ea_trainer - Iteration 1, Batch 315/600
2020-05-01 19:44:58,697 INFO - training.ea.ea_trainer - Iteration 1, Batch 316/600
2020-05-01 19:44:58,762 INFO - training.ea.ea_trainer - Iteration 1, Batch 317/600
2020-05-01 19:44:58,852 INFO - training.ea.ea_trainer - Iteration 1, Batch 318/600
2020-05-01 19:44:58,930 INFO - training.ea.ea_trainer - Iteration 1, Batch 319/600
2020-05-01 19:44:59,040 INFO - training.ea.ea_trainer - Iteration 1, Batch 320/600
2020-05-01 19:44:59,109 INFO - training.ea.ea_trainer - Iteration 1, Batch 321/600
2020-05-01 19:44:59,215 INFO - training.ea.ea_trainer - Iteration 1, Batch 322/600
2020-05-01 19:44:59,325 INFO - training.ea.ea_trainer - Iteration 1, Batch 323/600
2020-05-01 19:44:59,477 INFO - training.ea.ea_trainer - Iteration 1, Batch 324/600
2020-05-01 19:44:59,544 INFO - training.ea.ea_trainer - Iteration 1, Batch 325/600
2020-05-01 19:44:59,683 INFO - training.ea.ea_trainer - Iteration 1, Batch 326/600
2020-05-01 19:44:59,770 INFO - training.ea.ea_trainer - Iteration 1, Batch 327/600
2020-05-01 19:44:59,871 INFO - training.ea.ea_trainer - Iteration 1, Batch 328/600
2020-05-01 19:44:59,946 INFO - training.ea.ea_trainer - Iteration 1, Batch 329/600
2020-05-01 19:45:00,085 INFO - training.ea.ea_trainer - Iteration 1, Batch 330/600
2020-05-01 19:45:00,158 INFO - training.ea.ea_trainer - Iteration 1, Batch 331/600
2020-05-01 19:45:00,277 INFO - training.ea.ea_trainer - Iteration 1, Batch 332/600
2020-05-01 19:45:00,345 INFO - training.ea.ea_trainer - Iteration 1, Batch 333/600
2020-05-01 19:45:00,454 INFO - training.ea.ea_trainer - Iteration 1, Batch 334/600
2020-05-01 19:45:00,499 INFO - training.ea.ea_trainer - Iteration 1, Batch 335/600
2020-05-01 19:45:00,603 INFO - training.ea.ea_trainer - Iteration 1, Batch 336/600
2020-05-01 19:45:00,667 INFO - training.ea.ea_trainer - Iteration 1, Batch 337/600
2020-05-01 19:45:00,780 INFO - training.ea.ea_trainer - Iteration 1, Batch 338/600
2020-05-01 19:45:00,838 INFO - training.ea.ea_trainer - Iteration 1, Batch 339/600
2020-05-01 19:45:00,953 INFO - training.ea.ea_trainer - Iteration 1, Batch 340/600
2020-05-01 19:45:01,008 INFO - training.ea.ea_trainer - Iteration 1, Batch 341/600
2020-05-01 19:45:01,101 INFO - training.ea.ea_trainer - Iteration 1, Batch 342/600
2020-05-01 19:45:01,166 INFO - training.ea.ea_trainer - Iteration 1, Batch 343/600
2020-05-01 19:45:01,285 INFO - training.ea.ea_trainer - Iteration 1, Batch 344/600
2020-05-01 19:45:01,360 INFO - training.ea.ea_trainer - Iteration 1, Batch 345/600
2020-05-01 19:45:01,466 INFO - training.ea.ea_trainer - Iteration 1, Batch 346/600
2020-05-01 19:45:01,502 INFO - training.ea.ea_trainer - Iteration 1, Batch 347/600
2020-05-01 19:45:01,632 INFO - training.ea.ea_trainer - Iteration 1, Batch 348/600
2020-05-01 19:45:01,704 INFO - training.ea.ea_trainer - Iteration 1, Batch 349/600
2020-05-01 19:45:01,806 INFO - training.ea.ea_trainer - Iteration 1, Batch 350/600
2020-05-01 19:45:01,844 INFO - training.ea.ea_trainer - Iteration 1, Batch 351/600
2020-05-01 19:45:01,970 INFO - training.ea.ea_trainer - Iteration 1, Batch 352/600
2020-05-01 19:45:02,038 INFO - training.ea.ea_trainer - Iteration 1, Batch 353/600
2020-05-01 19:45:02,168 INFO - training.ea.ea_trainer - Iteration 1, Batch 354/600
2020-05-01 19:45:02,227 INFO - training.ea.ea_trainer - Iteration 1, Batch 355/600
2020-05-01 19:45:02,373 INFO - training.ea.ea_trainer - Iteration 1, Batch 356/600
2020-05-01 19:45:02,471 INFO - training.ea.ea_trainer - Iteration 1, Batch 357/600
2020-05-01 19:45:02,608 INFO - training.ea.ea_trainer - Iteration 1, Batch 358/600
2020-05-01 19:45:02,679 INFO - training.ea.ea_trainer - Iteration 1, Batch 359/600
2020-05-01 19:45:02,865 INFO - training.ea.ea_trainer - Iteration 1, Batch 360/600
2020-05-01 19:45:02,946 INFO - training.ea.ea_trainer - Iteration 1, Batch 361/600
2020-05-01 19:45:03,060 INFO - training.ea.ea_trainer - Iteration 1, Batch 362/600
2020-05-01 19:45:03,116 INFO - training.ea.ea_trainer - Iteration 1, Batch 363/600
2020-05-01 19:45:03,254 INFO - training.ea.ea_trainer - Iteration 1, Batch 364/600
2020-05-01 19:45:03,323 INFO - training.ea.ea_trainer - Iteration 1, Batch 365/600
2020-05-01 19:45:03,439 INFO - training.ea.ea_trainer - Iteration 1, Batch 366/600
2020-05-01 19:45:03,508 INFO - training.ea.ea_trainer - Iteration 1, Batch 367/600
2020-05-01 19:45:03,610 INFO - training.ea.ea_trainer - Iteration 1, Batch 368/600
2020-05-01 19:45:03,684 INFO - training.ea.ea_trainer - Iteration 1, Batch 369/600
2020-05-01 19:45:03,823 INFO - training.ea.ea_trainer - Iteration 1, Batch 370/600
2020-05-01 19:45:03,892 INFO - training.ea.ea_trainer - Iteration 1, Batch 371/600
2020-05-01 19:45:04,010 INFO - training.ea.ea_trainer - Iteration 1, Batch 372/600
2020-05-01 19:45:04,096 INFO - training.ea.ea_trainer - Iteration 1, Batch 373/600
2020-05-01 19:45:04,248 INFO - training.ea.ea_trainer - Iteration 1, Batch 374/600
2020-05-01 19:45:04,316 INFO - training.ea.ea_trainer - Iteration 1, Batch 375/600
2020-05-01 19:45:04,447 INFO - training.ea.ea_trainer - Iteration 1, Batch 376/600
2020-05-01 19:45:04,497 INFO - training.ea.ea_trainer - Iteration 1, Batch 377/600
2020-05-01 19:45:04,607 INFO - training.ea.ea_trainer - Iteration 1, Batch 378/600
2020-05-01 19:45:04,688 INFO - training.ea.ea_trainer - Iteration 1, Batch 379/600
2020-05-01 19:45:04,814 INFO - training.ea.ea_trainer - Iteration 1, Batch 380/600
2020-05-01 19:45:04,868 INFO - training.ea.ea_trainer - Iteration 1, Batch 381/600
2020-05-01 19:45:04,984 INFO - training.ea.ea_trainer - Iteration 1, Batch 382/600
2020-05-01 19:45:05,036 INFO - training.ea.ea_trainer - Iteration 1, Batch 383/600
2020-05-01 19:45:05,155 INFO - training.ea.ea_trainer - Iteration 1, Batch 384/600
2020-05-01 19:45:05,244 INFO - training.ea.ea_trainer - Iteration 1, Batch 385/600
2020-05-01 19:45:05,335 INFO - training.ea.ea_trainer - Iteration 1, Batch 386/600
2020-05-01 19:45:05,370 INFO - training.ea.ea_trainer - Iteration 1, Batch 387/600
2020-05-01 19:45:05,460 INFO - training.ea.ea_trainer - Iteration 1, Batch 388/600
2020-05-01 19:45:05,549 INFO - training.ea.ea_trainer - Iteration 1, Batch 389/600
2020-05-01 19:45:05,664 INFO - training.ea.ea_trainer - Iteration 1, Batch 390/600
2020-05-01 19:45:05,719 INFO - training.ea.ea_trainer - Iteration 1, Batch 391/600
2020-05-01 19:45:05,825 INFO - training.ea.ea_trainer - Iteration 1, Batch 392/600
2020-05-01 19:45:05,851 INFO - training.ea.ea_trainer - Iteration 1, Batch 393/600
2020-05-01 19:45:05,948 INFO - training.ea.ea_trainer - Iteration 1, Batch 394/600
2020-05-01 19:45:06,043 INFO - training.ea.ea_trainer - Iteration 1, Batch 395/600
2020-05-01 19:45:06,185 INFO - training.ea.ea_trainer - Iteration 1, Batch 396/600
2020-05-01 19:45:06,238 INFO - training.ea.ea_trainer - Iteration 1, Batch 397/600
2020-05-01 19:45:06,342 INFO - training.ea.ea_trainer - Iteration 1, Batch 398/600
2020-05-01 19:45:06,408 INFO - training.ea.ea_trainer - Iteration 1, Batch 399/600
2020-05-01 19:45:06,527 INFO - training.ea.ea_trainer - Iteration 1, Batch 400/600
2020-05-01 19:45:06,584 INFO - training.ea.ea_trainer - Iteration 1, Batch 401/600
2020-05-01 19:45:06,689 INFO - training.ea.ea_trainer - Iteration 1, Batch 402/600
2020-05-01 19:45:06,764 INFO - training.ea.ea_trainer - Iteration 1, Batch 403/600
2020-05-01 19:45:06,863 INFO - training.ea.ea_trainer - Iteration 1, Batch 404/600
2020-05-01 19:45:06,920 INFO - training.ea.ea_trainer - Iteration 1, Batch 405/600
2020-05-01 19:45:07,077 INFO - training.ea.ea_trainer - Iteration 1, Batch 406/600
2020-05-01 19:45:07,147 INFO - training.ea.ea_trainer - Iteration 1, Batch 407/600
2020-05-01 19:45:07,255 INFO - training.ea.ea_trainer - Iteration 1, Batch 408/600
2020-05-01 19:45:07,317 INFO - training.ea.ea_trainer - Iteration 1, Batch 409/600
2020-05-01 19:45:07,426 INFO - training.ea.ea_trainer - Iteration 1, Batch 410/600
2020-05-01 19:45:07,471 INFO - training.ea.ea_trainer - Iteration 1, Batch 411/600
2020-05-01 19:45:07,600 INFO - training.ea.ea_trainer - Iteration 1, Batch 412/600
2020-05-01 19:45:07,657 INFO - training.ea.ea_trainer - Iteration 1, Batch 413/600
2020-05-01 19:45:07,776 INFO - training.ea.ea_trainer - Iteration 1, Batch 414/600
2020-05-01 19:45:07,849 INFO - training.ea.ea_trainer - Iteration 1, Batch 415/600
2020-05-01 19:45:07,939 INFO - training.ea.ea_trainer - Iteration 1, Batch 416/600
2020-05-01 19:45:07,989 INFO - training.ea.ea_trainer - Iteration 1, Batch 417/600
2020-05-01 19:45:08,114 INFO - training.ea.ea_trainer - Iteration 1, Batch 418/600
2020-05-01 19:45:08,165 INFO - training.ea.ea_trainer - Iteration 1, Batch 419/600
2020-05-01 19:45:08,299 INFO - training.ea.ea_trainer - Iteration 1, Batch 420/600
2020-05-01 19:45:08,376 INFO - training.ea.ea_trainer - Iteration 1, Batch 421/600
2020-05-01 19:45:08,491 INFO - training.ea.ea_trainer - Iteration 1, Batch 422/600
2020-05-01 19:45:08,537 INFO - training.ea.ea_trainer - Iteration 1, Batch 423/600
2020-05-01 19:45:08,662 INFO - training.ea.ea_trainer - Iteration 1, Batch 424/600
2020-05-01 19:45:08,719 INFO - training.ea.ea_trainer - Iteration 1, Batch 425/600
2020-05-01 19:45:08,856 INFO - training.ea.ea_trainer - Iteration 1, Batch 426/600
2020-05-01 19:45:08,948 INFO - training.ea.ea_trainer - Iteration 1, Batch 427/600
2020-05-01 19:45:09,039 INFO - training.ea.ea_trainer - Iteration 1, Batch 428/600
2020-05-01 19:45:09,088 INFO - training.ea.ea_trainer - Iteration 1, Batch 429/600
2020-05-01 19:45:09,187 INFO - training.ea.ea_trainer - Iteration 1, Batch 430/600
2020-05-01 19:45:09,242 INFO - training.ea.ea_trainer - Iteration 1, Batch 431/600
2020-05-01 19:45:09,361 INFO - training.ea.ea_trainer - Iteration 1, Batch 432/600
2020-05-01 19:45:09,420 INFO - training.ea.ea_trainer - Iteration 1, Batch 433/600
2020-05-01 19:45:09,526 INFO - training.ea.ea_trainer - Iteration 1, Batch 434/600
2020-05-01 19:45:09,575 INFO - training.ea.ea_trainer - Iteration 1, Batch 435/600
2020-05-01 19:45:09,669 INFO - training.ea.ea_trainer - Iteration 1, Batch 436/600
2020-05-01 19:45:09,743 INFO - training.ea.ea_trainer - Iteration 1, Batch 437/600
2020-05-01 19:45:09,810 INFO - training.ea.ea_trainer - Iteration 1, Batch 438/600
2020-05-01 19:45:09,886 INFO - training.ea.ea_trainer - Iteration 1, Batch 439/600
2020-05-01 19:45:09,989 INFO - training.ea.ea_trainer - Iteration 1, Batch 440/600
2020-05-01 19:45:10,043 INFO - training.ea.ea_trainer - Iteration 1, Batch 441/600
2020-05-01 19:45:10,198 INFO - training.ea.ea_trainer - Iteration 1, Batch 442/600
2020-05-01 19:45:10,247 INFO - training.ea.ea_trainer - Iteration 1, Batch 443/600
2020-05-01 19:45:10,382 INFO - training.ea.ea_trainer - Iteration 1, Batch 444/600
2020-05-01 19:45:10,445 INFO - training.ea.ea_trainer - Iteration 1, Batch 445/600
2020-05-01 19:45:10,552 INFO - training.ea.ea_trainer - Iteration 1, Batch 446/600
2020-05-01 19:45:10,607 INFO - training.ea.ea_trainer - Iteration 1, Batch 447/600
2020-05-01 19:45:10,712 INFO - training.ea.ea_trainer - Iteration 1, Batch 448/600
2020-05-01 19:45:10,777 INFO - training.ea.ea_trainer - Iteration 1, Batch 449/600
2020-05-01 19:45:10,945 INFO - training.ea.ea_trainer - Iteration 1, Batch 450/600
2020-05-01 19:45:11,035 INFO - training.ea.ea_trainer - Iteration 1, Batch 451/600
2020-05-01 19:45:11,132 INFO - training.ea.ea_trainer - Iteration 1, Batch 452/600
2020-05-01 19:45:11,178 INFO - training.ea.ea_trainer - Iteration 1, Batch 453/600
2020-05-01 19:45:11,356 INFO - training.ea.ea_trainer - Iteration 1, Batch 454/600
2020-05-01 19:45:11,417 INFO - training.ea.ea_trainer - Iteration 1, Batch 455/600
2020-05-01 19:45:11,575 INFO - training.ea.ea_trainer - Iteration 1, Batch 456/600
2020-05-01 19:45:11,636 INFO - training.ea.ea_trainer - Iteration 1, Batch 457/600
2020-05-01 19:45:11,744 INFO - training.ea.ea_trainer - Iteration 1, Batch 458/600
2020-05-01 19:45:11,780 INFO - training.ea.ea_trainer - Iteration 1, Batch 459/600
2020-05-01 19:45:11,967 INFO - training.ea.ea_trainer - Iteration 1, Batch 460/600
2020-05-01 19:45:12,024 INFO - training.ea.ea_trainer - Iteration 1, Batch 461/600
2020-05-01 19:45:12,115 INFO - training.ea.ea_trainer - Iteration 1, Batch 462/600
2020-05-01 19:45:12,204 INFO - training.ea.ea_trainer - Iteration 1, Batch 463/600
2020-05-01 19:45:12,348 INFO - training.ea.ea_trainer - Iteration 1, Batch 464/600
2020-05-01 19:45:12,426 INFO - training.ea.ea_trainer - Iteration 1, Batch 465/600
2020-05-01 19:45:12,547 INFO - training.ea.ea_trainer - Iteration 1, Batch 466/600
2020-05-01 19:45:12,614 INFO - training.ea.ea_trainer - Iteration 1, Batch 467/600
2020-05-01 19:45:12,763 INFO - training.ea.ea_trainer - Iteration 1, Batch 468/600
2020-05-01 19:45:12,804 INFO - training.ea.ea_trainer - Iteration 1, Batch 469/600
2020-05-01 19:45:12,937 INFO - training.ea.ea_trainer - Iteration 1, Batch 470/600
2020-05-01 19:45:12,992 INFO - training.ea.ea_trainer - Iteration 1, Batch 471/600
2020-05-01 19:45:13,127 INFO - training.ea.ea_trainer - Iteration 1, Batch 472/600
2020-05-01 19:45:13,183 INFO - training.ea.ea_trainer - Iteration 1, Batch 473/600
2020-05-01 19:45:13,327 INFO - training.ea.ea_trainer - Iteration 1, Batch 474/600
2020-05-01 19:45:13,375 INFO - training.ea.ea_trainer - Iteration 1, Batch 475/600
2020-05-01 19:45:13,460 INFO - training.ea.ea_trainer - Iteration 1, Batch 476/600
2020-05-01 19:45:13,526 INFO - training.ea.ea_trainer - Iteration 1, Batch 477/600
2020-05-01 19:45:13,654 INFO - training.ea.ea_trainer - Iteration 1, Batch 478/600
2020-05-01 19:45:13,724 INFO - training.ea.ea_trainer - Iteration 1, Batch 479/600
2020-05-01 19:45:13,825 INFO - training.ea.ea_trainer - Iteration 1, Batch 480/600
2020-05-01 19:45:13,887 INFO - training.ea.ea_trainer - Iteration 1, Batch 481/600
2020-05-01 19:45:13,962 INFO - training.ea.ea_trainer - Iteration 1, Batch 482/600
2020-05-01 19:45:14,032 INFO - training.ea.ea_trainer - Iteration 1, Batch 483/600
2020-05-01 19:45:14,143 INFO - training.ea.ea_trainer - Iteration 1, Batch 484/600
2020-05-01 19:45:14,189 INFO - training.ea.ea_trainer - Iteration 1, Batch 485/600
2020-05-01 19:45:14,307 INFO - training.ea.ea_trainer - Iteration 1, Batch 486/600
2020-05-01 19:45:14,365 INFO - training.ea.ea_trainer - Iteration 1, Batch 487/600
2020-05-01 19:45:14,479 INFO - training.ea.ea_trainer - Iteration 1, Batch 488/600
2020-05-01 19:45:14,545 INFO - training.ea.ea_trainer - Iteration 1, Batch 489/600
2020-05-01 19:45:14,708 INFO - training.ea.ea_trainer - Iteration 1, Batch 490/600
2020-05-01 19:45:14,776 INFO - training.ea.ea_trainer - Iteration 1, Batch 491/600
2020-05-01 19:45:14,896 INFO - training.ea.ea_trainer - Iteration 1, Batch 492/600
2020-05-01 19:45:14,926 INFO - training.ea.ea_trainer - Iteration 1, Batch 493/600
2020-05-01 19:45:15,055 INFO - training.ea.ea_trainer - Iteration 1, Batch 494/600
2020-05-01 19:45:15,098 INFO - training.ea.ea_trainer - Iteration 1, Batch 495/600
2020-05-01 19:45:15,213 INFO - training.ea.ea_trainer - Iteration 1, Batch 496/600
2020-05-01 19:45:15,267 INFO - training.ea.ea_trainer - Iteration 1, Batch 497/600
2020-05-01 19:45:15,389 INFO - training.ea.ea_trainer - Iteration 1, Batch 498/600
2020-05-01 19:45:15,437 INFO - training.ea.ea_trainer - Iteration 1, Batch 499/600
2020-05-01 19:45:15,571 INFO - training.ea.ea_trainer - Iteration 1, Batch 500/600
2020-05-01 19:45:15,616 INFO - training.ea.ea_trainer - Iteration 1, Batch 501/600
2020-05-01 19:45:15,749 INFO - training.ea.ea_trainer - Iteration 1, Batch 502/600
2020-05-01 19:45:15,805 INFO - training.ea.ea_trainer - Iteration 1, Batch 503/600
2020-05-01 19:45:15,979 INFO - training.ea.ea_trainer - Iteration 1, Batch 504/600
2020-05-01 19:45:16,031 INFO - training.ea.ea_trainer - Iteration 1, Batch 505/600
2020-05-01 19:45:16,168 INFO - training.ea.ea_trainer - Iteration 1, Batch 506/600
2020-05-01 19:45:16,195 INFO - training.ea.ea_trainer - Iteration 1, Batch 507/600
2020-05-01 19:45:16,285 INFO - training.ea.ea_trainer - Iteration 1, Batch 508/600
2020-05-01 19:45:16,356 INFO - training.ea.ea_trainer - Iteration 1, Batch 509/600
2020-05-01 19:45:16,450 INFO - training.ea.ea_trainer - Iteration 1, Batch 510/600
2020-05-01 19:45:16,537 INFO - training.ea.ea_trainer - Iteration 1, Batch 511/600
2020-05-01 19:45:16,629 INFO - training.ea.ea_trainer - Iteration 1, Batch 512/600
2020-05-01 19:45:16,717 INFO - training.ea.ea_trainer - Iteration 1, Batch 513/600
2020-05-01 19:45:16,838 INFO - training.ea.ea_trainer - Iteration 1, Batch 514/600
2020-05-01 19:45:16,877 INFO - training.ea.ea_trainer - Iteration 1, Batch 515/600
2020-05-01 19:45:17,016 INFO - training.ea.ea_trainer - Iteration 1, Batch 516/600
2020-05-01 19:45:17,094 INFO - training.ea.ea_trainer - Iteration 1, Batch 517/600
2020-05-01 19:45:17,223 INFO - training.ea.ea_trainer - Iteration 1, Batch 518/600
2020-05-01 19:45:17,297 INFO - training.ea.ea_trainer - Iteration 1, Batch 519/600
2020-05-01 19:45:17,403 INFO - training.ea.ea_trainer - Iteration 1, Batch 520/600
2020-05-01 19:45:17,468 INFO - training.ea.ea_trainer - Iteration 1, Batch 521/600
2020-05-01 19:45:17,581 INFO - training.ea.ea_trainer - Iteration 1, Batch 522/600
2020-05-01 19:45:17,629 INFO - training.ea.ea_trainer - Iteration 1, Batch 523/600
2020-05-01 19:45:17,730 INFO - training.ea.ea_trainer - Iteration 1, Batch 524/600
2020-05-01 19:45:17,781 INFO - training.ea.ea_trainer - Iteration 1, Batch 525/600
2020-05-01 19:45:17,919 INFO - training.ea.ea_trainer - Iteration 1, Batch 526/600
2020-05-01 19:45:17,991 INFO - training.ea.ea_trainer - Iteration 1, Batch 527/600
2020-05-01 19:45:18,136 INFO - training.ea.ea_trainer - Iteration 1, Batch 528/600
2020-05-01 19:45:18,189 INFO - training.ea.ea_trainer - Iteration 1, Batch 529/600
2020-05-01 19:45:18,340 INFO - training.ea.ea_trainer - Iteration 1, Batch 530/600
2020-05-01 19:45:18,406 INFO - training.ea.ea_trainer - Iteration 1, Batch 531/600
2020-05-01 19:45:18,521 INFO - training.ea.ea_trainer - Iteration 1, Batch 532/600
2020-05-01 19:45:18,584 INFO - training.ea.ea_trainer - Iteration 1, Batch 533/600
2020-05-01 19:45:18,699 INFO - training.ea.ea_trainer - Iteration 1, Batch 534/600
2020-05-01 19:45:18,759 INFO - training.ea.ea_trainer - Iteration 1, Batch 535/600
2020-05-01 19:45:18,886 INFO - training.ea.ea_trainer - Iteration 1, Batch 536/600
2020-05-01 19:45:18,945 INFO - training.ea.ea_trainer - Iteration 1, Batch 537/600
2020-05-01 19:45:19,016 INFO - training.ea.ea_trainer - Iteration 1, Batch 538/600
2020-05-01 19:45:19,082 INFO - training.ea.ea_trainer - Iteration 1, Batch 539/600
2020-05-01 19:45:19,238 INFO - training.ea.ea_trainer - Iteration 1, Batch 540/600
2020-05-01 19:45:19,300 INFO - training.ea.ea_trainer - Iteration 1, Batch 541/600
2020-05-01 19:45:19,416 INFO - training.ea.ea_trainer - Iteration 1, Batch 542/600
2020-05-01 19:45:19,505 INFO - training.ea.ea_trainer - Iteration 1, Batch 543/600
2020-05-01 19:45:19,617 INFO - training.ea.ea_trainer - Iteration 1, Batch 544/600
2020-05-01 19:45:19,666 INFO - training.ea.ea_trainer - Iteration 1, Batch 545/600
2020-05-01 19:45:19,767 INFO - training.ea.ea_trainer - Iteration 1, Batch 546/600
2020-05-01 19:45:19,839 INFO - training.ea.ea_trainer - Iteration 1, Batch 547/600
2020-05-01 19:45:19,952 INFO - training.ea.ea_trainer - Iteration 1, Batch 548/600
2020-05-01 19:45:20,003 INFO - training.ea.ea_trainer - Iteration 1, Batch 549/600
2020-05-01 19:45:20,122 INFO - training.ea.ea_trainer - Iteration 1, Batch 550/600
2020-05-01 19:45:20,175 INFO - training.ea.ea_trainer - Iteration 1, Batch 551/600
2020-05-01 19:45:20,310 INFO - training.ea.ea_trainer - Iteration 1, Batch 552/600
2020-05-01 19:45:20,379 INFO - training.ea.ea_trainer - Iteration 1, Batch 553/600
2020-05-01 19:45:20,494 INFO - training.ea.ea_trainer - Iteration 1, Batch 554/600
2020-05-01 19:45:20,545 INFO - training.ea.ea_trainer - Iteration 1, Batch 555/600
2020-05-01 19:45:20,691 INFO - training.ea.ea_trainer - Iteration 1, Batch 556/600
2020-05-01 19:45:20,747 INFO - training.ea.ea_trainer - Iteration 1, Batch 557/600
2020-05-01 19:45:20,867 INFO - training.ea.ea_trainer - Iteration 1, Batch 558/600
2020-05-01 19:45:20,929 INFO - training.ea.ea_trainer - Iteration 1, Batch 559/600
2020-05-01 19:45:21,071 INFO - training.ea.ea_trainer - Iteration 1, Batch 560/600
2020-05-01 19:45:21,098 INFO - training.ea.ea_trainer - Iteration 1, Batch 561/600
2020-05-01 19:45:21,236 INFO - training.ea.ea_trainer - Iteration 1, Batch 562/600
2020-05-01 19:45:21,282 INFO - training.ea.ea_trainer - Iteration 1, Batch 563/600
2020-05-01 19:45:21,376 INFO - training.ea.ea_trainer - Iteration 1, Batch 564/600
2020-05-01 19:45:21,427 INFO - training.ea.ea_trainer - Iteration 1, Batch 565/600
2020-05-01 19:45:21,583 INFO - training.ea.ea_trainer - Iteration 1, Batch 566/600
2020-05-01 19:45:21,666 INFO - training.ea.ea_trainer - Iteration 1, Batch 567/600
2020-05-01 19:45:21,812 INFO - training.ea.ea_trainer - Iteration 1, Batch 568/600
2020-05-01 19:45:21,876 INFO - training.ea.ea_trainer - Iteration 1, Batch 569/600
2020-05-01 19:45:22,011 INFO - training.ea.ea_trainer - Iteration 1, Batch 570/600
2020-05-01 19:45:22,040 INFO - training.ea.ea_trainer - Iteration 1, Batch 571/600
2020-05-01 19:45:22,155 INFO - training.ea.ea_trainer - Iteration 1, Batch 572/600
2020-05-01 19:45:22,211 INFO - training.ea.ea_trainer - Iteration 1, Batch 573/600
2020-05-01 19:45:22,309 INFO - training.ea.ea_trainer - Iteration 1, Batch 574/600
2020-05-01 19:45:22,363 INFO - training.ea.ea_trainer - Iteration 1, Batch 575/600
2020-05-01 19:45:22,498 INFO - training.ea.ea_trainer - Iteration 1, Batch 576/600
2020-05-01 19:45:22,565 INFO - training.ea.ea_trainer - Iteration 1, Batch 577/600
2020-05-01 19:45:22,693 INFO - training.ea.ea_trainer - Iteration 1, Batch 578/600
2020-05-01 19:45:22,768 INFO - training.ea.ea_trainer - Iteration 1, Batch 579/600
2020-05-01 19:45:22,887 INFO - training.ea.ea_trainer - Iteration 1, Batch 580/600
2020-05-01 19:45:22,954 INFO - training.ea.ea_trainer - Iteration 1, Batch 581/600
2020-05-01 19:45:23,053 INFO - training.ea.ea_trainer - Iteration 1, Batch 582/600
2020-05-01 19:45:23,104 INFO - training.ea.ea_trainer - Iteration 1, Batch 583/600
2020-05-01 19:45:23,255 INFO - training.ea.ea_trainer - Iteration 1, Batch 584/600
2020-05-01 19:45:23,318 INFO - training.ea.ea_trainer - Iteration 1, Batch 585/600
2020-05-01 19:45:23,416 INFO - training.ea.ea_trainer - Iteration 1, Batch 586/600
2020-05-01 19:45:23,471 INFO - training.ea.ea_trainer - Iteration 1, Batch 587/600
2020-05-01 19:45:23,566 INFO - training.ea.ea_trainer - Iteration 1, Batch 588/600
2020-05-01 19:45:23,626 INFO - training.ea.ea_trainer - Iteration 1, Batch 589/600
2020-05-01 19:45:23,742 INFO - training.ea.ea_trainer - Iteration 1, Batch 590/600
2020-05-01 19:45:23,774 INFO - training.ea.ea_trainer - Iteration 1, Batch 591/600
2020-05-01 19:45:23,861 INFO - training.ea.ea_trainer - Iteration 1, Batch 592/600
2020-05-01 19:45:23,911 INFO - training.ea.ea_trainer - Iteration 1, Batch 593/600
2020-05-01 19:45:24,003 INFO - training.ea.ea_trainer - Iteration 1, Batch 594/600
2020-05-01 19:45:24,071 INFO - training.ea.ea_trainer - Iteration 1, Batch 595/600
2020-05-01 19:45:24,141 INFO - training.ea.ea_trainer - Iteration 1, Batch 596/600
2020-05-01 19:45:24,167 INFO - training.ea.ea_trainer - Iteration 1, Batch 597/600
2020-05-01 19:45:24,226 INFO - training.ea.ea_trainer - Iteration 1, Batch 598/600
2020-05-01 19:45:24,271 INFO - training.ea.ea_trainer - Iteration 1, Batch 599/600
2020-05-01 19:45:24,527 WARNING - distribution.client_api - Received stop signal from master, experiment will be quit.
2020-05-01 19:45:24,833 INFO - requests.packages.urllib3.connectionpool - Starting new HTTP connection (1): 127.0.0.1
2020-05-01 19:45:24,834 INFO - requests.packages.urllib3.connectionpool - Starting new HTTP connection (1): 127.0.0.1
2020-05-01 19:45:25,021 INFO - distribution.node_client - Loading parameters from endpoint http://127.0.0.1:5003/parameters/generators/best took 0.1872265338897705 seconds
2020-05-01 19:45:25,069 INFO - distribution.node_client - Loading parameters from endpoint http://127.0.0.1:5000/parameters/generators/best took 0.2402353286743164 seconds
2020-05-01 19:45:25,152 CRITICAL - distribution.client_api - An unhandled error occured while running Lipizzaner: 'LipizzanerGANTrainer' object has no attribute 'score_sample_size'
2020-05-01 19:45:25,153 INFO - distribution.client_api - Finished experiment, waiting for new requests.
