2020-05-01 20:08:51,101 INFO - distribution.client_api - Distributed training recognized, set log directory to ./output/lipizzaner_gan/distributed/mnist/2020-05-01_20-08-51/2409
2020-05-01 20:08:51,365 INFO - lipizzaner - Parameters: {'network': {'loss': 'bceloss', 'name': 'four_layer_perceptron'}, 'master': {'score_sample_size': 50000, 'cuda': True, 'calculate_score': True}, 'dataloader': {'dataset_name': 'mnist', 'batch_size': 100, 'shuffle': True, 'n_batches': 0, 'use_batch': True}, 'trainer': {'calculate_net_weights_dist': True, 'n_iterations': 5, 'mixture_generator_samples_mode': 'exact_proportion', 'params': {'population_size': 1, 'enable_selection': False, 'mixture_sigma': 0.01, 'fitness': {'fitness_sample_size': 1000, 'fitness_mode': 'average'}, 'discriminator_skip_each_nth_step': 1, 'tournament_size': 2, 'default_adam_learning_rate': 0.0002, 'score': {'enabled': True, 'score_sample_size': 1000, 'cuda': True, 'type': 'fid'}, 'n_replacements': 1, 'mutation_probability': 0.5, 'alpha': 0.0001}, 'name': 'lipizzaner_gan'}, 'general': {'seed': 1, 'num_workers': 4, 'output_dir': './output', 'logging': {'enabled': True, 'print_discriminator': False, 'image_format': 'jpg', 'log_server': None, 'log_level': 'INFO'}, 'losswise': {'enabled': False, 'api_key': '3T1CKALG6'}, 'distribution': {'start_time': '2020-05-01_20-08-51', 'client_nodes': [{'port': 5000, 'address': '127.0.0.1'}, {'port': 5001, 'address': '127.0.0.1'}, {'port': 5002, 'address': '127.0.0.1'}, {'port': 5003, 'address': '127.0.0.1'}], 'master_node': {'exit_clients_on_disconnect': True}, 'auto_discover': False}}}
2020-05-01 20:08:51,366 INFO - lipizzaner - CUDA is not supported on this device.
2020-05-01 20:08:51,368 INFO - lipizzaner - Seed used: 6013804
2020-05-01 20:08:51,368 INFO - lipizzaner - Starting training for 5 iterations/epochs.
2020-05-01 20:08:51,565 INFO - requests.packages.urllib3.connectionpool - Starting new HTTP connection (1): 127.0.0.1
2020-05-01 20:08:51,610 INFO - requests.packages.urllib3.connectionpool - Starting new HTTP connection (1): 127.0.0.1
2020-05-01 20:08:51,760 INFO - distribution.node_client - Loading parameters from endpoint http://127.0.0.1:5001/parameters/generators took 0.19854998588562012 seconds
2020-05-01 20:08:51,775 INFO - distribution.node_client - Loading parameters from endpoint http://127.0.0.1:5002/parameters/generators took 0.16731882095336914 seconds
2020-05-01 20:08:51,819 INFO - requests.packages.urllib3.connectionpool - Starting new HTTP connection (1): 127.0.0.1
2020-05-01 20:08:51,823 INFO - requests.packages.urllib3.connectionpool - Starting new HTTP connection (1): 127.0.0.1
2020-05-01 20:08:51,907 INFO - distribution.node_client - Loading parameters from endpoint http://127.0.0.1:5001/parameters/discriminators took 0.08960914611816406 seconds
2020-05-01 20:08:51,916 INFO - distribution.node_client - Loading parameters from endpoint http://127.0.0.1:5002/parameters/discriminators took 0.0945596694946289 seconds
2020-05-01 20:08:51,983 INFO - training.ea.ea_trainer - Generators in current neighborhood are ['Iteration0:127.0.0.1:5001:1/G0', 'Iteration0:127.0.0.1:5002:2/G0', 'Iteration0:127.0.0.1:5000:0/G0']
2020-05-01 20:08:51,984 INFO - training.ea.ea_trainer - Discriminators in current neighborhood are ['Iteration0:127.0.0.1:5001:1/D0', 'Iteration0:127.0.0.1:5002:2/D0', 'Iteration0:127.0.0.1:5000:0/D0']
2020-05-01 20:08:51,991 INFO - training.ea.ea_trainer - L2 distance between all generators weights: [('Iteration0:127.0.0.1:5001:1/G0', 'Iteration0:127.0.0.1:5002:2/G0', array(29.412437, dtype=float32)), ('Iteration0:127.0.0.1:5001:1/G0', 'Iteration0:127.0.0.1:5000:0/G0', array(29.461334, dtype=float32)), ('Iteration0:127.0.0.1:5002:2/G0', 'Iteration0:127.0.0.1:5000:0/G0', array(29.512852, dtype=float32))]
2020-05-01 20:08:51,996 INFO - training.ea.ea_trainer - L2 distance between all discriminators weights: [('Iteration0:127.0.0.1:5001:1/D0', 'Iteration0:127.0.0.1:5002:2/D0', array(18.512152, dtype=float32)), ('Iteration0:127.0.0.1:5001:1/D0', 'Iteration0:127.0.0.1:5000:0/D0', array(18.54244, dtype=float32)), ('Iteration0:127.0.0.1:5002:2/D0', 'Iteration0:127.0.0.1:5000:0/D0', array(18.513565, dtype=float32))]
2020-05-01 20:08:54,228 INFO - training.ea.ea_trainer - Iteration 1, Batch 0/600
2020-05-01 20:08:54,284 INFO - training.ea.ea_trainer - Iteration 1, Batch 1/600
2020-05-01 20:08:54,406 INFO - training.ea.ea_trainer - Iteration 1, Batch 2/600
2020-05-01 20:08:54,508 INFO - training.ea.ea_trainer - Iteration 1, Batch 3/600
2020-05-01 20:08:54,635 INFO - training.ea.ea_trainer - Iteration 1, Batch 4/600
2020-05-01 20:08:54,710 INFO - training.ea.ea_trainer - Iteration 1, Batch 5/600
2020-05-01 20:08:54,814 INFO - training.ea.ea_trainer - Iteration 1, Batch 6/600
2020-05-01 20:08:54,877 INFO - training.ea.ea_trainer - Iteration 1, Batch 7/600
2020-05-01 20:08:54,992 INFO - training.ea.ea_trainer - Iteration 1, Batch 8/600
2020-05-01 20:08:55,044 INFO - training.ea.ea_trainer - Iteration 1, Batch 9/600
2020-05-01 20:08:55,186 INFO - training.ea.ea_trainer - Iteration 1, Batch 10/600
2020-05-01 20:08:55,251 INFO - training.ea.ea_trainer - Iteration 1, Batch 11/600
2020-05-01 20:08:55,409 INFO - training.ea.ea_trainer - Iteration 1, Batch 12/600
2020-05-01 20:08:55,492 INFO - training.ea.ea_trainer - Iteration 1, Batch 13/600
2020-05-01 20:08:55,635 INFO - training.ea.ea_trainer - Iteration 1, Batch 14/600
2020-05-01 20:08:55,701 INFO - training.ea.ea_trainer - Iteration 1, Batch 15/600
2020-05-01 20:08:55,808 INFO - training.ea.ea_trainer - Iteration 1, Batch 16/600
2020-05-01 20:08:55,833 INFO - training.ea.ea_trainer - Iteration 1, Batch 17/600
2020-05-01 20:08:55,974 INFO - training.ea.ea_trainer - Iteration 1, Batch 18/600
2020-05-01 20:08:56,009 INFO - training.ea.ea_trainer - Iteration 1, Batch 19/600
2020-05-01 20:08:56,163 INFO - training.ea.ea_trainer - Iteration 1, Batch 20/600
2020-05-01 20:08:56,201 INFO - training.ea.ea_trainer - Iteration 1, Batch 21/600
2020-05-01 20:08:56,343 INFO - training.ea.ea_trainer - Iteration 1, Batch 22/600
2020-05-01 20:08:56,446 INFO - training.ea.ea_trainer - Iteration 1, Batch 23/600
2020-05-01 20:08:56,565 INFO - training.ea.ea_trainer - Iteration 1, Batch 24/600
2020-05-01 20:08:56,620 INFO - training.ea.ea_trainer - Iteration 1, Batch 25/600
2020-05-01 20:08:56,758 INFO - training.ea.ea_trainer - Iteration 1, Batch 26/600
2020-05-01 20:08:56,812 INFO - training.ea.ea_trainer - Iteration 1, Batch 27/600
2020-05-01 20:08:56,934 INFO - training.ea.ea_trainer - Iteration 1, Batch 28/600
2020-05-01 20:08:57,003 INFO - training.ea.ea_trainer - Iteration 1, Batch 29/600
2020-05-01 20:08:57,091 INFO - training.ea.ea_trainer - Iteration 1, Batch 30/600
2020-05-01 20:08:57,155 INFO - training.ea.ea_trainer - Iteration 1, Batch 31/600
2020-05-01 20:08:57,348 INFO - training.ea.ea_trainer - Iteration 1, Batch 32/600
2020-05-01 20:08:57,425 INFO - training.ea.ea_trainer - Iteration 1, Batch 33/600
2020-05-01 20:08:57,530 INFO - training.ea.ea_trainer - Iteration 1, Batch 34/600
2020-05-01 20:08:57,566 INFO - training.ea.ea_trainer - Iteration 1, Batch 35/600
2020-05-01 20:08:57,703 INFO - training.ea.ea_trainer - Iteration 1, Batch 36/600
2020-05-01 20:08:57,750 INFO - training.ea.ea_trainer - Iteration 1, Batch 37/600
2020-05-01 20:08:57,888 INFO - training.ea.ea_trainer - Iteration 1, Batch 38/600
2020-05-01 20:08:57,943 INFO - training.ea.ea_trainer - Iteration 1, Batch 39/600
2020-05-01 20:08:58,074 INFO - training.ea.ea_trainer - Iteration 1, Batch 40/600
2020-05-01 20:08:58,129 INFO - training.ea.ea_trainer - Iteration 1, Batch 41/600
2020-05-01 20:08:58,209 INFO - training.ea.ea_trainer - Iteration 1, Batch 42/600
2020-05-01 20:08:58,265 INFO - training.ea.ea_trainer - Iteration 1, Batch 43/600
2020-05-01 20:08:58,404 INFO - training.ea.ea_trainer - Iteration 1, Batch 44/600
2020-05-01 20:08:58,448 INFO - training.ea.ea_trainer - Iteration 1, Batch 45/600
2020-05-01 20:08:58,517 INFO - training.ea.ea_trainer - Iteration 1, Batch 46/600
2020-05-01 20:08:58,591 INFO - training.ea.ea_trainer - Iteration 1, Batch 47/600
2020-05-01 20:08:58,705 INFO - training.ea.ea_trainer - Iteration 1, Batch 48/600
2020-05-01 20:08:58,781 INFO - training.ea.ea_trainer - Iteration 1, Batch 49/600
2020-05-01 20:08:58,868 INFO - training.ea.ea_trainer - Iteration 1, Batch 50/600
2020-05-01 20:08:58,939 INFO - training.ea.ea_trainer - Iteration 1, Batch 51/600
2020-05-01 20:08:59,049 INFO - training.ea.ea_trainer - Iteration 1, Batch 52/600
2020-05-01 20:08:59,118 INFO - training.ea.ea_trainer - Iteration 1, Batch 53/600
2020-05-01 20:08:59,245 INFO - training.ea.ea_trainer - Iteration 1, Batch 54/600
2020-05-01 20:08:59,300 INFO - training.ea.ea_trainer - Iteration 1, Batch 55/600
2020-05-01 20:08:59,421 INFO - training.ea.ea_trainer - Iteration 1, Batch 56/600
2020-05-01 20:08:59,481 INFO - training.ea.ea_trainer - Iteration 1, Batch 57/600
2020-05-01 20:08:59,610 INFO - training.ea.ea_trainer - Iteration 1, Batch 58/600
2020-05-01 20:08:59,665 INFO - training.ea.ea_trainer - Iteration 1, Batch 59/600
2020-05-01 20:08:59,792 INFO - training.ea.ea_trainer - Iteration 1, Batch 60/600
2020-05-01 20:08:59,864 INFO - training.ea.ea_trainer - Iteration 1, Batch 61/600
2020-05-01 20:08:59,954 INFO - training.ea.ea_trainer - Iteration 1, Batch 62/600
2020-05-01 20:09:00,023 INFO - training.ea.ea_trainer - Iteration 1, Batch 63/600
2020-05-01 20:09:00,148 INFO - training.ea.ea_trainer - Iteration 1, Batch 64/600
2020-05-01 20:09:00,223 INFO - training.ea.ea_trainer - Iteration 1, Batch 65/600
2020-05-01 20:09:00,329 INFO - training.ea.ea_trainer - Iteration 1, Batch 66/600
2020-05-01 20:09:00,384 INFO - training.ea.ea_trainer - Iteration 1, Batch 67/600
2020-05-01 20:09:00,492 INFO - training.ea.ea_trainer - Iteration 1, Batch 68/600
2020-05-01 20:09:00,559 INFO - training.ea.ea_trainer - Iteration 1, Batch 69/600
2020-05-01 20:09:00,664 INFO - training.ea.ea_trainer - Iteration 1, Batch 70/600
2020-05-01 20:09:00,720 INFO - training.ea.ea_trainer - Iteration 1, Batch 71/600
2020-05-01 20:09:00,856 INFO - training.ea.ea_trainer - Iteration 1, Batch 72/600
2020-05-01 20:09:00,920 INFO - training.ea.ea_trainer - Iteration 1, Batch 73/600
2020-05-01 20:09:01,051 INFO - training.ea.ea_trainer - Iteration 1, Batch 74/600
2020-05-01 20:09:01,105 INFO - training.ea.ea_trainer - Iteration 1, Batch 75/600
2020-05-01 20:09:01,213 INFO - training.ea.ea_trainer - Iteration 1, Batch 76/600
2020-05-01 20:09:01,275 INFO - training.ea.ea_trainer - Iteration 1, Batch 77/600
2020-05-01 20:09:01,377 INFO - training.ea.ea_trainer - Iteration 1, Batch 78/600
2020-05-01 20:09:01,422 INFO - training.ea.ea_trainer - Iteration 1, Batch 79/600
2020-05-01 20:09:01,497 INFO - training.ea.ea_trainer - Iteration 1, Batch 80/600
2020-05-01 20:09:01,551 INFO - training.ea.ea_trainer - Iteration 1, Batch 81/600
2020-05-01 20:09:01,665 INFO - training.ea.ea_trainer - Iteration 1, Batch 82/600
2020-05-01 20:09:01,733 INFO - training.ea.ea_trainer - Iteration 1, Batch 83/600
2020-05-01 20:09:01,853 INFO - training.ea.ea_trainer - Iteration 1, Batch 84/600
2020-05-01 20:09:01,900 INFO - training.ea.ea_trainer - Iteration 1, Batch 85/600
2020-05-01 20:09:02,043 INFO - training.ea.ea_trainer - Iteration 1, Batch 86/600
2020-05-01 20:09:02,091 INFO - training.ea.ea_trainer - Iteration 1, Batch 87/600
2020-05-01 20:09:02,203 INFO - training.ea.ea_trainer - Iteration 1, Batch 88/600
2020-05-01 20:09:02,258 INFO - training.ea.ea_trainer - Iteration 1, Batch 89/600
2020-05-01 20:09:02,372 INFO - training.ea.ea_trainer - Iteration 1, Batch 90/600
2020-05-01 20:09:02,465 INFO - training.ea.ea_trainer - Iteration 1, Batch 91/600
2020-05-01 20:09:02,630 INFO - training.ea.ea_trainer - Iteration 1, Batch 92/600
2020-05-01 20:09:02,681 INFO - training.ea.ea_trainer - Iteration 1, Batch 93/600
2020-05-01 20:09:02,822 INFO - training.ea.ea_trainer - Iteration 1, Batch 94/600
2020-05-01 20:09:02,902 INFO - training.ea.ea_trainer - Iteration 1, Batch 95/600
2020-05-01 20:09:03,023 INFO - training.ea.ea_trainer - Iteration 1, Batch 96/600
2020-05-01 20:09:03,122 INFO - training.ea.ea_trainer - Iteration 1, Batch 97/600
2020-05-01 20:09:03,243 INFO - training.ea.ea_trainer - Iteration 1, Batch 98/600
2020-05-01 20:09:03,293 INFO - training.ea.ea_trainer - Iteration 1, Batch 99/600
2020-05-01 20:09:03,425 INFO - training.ea.ea_trainer - Iteration 1, Batch 100/600
2020-05-01 20:09:03,482 INFO - training.ea.ea_trainer - Iteration 1, Batch 101/600
2020-05-01 20:09:03,660 INFO - training.ea.ea_trainer - Iteration 1, Batch 102/600
2020-05-01 20:09:03,724 INFO - training.ea.ea_trainer - Iteration 1, Batch 103/600
2020-05-01 20:09:03,854 INFO - training.ea.ea_trainer - Iteration 1, Batch 104/600
2020-05-01 20:09:03,915 INFO - training.ea.ea_trainer - Iteration 1, Batch 105/600
2020-05-01 20:09:04,062 INFO - training.ea.ea_trainer - Iteration 1, Batch 106/600
2020-05-01 20:09:04,104 INFO - training.ea.ea_trainer - Iteration 1, Batch 107/600
2020-05-01 20:09:04,231 INFO - training.ea.ea_trainer - Iteration 1, Batch 108/600
2020-05-01 20:09:04,287 INFO - training.ea.ea_trainer - Iteration 1, Batch 109/600
2020-05-01 20:09:04,406 INFO - training.ea.ea_trainer - Iteration 1, Batch 110/600
2020-05-01 20:09:04,480 INFO - training.ea.ea_trainer - Iteration 1, Batch 111/600
2020-05-01 20:09:04,620 INFO - training.ea.ea_trainer - Iteration 1, Batch 112/600
2020-05-01 20:09:04,687 INFO - training.ea.ea_trainer - Iteration 1, Batch 113/600
2020-05-01 20:09:04,791 INFO - training.ea.ea_trainer - Iteration 1, Batch 114/600
2020-05-01 20:09:04,864 INFO - training.ea.ea_trainer - Iteration 1, Batch 115/600
2020-05-01 20:09:05,006 INFO - training.ea.ea_trainer - Iteration 1, Batch 116/600
2020-05-01 20:09:05,068 INFO - training.ea.ea_trainer - Iteration 1, Batch 117/600
2020-05-01 20:09:05,171 INFO - training.ea.ea_trainer - Iteration 1, Batch 118/600
2020-05-01 20:09:05,209 INFO - training.ea.ea_trainer - Iteration 1, Batch 119/600
2020-05-01 20:09:05,332 INFO - training.ea.ea_trainer - Iteration 1, Batch 120/600
2020-05-01 20:09:05,422 INFO - training.ea.ea_trainer - Iteration 1, Batch 121/600
2020-05-01 20:09:05,520 INFO - training.ea.ea_trainer - Iteration 1, Batch 122/600
2020-05-01 20:09:05,587 INFO - training.ea.ea_trainer - Iteration 1, Batch 123/600
2020-05-01 20:09:05,702 INFO - training.ea.ea_trainer - Iteration 1, Batch 124/600
2020-05-01 20:09:05,723 INFO - training.ea.ea_trainer - Iteration 1, Batch 125/600
2020-05-01 20:09:05,845 INFO - training.ea.ea_trainer - Iteration 1, Batch 126/600
2020-05-01 20:09:05,869 INFO - training.ea.ea_trainer - Iteration 1, Batch 127/600
2020-05-01 20:09:06,006 INFO - training.ea.ea_trainer - Iteration 1, Batch 128/600
2020-05-01 20:09:06,090 INFO - training.ea.ea_trainer - Iteration 1, Batch 129/600
2020-05-01 20:09:06,211 INFO - training.ea.ea_trainer - Iteration 1, Batch 130/600
2020-05-01 20:09:06,257 INFO - training.ea.ea_trainer - Iteration 1, Batch 131/600
2020-05-01 20:09:06,361 INFO - training.ea.ea_trainer - Iteration 1, Batch 132/600
2020-05-01 20:09:06,412 INFO - training.ea.ea_trainer - Iteration 1, Batch 133/600
2020-05-01 20:09:06,596 INFO - training.ea.ea_trainer - Iteration 1, Batch 134/600
2020-05-01 20:09:06,667 INFO - training.ea.ea_trainer - Iteration 1, Batch 135/600
2020-05-01 20:09:06,805 INFO - training.ea.ea_trainer - Iteration 1, Batch 136/600
2020-05-01 20:09:06,856 INFO - training.ea.ea_trainer - Iteration 1, Batch 137/600
2020-05-01 20:09:06,954 INFO - training.ea.ea_trainer - Iteration 1, Batch 138/600
2020-05-01 20:09:07,025 INFO - training.ea.ea_trainer - Iteration 1, Batch 139/600
2020-05-01 20:09:07,152 INFO - training.ea.ea_trainer - Iteration 1, Batch 140/600
2020-05-01 20:09:07,239 INFO - training.ea.ea_trainer - Iteration 1, Batch 141/600
2020-05-01 20:09:07,369 INFO - training.ea.ea_trainer - Iteration 1, Batch 142/600
2020-05-01 20:09:07,474 INFO - training.ea.ea_trainer - Iteration 1, Batch 143/600
2020-05-01 20:09:07,604 INFO - training.ea.ea_trainer - Iteration 1, Batch 144/600
2020-05-01 20:09:07,645 INFO - training.ea.ea_trainer - Iteration 1, Batch 145/600
2020-05-01 20:09:07,830 INFO - training.ea.ea_trainer - Iteration 1, Batch 146/600
2020-05-01 20:09:07,877 INFO - training.ea.ea_trainer - Iteration 1, Batch 147/600
2020-05-01 20:09:08,023 INFO - training.ea.ea_trainer - Iteration 1, Batch 148/600
2020-05-01 20:09:08,074 INFO - training.ea.ea_trainer - Iteration 1, Batch 149/600
2020-05-01 20:09:08,176 INFO - training.ea.ea_trainer - Iteration 1, Batch 150/600
2020-05-01 20:09:08,244 INFO - training.ea.ea_trainer - Iteration 1, Batch 151/600
2020-05-01 20:09:08,390 INFO - training.ea.ea_trainer - Iteration 1, Batch 152/600
2020-05-01 20:09:08,454 INFO - training.ea.ea_trainer - Iteration 1, Batch 153/600
2020-05-01 20:09:08,571 INFO - training.ea.ea_trainer - Iteration 1, Batch 154/600
2020-05-01 20:09:08,613 INFO - training.ea.ea_trainer - Iteration 1, Batch 155/600
2020-05-01 20:09:08,767 INFO - training.ea.ea_trainer - Iteration 1, Batch 156/600
2020-05-01 20:09:08,869 INFO - training.ea.ea_trainer - Iteration 1, Batch 157/600
2020-05-01 20:09:08,978 INFO - training.ea.ea_trainer - Iteration 1, Batch 158/600
2020-05-01 20:09:09,056 INFO - training.ea.ea_trainer - Iteration 1, Batch 159/600
2020-05-01 20:09:09,145 INFO - training.ea.ea_trainer - Iteration 1, Batch 160/600
2020-05-01 20:09:09,202 INFO - training.ea.ea_trainer - Iteration 1, Batch 161/600
2020-05-01 20:09:09,296 INFO - training.ea.ea_trainer - Iteration 1, Batch 162/600
2020-05-01 20:09:09,334 INFO - training.ea.ea_trainer - Iteration 1, Batch 163/600
2020-05-01 20:09:09,457 INFO - training.ea.ea_trainer - Iteration 1, Batch 164/600
2020-05-01 20:09:09,520 INFO - training.ea.ea_trainer - Iteration 1, Batch 165/600
2020-05-01 20:09:09,623 INFO - training.ea.ea_trainer - Iteration 1, Batch 166/600
2020-05-01 20:09:09,701 INFO - training.ea.ea_trainer - Iteration 1, Batch 167/600
2020-05-01 20:09:09,810 INFO - training.ea.ea_trainer - Iteration 1, Batch 168/600
2020-05-01 20:09:09,843 INFO - training.ea.ea_trainer - Iteration 1, Batch 169/600
2020-05-01 20:09:09,959 INFO - training.ea.ea_trainer - Iteration 1, Batch 170/600
2020-05-01 20:09:10,018 INFO - training.ea.ea_trainer - Iteration 1, Batch 171/600
2020-05-01 20:09:10,150 INFO - training.ea.ea_trainer - Iteration 1, Batch 172/600
2020-05-01 20:09:10,198 INFO - training.ea.ea_trainer - Iteration 1, Batch 173/600
2020-05-01 20:09:10,306 INFO - training.ea.ea_trainer - Iteration 1, Batch 174/600
2020-05-01 20:09:10,373 INFO - training.ea.ea_trainer - Iteration 1, Batch 175/600
2020-05-01 20:09:10,470 INFO - training.ea.ea_trainer - Iteration 1, Batch 176/600
2020-05-01 20:09:10,553 INFO - training.ea.ea_trainer - Iteration 1, Batch 177/600
2020-05-01 20:09:10,629 INFO - training.ea.ea_trainer - Iteration 1, Batch 178/600
2020-05-01 20:09:10,672 INFO - training.ea.ea_trainer - Iteration 1, Batch 179/600
2020-05-01 20:09:10,775 INFO - training.ea.ea_trainer - Iteration 1, Batch 180/600
2020-05-01 20:09:10,812 INFO - training.ea.ea_trainer - Iteration 1, Batch 181/600
2020-05-01 20:09:10,958 INFO - training.ea.ea_trainer - Iteration 1, Batch 182/600
2020-05-01 20:09:11,061 INFO - training.ea.ea_trainer - Iteration 1, Batch 183/600
2020-05-01 20:09:11,155 INFO - training.ea.ea_trainer - Iteration 1, Batch 184/600
2020-05-01 20:09:11,214 INFO - training.ea.ea_trainer - Iteration 1, Batch 185/600
2020-05-01 20:09:11,386 INFO - training.ea.ea_trainer - Iteration 1, Batch 186/600
2020-05-01 20:09:11,472 INFO - training.ea.ea_trainer - Iteration 1, Batch 187/600
2020-05-01 20:09:11,579 INFO - training.ea.ea_trainer - Iteration 1, Batch 188/600
2020-05-01 20:09:11,686 INFO - training.ea.ea_trainer - Iteration 1, Batch 189/600
2020-05-01 20:09:11,789 INFO - training.ea.ea_trainer - Iteration 1, Batch 190/600
2020-05-01 20:09:11,835 INFO - training.ea.ea_trainer - Iteration 1, Batch 191/600
2020-05-01 20:09:11,945 INFO - training.ea.ea_trainer - Iteration 1, Batch 192/600
2020-05-01 20:09:12,039 INFO - training.ea.ea_trainer - Iteration 1, Batch 193/600
2020-05-01 20:09:12,162 INFO - training.ea.ea_trainer - Iteration 1, Batch 194/600
2020-05-01 20:09:12,251 INFO - training.ea.ea_trainer - Iteration 1, Batch 195/600
2020-05-01 20:09:12,352 INFO - training.ea.ea_trainer - Iteration 1, Batch 196/600
2020-05-01 20:09:12,415 INFO - training.ea.ea_trainer - Iteration 1, Batch 197/600
2020-05-01 20:09:12,535 INFO - training.ea.ea_trainer - Iteration 1, Batch 198/600
2020-05-01 20:09:12,575 INFO - training.ea.ea_trainer - Iteration 1, Batch 199/600
2020-05-01 20:09:12,697 INFO - training.ea.ea_trainer - Iteration 1, Batch 200/600
2020-05-01 20:09:12,759 INFO - training.ea.ea_trainer - Iteration 1, Batch 201/600
2020-05-01 20:09:12,875 INFO - training.ea.ea_trainer - Iteration 1, Batch 202/600
2020-05-01 20:09:12,958 INFO - training.ea.ea_trainer - Iteration 1, Batch 203/600
2020-05-01 20:09:13,086 INFO - training.ea.ea_trainer - Iteration 1, Batch 204/600
2020-05-01 20:09:13,148 INFO - training.ea.ea_trainer - Iteration 1, Batch 205/600
2020-05-01 20:09:13,289 INFO - training.ea.ea_trainer - Iteration 1, Batch 206/600
2020-05-01 20:09:13,330 INFO - training.ea.ea_trainer - Iteration 1, Batch 207/600
2020-05-01 20:09:13,442 INFO - training.ea.ea_trainer - Iteration 1, Batch 208/600
2020-05-01 20:09:13,515 INFO - training.ea.ea_trainer - Iteration 1, Batch 209/600
2020-05-01 20:09:13,610 INFO - training.ea.ea_trainer - Iteration 1, Batch 210/600
2020-05-01 20:09:13,663 INFO - training.ea.ea_trainer - Iteration 1, Batch 211/600
2020-05-01 20:09:13,781 INFO - training.ea.ea_trainer - Iteration 1, Batch 212/600
2020-05-01 20:09:13,841 INFO - training.ea.ea_trainer - Iteration 1, Batch 213/600
2020-05-01 20:09:13,964 INFO - training.ea.ea_trainer - Iteration 1, Batch 214/600
2020-05-01 20:09:14,020 INFO - training.ea.ea_trainer - Iteration 1, Batch 215/600
2020-05-01 20:09:14,136 INFO - training.ea.ea_trainer - Iteration 1, Batch 216/600
2020-05-01 20:09:14,207 INFO - training.ea.ea_trainer - Iteration 1, Batch 217/600
2020-05-01 20:09:14,376 INFO - training.ea.ea_trainer - Iteration 1, Batch 218/600
2020-05-01 20:09:14,452 INFO - training.ea.ea_trainer - Iteration 1, Batch 219/600
2020-05-01 20:09:14,578 INFO - training.ea.ea_trainer - Iteration 1, Batch 220/600
2020-05-01 20:09:14,631 INFO - training.ea.ea_trainer - Iteration 1, Batch 221/600
2020-05-01 20:09:14,763 INFO - training.ea.ea_trainer - Iteration 1, Batch 222/600
2020-05-01 20:09:14,825 INFO - training.ea.ea_trainer - Iteration 1, Batch 223/600
2020-05-01 20:09:14,914 INFO - training.ea.ea_trainer - Iteration 1, Batch 224/600
2020-05-01 20:09:14,969 INFO - training.ea.ea_trainer - Iteration 1, Batch 225/600
2020-05-01 20:09:15,099 INFO - training.ea.ea_trainer - Iteration 1, Batch 226/600
2020-05-01 20:09:15,175 INFO - training.ea.ea_trainer - Iteration 1, Batch 227/600
2020-05-01 20:09:15,287 INFO - training.ea.ea_trainer - Iteration 1, Batch 228/600
2020-05-01 20:09:15,379 INFO - training.ea.ea_trainer - Iteration 1, Batch 229/600
2020-05-01 20:09:15,476 INFO - training.ea.ea_trainer - Iteration 1, Batch 230/600
2020-05-01 20:09:15,511 INFO - training.ea.ea_trainer - Iteration 1, Batch 231/600
2020-05-01 20:09:15,626 INFO - training.ea.ea_trainer - Iteration 1, Batch 232/600
2020-05-01 20:09:15,676 INFO - training.ea.ea_trainer - Iteration 1, Batch 233/600
2020-05-01 20:09:15,789 INFO - training.ea.ea_trainer - Iteration 1, Batch 234/600
2020-05-01 20:09:15,860 INFO - training.ea.ea_trainer - Iteration 1, Batch 235/600
2020-05-01 20:09:16,019 INFO - training.ea.ea_trainer - Iteration 1, Batch 236/600
2020-05-01 20:09:16,079 INFO - training.ea.ea_trainer - Iteration 1, Batch 237/600
2020-05-01 20:09:16,169 INFO - training.ea.ea_trainer - Iteration 1, Batch 238/600
2020-05-01 20:09:16,247 INFO - training.ea.ea_trainer - Iteration 1, Batch 239/600
2020-05-01 20:09:16,363 INFO - training.ea.ea_trainer - Iteration 1, Batch 240/600
2020-05-01 20:09:16,418 INFO - training.ea.ea_trainer - Iteration 1, Batch 241/600
2020-05-01 20:09:16,533 INFO - training.ea.ea_trainer - Iteration 1, Batch 242/600
2020-05-01 20:09:16,612 INFO - training.ea.ea_trainer - Iteration 1, Batch 243/600
2020-05-01 20:09:16,731 INFO - training.ea.ea_trainer - Iteration 1, Batch 244/600
2020-05-01 20:09:16,781 INFO - training.ea.ea_trainer - Iteration 1, Batch 245/600
2020-05-01 20:09:16,889 INFO - training.ea.ea_trainer - Iteration 1, Batch 246/600
2020-05-01 20:09:16,953 INFO - training.ea.ea_trainer - Iteration 1, Batch 247/600
2020-05-01 20:09:17,083 INFO - training.ea.ea_trainer - Iteration 1, Batch 248/600
2020-05-01 20:09:17,179 INFO - training.ea.ea_trainer - Iteration 1, Batch 249/600
2020-05-01 20:09:17,315 INFO - training.ea.ea_trainer - Iteration 1, Batch 250/600
2020-05-01 20:09:17,398 INFO - training.ea.ea_trainer - Iteration 1, Batch 251/600
2020-05-01 20:09:17,529 INFO - training.ea.ea_trainer - Iteration 1, Batch 252/600
2020-05-01 20:09:17,582 INFO - training.ea.ea_trainer - Iteration 1, Batch 253/600
2020-05-01 20:09:17,689 INFO - training.ea.ea_trainer - Iteration 1, Batch 254/600
2020-05-01 20:09:17,747 INFO - training.ea.ea_trainer - Iteration 1, Batch 255/600
2020-05-01 20:09:17,869 INFO - training.ea.ea_trainer - Iteration 1, Batch 256/600
2020-05-01 20:09:17,928 INFO - training.ea.ea_trainer - Iteration 1, Batch 257/600
2020-05-01 20:09:18,037 INFO - training.ea.ea_trainer - Iteration 1, Batch 258/600
2020-05-01 20:09:18,106 INFO - training.ea.ea_trainer - Iteration 1, Batch 259/600
2020-05-01 20:09:18,234 INFO - training.ea.ea_trainer - Iteration 1, Batch 260/600
2020-05-01 20:09:18,282 INFO - training.ea.ea_trainer - Iteration 1, Batch 261/600
2020-05-01 20:09:18,396 INFO - training.ea.ea_trainer - Iteration 1, Batch 262/600
2020-05-01 20:09:18,454 INFO - training.ea.ea_trainer - Iteration 1, Batch 263/600
2020-05-01 20:09:18,586 INFO - training.ea.ea_trainer - Iteration 1, Batch 264/600
2020-05-01 20:09:18,686 INFO - training.ea.ea_trainer - Iteration 1, Batch 265/600
2020-05-01 20:09:18,779 INFO - training.ea.ea_trainer - Iteration 1, Batch 266/600
2020-05-01 20:09:18,856 INFO - training.ea.ea_trainer - Iteration 1, Batch 267/600
2020-05-01 20:09:18,963 INFO - training.ea.ea_trainer - Iteration 1, Batch 268/600
2020-05-01 20:09:19,022 INFO - training.ea.ea_trainer - Iteration 1, Batch 269/600
2020-05-01 20:09:19,130 INFO - training.ea.ea_trainer - Iteration 1, Batch 270/600
2020-05-01 20:09:19,216 INFO - training.ea.ea_trainer - Iteration 1, Batch 271/600
2020-05-01 20:09:19,330 INFO - training.ea.ea_trainer - Iteration 1, Batch 272/600
2020-05-01 20:09:19,386 INFO - training.ea.ea_trainer - Iteration 1, Batch 273/600
2020-05-01 20:09:19,485 INFO - training.ea.ea_trainer - Iteration 1, Batch 274/600
2020-05-01 20:09:19,534 INFO - training.ea.ea_trainer - Iteration 1, Batch 275/600
2020-05-01 20:09:19,642 INFO - training.ea.ea_trainer - Iteration 1, Batch 276/600
2020-05-01 20:09:19,695 INFO - training.ea.ea_trainer - Iteration 1, Batch 277/600
2020-05-01 20:09:19,804 INFO - training.ea.ea_trainer - Iteration 1, Batch 278/600
2020-05-01 20:09:19,854 INFO - training.ea.ea_trainer - Iteration 1, Batch 279/600
2020-05-01 20:09:19,985 INFO - training.ea.ea_trainer - Iteration 1, Batch 280/600
2020-05-01 20:09:20,076 INFO - training.ea.ea_trainer - Iteration 1, Batch 281/600
2020-05-01 20:09:20,197 INFO - training.ea.ea_trainer - Iteration 1, Batch 282/600
2020-05-01 20:09:20,259 INFO - training.ea.ea_trainer - Iteration 1, Batch 283/600
2020-05-01 20:09:20,367 INFO - training.ea.ea_trainer - Iteration 1, Batch 284/600
2020-05-01 20:09:20,388 INFO - training.ea.ea_trainer - Iteration 1, Batch 285/600
2020-05-01 20:09:20,539 INFO - training.ea.ea_trainer - Iteration 1, Batch 286/600
2020-05-01 20:09:20,597 INFO - training.ea.ea_trainer - Iteration 1, Batch 287/600
2020-05-01 20:09:20,700 INFO - training.ea.ea_trainer - Iteration 1, Batch 288/600
2020-05-01 20:09:20,738 INFO - training.ea.ea_trainer - Iteration 1, Batch 289/600
2020-05-01 20:09:20,839 INFO - training.ea.ea_trainer - Iteration 1, Batch 290/600
2020-05-01 20:09:20,898 INFO - training.ea.ea_trainer - Iteration 1, Batch 291/600
2020-05-01 20:09:21,027 INFO - training.ea.ea_trainer - Iteration 1, Batch 292/600
2020-05-01 20:09:21,090 INFO - training.ea.ea_trainer - Iteration 1, Batch 293/600
2020-05-01 20:09:21,190 INFO - training.ea.ea_trainer - Iteration 1, Batch 294/600
2020-05-01 20:09:21,267 INFO - training.ea.ea_trainer - Iteration 1, Batch 295/600
2020-05-01 20:09:21,365 INFO - training.ea.ea_trainer - Iteration 1, Batch 296/600
2020-05-01 20:09:21,438 INFO - training.ea.ea_trainer - Iteration 1, Batch 297/600
2020-05-01 20:09:21,554 INFO - training.ea.ea_trainer - Iteration 1, Batch 298/600
2020-05-01 20:09:21,591 INFO - training.ea.ea_trainer - Iteration 1, Batch 299/600
2020-05-01 20:09:21,743 INFO - training.ea.ea_trainer - Iteration 1, Batch 300/600
2020-05-01 20:09:21,812 INFO - training.ea.ea_trainer - Iteration 1, Batch 301/600
2020-05-01 20:09:21,932 INFO - training.ea.ea_trainer - Iteration 1, Batch 302/600
2020-05-01 20:09:21,981 INFO - training.ea.ea_trainer - Iteration 1, Batch 303/600
2020-05-01 20:09:22,119 INFO - training.ea.ea_trainer - Iteration 1, Batch 304/600
2020-05-01 20:09:22,176 INFO - training.ea.ea_trainer - Iteration 1, Batch 305/600
2020-05-01 20:09:22,295 INFO - training.ea.ea_trainer - Iteration 1, Batch 306/600
2020-05-01 20:09:22,344 INFO - training.ea.ea_trainer - Iteration 1, Batch 307/600
2020-05-01 20:09:22,464 INFO - training.ea.ea_trainer - Iteration 1, Batch 308/600
2020-05-01 20:09:22,540 INFO - training.ea.ea_trainer - Iteration 1, Batch 309/600
2020-05-01 20:09:22,653 INFO - training.ea.ea_trainer - Iteration 1, Batch 310/600
2020-05-01 20:09:22,736 INFO - training.ea.ea_trainer - Iteration 1, Batch 311/600
2020-05-01 20:09:22,840 INFO - training.ea.ea_trainer - Iteration 1, Batch 312/600
2020-05-01 20:09:22,927 INFO - training.ea.ea_trainer - Iteration 1, Batch 313/600
2020-05-01 20:09:23,024 INFO - training.ea.ea_trainer - Iteration 1, Batch 314/600
2020-05-01 20:09:23,086 INFO - training.ea.ea_trainer - Iteration 1, Batch 315/600
2020-05-01 20:09:23,188 INFO - training.ea.ea_trainer - Iteration 1, Batch 316/600
2020-05-01 20:09:23,257 INFO - training.ea.ea_trainer - Iteration 1, Batch 317/600
2020-05-01 20:09:23,393 INFO - training.ea.ea_trainer - Iteration 1, Batch 318/600
2020-05-01 20:09:23,467 INFO - training.ea.ea_trainer - Iteration 1, Batch 319/600
2020-05-01 20:09:23,567 INFO - training.ea.ea_trainer - Iteration 1, Batch 320/600
2020-05-01 20:09:23,624 INFO - training.ea.ea_trainer - Iteration 1, Batch 321/600
2020-05-01 20:09:23,751 INFO - training.ea.ea_trainer - Iteration 1, Batch 322/600
2020-05-01 20:09:23,812 INFO - training.ea.ea_trainer - Iteration 1, Batch 323/600
2020-05-01 20:09:23,905 INFO - training.ea.ea_trainer - Iteration 1, Batch 324/600
2020-05-01 20:09:23,954 INFO - training.ea.ea_trainer - Iteration 1, Batch 325/600
2020-05-01 20:09:24,070 INFO - training.ea.ea_trainer - Iteration 1, Batch 326/600
2020-05-01 20:09:24,112 INFO - training.ea.ea_trainer - Iteration 1, Batch 327/600
2020-05-01 20:09:24,217 INFO - training.ea.ea_trainer - Iteration 1, Batch 328/600
2020-05-01 20:09:24,253 INFO - training.ea.ea_trainer - Iteration 1, Batch 329/600
2020-05-01 20:09:24,358 INFO - training.ea.ea_trainer - Iteration 1, Batch 330/600
2020-05-01 20:09:24,428 INFO - training.ea.ea_trainer - Iteration 1, Batch 331/600
2020-05-01 20:09:24,535 INFO - training.ea.ea_trainer - Iteration 1, Batch 332/600
2020-05-01 20:09:24,600 INFO - training.ea.ea_trainer - Iteration 1, Batch 333/600
2020-05-01 20:09:24,709 INFO - training.ea.ea_trainer - Iteration 1, Batch 334/600
2020-05-01 20:09:24,797 INFO - training.ea.ea_trainer - Iteration 1, Batch 335/600
2020-05-01 20:09:24,957 INFO - training.ea.ea_trainer - Iteration 1, Batch 336/600
2020-05-01 20:09:25,026 INFO - training.ea.ea_trainer - Iteration 1, Batch 337/600
2020-05-01 20:09:25,146 INFO - training.ea.ea_trainer - Iteration 1, Batch 338/600
2020-05-01 20:09:25,228 INFO - training.ea.ea_trainer - Iteration 1, Batch 339/600
2020-05-01 20:09:25,337 INFO - training.ea.ea_trainer - Iteration 1, Batch 340/600
2020-05-01 20:09:25,416 INFO - training.ea.ea_trainer - Iteration 1, Batch 341/600
2020-05-01 20:09:25,530 INFO - training.ea.ea_trainer - Iteration 1, Batch 342/600
2020-05-01 20:09:25,597 INFO - training.ea.ea_trainer - Iteration 1, Batch 343/600
2020-05-01 20:09:25,694 INFO - training.ea.ea_trainer - Iteration 1, Batch 344/600
2020-05-01 20:09:25,731 INFO - training.ea.ea_trainer - Iteration 1, Batch 345/600
2020-05-01 20:09:25,874 INFO - training.ea.ea_trainer - Iteration 1, Batch 346/600
2020-05-01 20:09:25,898 INFO - training.ea.ea_trainer - Iteration 1, Batch 347/600
2020-05-01 20:09:26,030 INFO - training.ea.ea_trainer - Iteration 1, Batch 348/600
2020-05-01 20:09:26,090 INFO - training.ea.ea_trainer - Iteration 1, Batch 349/600
2020-05-01 20:09:26,191 INFO - training.ea.ea_trainer - Iteration 1, Batch 350/600
2020-05-01 20:09:26,254 INFO - training.ea.ea_trainer - Iteration 1, Batch 351/600
2020-05-01 20:09:26,339 INFO - training.ea.ea_trainer - Iteration 1, Batch 352/600
2020-05-01 20:09:26,383 INFO - training.ea.ea_trainer - Iteration 1, Batch 353/600
2020-05-01 20:09:26,521 INFO - training.ea.ea_trainer - Iteration 1, Batch 354/600
2020-05-01 20:09:26,599 INFO - training.ea.ea_trainer - Iteration 1, Batch 355/600
2020-05-01 20:09:26,731 INFO - training.ea.ea_trainer - Iteration 1, Batch 356/600
2020-05-01 20:09:26,773 INFO - training.ea.ea_trainer - Iteration 1, Batch 357/600
2020-05-01 20:09:26,866 INFO - training.ea.ea_trainer - Iteration 1, Batch 358/600
2020-05-01 20:09:26,975 INFO - training.ea.ea_trainer - Iteration 1, Batch 359/600
2020-05-01 20:09:27,050 INFO - training.ea.ea_trainer - Iteration 1, Batch 360/600
2020-05-01 20:09:27,136 INFO - training.ea.ea_trainer - Iteration 1, Batch 361/600
2020-05-01 20:09:27,288 INFO - training.ea.ea_trainer - Iteration 1, Batch 362/600
2020-05-01 20:09:27,373 INFO - training.ea.ea_trainer - Iteration 1, Batch 363/600
2020-05-01 20:09:27,508 INFO - training.ea.ea_trainer - Iteration 1, Batch 364/600
2020-05-01 20:09:27,592 INFO - training.ea.ea_trainer - Iteration 1, Batch 365/600
2020-05-01 20:09:27,726 INFO - training.ea.ea_trainer - Iteration 1, Batch 366/600
2020-05-01 20:09:27,774 INFO - training.ea.ea_trainer - Iteration 1, Batch 367/600
2020-05-01 20:09:27,889 INFO - training.ea.ea_trainer - Iteration 1, Batch 368/600
2020-05-01 20:09:27,942 INFO - training.ea.ea_trainer - Iteration 1, Batch 369/600
2020-05-01 20:09:28,110 INFO - training.ea.ea_trainer - Iteration 1, Batch 370/600
2020-05-01 20:09:28,167 INFO - training.ea.ea_trainer - Iteration 1, Batch 371/600
2020-05-01 20:09:28,244 INFO - training.ea.ea_trainer - Iteration 1, Batch 372/600
2020-05-01 20:09:28,310 INFO - training.ea.ea_trainer - Iteration 1, Batch 373/600
2020-05-01 20:09:28,436 INFO - training.ea.ea_trainer - Iteration 1, Batch 374/600
2020-05-01 20:09:28,498 INFO - training.ea.ea_trainer - Iteration 1, Batch 375/600
2020-05-01 20:09:28,620 INFO - training.ea.ea_trainer - Iteration 1, Batch 376/600
2020-05-01 20:09:28,676 INFO - training.ea.ea_trainer - Iteration 1, Batch 377/600
2020-05-01 20:09:28,813 INFO - training.ea.ea_trainer - Iteration 1, Batch 378/600
2020-05-01 20:09:28,889 INFO - training.ea.ea_trainer - Iteration 1, Batch 379/600
2020-05-01 20:09:29,003 INFO - training.ea.ea_trainer - Iteration 1, Batch 380/600
2020-05-01 20:09:29,125 INFO - training.ea.ea_trainer - Iteration 1, Batch 381/600
2020-05-01 20:09:29,251 INFO - training.ea.ea_trainer - Iteration 1, Batch 382/600
2020-05-01 20:09:29,301 INFO - training.ea.ea_trainer - Iteration 1, Batch 383/600
2020-05-01 20:09:29,441 INFO - training.ea.ea_trainer - Iteration 1, Batch 384/600
2020-05-01 20:09:29,482 INFO - training.ea.ea_trainer - Iteration 1, Batch 385/600
2020-05-01 20:09:29,602 INFO - training.ea.ea_trainer - Iteration 1, Batch 386/600
2020-05-01 20:09:29,632 INFO - training.ea.ea_trainer - Iteration 1, Batch 387/600
2020-05-01 20:09:29,757 INFO - training.ea.ea_trainer - Iteration 1, Batch 388/600
2020-05-01 20:09:29,822 INFO - training.ea.ea_trainer - Iteration 1, Batch 389/600
2020-05-01 20:09:29,980 INFO - training.ea.ea_trainer - Iteration 1, Batch 390/600
2020-05-01 20:09:30,029 INFO - training.ea.ea_trainer - Iteration 1, Batch 391/600
2020-05-01 20:09:30,137 INFO - training.ea.ea_trainer - Iteration 1, Batch 392/600
2020-05-01 20:09:30,201 INFO - training.ea.ea_trainer - Iteration 1, Batch 393/600
2020-05-01 20:09:30,350 INFO - training.ea.ea_trainer - Iteration 1, Batch 394/600
2020-05-01 20:09:30,424 INFO - training.ea.ea_trainer - Iteration 1, Batch 395/600
2020-05-01 20:09:30,545 INFO - training.ea.ea_trainer - Iteration 1, Batch 396/600
2020-05-01 20:09:30,627 INFO - training.ea.ea_trainer - Iteration 1, Batch 397/600
2020-05-01 20:09:30,792 INFO - training.ea.ea_trainer - Iteration 1, Batch 398/600
2020-05-01 20:09:30,853 INFO - training.ea.ea_trainer - Iteration 1, Batch 399/600
2020-05-01 20:09:30,955 INFO - training.ea.ea_trainer - Iteration 1, Batch 400/600
2020-05-01 20:09:31,017 INFO - training.ea.ea_trainer - Iteration 1, Batch 401/600
2020-05-01 20:09:31,107 INFO - training.ea.ea_trainer - Iteration 1, Batch 402/600
2020-05-01 20:09:31,181 INFO - training.ea.ea_trainer - Iteration 1, Batch 403/600
2020-05-01 20:09:31,303 INFO - training.ea.ea_trainer - Iteration 1, Batch 404/600
2020-05-01 20:09:31,340 INFO - training.ea.ea_trainer - Iteration 1, Batch 405/600
2020-05-01 20:09:31,460 INFO - training.ea.ea_trainer - Iteration 1, Batch 406/600
2020-05-01 20:09:31,522 INFO - training.ea.ea_trainer - Iteration 1, Batch 407/600
2020-05-01 20:09:31,627 INFO - training.ea.ea_trainer - Iteration 1, Batch 408/600
2020-05-01 20:09:31,676 INFO - training.ea.ea_trainer - Iteration 1, Batch 409/600
2020-05-01 20:09:31,806 INFO - training.ea.ea_trainer - Iteration 1, Batch 410/600
2020-05-01 20:09:31,858 INFO - training.ea.ea_trainer - Iteration 1, Batch 411/600
2020-05-01 20:09:32,021 INFO - training.ea.ea_trainer - Iteration 1, Batch 412/600
2020-05-01 20:09:32,093 INFO - training.ea.ea_trainer - Iteration 1, Batch 413/600
2020-05-01 20:09:32,230 INFO - training.ea.ea_trainer - Iteration 1, Batch 414/600
2020-05-01 20:09:32,313 INFO - training.ea.ea_trainer - Iteration 1, Batch 415/600
2020-05-01 20:09:32,460 INFO - training.ea.ea_trainer - Iteration 1, Batch 416/600
2020-05-01 20:09:32,507 INFO - training.ea.ea_trainer - Iteration 1, Batch 417/600
2020-05-01 20:09:32,618 INFO - training.ea.ea_trainer - Iteration 1, Batch 418/600
2020-05-01 20:09:32,691 INFO - training.ea.ea_trainer - Iteration 1, Batch 419/600
2020-05-01 20:09:32,839 INFO - training.ea.ea_trainer - Iteration 1, Batch 420/600
2020-05-01 20:09:32,929 INFO - training.ea.ea_trainer - Iteration 1, Batch 421/600
2020-05-01 20:09:33,020 INFO - training.ea.ea_trainer - Iteration 1, Batch 422/600
2020-05-01 20:09:33,083 INFO - training.ea.ea_trainer - Iteration 1, Batch 423/600
2020-05-01 20:09:33,194 INFO - training.ea.ea_trainer - Iteration 1, Batch 424/600
2020-05-01 20:09:33,255 INFO - training.ea.ea_trainer - Iteration 1, Batch 425/600
2020-05-01 20:09:33,353 INFO - training.ea.ea_trainer - Iteration 1, Batch 426/600
2020-05-01 20:09:33,412 INFO - training.ea.ea_trainer - Iteration 1, Batch 427/600
2020-05-01 20:09:33,564 INFO - training.ea.ea_trainer - Iteration 1, Batch 428/600
2020-05-01 20:09:33,624 INFO - training.ea.ea_trainer - Iteration 1, Batch 429/600
2020-05-01 20:09:33,762 INFO - training.ea.ea_trainer - Iteration 1, Batch 430/600
2020-05-01 20:09:33,799 INFO - training.ea.ea_trainer - Iteration 1, Batch 431/600
2020-05-01 20:09:33,914 INFO - training.ea.ea_trainer - Iteration 1, Batch 432/600
2020-05-01 20:09:33,982 INFO - training.ea.ea_trainer - Iteration 1, Batch 433/600
2020-05-01 20:09:34,123 INFO - training.ea.ea_trainer - Iteration 1, Batch 434/600
2020-05-01 20:09:34,172 INFO - training.ea.ea_trainer - Iteration 1, Batch 435/600
2020-05-01 20:09:34,268 INFO - training.ea.ea_trainer - Iteration 1, Batch 436/600
2020-05-01 20:09:34,330 INFO - training.ea.ea_trainer - Iteration 1, Batch 437/600
2020-05-01 20:09:34,488 INFO - training.ea.ea_trainer - Iteration 1, Batch 438/600
2020-05-01 20:09:34,541 INFO - training.ea.ea_trainer - Iteration 1, Batch 439/600
2020-05-01 20:09:34,653 INFO - training.ea.ea_trainer - Iteration 1, Batch 440/600
2020-05-01 20:09:34,729 INFO - training.ea.ea_trainer - Iteration 1, Batch 441/600
2020-05-01 20:09:34,839 INFO - training.ea.ea_trainer - Iteration 1, Batch 442/600
2020-05-01 20:09:34,885 INFO - training.ea.ea_trainer - Iteration 1, Batch 443/600
2020-05-01 20:09:35,008 INFO - training.ea.ea_trainer - Iteration 1, Batch 444/600
2020-05-01 20:09:35,061 INFO - training.ea.ea_trainer - Iteration 1, Batch 445/600
2020-05-01 20:09:35,198 INFO - training.ea.ea_trainer - Iteration 1, Batch 446/600
2020-05-01 20:09:35,241 INFO - training.ea.ea_trainer - Iteration 1, Batch 447/600
2020-05-01 20:09:35,358 INFO - training.ea.ea_trainer - Iteration 1, Batch 448/600
2020-05-01 20:09:35,417 INFO - training.ea.ea_trainer - Iteration 1, Batch 449/600
2020-05-01 20:09:35,502 INFO - training.ea.ea_trainer - Iteration 1, Batch 450/600
2020-05-01 20:09:35,588 INFO - training.ea.ea_trainer - Iteration 1, Batch 451/600
2020-05-01 20:09:35,706 INFO - training.ea.ea_trainer - Iteration 1, Batch 452/600
2020-05-01 20:09:35,779 INFO - training.ea.ea_trainer - Iteration 1, Batch 453/600
2020-05-01 20:09:35,854 INFO - training.ea.ea_trainer - Iteration 1, Batch 454/600
2020-05-01 20:09:35,900 INFO - training.ea.ea_trainer - Iteration 1, Batch 455/600
2020-05-01 20:09:35,993 INFO - training.ea.ea_trainer - Iteration 1, Batch 456/600
2020-05-01 20:09:36,050 INFO - training.ea.ea_trainer - Iteration 1, Batch 457/600
2020-05-01 20:09:36,152 INFO - training.ea.ea_trainer - Iteration 1, Batch 458/600
2020-05-01 20:09:36,225 INFO - training.ea.ea_trainer - Iteration 1, Batch 459/600
2020-05-01 20:09:36,328 INFO - training.ea.ea_trainer - Iteration 1, Batch 460/600
2020-05-01 20:09:36,420 INFO - training.ea.ea_trainer - Iteration 1, Batch 461/600
2020-05-01 20:09:36,539 INFO - training.ea.ea_trainer - Iteration 1, Batch 462/600
2020-05-01 20:09:36,603 INFO - training.ea.ea_trainer - Iteration 1, Batch 463/600
2020-05-01 20:09:36,685 INFO - training.ea.ea_trainer - Iteration 1, Batch 464/600
2020-05-01 20:09:36,745 INFO - training.ea.ea_trainer - Iteration 1, Batch 465/600
2020-05-01 20:09:36,889 INFO - training.ea.ea_trainer - Iteration 1, Batch 466/600
2020-05-01 20:09:36,950 INFO - training.ea.ea_trainer - Iteration 1, Batch 467/600
2020-05-01 20:09:37,050 INFO - training.ea.ea_trainer - Iteration 1, Batch 468/600
2020-05-01 20:09:37,080 INFO - training.ea.ea_trainer - Iteration 1, Batch 469/600
2020-05-01 20:09:37,205 INFO - training.ea.ea_trainer - Iteration 1, Batch 470/600
2020-05-01 20:09:37,253 INFO - training.ea.ea_trainer - Iteration 1, Batch 471/600
2020-05-01 20:09:37,407 INFO - training.ea.ea_trainer - Iteration 1, Batch 472/600
2020-05-01 20:09:37,461 INFO - training.ea.ea_trainer - Iteration 1, Batch 473/600
2020-05-01 20:09:37,568 INFO - training.ea.ea_trainer - Iteration 1, Batch 474/600
2020-05-01 20:09:37,627 INFO - training.ea.ea_trainer - Iteration 1, Batch 475/600
2020-05-01 20:09:37,821 INFO - training.ea.ea_trainer - Iteration 1, Batch 476/600
2020-05-01 20:09:37,914 INFO - training.ea.ea_trainer - Iteration 1, Batch 477/600
2020-05-01 20:09:38,043 INFO - training.ea.ea_trainer - Iteration 1, Batch 478/600
2020-05-01 20:09:38,096 INFO - training.ea.ea_trainer - Iteration 1, Batch 479/600
2020-05-01 20:09:38,189 INFO - training.ea.ea_trainer - Iteration 1, Batch 480/600
2020-05-01 20:09:38,259 INFO - training.ea.ea_trainer - Iteration 1, Batch 481/600
2020-05-01 20:09:38,345 INFO - training.ea.ea_trainer - Iteration 1, Batch 482/600
2020-05-01 20:09:38,440 INFO - training.ea.ea_trainer - Iteration 1, Batch 483/600
2020-05-01 20:09:38,528 INFO - training.ea.ea_trainer - Iteration 1, Batch 484/600
2020-05-01 20:09:38,599 INFO - training.ea.ea_trainer - Iteration 1, Batch 485/600
2020-05-01 20:09:38,683 INFO - training.ea.ea_trainer - Iteration 1, Batch 486/600
2020-05-01 20:09:38,749 INFO - training.ea.ea_trainer - Iteration 1, Batch 487/600
2020-05-01 20:09:38,856 INFO - training.ea.ea_trainer - Iteration 1, Batch 488/600
2020-05-01 20:09:38,934 INFO - training.ea.ea_trainer - Iteration 1, Batch 489/600
2020-05-01 20:09:39,063 INFO - training.ea.ea_trainer - Iteration 1, Batch 490/600
2020-05-01 20:09:39,141 INFO - training.ea.ea_trainer - Iteration 1, Batch 491/600
2020-05-01 20:09:39,237 INFO - training.ea.ea_trainer - Iteration 1, Batch 492/600
2020-05-01 20:09:39,302 INFO - training.ea.ea_trainer - Iteration 1, Batch 493/600
2020-05-01 20:09:39,383 INFO - training.ea.ea_trainer - Iteration 1, Batch 494/600
2020-05-01 20:09:39,418 INFO - training.ea.ea_trainer - Iteration 1, Batch 495/600
2020-05-01 20:09:39,572 INFO - training.ea.ea_trainer - Iteration 1, Batch 496/600
2020-05-01 20:09:39,629 INFO - training.ea.ea_trainer - Iteration 1, Batch 497/600
2020-05-01 20:09:39,709 INFO - training.ea.ea_trainer - Iteration 1, Batch 498/600
2020-05-01 20:09:39,771 INFO - training.ea.ea_trainer - Iteration 1, Batch 499/600
2020-05-01 20:09:39,872 INFO - training.ea.ea_trainer - Iteration 1, Batch 500/600
2020-05-01 20:09:39,920 INFO - training.ea.ea_trainer - Iteration 1, Batch 501/600
2020-05-01 20:09:40,019 INFO - training.ea.ea_trainer - Iteration 1, Batch 502/600
2020-05-01 20:09:40,063 INFO - training.ea.ea_trainer - Iteration 1, Batch 503/600
2020-05-01 20:09:40,173 INFO - training.ea.ea_trainer - Iteration 1, Batch 504/600
2020-05-01 20:09:40,261 INFO - training.ea.ea_trainer - Iteration 1, Batch 505/600
2020-05-01 20:09:40,345 INFO - training.ea.ea_trainer - Iteration 1, Batch 506/600
2020-05-01 20:09:40,423 INFO - training.ea.ea_trainer - Iteration 1, Batch 507/600
2020-05-01 20:09:40,549 INFO - training.ea.ea_trainer - Iteration 1, Batch 508/600
2020-05-01 20:09:40,606 INFO - training.ea.ea_trainer - Iteration 1, Batch 509/600
2020-05-01 20:09:40,712 INFO - training.ea.ea_trainer - Iteration 1, Batch 510/600
2020-05-01 20:09:40,792 INFO - training.ea.ea_trainer - Iteration 1, Batch 511/600
2020-05-01 20:09:40,914 INFO - training.ea.ea_trainer - Iteration 1, Batch 512/600
2020-05-01 20:09:40,998 INFO - training.ea.ea_trainer - Iteration 1, Batch 513/600
2020-05-01 20:09:41,083 INFO - training.ea.ea_trainer - Iteration 1, Batch 514/600
2020-05-01 20:09:41,174 INFO - training.ea.ea_trainer - Iteration 1, Batch 515/600
2020-05-01 20:09:41,290 INFO - training.ea.ea_trainer - Iteration 1, Batch 516/600
2020-05-01 20:09:41,356 INFO - training.ea.ea_trainer - Iteration 1, Batch 517/600
2020-05-01 20:09:41,440 INFO - training.ea.ea_trainer - Iteration 1, Batch 518/600
2020-05-01 20:09:41,504 INFO - training.ea.ea_trainer - Iteration 1, Batch 519/600
2020-05-01 20:09:41,604 INFO - training.ea.ea_trainer - Iteration 1, Batch 520/600
2020-05-01 20:09:41,700 INFO - training.ea.ea_trainer - Iteration 1, Batch 521/600
2020-05-01 20:09:41,782 INFO - training.ea.ea_trainer - Iteration 1, Batch 522/600
2020-05-01 20:09:41,848 INFO - training.ea.ea_trainer - Iteration 1, Batch 523/600
2020-05-01 20:09:41,977 INFO - training.ea.ea_trainer - Iteration 1, Batch 524/600
2020-05-01 20:09:42,048 INFO - training.ea.ea_trainer - Iteration 1, Batch 525/600
2020-05-01 20:09:42,169 INFO - training.ea.ea_trainer - Iteration 1, Batch 526/600
2020-05-01 20:09:42,245 INFO - training.ea.ea_trainer - Iteration 1, Batch 527/600
2020-05-01 20:09:42,394 INFO - training.ea.ea_trainer - Iteration 1, Batch 528/600
2020-05-01 20:09:42,482 INFO - training.ea.ea_trainer - Iteration 1, Batch 529/600
2020-05-01 20:09:42,592 INFO - training.ea.ea_trainer - Iteration 1, Batch 530/600
2020-05-01 20:09:42,669 INFO - training.ea.ea_trainer - Iteration 1, Batch 531/600
2020-05-01 20:09:42,773 INFO - training.ea.ea_trainer - Iteration 1, Batch 532/600
2020-05-01 20:09:42,823 INFO - training.ea.ea_trainer - Iteration 1, Batch 533/600
2020-05-01 20:09:42,966 INFO - training.ea.ea_trainer - Iteration 1, Batch 534/600
2020-05-01 20:09:43,061 INFO - training.ea.ea_trainer - Iteration 1, Batch 535/600
2020-05-01 20:09:43,191 INFO - training.ea.ea_trainer - Iteration 1, Batch 536/600
2020-05-01 20:09:43,253 INFO - training.ea.ea_trainer - Iteration 1, Batch 537/600
2020-05-01 20:09:43,368 INFO - training.ea.ea_trainer - Iteration 1, Batch 538/600
2020-05-01 20:09:43,451 INFO - training.ea.ea_trainer - Iteration 1, Batch 539/600
2020-05-01 20:09:43,588 INFO - training.ea.ea_trainer - Iteration 1, Batch 540/600
2020-05-01 20:09:43,642 INFO - training.ea.ea_trainer - Iteration 1, Batch 541/600
2020-05-01 20:09:43,725 INFO - training.ea.ea_trainer - Iteration 1, Batch 542/600
2020-05-01 20:09:43,800 INFO - training.ea.ea_trainer - Iteration 1, Batch 543/600
2020-05-01 20:09:43,916 INFO - training.ea.ea_trainer - Iteration 1, Batch 544/600
2020-05-01 20:09:43,967 INFO - training.ea.ea_trainer - Iteration 1, Batch 545/600
2020-05-01 20:09:44,113 INFO - training.ea.ea_trainer - Iteration 1, Batch 546/600
2020-05-01 20:09:44,153 INFO - training.ea.ea_trainer - Iteration 1, Batch 547/600
2020-05-01 20:09:44,234 INFO - training.ea.ea_trainer - Iteration 1, Batch 548/600
2020-05-01 20:09:44,304 INFO - training.ea.ea_trainer - Iteration 1, Batch 549/600
2020-05-01 20:09:44,436 INFO - training.ea.ea_trainer - Iteration 1, Batch 550/600
2020-05-01 20:09:44,479 INFO - training.ea.ea_trainer - Iteration 1, Batch 551/600
2020-05-01 20:09:44,584 INFO - training.ea.ea_trainer - Iteration 1, Batch 552/600
2020-05-01 20:09:44,645 INFO - training.ea.ea_trainer - Iteration 1, Batch 553/600
2020-05-01 20:09:44,785 INFO - training.ea.ea_trainer - Iteration 1, Batch 554/600
2020-05-01 20:09:44,849 INFO - training.ea.ea_trainer - Iteration 1, Batch 555/600
2020-05-01 20:09:44,964 INFO - training.ea.ea_trainer - Iteration 1, Batch 556/600
2020-05-01 20:09:45,047 INFO - training.ea.ea_trainer - Iteration 1, Batch 557/600
2020-05-01 20:09:45,151 INFO - training.ea.ea_trainer - Iteration 1, Batch 558/600
2020-05-01 20:09:45,216 INFO - training.ea.ea_trainer - Iteration 1, Batch 559/600
2020-05-01 20:09:45,376 INFO - training.ea.ea_trainer - Iteration 1, Batch 560/600
2020-05-01 20:09:45,427 INFO - training.ea.ea_trainer - Iteration 1, Batch 561/600
2020-05-01 20:09:45,555 INFO - training.ea.ea_trainer - Iteration 1, Batch 562/600
2020-05-01 20:09:45,625 INFO - training.ea.ea_trainer - Iteration 1, Batch 563/600
2020-05-01 20:09:45,801 INFO - training.ea.ea_trainer - Iteration 1, Batch 564/600
2020-05-01 20:09:45,857 INFO - training.ea.ea_trainer - Iteration 1, Batch 565/600
2020-05-01 20:09:45,995 INFO - training.ea.ea_trainer - Iteration 1, Batch 566/600
2020-05-01 20:09:46,070 INFO - training.ea.ea_trainer - Iteration 1, Batch 567/600
2020-05-01 20:09:46,182 INFO - training.ea.ea_trainer - Iteration 1, Batch 568/600
2020-05-01 20:09:46,254 INFO - training.ea.ea_trainer - Iteration 1, Batch 569/600
2020-05-01 20:09:46,377 INFO - training.ea.ea_trainer - Iteration 1, Batch 570/600
2020-05-01 20:09:46,448 INFO - training.ea.ea_trainer - Iteration 1, Batch 571/600
2020-05-01 20:09:46,547 INFO - training.ea.ea_trainer - Iteration 1, Batch 572/600
2020-05-01 20:09:46,613 INFO - training.ea.ea_trainer - Iteration 1, Batch 573/600
2020-05-01 20:09:46,745 INFO - training.ea.ea_trainer - Iteration 1, Batch 574/600
2020-05-01 20:09:46,799 INFO - training.ea.ea_trainer - Iteration 1, Batch 575/600
2020-05-01 20:09:46,897 INFO - training.ea.ea_trainer - Iteration 1, Batch 576/600
2020-05-01 20:09:46,956 INFO - training.ea.ea_trainer - Iteration 1, Batch 577/600
2020-05-01 20:09:47,059 INFO - training.ea.ea_trainer - Iteration 1, Batch 578/600
2020-05-01 20:09:47,126 INFO - training.ea.ea_trainer - Iteration 1, Batch 579/600
2020-05-01 20:09:47,235 INFO - training.ea.ea_trainer - Iteration 1, Batch 580/600
2020-05-01 20:09:47,294 INFO - training.ea.ea_trainer - Iteration 1, Batch 581/600
2020-05-01 20:09:47,420 INFO - training.ea.ea_trainer - Iteration 1, Batch 582/600
2020-05-01 20:09:47,456 INFO - training.ea.ea_trainer - Iteration 1, Batch 583/600
2020-05-01 20:09:47,575 INFO - training.ea.ea_trainer - Iteration 1, Batch 584/600
2020-05-01 20:09:47,628 INFO - training.ea.ea_trainer - Iteration 1, Batch 585/600
2020-05-01 20:09:47,764 INFO - training.ea.ea_trainer - Iteration 1, Batch 586/600
2020-05-01 20:09:47,818 INFO - training.ea.ea_trainer - Iteration 1, Batch 587/600
2020-05-01 20:09:47,931 INFO - training.ea.ea_trainer - Iteration 1, Batch 588/600
2020-05-01 20:09:47,994 INFO - training.ea.ea_trainer - Iteration 1, Batch 589/600
2020-05-01 20:09:48,122 INFO - training.ea.ea_trainer - Iteration 1, Batch 590/600
2020-05-01 20:09:48,164 INFO - training.ea.ea_trainer - Iteration 1, Batch 591/600
2020-05-01 20:09:48,255 INFO - training.ea.ea_trainer - Iteration 1, Batch 592/600
2020-05-01 20:09:48,296 INFO - training.ea.ea_trainer - Iteration 1, Batch 593/600
2020-05-01 20:09:48,423 INFO - training.ea.ea_trainer - Iteration 1, Batch 594/600
2020-05-01 20:09:48,462 INFO - training.ea.ea_trainer - Iteration 1, Batch 595/600
2020-05-01 20:09:48,525 INFO - training.ea.ea_trainer - Iteration 1, Batch 596/600
2020-05-01 20:09:48,574 INFO - training.ea.ea_trainer - Iteration 1, Batch 597/600
2020-05-01 20:09:48,671 INFO - training.ea.ea_trainer - Iteration 1, Batch 598/600
2020-05-01 20:09:48,718 INFO - training.ea.ea_trainer - Iteration 1, Batch 599/600
2020-05-01 20:09:49,110 INFO - requests.packages.urllib3.connectionpool - Starting new HTTP connection (1): 127.0.0.1
2020-05-01 20:09:49,113 INFO - requests.packages.urllib3.connectionpool - Starting new HTTP connection (1): 127.0.0.1
2020-05-01 20:09:49,317 INFO - distribution.node_client - Loading parameters from endpoint http://127.0.0.1:5002/parameters/generators/best took 0.20611310005187988 seconds
2020-05-01 20:09:49,353 INFO - distribution.node_client - Loading parameters from endpoint http://127.0.0.1:5001/parameters/generators/best took 0.24666237831115723 seconds
2020-05-01 20:09:49,469 INFO - training.ea.ea_trainer - Calculating FID/inception score.
2020-05-01 20:09:49,472 CRITICAL - distribution.client_api - An unhandled error occured while running Lipizzaner: 
Found no NVIDIA driver on your system. Please check that you
have an NVIDIA GPU and installed a driver from
http://www.nvidia.com/Download/index.aspx
2020-05-01 20:09:49,489 INFO - distribution.client_api - Finished experiment, waiting for new requests.
2020-05-01 20:09:52,237 WARNING - distribution.client_api - Received stop signal from master, but no experiment is running.
