2020-05-01 19:38:46,469 INFO - distribution.client_api - Distributed training recognized, set log directory to ./output/lipizzaner_gan/distributed/mnist/2020-05-01_19-38-46/2419
2020-05-01 19:38:46,742 INFO - lipizzaner - Parameters: {'trainer': {'name': 'lipizzaner_gan', 'n_iterations': 5, 'calculate_net_weights_dist': True, 'params': {'default_adam_learning_rate': 0.0002, 'alpha': 0.0001, 'discriminator_skip_each_nth_step': 1, 'fitness': {'fitness_mode': 'average', 'fitness_sample_size': 1000}, 'population_size': 1, 'mixture_sigma': 0.01, 'tournament_size': 2, 'score': {'type': 'fid', 'score_sample_size': 1000, 'cuda': True, 'enabled': True}, 'mutation_probability': 0.5, 'enable_selection': False, 'n_replacements': 1}, 'mixture_generator_samples_mode': 'exact_proportion'}, 'general': {'distribution': {'auto_discover': False, 'start_time': '2020-05-01_19-38-46', 'client_nodes': [{'address': '127.0.0.1', 'port': 5000}, {'address': '127.0.0.1', 'port': 5001}, {'address': '127.0.0.1', 'port': 5002}, {'address': '127.0.0.1', 'port': 5003}], 'master_node': {'exit_clients_on_disconnect': True}}, 'losswise': {'api_key': '3T1CKALG6', 'enabled': False}, 'seed': 1, 'logging': {'log_server': None, 'print_discriminator': False, 'log_level': 'INFO', 'image_format': 'jpg', 'enabled': True}, 'output_dir': './output', 'num_workers': 4}, 'network': {'loss': 'bceloss', 'name': 'four_layer_perceptron'}, 'dataloader': {'batch_size': 100, 'n_batches': 0, 'dataset_name': 'mnist', 'use_batch': True, 'shuffle': True}, 'master': {'calculate_score': False, 'score_sample_size': 50000, 'cuda': True}}
2020-05-01 19:38:46,743 INFO - lipizzaner - CUDA is not supported on this device.
2020-05-01 19:38:46,744 INFO - lipizzaner - Seed used: 6014804
2020-05-01 19:38:46,744 INFO - lipizzaner - Starting training for 5 iterations/epochs.
2020-05-01 19:38:46,895 INFO - requests.packages.urllib3.connectionpool - Starting new HTTP connection (1): 127.0.0.1
2020-05-01 19:38:46,904 INFO - requests.packages.urllib3.connectionpool - Starting new HTTP connection (1): 127.0.0.1
2020-05-01 19:38:47,130 INFO - distribution.node_client - Loading parameters from endpoint http://127.0.0.1:5000/parameters/generators took 0.24712347984313965 seconds
2020-05-01 19:38:47,147 INFO - distribution.node_client - Loading parameters from endpoint http://127.0.0.1:5003/parameters/generators took 0.24703359603881836 seconds
2020-05-01 19:38:47,191 INFO - requests.packages.urllib3.connectionpool - Starting new HTTP connection (1): 127.0.0.1
2020-05-01 19:38:47,192 INFO - requests.packages.urllib3.connectionpool - Starting new HTTP connection (1): 127.0.0.1
2020-05-01 19:38:47,271 INFO - distribution.node_client - Loading parameters from endpoint http://127.0.0.1:5000/parameters/discriminators took 0.08199119567871094 seconds
2020-05-01 19:38:47,287 INFO - distribution.node_client - Loading parameters from endpoint http://127.0.0.1:5003/parameters/discriminators took 0.09793305397033691 seconds
2020-05-01 19:38:47,356 INFO - training.ea.ea_trainer - Generators in current neighborhood are ['Iteration0:127.0.0.1:5000:0/G0', 'Iteration0:127.0.0.1:5003:3/G0', 'Iteration0:127.0.0.1:5001:1/G0']
2020-05-01 19:38:47,356 INFO - training.ea.ea_trainer - Discriminators in current neighborhood are ['Iteration0:127.0.0.1:5000:0/D0', 'Iteration0:127.0.0.1:5003:3/D0', 'Iteration0:127.0.0.1:5001:1/D0']
2020-05-01 19:38:47,364 INFO - training.ea.ea_trainer - L2 distance between all generators weights: [('Iteration0:127.0.0.1:5000:0/G0', 'Iteration0:127.0.0.1:5003:3/G0', array(29.420944, dtype=float32)), ('Iteration0:127.0.0.1:5000:0/G0', 'Iteration0:127.0.0.1:5001:1/G0', array(29.492472, dtype=float32)), ('Iteration0:127.0.0.1:5003:3/G0', 'Iteration0:127.0.0.1:5001:1/G0', array(29.499233, dtype=float32))]
2020-05-01 19:38:47,380 INFO - training.ea.ea_trainer - L2 distance between all discriminators weights: [('Iteration0:127.0.0.1:5000:0/D0', 'Iteration0:127.0.0.1:5003:3/D0', array(18.491697, dtype=float32)), ('Iteration0:127.0.0.1:5000:0/D0', 'Iteration0:127.0.0.1:5001:1/D0', array(18.564009, dtype=float32)), ('Iteration0:127.0.0.1:5003:3/D0', 'Iteration0:127.0.0.1:5001:1/D0', array(18.536097, dtype=float32))]
2020-05-01 19:38:49,421 INFO - training.ea.ea_trainer - Iteration 1, Batch 0/600
2020-05-01 19:38:49,527 INFO - training.ea.ea_trainer - Iteration 1, Batch 1/600
2020-05-01 19:38:49,653 INFO - training.ea.ea_trainer - Iteration 1, Batch 2/600
2020-05-01 19:38:49,699 INFO - training.ea.ea_trainer - Iteration 1, Batch 3/600
2020-05-01 19:38:49,790 INFO - training.ea.ea_trainer - Iteration 1, Batch 4/600
2020-05-01 19:38:49,845 INFO - training.ea.ea_trainer - Iteration 1, Batch 5/600
2020-05-01 19:38:49,977 INFO - training.ea.ea_trainer - Iteration 1, Batch 6/600
2020-05-01 19:38:50,032 INFO - training.ea.ea_trainer - Iteration 1, Batch 7/600
2020-05-01 19:38:50,222 INFO - training.ea.ea_trainer - Iteration 1, Batch 8/600
2020-05-01 19:38:50,309 INFO - training.ea.ea_trainer - Iteration 1, Batch 9/600
2020-05-01 19:38:50,463 INFO - training.ea.ea_trainer - Iteration 1, Batch 10/600
2020-05-01 19:38:50,548 INFO - training.ea.ea_trainer - Iteration 1, Batch 11/600
2020-05-01 19:38:50,657 INFO - training.ea.ea_trainer - Iteration 1, Batch 12/600
2020-05-01 19:38:50,734 INFO - training.ea.ea_trainer - Iteration 1, Batch 13/600
2020-05-01 19:38:50,887 INFO - training.ea.ea_trainer - Iteration 1, Batch 14/600
2020-05-01 19:38:50,927 INFO - training.ea.ea_trainer - Iteration 1, Batch 15/600
2020-05-01 19:38:51,031 INFO - training.ea.ea_trainer - Iteration 1, Batch 16/600
2020-05-01 19:38:51,081 INFO - training.ea.ea_trainer - Iteration 1, Batch 17/600
2020-05-01 19:38:51,217 INFO - training.ea.ea_trainer - Iteration 1, Batch 18/600
2020-05-01 19:38:51,288 INFO - training.ea.ea_trainer - Iteration 1, Batch 19/600
2020-05-01 19:38:51,407 INFO - training.ea.ea_trainer - Iteration 1, Batch 20/600
2020-05-01 19:38:51,439 INFO - training.ea.ea_trainer - Iteration 1, Batch 21/600
2020-05-01 19:38:51,640 INFO - training.ea.ea_trainer - Iteration 1, Batch 22/600
2020-05-01 19:38:51,722 INFO - training.ea.ea_trainer - Iteration 1, Batch 23/600
2020-05-01 19:38:51,885 INFO - training.ea.ea_trainer - Iteration 1, Batch 24/600
2020-05-01 19:38:51,953 INFO - training.ea.ea_trainer - Iteration 1, Batch 25/600
2020-05-01 19:38:52,087 INFO - training.ea.ea_trainer - Iteration 1, Batch 26/600
2020-05-01 19:38:52,134 INFO - training.ea.ea_trainer - Iteration 1, Batch 27/600
2020-05-01 19:38:52,282 INFO - training.ea.ea_trainer - Iteration 1, Batch 28/600
2020-05-01 19:38:52,359 INFO - training.ea.ea_trainer - Iteration 1, Batch 29/600
2020-05-01 19:38:52,468 INFO - training.ea.ea_trainer - Iteration 1, Batch 30/600
2020-05-01 19:38:52,549 INFO - training.ea.ea_trainer - Iteration 1, Batch 31/600
2020-05-01 19:38:52,653 INFO - training.ea.ea_trainer - Iteration 1, Batch 32/600
2020-05-01 19:38:52,712 INFO - training.ea.ea_trainer - Iteration 1, Batch 33/600
2020-05-01 19:38:52,835 INFO - training.ea.ea_trainer - Iteration 1, Batch 34/600
2020-05-01 19:38:52,892 INFO - training.ea.ea_trainer - Iteration 1, Batch 35/600
2020-05-01 19:38:53,018 INFO - training.ea.ea_trainer - Iteration 1, Batch 36/600
2020-05-01 19:38:53,076 INFO - training.ea.ea_trainer - Iteration 1, Batch 37/600
2020-05-01 19:38:53,183 INFO - training.ea.ea_trainer - Iteration 1, Batch 38/600
2020-05-01 19:38:53,238 INFO - training.ea.ea_trainer - Iteration 1, Batch 39/600
2020-05-01 19:38:53,390 INFO - training.ea.ea_trainer - Iteration 1, Batch 40/600
2020-05-01 19:38:53,471 INFO - training.ea.ea_trainer - Iteration 1, Batch 41/600
2020-05-01 19:38:53,615 INFO - training.ea.ea_trainer - Iteration 1, Batch 42/600
2020-05-01 19:38:53,703 INFO - training.ea.ea_trainer - Iteration 1, Batch 43/600
2020-05-01 19:38:53,798 INFO - training.ea.ea_trainer - Iteration 1, Batch 44/600
2020-05-01 19:38:53,848 INFO - training.ea.ea_trainer - Iteration 1, Batch 45/600
2020-05-01 19:38:53,980 INFO - training.ea.ea_trainer - Iteration 1, Batch 46/600
2020-05-01 19:38:54,043 INFO - training.ea.ea_trainer - Iteration 1, Batch 47/600
2020-05-01 19:38:54,137 INFO - training.ea.ea_trainer - Iteration 1, Batch 48/600
2020-05-01 19:38:54,186 INFO - training.ea.ea_trainer - Iteration 1, Batch 49/600
2020-05-01 19:38:54,345 INFO - training.ea.ea_trainer - Iteration 1, Batch 50/600
2020-05-01 19:38:54,431 INFO - training.ea.ea_trainer - Iteration 1, Batch 51/600
2020-05-01 19:38:54,551 INFO - training.ea.ea_trainer - Iteration 1, Batch 52/600
2020-05-01 19:38:54,615 INFO - training.ea.ea_trainer - Iteration 1, Batch 53/600
2020-05-01 19:38:54,722 INFO - training.ea.ea_trainer - Iteration 1, Batch 54/600
2020-05-01 19:38:54,773 INFO - training.ea.ea_trainer - Iteration 1, Batch 55/600
2020-05-01 19:38:54,868 INFO - training.ea.ea_trainer - Iteration 1, Batch 56/600
2020-05-01 19:38:54,928 INFO - training.ea.ea_trainer - Iteration 1, Batch 57/600
2020-05-01 19:38:55,069 INFO - training.ea.ea_trainer - Iteration 1, Batch 58/600
2020-05-01 19:38:55,128 INFO - training.ea.ea_trainer - Iteration 1, Batch 59/600
2020-05-01 19:38:55,253 INFO - training.ea.ea_trainer - Iteration 1, Batch 60/600
2020-05-01 19:38:55,336 INFO - training.ea.ea_trainer - Iteration 1, Batch 61/600
2020-05-01 19:38:55,457 INFO - training.ea.ea_trainer - Iteration 1, Batch 62/600
2020-05-01 19:38:55,530 INFO - training.ea.ea_trainer - Iteration 1, Batch 63/600
2020-05-01 19:38:55,601 INFO - training.ea.ea_trainer - Iteration 1, Batch 64/600
2020-05-01 19:38:55,631 INFO - training.ea.ea_trainer - Iteration 1, Batch 65/600
2020-05-01 19:38:55,754 INFO - training.ea.ea_trainer - Iteration 1, Batch 66/600
2020-05-01 19:38:55,810 INFO - training.ea.ea_trainer - Iteration 1, Batch 67/600
2020-05-01 19:38:56,002 INFO - training.ea.ea_trainer - Iteration 1, Batch 68/600
2020-05-01 19:38:56,081 INFO - training.ea.ea_trainer - Iteration 1, Batch 69/600
2020-05-01 19:38:56,171 INFO - training.ea.ea_trainer - Iteration 1, Batch 70/600
2020-05-01 19:38:56,232 INFO - training.ea.ea_trainer - Iteration 1, Batch 71/600
2020-05-01 19:38:56,372 INFO - training.ea.ea_trainer - Iteration 1, Batch 72/600
2020-05-01 19:38:56,416 INFO - training.ea.ea_trainer - Iteration 1, Batch 73/600
2020-05-01 19:38:56,541 INFO - training.ea.ea_trainer - Iteration 1, Batch 74/600
2020-05-01 19:38:56,597 INFO - training.ea.ea_trainer - Iteration 1, Batch 75/600
2020-05-01 19:38:56,719 INFO - training.ea.ea_trainer - Iteration 1, Batch 76/600
2020-05-01 19:38:56,776 INFO - training.ea.ea_trainer - Iteration 1, Batch 77/600
2020-05-01 19:38:56,888 INFO - training.ea.ea_trainer - Iteration 1, Batch 78/600
2020-05-01 19:38:56,949 INFO - training.ea.ea_trainer - Iteration 1, Batch 79/600
2020-05-01 19:38:57,069 INFO - training.ea.ea_trainer - Iteration 1, Batch 80/600
2020-05-01 19:38:57,126 INFO - training.ea.ea_trainer - Iteration 1, Batch 81/600
2020-05-01 19:38:57,257 INFO - training.ea.ea_trainer - Iteration 1, Batch 82/600
2020-05-01 19:38:57,311 INFO - training.ea.ea_trainer - Iteration 1, Batch 83/600
2020-05-01 19:38:57,447 INFO - training.ea.ea_trainer - Iteration 1, Batch 84/600
2020-05-01 19:38:57,489 INFO - training.ea.ea_trainer - Iteration 1, Batch 85/600
2020-05-01 19:38:57,625 INFO - training.ea.ea_trainer - Iteration 1, Batch 86/600
2020-05-01 19:38:57,651 INFO - training.ea.ea_trainer - Iteration 1, Batch 87/600
2020-05-01 19:38:57,763 INFO - training.ea.ea_trainer - Iteration 1, Batch 88/600
2020-05-01 19:38:57,825 INFO - training.ea.ea_trainer - Iteration 1, Batch 89/600
2020-05-01 19:38:57,955 INFO - training.ea.ea_trainer - Iteration 1, Batch 90/600
2020-05-01 19:38:57,998 INFO - training.ea.ea_trainer - Iteration 1, Batch 91/600
2020-05-01 19:38:58,105 INFO - training.ea.ea_trainer - Iteration 1, Batch 92/600
2020-05-01 19:38:58,147 INFO - training.ea.ea_trainer - Iteration 1, Batch 93/600
2020-05-01 19:38:58,310 INFO - training.ea.ea_trainer - Iteration 1, Batch 94/600
2020-05-01 19:38:58,401 INFO - training.ea.ea_trainer - Iteration 1, Batch 95/600
2020-05-01 19:38:58,521 INFO - training.ea.ea_trainer - Iteration 1, Batch 96/600
2020-05-01 19:38:58,572 INFO - training.ea.ea_trainer - Iteration 1, Batch 97/600
2020-05-01 19:38:58,713 INFO - training.ea.ea_trainer - Iteration 1, Batch 98/600
2020-05-01 19:38:58,758 INFO - training.ea.ea_trainer - Iteration 1, Batch 99/600
2020-05-01 19:38:58,849 INFO - training.ea.ea_trainer - Iteration 1, Batch 100/600
2020-05-01 19:38:58,913 INFO - training.ea.ea_trainer - Iteration 1, Batch 101/600
2020-05-01 19:38:59,045 INFO - training.ea.ea_trainer - Iteration 1, Batch 102/600
2020-05-01 19:38:59,088 INFO - training.ea.ea_trainer - Iteration 1, Batch 103/600
2020-05-01 19:38:59,204 INFO - training.ea.ea_trainer - Iteration 1, Batch 104/600
2020-05-01 19:38:59,268 INFO - training.ea.ea_trainer - Iteration 1, Batch 105/600
2020-05-01 19:38:59,379 INFO - training.ea.ea_trainer - Iteration 1, Batch 106/600
2020-05-01 19:38:59,442 INFO - training.ea.ea_trainer - Iteration 1, Batch 107/600
2020-05-01 19:38:59,536 INFO - training.ea.ea_trainer - Iteration 1, Batch 108/600
2020-05-01 19:38:59,634 INFO - training.ea.ea_trainer - Iteration 1, Batch 109/600
2020-05-01 19:38:59,753 INFO - training.ea.ea_trainer - Iteration 1, Batch 110/600
2020-05-01 19:38:59,826 INFO - training.ea.ea_trainer - Iteration 1, Batch 111/600
2020-05-01 19:38:59,925 INFO - training.ea.ea_trainer - Iteration 1, Batch 112/600
2020-05-01 19:38:59,981 INFO - training.ea.ea_trainer - Iteration 1, Batch 113/600
2020-05-01 19:39:00,122 INFO - training.ea.ea_trainer - Iteration 1, Batch 114/600
2020-05-01 19:39:00,169 INFO - training.ea.ea_trainer - Iteration 1, Batch 115/600
2020-05-01 19:39:00,285 INFO - training.ea.ea_trainer - Iteration 1, Batch 116/600
2020-05-01 19:39:00,346 INFO - training.ea.ea_trainer - Iteration 1, Batch 117/600
2020-05-01 19:39:00,446 INFO - training.ea.ea_trainer - Iteration 1, Batch 118/600
2020-05-01 19:39:00,512 INFO - training.ea.ea_trainer - Iteration 1, Batch 119/600
2020-05-01 19:39:00,611 INFO - training.ea.ea_trainer - Iteration 1, Batch 120/600
2020-05-01 19:39:00,664 INFO - training.ea.ea_trainer - Iteration 1, Batch 121/600
2020-05-01 19:39:00,787 INFO - training.ea.ea_trainer - Iteration 1, Batch 122/600
2020-05-01 19:39:00,846 INFO - training.ea.ea_trainer - Iteration 1, Batch 123/600
2020-05-01 19:39:00,965 INFO - training.ea.ea_trainer - Iteration 1, Batch 124/600
2020-05-01 19:39:01,003 INFO - training.ea.ea_trainer - Iteration 1, Batch 125/600
2020-05-01 19:39:01,129 INFO - training.ea.ea_trainer - Iteration 1, Batch 126/600
2020-05-01 19:39:01,246 INFO - training.ea.ea_trainer - Iteration 1, Batch 127/600
2020-05-01 19:39:01,367 INFO - training.ea.ea_trainer - Iteration 1, Batch 128/600
2020-05-01 19:39:01,442 INFO - training.ea.ea_trainer - Iteration 1, Batch 129/600
2020-05-01 19:39:01,536 INFO - training.ea.ea_trainer - Iteration 1, Batch 130/600
2020-05-01 19:39:01,578 INFO - training.ea.ea_trainer - Iteration 1, Batch 131/600
2020-05-01 19:39:01,747 INFO - training.ea.ea_trainer - Iteration 1, Batch 132/600
2020-05-01 19:39:01,832 INFO - training.ea.ea_trainer - Iteration 1, Batch 133/600
2020-05-01 19:39:01,968 INFO - training.ea.ea_trainer - Iteration 1, Batch 134/600
2020-05-01 19:39:02,027 INFO - training.ea.ea_trainer - Iteration 1, Batch 135/600
2020-05-01 19:39:02,135 INFO - training.ea.ea_trainer - Iteration 1, Batch 136/600
2020-05-01 19:39:02,185 INFO - training.ea.ea_trainer - Iteration 1, Batch 137/600
2020-05-01 19:39:02,330 INFO - training.ea.ea_trainer - Iteration 1, Batch 138/600
2020-05-01 19:39:02,397 INFO - training.ea.ea_trainer - Iteration 1, Batch 139/600
2020-05-01 19:39:02,493 INFO - training.ea.ea_trainer - Iteration 1, Batch 140/600
2020-05-01 19:39:02,539 INFO - training.ea.ea_trainer - Iteration 1, Batch 141/600
2020-05-01 19:39:02,657 INFO - training.ea.ea_trainer - Iteration 1, Batch 142/600
2020-05-01 19:39:02,695 INFO - training.ea.ea_trainer - Iteration 1, Batch 143/600
2020-05-01 19:39:02,865 INFO - training.ea.ea_trainer - Iteration 1, Batch 144/600
2020-05-01 19:39:02,896 INFO - training.ea.ea_trainer - Iteration 1, Batch 145/600
2020-05-01 19:39:02,997 INFO - training.ea.ea_trainer - Iteration 1, Batch 146/600
2020-05-01 19:39:03,055 INFO - training.ea.ea_trainer - Iteration 1, Batch 147/600
2020-05-01 19:39:03,132 INFO - training.ea.ea_trainer - Iteration 1, Batch 148/600
2020-05-01 19:39:03,214 INFO - training.ea.ea_trainer - Iteration 1, Batch 149/600
2020-05-01 19:39:03,338 INFO - training.ea.ea_trainer - Iteration 1, Batch 150/600
2020-05-01 19:39:03,419 INFO - training.ea.ea_trainer - Iteration 1, Batch 151/600
2020-05-01 19:39:03,540 INFO - training.ea.ea_trainer - Iteration 1, Batch 152/600
2020-05-01 19:39:03,604 INFO - training.ea.ea_trainer - Iteration 1, Batch 153/600
2020-05-01 19:39:03,737 INFO - training.ea.ea_trainer - Iteration 1, Batch 154/600
2020-05-01 19:39:03,817 INFO - training.ea.ea_trainer - Iteration 1, Batch 155/600
2020-05-01 19:39:03,902 INFO - training.ea.ea_trainer - Iteration 1, Batch 156/600
2020-05-01 19:39:04,014 INFO - training.ea.ea_trainer - Iteration 1, Batch 157/600
2020-05-01 19:39:04,098 INFO - training.ea.ea_trainer - Iteration 1, Batch 158/600
2020-05-01 19:39:04,131 INFO - training.ea.ea_trainer - Iteration 1, Batch 159/600
2020-05-01 19:39:04,237 INFO - training.ea.ea_trainer - Iteration 1, Batch 160/600
2020-05-01 19:39:04,286 INFO - training.ea.ea_trainer - Iteration 1, Batch 161/600
2020-05-01 19:39:04,401 INFO - training.ea.ea_trainer - Iteration 1, Batch 162/600
2020-05-01 19:39:04,467 INFO - training.ea.ea_trainer - Iteration 1, Batch 163/600
2020-05-01 19:39:04,585 INFO - training.ea.ea_trainer - Iteration 1, Batch 164/600
2020-05-01 19:39:04,649 INFO - training.ea.ea_trainer - Iteration 1, Batch 165/600
2020-05-01 19:39:04,793 INFO - training.ea.ea_trainer - Iteration 1, Batch 166/600
2020-05-01 19:39:04,859 INFO - training.ea.ea_trainer - Iteration 1, Batch 167/600
2020-05-01 19:39:04,948 INFO - training.ea.ea_trainer - Iteration 1, Batch 168/600
2020-05-01 19:39:05,007 INFO - training.ea.ea_trainer - Iteration 1, Batch 169/600
2020-05-01 19:39:05,106 INFO - training.ea.ea_trainer - Iteration 1, Batch 170/600
2020-05-01 19:39:05,159 INFO - training.ea.ea_trainer - Iteration 1, Batch 171/600
2020-05-01 19:39:05,253 INFO - training.ea.ea_trainer - Iteration 1, Batch 172/600
2020-05-01 19:39:05,300 INFO - training.ea.ea_trainer - Iteration 1, Batch 173/600
2020-05-01 19:39:05,447 INFO - training.ea.ea_trainer - Iteration 1, Batch 174/600
2020-05-01 19:39:05,497 INFO - training.ea.ea_trainer - Iteration 1, Batch 175/600
2020-05-01 19:39:05,581 INFO - training.ea.ea_trainer - Iteration 1, Batch 176/600
2020-05-01 19:39:05,666 INFO - training.ea.ea_trainer - Iteration 1, Batch 177/600
2020-05-01 19:39:05,755 INFO - training.ea.ea_trainer - Iteration 1, Batch 178/600
2020-05-01 19:39:05,825 INFO - training.ea.ea_trainer - Iteration 1, Batch 179/600
2020-05-01 19:39:05,953 INFO - training.ea.ea_trainer - Iteration 1, Batch 180/600
2020-05-01 19:39:06,015 INFO - training.ea.ea_trainer - Iteration 1, Batch 181/600
2020-05-01 19:39:06,131 INFO - training.ea.ea_trainer - Iteration 1, Batch 182/600
2020-05-01 19:39:06,186 INFO - training.ea.ea_trainer - Iteration 1, Batch 183/600
2020-05-01 19:39:06,286 INFO - training.ea.ea_trainer - Iteration 1, Batch 184/600
2020-05-01 19:39:06,377 INFO - training.ea.ea_trainer - Iteration 1, Batch 185/600
2020-05-01 19:39:06,505 INFO - training.ea.ea_trainer - Iteration 1, Batch 186/600
2020-05-01 19:39:06,576 INFO - training.ea.ea_trainer - Iteration 1, Batch 187/600
2020-05-01 19:39:06,683 INFO - training.ea.ea_trainer - Iteration 1, Batch 188/600
2020-05-01 19:39:06,751 INFO - training.ea.ea_trainer - Iteration 1, Batch 189/600
2020-05-01 19:39:06,869 INFO - training.ea.ea_trainer - Iteration 1, Batch 190/600
2020-05-01 19:39:06,961 INFO - training.ea.ea_trainer - Iteration 1, Batch 191/600
2020-05-01 19:39:07,074 INFO - training.ea.ea_trainer - Iteration 1, Batch 192/600
2020-05-01 19:39:07,124 INFO - training.ea.ea_trainer - Iteration 1, Batch 193/600
2020-05-01 19:39:07,216 INFO - training.ea.ea_trainer - Iteration 1, Batch 194/600
2020-05-01 19:39:07,269 INFO - training.ea.ea_trainer - Iteration 1, Batch 195/600
2020-05-01 19:39:07,388 INFO - training.ea.ea_trainer - Iteration 1, Batch 196/600
2020-05-01 19:39:07,472 INFO - training.ea.ea_trainer - Iteration 1, Batch 197/600
2020-05-01 19:39:07,592 INFO - training.ea.ea_trainer - Iteration 1, Batch 198/600
2020-05-01 19:39:07,653 INFO - training.ea.ea_trainer - Iteration 1, Batch 199/600
2020-05-01 19:39:07,748 INFO - training.ea.ea_trainer - Iteration 1, Batch 200/600
2020-05-01 19:39:07,825 INFO - training.ea.ea_trainer - Iteration 1, Batch 201/600
2020-05-01 19:39:07,951 INFO - training.ea.ea_trainer - Iteration 1, Batch 202/600
2020-05-01 19:39:08,032 INFO - training.ea.ea_trainer - Iteration 1, Batch 203/600
2020-05-01 19:39:08,151 INFO - training.ea.ea_trainer - Iteration 1, Batch 204/600
2020-05-01 19:39:08,200 INFO - training.ea.ea_trainer - Iteration 1, Batch 205/600
2020-05-01 19:39:08,309 INFO - training.ea.ea_trainer - Iteration 1, Batch 206/600
2020-05-01 19:39:08,362 INFO - training.ea.ea_trainer - Iteration 1, Batch 207/600
2020-05-01 19:39:08,519 INFO - training.ea.ea_trainer - Iteration 1, Batch 208/600
2020-05-01 19:39:08,557 INFO - training.ea.ea_trainer - Iteration 1, Batch 209/600
2020-05-01 19:39:08,650 INFO - training.ea.ea_trainer - Iteration 1, Batch 210/600
2020-05-01 19:39:08,699 INFO - training.ea.ea_trainer - Iteration 1, Batch 211/600
2020-05-01 19:39:08,884 INFO - training.ea.ea_trainer - Iteration 1, Batch 212/600
2020-05-01 19:39:08,956 INFO - training.ea.ea_trainer - Iteration 1, Batch 213/600
2020-05-01 19:39:09,065 INFO - training.ea.ea_trainer - Iteration 1, Batch 214/600
2020-05-01 19:39:09,115 INFO - training.ea.ea_trainer - Iteration 1, Batch 215/600
2020-05-01 19:39:09,199 INFO - training.ea.ea_trainer - Iteration 1, Batch 216/600
2020-05-01 19:39:09,247 INFO - training.ea.ea_trainer - Iteration 1, Batch 217/600
2020-05-01 19:39:09,332 INFO - training.ea.ea_trainer - Iteration 1, Batch 218/600
2020-05-01 19:39:09,404 INFO - training.ea.ea_trainer - Iteration 1, Batch 219/600
2020-05-01 19:39:09,497 INFO - training.ea.ea_trainer - Iteration 1, Batch 220/600
2020-05-01 19:39:09,567 INFO - training.ea.ea_trainer - Iteration 1, Batch 221/600
2020-05-01 19:39:09,670 INFO - training.ea.ea_trainer - Iteration 1, Batch 222/600
2020-05-01 19:39:09,708 INFO - training.ea.ea_trainer - Iteration 1, Batch 223/600
2020-05-01 19:39:09,861 INFO - training.ea.ea_trainer - Iteration 1, Batch 224/600
2020-05-01 19:39:09,929 INFO - training.ea.ea_trainer - Iteration 1, Batch 225/600
2020-05-01 19:39:10,057 INFO - training.ea.ea_trainer - Iteration 1, Batch 226/600
2020-05-01 19:39:10,131 INFO - training.ea.ea_trainer - Iteration 1, Batch 227/600
2020-05-01 19:39:10,233 INFO - training.ea.ea_trainer - Iteration 1, Batch 228/600
2020-05-01 19:39:10,296 INFO - training.ea.ea_trainer - Iteration 1, Batch 229/600
2020-05-01 19:39:10,412 INFO - training.ea.ea_trainer - Iteration 1, Batch 230/600
2020-05-01 19:39:10,513 INFO - training.ea.ea_trainer - Iteration 1, Batch 231/600
2020-05-01 19:39:10,634 INFO - training.ea.ea_trainer - Iteration 1, Batch 232/600
2020-05-01 19:39:10,704 INFO - training.ea.ea_trainer - Iteration 1, Batch 233/600
2020-05-01 19:39:10,808 INFO - training.ea.ea_trainer - Iteration 1, Batch 234/600
2020-05-01 19:39:10,863 INFO - training.ea.ea_trainer - Iteration 1, Batch 235/600
2020-05-01 19:39:11,003 INFO - training.ea.ea_trainer - Iteration 1, Batch 236/600
2020-05-01 19:39:11,063 INFO - training.ea.ea_trainer - Iteration 1, Batch 237/600
2020-05-01 19:39:11,201 INFO - training.ea.ea_trainer - Iteration 1, Batch 238/600
2020-05-01 19:39:11,260 INFO - training.ea.ea_trainer - Iteration 1, Batch 239/600
2020-05-01 19:39:11,364 INFO - training.ea.ea_trainer - Iteration 1, Batch 240/600
2020-05-01 19:39:11,420 INFO - training.ea.ea_trainer - Iteration 1, Batch 241/600
2020-05-01 19:39:11,533 INFO - training.ea.ea_trainer - Iteration 1, Batch 242/600
2020-05-01 19:39:11,628 INFO - training.ea.ea_trainer - Iteration 1, Batch 243/600
2020-05-01 19:39:11,763 INFO - training.ea.ea_trainer - Iteration 1, Batch 244/600
2020-05-01 19:39:11,814 INFO - training.ea.ea_trainer - Iteration 1, Batch 245/600
2020-05-01 19:39:11,924 INFO - training.ea.ea_trainer - Iteration 1, Batch 246/600
2020-05-01 19:39:11,981 INFO - training.ea.ea_trainer - Iteration 1, Batch 247/600
2020-05-01 19:39:12,083 INFO - training.ea.ea_trainer - Iteration 1, Batch 248/600
2020-05-01 19:39:12,150 INFO - training.ea.ea_trainer - Iteration 1, Batch 249/600
2020-05-01 19:39:12,259 INFO - training.ea.ea_trainer - Iteration 1, Batch 250/600
2020-05-01 19:39:12,361 INFO - training.ea.ea_trainer - Iteration 1, Batch 251/600
2020-05-01 19:39:12,449 INFO - training.ea.ea_trainer - Iteration 1, Batch 252/600
2020-05-01 19:39:12,496 INFO - training.ea.ea_trainer - Iteration 1, Batch 253/600
2020-05-01 19:39:12,642 INFO - training.ea.ea_trainer - Iteration 1, Batch 254/600
2020-05-01 19:39:12,700 INFO - training.ea.ea_trainer - Iteration 1, Batch 255/600
2020-05-01 19:39:12,818 INFO - training.ea.ea_trainer - Iteration 1, Batch 256/600
2020-05-01 19:39:12,894 INFO - training.ea.ea_trainer - Iteration 1, Batch 257/600
2020-05-01 19:39:13,021 INFO - training.ea.ea_trainer - Iteration 1, Batch 258/600
2020-05-01 19:39:13,116 INFO - training.ea.ea_trainer - Iteration 1, Batch 259/600
2020-05-01 19:39:13,224 INFO - training.ea.ea_trainer - Iteration 1, Batch 260/600
2020-05-01 19:39:13,264 INFO - training.ea.ea_trainer - Iteration 1, Batch 261/600
2020-05-01 19:39:13,371 INFO - training.ea.ea_trainer - Iteration 1, Batch 262/600
2020-05-01 19:39:13,451 INFO - training.ea.ea_trainer - Iteration 1, Batch 263/600
2020-05-01 19:39:13,584 INFO - training.ea.ea_trainer - Iteration 1, Batch 264/600
2020-05-01 19:39:13,665 INFO - training.ea.ea_trainer - Iteration 1, Batch 265/600
2020-05-01 19:39:13,804 INFO - training.ea.ea_trainer - Iteration 1, Batch 266/600
2020-05-01 19:39:13,866 INFO - training.ea.ea_trainer - Iteration 1, Batch 267/600
2020-05-01 19:39:13,983 INFO - training.ea.ea_trainer - Iteration 1, Batch 268/600
2020-05-01 19:39:14,058 INFO - training.ea.ea_trainer - Iteration 1, Batch 269/600
2020-05-01 19:39:14,195 INFO - training.ea.ea_trainer - Iteration 1, Batch 270/600
2020-05-01 19:39:14,279 INFO - training.ea.ea_trainer - Iteration 1, Batch 271/600
2020-05-01 19:39:14,389 INFO - training.ea.ea_trainer - Iteration 1, Batch 272/600
2020-05-01 19:39:14,425 INFO - training.ea.ea_trainer - Iteration 1, Batch 273/600
2020-05-01 19:39:14,590 INFO - training.ea.ea_trainer - Iteration 1, Batch 274/600
2020-05-01 19:39:14,642 INFO - training.ea.ea_trainer - Iteration 1, Batch 275/600
2020-05-01 19:39:14,761 INFO - training.ea.ea_trainer - Iteration 1, Batch 276/600
2020-05-01 19:39:14,874 INFO - training.ea.ea_trainer - Iteration 1, Batch 277/600
2020-05-01 19:39:14,963 INFO - training.ea.ea_trainer - Iteration 1, Batch 278/600
2020-05-01 19:39:15,024 INFO - training.ea.ea_trainer - Iteration 1, Batch 279/600
2020-05-01 19:39:15,170 INFO - training.ea.ea_trainer - Iteration 1, Batch 280/600
2020-05-01 19:39:15,236 INFO - training.ea.ea_trainer - Iteration 1, Batch 281/600
2020-05-01 19:39:15,347 INFO - training.ea.ea_trainer - Iteration 1, Batch 282/600
2020-05-01 19:39:15,418 INFO - training.ea.ea_trainer - Iteration 1, Batch 283/600
2020-05-01 19:39:15,515 INFO - training.ea.ea_trainer - Iteration 1, Batch 284/600
2020-05-01 19:39:15,593 INFO - training.ea.ea_trainer - Iteration 1, Batch 285/600
2020-05-01 19:39:15,699 INFO - training.ea.ea_trainer - Iteration 1, Batch 286/600
2020-05-01 19:39:15,778 INFO - training.ea.ea_trainer - Iteration 1, Batch 287/600
2020-05-01 19:39:15,909 INFO - training.ea.ea_trainer - Iteration 1, Batch 288/600
2020-05-01 19:39:15,956 INFO - training.ea.ea_trainer - Iteration 1, Batch 289/600
2020-05-01 19:39:16,030 INFO - training.ea.ea_trainer - Iteration 1, Batch 290/600
2020-05-01 19:39:16,083 INFO - training.ea.ea_trainer - Iteration 1, Batch 291/600
2020-05-01 19:39:16,202 INFO - training.ea.ea_trainer - Iteration 1, Batch 292/600
2020-05-01 19:39:16,251 INFO - training.ea.ea_trainer - Iteration 1, Batch 293/600
2020-05-01 19:39:16,387 INFO - training.ea.ea_trainer - Iteration 1, Batch 294/600
2020-05-01 19:39:16,453 INFO - training.ea.ea_trainer - Iteration 1, Batch 295/600
2020-05-01 19:39:16,569 INFO - training.ea.ea_trainer - Iteration 1, Batch 296/600
2020-05-01 19:39:16,612 INFO - training.ea.ea_trainer - Iteration 1, Batch 297/600
2020-05-01 19:39:16,743 INFO - training.ea.ea_trainer - Iteration 1, Batch 298/600
2020-05-01 19:39:16,820 INFO - training.ea.ea_trainer - Iteration 1, Batch 299/600
2020-05-01 19:39:16,938 INFO - training.ea.ea_trainer - Iteration 1, Batch 300/600
2020-05-01 19:39:17,018 INFO - training.ea.ea_trainer - Iteration 1, Batch 301/600
2020-05-01 19:39:17,124 INFO - training.ea.ea_trainer - Iteration 1, Batch 302/600
2020-05-01 19:39:17,183 INFO - training.ea.ea_trainer - Iteration 1, Batch 303/600
2020-05-01 19:39:17,318 INFO - training.ea.ea_trainer - Iteration 1, Batch 304/600
2020-05-01 19:39:17,413 INFO - training.ea.ea_trainer - Iteration 1, Batch 305/600
2020-05-01 19:39:17,538 INFO - training.ea.ea_trainer - Iteration 1, Batch 306/600
2020-05-01 19:39:17,610 INFO - training.ea.ea_trainer - Iteration 1, Batch 307/600
2020-05-01 19:39:17,705 INFO - training.ea.ea_trainer - Iteration 1, Batch 308/600
2020-05-01 19:39:17,756 INFO - training.ea.ea_trainer - Iteration 1, Batch 309/600
2020-05-01 19:39:17,826 INFO - training.ea.ea_trainer - Iteration 1, Batch 310/600
2020-05-01 19:39:17,875 INFO - training.ea.ea_trainer - Iteration 1, Batch 311/600
2020-05-01 19:39:17,998 INFO - training.ea.ea_trainer - Iteration 1, Batch 312/600
2020-05-01 19:39:18,038 INFO - training.ea.ea_trainer - Iteration 1, Batch 313/600
2020-05-01 19:39:18,160 INFO - training.ea.ea_trainer - Iteration 1, Batch 314/600
2020-05-01 19:39:18,222 INFO - training.ea.ea_trainer - Iteration 1, Batch 315/600
2020-05-01 19:39:18,326 INFO - training.ea.ea_trainer - Iteration 1, Batch 316/600
2020-05-01 19:39:18,385 INFO - training.ea.ea_trainer - Iteration 1, Batch 317/600
2020-05-01 19:39:18,502 INFO - training.ea.ea_trainer - Iteration 1, Batch 318/600
2020-05-01 19:39:18,584 INFO - training.ea.ea_trainer - Iteration 1, Batch 319/600
2020-05-01 19:39:18,701 INFO - training.ea.ea_trainer - Iteration 1, Batch 320/600
2020-05-01 19:39:18,796 INFO - training.ea.ea_trainer - Iteration 1, Batch 321/600
2020-05-01 19:39:18,927 INFO - training.ea.ea_trainer - Iteration 1, Batch 322/600
2020-05-01 19:39:19,006 INFO - training.ea.ea_trainer - Iteration 1, Batch 323/600
2020-05-01 19:39:19,163 INFO - training.ea.ea_trainer - Iteration 1, Batch 324/600
2020-05-01 19:39:19,232 INFO - training.ea.ea_trainer - Iteration 1, Batch 325/600
2020-05-01 19:39:19,352 INFO - training.ea.ea_trainer - Iteration 1, Batch 326/600
2020-05-01 19:39:19,399 INFO - training.ea.ea_trainer - Iteration 1, Batch 327/600
2020-05-01 19:39:19,523 INFO - training.ea.ea_trainer - Iteration 1, Batch 328/600
2020-05-01 19:39:19,575 INFO - training.ea.ea_trainer - Iteration 1, Batch 329/600
2020-05-01 19:39:19,715 INFO - training.ea.ea_trainer - Iteration 1, Batch 330/600
2020-05-01 19:39:19,777 INFO - training.ea.ea_trainer - Iteration 1, Batch 331/600
2020-05-01 19:39:19,921 INFO - training.ea.ea_trainer - Iteration 1, Batch 332/600
2020-05-01 19:39:20,000 INFO - training.ea.ea_trainer - Iteration 1, Batch 333/600
2020-05-01 19:39:20,076 INFO - training.ea.ea_trainer - Iteration 1, Batch 334/600
2020-05-01 19:39:20,146 INFO - training.ea.ea_trainer - Iteration 1, Batch 335/600
2020-05-01 19:39:20,284 INFO - training.ea.ea_trainer - Iteration 1, Batch 336/600
2020-05-01 19:39:20,347 INFO - training.ea.ea_trainer - Iteration 1, Batch 337/600
2020-05-01 19:39:20,469 INFO - training.ea.ea_trainer - Iteration 1, Batch 338/600
2020-05-01 19:39:20,523 INFO - training.ea.ea_trainer - Iteration 1, Batch 339/600
2020-05-01 19:39:20,621 INFO - training.ea.ea_trainer - Iteration 1, Batch 340/600
2020-05-01 19:39:20,690 INFO - training.ea.ea_trainer - Iteration 1, Batch 341/600
2020-05-01 19:39:20,794 INFO - training.ea.ea_trainer - Iteration 1, Batch 342/600
2020-05-01 19:39:20,833 INFO - training.ea.ea_trainer - Iteration 1, Batch 343/600
2020-05-01 19:39:20,963 INFO - training.ea.ea_trainer - Iteration 1, Batch 344/600
2020-05-01 19:39:21,048 INFO - training.ea.ea_trainer - Iteration 1, Batch 345/600
2020-05-01 19:39:21,221 INFO - training.ea.ea_trainer - Iteration 1, Batch 346/600
2020-05-01 19:39:21,280 INFO - training.ea.ea_trainer - Iteration 1, Batch 347/600
2020-05-01 19:39:21,385 INFO - training.ea.ea_trainer - Iteration 1, Batch 348/600
2020-05-01 19:39:21,427 INFO - training.ea.ea_trainer - Iteration 1, Batch 349/600
2020-05-01 19:39:21,492 INFO - training.ea.ea_trainer - Iteration 1, Batch 350/600
2020-05-01 19:39:21,558 INFO - training.ea.ea_trainer - Iteration 1, Batch 351/600
2020-05-01 19:39:21,687 INFO - training.ea.ea_trainer - Iteration 1, Batch 352/600
2020-05-01 19:39:21,786 INFO - training.ea.ea_trainer - Iteration 1, Batch 353/600
2020-05-01 19:39:21,884 INFO - training.ea.ea_trainer - Iteration 1, Batch 354/600
2020-05-01 19:39:21,936 INFO - training.ea.ea_trainer - Iteration 1, Batch 355/600
2020-05-01 19:39:22,092 INFO - training.ea.ea_trainer - Iteration 1, Batch 356/600
2020-05-01 19:39:22,160 INFO - training.ea.ea_trainer - Iteration 1, Batch 357/600
2020-05-01 19:39:22,306 INFO - training.ea.ea_trainer - Iteration 1, Batch 358/600
2020-05-01 19:39:22,397 INFO - training.ea.ea_trainer - Iteration 1, Batch 359/600
2020-05-01 19:39:22,551 INFO - training.ea.ea_trainer - Iteration 1, Batch 360/600
2020-05-01 19:39:22,627 INFO - training.ea.ea_trainer - Iteration 1, Batch 361/600
2020-05-01 19:39:22,758 INFO - training.ea.ea_trainer - Iteration 1, Batch 362/600
2020-05-01 19:39:22,801 INFO - training.ea.ea_trainer - Iteration 1, Batch 363/600
2020-05-01 19:39:22,980 INFO - training.ea.ea_trainer - Iteration 1, Batch 364/600
2020-05-01 19:39:23,038 INFO - training.ea.ea_trainer - Iteration 1, Batch 365/600
2020-05-01 19:39:23,145 INFO - training.ea.ea_trainer - Iteration 1, Batch 366/600
2020-05-01 19:39:23,222 INFO - training.ea.ea_trainer - Iteration 1, Batch 367/600
2020-05-01 19:39:23,344 INFO - training.ea.ea_trainer - Iteration 1, Batch 368/600
2020-05-01 19:39:23,397 INFO - training.ea.ea_trainer - Iteration 1, Batch 369/600
2020-05-01 19:39:23,507 INFO - training.ea.ea_trainer - Iteration 1, Batch 370/600
2020-05-01 19:39:23,582 INFO - training.ea.ea_trainer - Iteration 1, Batch 371/600
2020-05-01 19:39:23,747 INFO - training.ea.ea_trainer - Iteration 1, Batch 372/600
2020-05-01 19:39:23,825 INFO - training.ea.ea_trainer - Iteration 1, Batch 373/600
2020-05-01 19:39:23,962 INFO - training.ea.ea_trainer - Iteration 1, Batch 374/600
2020-05-01 19:39:24,031 INFO - training.ea.ea_trainer - Iteration 1, Batch 375/600
2020-05-01 19:39:24,199 INFO - training.ea.ea_trainer - Iteration 1, Batch 376/600
2020-05-01 19:39:24,270 INFO - training.ea.ea_trainer - Iteration 1, Batch 377/600
2020-05-01 19:39:24,423 INFO - training.ea.ea_trainer - Iteration 1, Batch 378/600
2020-05-01 19:39:24,477 INFO - training.ea.ea_trainer - Iteration 1, Batch 379/600
2020-05-01 19:39:24,595 INFO - training.ea.ea_trainer - Iteration 1, Batch 380/600
2020-05-01 19:39:24,641 INFO - training.ea.ea_trainer - Iteration 1, Batch 381/600
2020-05-01 19:39:24,799 INFO - training.ea.ea_trainer - Iteration 1, Batch 382/600
2020-05-01 19:39:24,851 INFO - training.ea.ea_trainer - Iteration 1, Batch 383/600
2020-05-01 19:39:25,029 INFO - training.ea.ea_trainer - Iteration 1, Batch 384/600
2020-05-01 19:39:25,079 INFO - training.ea.ea_trainer - Iteration 1, Batch 385/600
2020-05-01 19:39:25,197 INFO - training.ea.ea_trainer - Iteration 1, Batch 386/600
2020-05-01 19:39:25,252 INFO - training.ea.ea_trainer - Iteration 1, Batch 387/600
2020-05-01 19:39:25,404 INFO - training.ea.ea_trainer - Iteration 1, Batch 388/600
2020-05-01 19:39:25,466 INFO - training.ea.ea_trainer - Iteration 1, Batch 389/600
2020-05-01 19:39:25,574 INFO - training.ea.ea_trainer - Iteration 1, Batch 390/600
2020-05-01 19:39:25,635 INFO - training.ea.ea_trainer - Iteration 1, Batch 391/600
2020-05-01 19:39:25,770 INFO - training.ea.ea_trainer - Iteration 1, Batch 392/600
2020-05-01 19:39:25,844 INFO - training.ea.ea_trainer - Iteration 1, Batch 393/600
2020-05-01 19:39:25,961 INFO - training.ea.ea_trainer - Iteration 1, Batch 394/600
2020-05-01 19:39:26,047 INFO - training.ea.ea_trainer - Iteration 1, Batch 395/600
2020-05-01 19:39:26,161 INFO - training.ea.ea_trainer - Iteration 1, Batch 396/600
2020-05-01 19:39:26,215 INFO - training.ea.ea_trainer - Iteration 1, Batch 397/600
2020-05-01 19:39:26,377 INFO - training.ea.ea_trainer - Iteration 1, Batch 398/600
2020-05-01 19:39:26,443 INFO - training.ea.ea_trainer - Iteration 1, Batch 399/600
2020-05-01 19:39:26,542 INFO - training.ea.ea_trainer - Iteration 1, Batch 400/600
2020-05-01 19:39:26,609 INFO - training.ea.ea_trainer - Iteration 1, Batch 401/600
2020-05-01 19:39:26,714 INFO - training.ea.ea_trainer - Iteration 1, Batch 402/600
2020-05-01 19:39:26,776 INFO - training.ea.ea_trainer - Iteration 1, Batch 403/600
2020-05-01 19:39:26,889 INFO - training.ea.ea_trainer - Iteration 1, Batch 404/600
2020-05-01 19:39:26,955 INFO - training.ea.ea_trainer - Iteration 1, Batch 405/600
2020-05-01 19:39:27,093 INFO - training.ea.ea_trainer - Iteration 1, Batch 406/600
2020-05-01 19:39:27,155 INFO - training.ea.ea_trainer - Iteration 1, Batch 407/600
2020-05-01 19:39:27,251 INFO - training.ea.ea_trainer - Iteration 1, Batch 408/600
2020-05-01 19:39:27,332 INFO - training.ea.ea_trainer - Iteration 1, Batch 409/600
2020-05-01 19:39:27,474 INFO - training.ea.ea_trainer - Iteration 1, Batch 410/600
2020-05-01 19:39:27,519 INFO - training.ea.ea_trainer - Iteration 1, Batch 411/600
2020-05-01 19:39:27,656 INFO - training.ea.ea_trainer - Iteration 1, Batch 412/600
2020-05-01 19:39:27,701 INFO - training.ea.ea_trainer - Iteration 1, Batch 413/600
2020-05-01 19:39:27,821 INFO - training.ea.ea_trainer - Iteration 1, Batch 414/600
2020-05-01 19:39:27,867 INFO - training.ea.ea_trainer - Iteration 1, Batch 415/600
2020-05-01 19:39:27,956 INFO - training.ea.ea_trainer - Iteration 1, Batch 416/600
2020-05-01 19:39:28,028 INFO - training.ea.ea_trainer - Iteration 1, Batch 417/600
2020-05-01 19:39:28,147 INFO - training.ea.ea_trainer - Iteration 1, Batch 418/600
2020-05-01 19:39:28,207 INFO - training.ea.ea_trainer - Iteration 1, Batch 419/600
2020-05-01 19:39:28,306 INFO - training.ea.ea_trainer - Iteration 1, Batch 420/600
2020-05-01 19:39:28,363 INFO - training.ea.ea_trainer - Iteration 1, Batch 421/600
2020-05-01 19:39:28,467 INFO - training.ea.ea_trainer - Iteration 1, Batch 422/600
2020-05-01 19:39:28,515 INFO - training.ea.ea_trainer - Iteration 1, Batch 423/600
2020-05-01 19:39:28,629 INFO - training.ea.ea_trainer - Iteration 1, Batch 424/600
2020-05-01 19:39:28,700 INFO - training.ea.ea_trainer - Iteration 1, Batch 425/600
2020-05-01 19:39:28,843 INFO - training.ea.ea_trainer - Iteration 1, Batch 426/600
2020-05-01 19:39:28,903 INFO - training.ea.ea_trainer - Iteration 1, Batch 427/600
2020-05-01 19:39:29,060 INFO - training.ea.ea_trainer - Iteration 1, Batch 428/600
2020-05-01 19:39:29,143 INFO - training.ea.ea_trainer - Iteration 1, Batch 429/600
2020-05-01 19:39:29,249 INFO - training.ea.ea_trainer - Iteration 1, Batch 430/600
2020-05-01 19:39:29,338 INFO - training.ea.ea_trainer - Iteration 1, Batch 431/600
2020-05-01 19:39:29,481 INFO - training.ea.ea_trainer - Iteration 1, Batch 432/600
2020-05-01 19:39:29,558 INFO - training.ea.ea_trainer - Iteration 1, Batch 433/600
2020-05-01 19:39:29,654 INFO - training.ea.ea_trainer - Iteration 1, Batch 434/600
2020-05-01 19:39:29,717 INFO - training.ea.ea_trainer - Iteration 1, Batch 435/600
2020-05-01 19:39:29,870 INFO - training.ea.ea_trainer - Iteration 1, Batch 436/600
2020-05-01 19:39:29,927 INFO - training.ea.ea_trainer - Iteration 1, Batch 437/600
2020-05-01 19:39:30,053 INFO - training.ea.ea_trainer - Iteration 1, Batch 438/600
2020-05-01 19:39:30,109 INFO - training.ea.ea_trainer - Iteration 1, Batch 439/600
2020-05-01 19:39:30,202 INFO - training.ea.ea_trainer - Iteration 1, Batch 440/600
2020-05-01 19:39:30,261 INFO - training.ea.ea_trainer - Iteration 1, Batch 441/600
2020-05-01 19:39:30,408 INFO - training.ea.ea_trainer - Iteration 1, Batch 442/600
2020-05-01 19:39:30,482 INFO - training.ea.ea_trainer - Iteration 1, Batch 443/600
2020-05-01 19:39:30,623 INFO - training.ea.ea_trainer - Iteration 1, Batch 444/600
2020-05-01 19:39:30,711 INFO - training.ea.ea_trainer - Iteration 1, Batch 445/600
2020-05-01 19:39:30,789 INFO - training.ea.ea_trainer - Iteration 1, Batch 446/600
2020-05-01 19:39:30,896 INFO - training.ea.ea_trainer - Iteration 1, Batch 447/600
2020-05-01 19:39:30,983 INFO - training.ea.ea_trainer - Iteration 1, Batch 448/600
2020-05-01 19:39:31,011 INFO - training.ea.ea_trainer - Iteration 1, Batch 449/600
2020-05-01 19:39:31,137 INFO - training.ea.ea_trainer - Iteration 1, Batch 450/600
2020-05-01 19:39:31,192 INFO - training.ea.ea_trainer - Iteration 1, Batch 451/600
2020-05-01 19:39:31,310 INFO - training.ea.ea_trainer - Iteration 1, Batch 452/600
2020-05-01 19:39:31,358 INFO - training.ea.ea_trainer - Iteration 1, Batch 453/600
2020-05-01 19:39:31,454 INFO - training.ea.ea_trainer - Iteration 1, Batch 454/600
2020-05-01 19:39:31,510 INFO - training.ea.ea_trainer - Iteration 1, Batch 455/600
2020-05-01 19:39:31,651 INFO - training.ea.ea_trainer - Iteration 1, Batch 456/600
2020-05-01 19:39:31,752 INFO - training.ea.ea_trainer - Iteration 1, Batch 457/600
2020-05-01 19:39:31,844 INFO - training.ea.ea_trainer - Iteration 1, Batch 458/600
2020-05-01 19:39:31,928 INFO - training.ea.ea_trainer - Iteration 1, Batch 459/600
2020-05-01 19:39:32,019 INFO - training.ea.ea_trainer - Iteration 1, Batch 460/600
2020-05-01 19:39:32,071 INFO - training.ea.ea_trainer - Iteration 1, Batch 461/600
2020-05-01 19:39:32,181 INFO - training.ea.ea_trainer - Iteration 1, Batch 462/600
2020-05-01 19:39:32,238 INFO - training.ea.ea_trainer - Iteration 1, Batch 463/600
2020-05-01 19:39:32,394 INFO - training.ea.ea_trainer - Iteration 1, Batch 464/600
2020-05-01 19:39:32,458 INFO - training.ea.ea_trainer - Iteration 1, Batch 465/600
2020-05-01 19:39:32,604 INFO - training.ea.ea_trainer - Iteration 1, Batch 466/600
2020-05-01 19:39:32,661 INFO - training.ea.ea_trainer - Iteration 1, Batch 467/600
2020-05-01 19:39:32,788 INFO - training.ea.ea_trainer - Iteration 1, Batch 468/600
2020-05-01 19:39:32,848 INFO - training.ea.ea_trainer - Iteration 1, Batch 469/600
2020-05-01 19:39:32,941 INFO - training.ea.ea_trainer - Iteration 1, Batch 470/600
2020-05-01 19:39:33,013 INFO - training.ea.ea_trainer - Iteration 1, Batch 471/600
2020-05-01 19:39:33,091 INFO - training.ea.ea_trainer - Iteration 1, Batch 472/600
2020-05-01 19:39:33,183 INFO - training.ea.ea_trainer - Iteration 1, Batch 473/600
2020-05-01 19:39:33,301 INFO - training.ea.ea_trainer - Iteration 1, Batch 474/600
2020-05-01 19:39:33,362 INFO - training.ea.ea_trainer - Iteration 1, Batch 475/600
2020-05-01 19:39:33,454 INFO - training.ea.ea_trainer - Iteration 1, Batch 476/600
2020-05-01 19:39:33,500 INFO - training.ea.ea_trainer - Iteration 1, Batch 477/600
2020-05-01 19:39:33,610 INFO - training.ea.ea_trainer - Iteration 1, Batch 478/600
2020-05-01 19:39:33,652 INFO - training.ea.ea_trainer - Iteration 1, Batch 479/600
2020-05-01 19:39:33,772 INFO - training.ea.ea_trainer - Iteration 1, Batch 480/600
2020-05-01 19:39:33,835 INFO - training.ea.ea_trainer - Iteration 1, Batch 481/600
2020-05-01 19:39:33,938 INFO - training.ea.ea_trainer - Iteration 1, Batch 482/600
2020-05-01 19:39:33,991 INFO - training.ea.ea_trainer - Iteration 1, Batch 483/600
2020-05-01 19:39:34,084 INFO - training.ea.ea_trainer - Iteration 1, Batch 484/600
2020-05-01 19:39:34,143 INFO - training.ea.ea_trainer - Iteration 1, Batch 485/600
2020-05-01 19:39:34,244 INFO - training.ea.ea_trainer - Iteration 1, Batch 486/600
2020-05-01 19:39:34,291 INFO - training.ea.ea_trainer - Iteration 1, Batch 487/600
2020-05-01 19:39:34,439 INFO - training.ea.ea_trainer - Iteration 1, Batch 488/600
2020-05-01 19:39:34,499 INFO - training.ea.ea_trainer - Iteration 1, Batch 489/600
2020-05-01 19:39:34,613 INFO - training.ea.ea_trainer - Iteration 1, Batch 490/600
2020-05-01 19:39:34,652 INFO - training.ea.ea_trainer - Iteration 1, Batch 491/600
2020-05-01 19:39:34,761 INFO - training.ea.ea_trainer - Iteration 1, Batch 492/600
2020-05-01 19:39:34,804 INFO - training.ea.ea_trainer - Iteration 1, Batch 493/600
2020-05-01 19:39:34,925 INFO - training.ea.ea_trainer - Iteration 1, Batch 494/600
2020-05-01 19:39:34,987 INFO - training.ea.ea_trainer - Iteration 1, Batch 495/600
2020-05-01 19:39:35,086 INFO - training.ea.ea_trainer - Iteration 1, Batch 496/600
2020-05-01 19:39:35,190 INFO - training.ea.ea_trainer - Iteration 1, Batch 497/600
2020-05-01 19:39:35,295 INFO - training.ea.ea_trainer - Iteration 1, Batch 498/600
2020-05-01 19:39:35,336 INFO - training.ea.ea_trainer - Iteration 1, Batch 499/600
2020-05-01 19:39:35,465 INFO - training.ea.ea_trainer - Iteration 1, Batch 500/600
2020-05-01 19:39:35,527 INFO - training.ea.ea_trainer - Iteration 1, Batch 501/600
2020-05-01 19:39:35,654 INFO - training.ea.ea_trainer - Iteration 1, Batch 502/600
2020-05-01 19:39:35,716 INFO - training.ea.ea_trainer - Iteration 1, Batch 503/600
2020-05-01 19:39:35,851 INFO - training.ea.ea_trainer - Iteration 1, Batch 504/600
2020-05-01 19:39:35,911 INFO - training.ea.ea_trainer - Iteration 1, Batch 505/600
2020-05-01 19:39:36,054 INFO - training.ea.ea_trainer - Iteration 1, Batch 506/600
2020-05-01 19:39:36,136 INFO - training.ea.ea_trainer - Iteration 1, Batch 507/600
2020-05-01 19:39:36,314 INFO - training.ea.ea_trainer - Iteration 1, Batch 508/600
2020-05-01 19:39:36,367 INFO - training.ea.ea_trainer - Iteration 1, Batch 509/600
2020-05-01 19:39:36,467 INFO - training.ea.ea_trainer - Iteration 1, Batch 510/600
2020-05-01 19:39:36,540 INFO - training.ea.ea_trainer - Iteration 1, Batch 511/600
2020-05-01 19:39:36,671 INFO - training.ea.ea_trainer - Iteration 1, Batch 512/600
2020-05-01 19:39:36,718 INFO - training.ea.ea_trainer - Iteration 1, Batch 513/600
2020-05-01 19:39:36,820 INFO - training.ea.ea_trainer - Iteration 1, Batch 514/600
2020-05-01 19:39:36,861 INFO - training.ea.ea_trainer - Iteration 1, Batch 515/600
2020-05-01 19:39:37,013 INFO - training.ea.ea_trainer - Iteration 1, Batch 516/600
2020-05-01 19:39:37,059 INFO - training.ea.ea_trainer - Iteration 1, Batch 517/600
2020-05-01 19:39:37,162 INFO - training.ea.ea_trainer - Iteration 1, Batch 518/600
2020-05-01 19:39:37,205 INFO - training.ea.ea_trainer - Iteration 1, Batch 519/600
2020-05-01 19:39:37,285 INFO - training.ea.ea_trainer - Iteration 1, Batch 520/600
2020-05-01 19:39:37,355 INFO - training.ea.ea_trainer - Iteration 1, Batch 521/600
2020-05-01 19:39:37,522 INFO - training.ea.ea_trainer - Iteration 1, Batch 522/600
2020-05-01 19:39:37,567 INFO - training.ea.ea_trainer - Iteration 1, Batch 523/600
2020-05-01 19:39:37,702 INFO - training.ea.ea_trainer - Iteration 1, Batch 524/600
2020-05-01 19:39:37,761 INFO - training.ea.ea_trainer - Iteration 1, Batch 525/600
2020-05-01 19:39:37,885 INFO - training.ea.ea_trainer - Iteration 1, Batch 526/600
2020-05-01 19:39:37,934 INFO - training.ea.ea_trainer - Iteration 1, Batch 527/600
2020-05-01 19:39:38,082 INFO - training.ea.ea_trainer - Iteration 1, Batch 528/600
2020-05-01 19:39:38,106 INFO - training.ea.ea_trainer - Iteration 1, Batch 529/600
2020-05-01 19:39:38,235 INFO - training.ea.ea_trainer - Iteration 1, Batch 530/600
2020-05-01 19:39:38,289 INFO - training.ea.ea_trainer - Iteration 1, Batch 531/600
2020-05-01 19:39:38,388 INFO - training.ea.ea_trainer - Iteration 1, Batch 532/600
2020-05-01 19:39:38,475 INFO - training.ea.ea_trainer - Iteration 1, Batch 533/600
2020-05-01 19:39:38,638 INFO - training.ea.ea_trainer - Iteration 1, Batch 534/600
2020-05-01 19:39:38,679 INFO - training.ea.ea_trainer - Iteration 1, Batch 535/600
2020-05-01 19:39:38,789 INFO - training.ea.ea_trainer - Iteration 1, Batch 536/600
2020-05-01 19:39:38,846 INFO - training.ea.ea_trainer - Iteration 1, Batch 537/600
2020-05-01 19:39:38,956 INFO - training.ea.ea_trainer - Iteration 1, Batch 538/600
2020-05-01 19:39:39,010 INFO - training.ea.ea_trainer - Iteration 1, Batch 539/600
2020-05-01 19:39:39,104 INFO - training.ea.ea_trainer - Iteration 1, Batch 540/600
2020-05-01 19:39:39,145 INFO - training.ea.ea_trainer - Iteration 1, Batch 541/600
2020-05-01 19:39:39,276 INFO - training.ea.ea_trainer - Iteration 1, Batch 542/600
2020-05-01 19:39:39,342 INFO - training.ea.ea_trainer - Iteration 1, Batch 543/600
2020-05-01 19:39:39,463 INFO - training.ea.ea_trainer - Iteration 1, Batch 544/600
2020-05-01 19:39:39,527 INFO - training.ea.ea_trainer - Iteration 1, Batch 545/600
2020-05-01 19:39:39,683 INFO - training.ea.ea_trainer - Iteration 1, Batch 546/600
2020-05-01 19:39:39,738 INFO - training.ea.ea_trainer - Iteration 1, Batch 547/600
2020-05-01 19:39:39,843 INFO - training.ea.ea_trainer - Iteration 1, Batch 548/600
2020-05-01 19:39:39,887 INFO - training.ea.ea_trainer - Iteration 1, Batch 549/600
2020-05-01 19:39:40,038 INFO - training.ea.ea_trainer - Iteration 1, Batch 550/600
2020-05-01 19:39:40,091 INFO - training.ea.ea_trainer - Iteration 1, Batch 551/600
2020-05-01 19:39:40,222 INFO - training.ea.ea_trainer - Iteration 1, Batch 552/600
2020-05-01 19:39:40,305 INFO - training.ea.ea_trainer - Iteration 1, Batch 553/600
2020-05-01 19:39:40,421 INFO - training.ea.ea_trainer - Iteration 1, Batch 554/600
2020-05-01 19:39:40,498 INFO - training.ea.ea_trainer - Iteration 1, Batch 555/600
2020-05-01 19:39:40,626 INFO - training.ea.ea_trainer - Iteration 1, Batch 556/600
2020-05-01 19:39:40,676 INFO - training.ea.ea_trainer - Iteration 1, Batch 557/600
2020-05-01 19:39:40,808 INFO - training.ea.ea_trainer - Iteration 1, Batch 558/600
2020-05-01 19:39:40,864 INFO - training.ea.ea_trainer - Iteration 1, Batch 559/600
2020-05-01 19:39:40,958 INFO - training.ea.ea_trainer - Iteration 1, Batch 560/600
2020-05-01 19:39:41,009 INFO - training.ea.ea_trainer - Iteration 1, Batch 561/600
2020-05-01 19:39:41,167 INFO - training.ea.ea_trainer - Iteration 1, Batch 562/600
2020-05-01 19:39:41,229 INFO - training.ea.ea_trainer - Iteration 1, Batch 563/600
2020-05-01 19:39:41,310 INFO - training.ea.ea_trainer - Iteration 1, Batch 564/600
2020-05-01 19:39:41,358 INFO - training.ea.ea_trainer - Iteration 1, Batch 565/600
2020-05-01 19:39:41,455 INFO - training.ea.ea_trainer - Iteration 1, Batch 566/600
2020-05-01 19:39:41,525 INFO - training.ea.ea_trainer - Iteration 1, Batch 567/600
2020-05-01 19:39:41,630 INFO - training.ea.ea_trainer - Iteration 1, Batch 568/600
2020-05-01 19:39:41,694 INFO - training.ea.ea_trainer - Iteration 1, Batch 569/600
2020-05-01 19:39:41,871 INFO - training.ea.ea_trainer - Iteration 1, Batch 570/600
2020-05-01 19:39:41,916 INFO - training.ea.ea_trainer - Iteration 1, Batch 571/600
2020-05-01 19:39:42,052 INFO - training.ea.ea_trainer - Iteration 1, Batch 572/600
2020-05-01 19:39:42,084 INFO - training.ea.ea_trainer - Iteration 1, Batch 573/600
2020-05-01 19:39:42,169 INFO - training.ea.ea_trainer - Iteration 1, Batch 574/600
2020-05-01 19:39:42,242 INFO - training.ea.ea_trainer - Iteration 1, Batch 575/600
2020-05-01 19:39:42,329 INFO - training.ea.ea_trainer - Iteration 1, Batch 576/600
2020-05-01 19:39:42,404 INFO - training.ea.ea_trainer - Iteration 1, Batch 577/600
2020-05-01 19:39:42,511 INFO - training.ea.ea_trainer - Iteration 1, Batch 578/600
2020-05-01 19:39:42,550 INFO - training.ea.ea_trainer - Iteration 1, Batch 579/600
2020-05-01 19:39:42,645 INFO - training.ea.ea_trainer - Iteration 1, Batch 580/600
2020-05-01 19:39:42,698 INFO - training.ea.ea_trainer - Iteration 1, Batch 581/600
2020-05-01 19:39:42,829 INFO - training.ea.ea_trainer - Iteration 1, Batch 582/600
2020-05-01 19:39:42,890 INFO - training.ea.ea_trainer - Iteration 1, Batch 583/600
2020-05-01 19:39:42,981 INFO - training.ea.ea_trainer - Iteration 1, Batch 584/600
2020-05-01 19:39:43,064 INFO - training.ea.ea_trainer - Iteration 1, Batch 585/600
2020-05-01 19:39:43,164 INFO - training.ea.ea_trainer - Iteration 1, Batch 586/600
2020-05-01 19:39:43,237 INFO - training.ea.ea_trainer - Iteration 1, Batch 587/600
2020-05-01 19:39:43,323 INFO - training.ea.ea_trainer - Iteration 1, Batch 588/600
2020-05-01 19:39:43,394 INFO - training.ea.ea_trainer - Iteration 1, Batch 589/600
2020-05-01 19:39:43,488 INFO - training.ea.ea_trainer - Iteration 1, Batch 590/600
2020-05-01 19:39:43,532 INFO - training.ea.ea_trainer - Iteration 1, Batch 591/600
2020-05-01 19:39:43,605 INFO - training.ea.ea_trainer - Iteration 1, Batch 592/600
2020-05-01 19:39:43,667 INFO - training.ea.ea_trainer - Iteration 1, Batch 593/600
2020-05-01 19:39:43,774 INFO - training.ea.ea_trainer - Iteration 1, Batch 594/600
2020-05-01 19:39:43,820 INFO - training.ea.ea_trainer - Iteration 1, Batch 595/600
2020-05-01 19:39:43,900 INFO - training.ea.ea_trainer - Iteration 1, Batch 596/600
2020-05-01 19:39:43,954 INFO - training.ea.ea_trainer - Iteration 1, Batch 597/600
2020-05-01 19:39:44,050 INFO - training.ea.ea_trainer - Iteration 1, Batch 598/600
2020-05-01 19:39:44,085 INFO - training.ea.ea_trainer - Iteration 1, Batch 599/600
2020-05-01 19:39:44,689 INFO - requests.packages.urllib3.connectionpool - Starting new HTTP connection (1): 127.0.0.1
2020-05-01 19:39:44,691 INFO - requests.packages.urllib3.connectionpool - Starting new HTTP connection (1): 127.0.0.1
2020-05-01 19:39:44,899 INFO - distribution.node_client - Loading parameters from endpoint http://127.0.0.1:5003/parameters/generators/best took 0.21002602577209473 seconds
2020-05-01 19:39:44,930 INFO - distribution.node_client - Loading parameters from endpoint http://127.0.0.1:5000/parameters/generators/best took 0.24452829360961914 seconds
2020-05-01 19:39:45,001 INFO - training.ea.ea_trainer - Calculating FID/inception score.
2020-05-01 19:39:45,003 CRITICAL - distribution.client_api - An unhandled error occured while running Lipizzaner: [Errno 2] No such file or directory: './networks/mnist_cnn/mnist_cnn.pkl'
2020-05-01 19:39:45,003 INFO - distribution.client_api - Finished experiment, waiting for new requests.
2020-05-01 19:39:47,729 WARNING - distribution.client_api - Received stop signal from master, but no experiment is running.
